[ 2017-12-13T21:21:42+08:00 ] 0.0.0.0 /index.php?m=Keywords&a=Index
INFO: [ app_begin ] --START--
INFO: ReadHtmlCache Behavior ::run [ RunTime:0.006524s ]
INFO: [ app_begin ] --END-- [ RunTime:0.006996s ]

[ 2017-12-13T21:22:06+08:00 ] 0.0.0.0 /index.php?m=Keywords&a=Index
INFO: [ app_begin ] --START--
INFO: ReadHtmlCache Behavior ::run [ RunTime:0.004565s ]
INFO: [ app_begin ] --END-- [ RunTime:0.005029s ]
ERR: Action:collection您所请求的方法不存在！

[ 2017-12-13T21:22:55+08:00 ] 0.0.0.0 /index.php?m=Keywords&a=Index
INFO: [ app_begin ] --START--
INFO: ReadHtmlCache Behavior ::run [ RunTime:0.004586s ]
INFO: [ app_begin ] --END-- [ RunTime:0.004924s ]
NOTIC: [8] Undefined variable: wd C:\zclever\website\tbk\Lib\Action\KeywordsAction.class.php 第 27 行.
NOTIC: [8] Undefined variable: wd C:\zclever\website\tbk\Lib\Action\KeywordsAction.class.php 第 29 行.

[ 2017-12-13T21:22:55+08:00 ] 0.0.0.0 /index.php?m=Keywords&a=Index
INFO: [ app_begin ] --START--
INFO: ReadHtmlCache Behavior ::run [ RunTime:0.004299s ]
INFO: [ app_begin ] --END-- [ RunTime:0.004638s ]
NOTIC: [8] Undefined variable: wd C:\zclever\website\tbk\Lib\Action\KeywordsAction.class.php 第 27 行.
NOTIC: [8] Undefined variable: wd C:\zclever\website\tbk\Lib\Action\KeywordsAction.class.php 第 29 行.

[ 2017-12-13T21:22:55+08:00 ] 0.0.0.0 /index.php?m=Keywords&a=Index
INFO: [ app_begin ] --START--
INFO: ReadHtmlCache Behavior ::run [ RunTime:0.004165s ]
INFO: [ app_begin ] --END-- [ RunTime:0.004805s ]
NOTIC: [8] Undefined variable: wd C:\zclever\website\tbk\Lib\Action\KeywordsAction.class.php 第 27 行.
NOTIC: [8] Undefined variable: wd C:\zclever\website\tbk\Lib\Action\KeywordsAction.class.php 第 29 行.

[ 2017-12-13T21:22:55+08:00 ] 0.0.0.0 /index.php?m=Keywords&a=Index
INFO: [ app_begin ] --START--
INFO: ReadHtmlCache Behavior ::run [ RunTime:0.002878s ]
INFO: [ app_begin ] --END-- [ RunTime:0.003759s ]
NOTIC: [8] Undefined variable: wd C:\zclever\website\tbk\Lib\Action\KeywordsAction.class.php 第 27 行.
NOTIC: [8] Undefined variable: wd C:\zclever\website\tbk\Lib\Action\KeywordsAction.class.php 第 29 行.

[ 2017-12-13T21:22:56+08:00 ] 0.0.0.0 /index.php?m=Keywords&a=Index
INFO: [ app_begin ] --START--
INFO: ReadHtmlCache Behavior ::run [ RunTime:0.003189s ]
INFO: [ app_begin ] --END-- [ RunTime:0.003564s ]
NOTIC: [8] Undefined variable: wd C:\zclever\website\tbk\Lib\Action\KeywordsAction.class.php 第 27 行.
NOTIC: [8] Undefined variable: wd C:\zclever\website\tbk\Lib\Action\KeywordsAction.class.php 第 29 行.

[ 2017-12-13T21:22:56+08:00 ] 0.0.0.0 /index.php?m=Keywords&a=Index
INFO: [ app_begin ] --START--
INFO: ReadHtmlCache Behavior ::run [ RunTime:0.005470s ]
INFO: [ app_begin ] --END-- [ RunTime:0.005857s ]
NOTIC: [8] Undefined variable: wd C:\zclever\website\tbk\Lib\Action\KeywordsAction.class.php 第 27 行.
NOTIC: [8] Undefined variable: wd C:\zclever\website\tbk\Lib\Action\KeywordsAction.class.php 第 29 行.

[ 2017-12-13T21:22:56+08:00 ] 0.0.0.0 /index.php?m=Keywords&a=Index
INFO: [ app_begin ] --START--
INFO: ReadHtmlCache Behavior ::run [ RunTime:0.003711s ]
INFO: [ app_begin ] --END-- [ RunTime:0.004144s ]
NOTIC: [8] Undefined variable: wd C:\zclever\website\tbk\Lib\Action\KeywordsAction.class.php 第 27 行.
NOTIC: [8] Undefined variable: wd C:\zclever\website\tbk\Lib\Action\KeywordsAction.class.php 第 29 行.

[ 2017-12-13T21:22:56+08:00 ] 0.0.0.0 /index.php?m=Keywords&a=Index
INFO: [ app_begin ] --START--
INFO: ReadHtmlCache Behavior ::run [ RunTime:0.002759s ]
INFO: [ app_begin ] --END-- [ RunTime:0.003091s ]
NOTIC: [8] Undefined variable: wd C:\zclever\website\tbk\Lib\Action\KeywordsAction.class.php 第 27 行.
NOTIC: [8] Undefined variable: wd C:\zclever\website\tbk\Lib\Action\KeywordsAction.class.php 第 29 行.

[ 2017-12-13T21:22:56+08:00 ] 0.0.0.0 /index.php?m=Keywords&a=Index
INFO: [ app_begin ] --START--
INFO: ReadHtmlCache Behavior ::run [ RunTime:0.002554s ]
INFO: [ app_begin ] --END-- [ RunTime:0.002996s ]
NOTIC: [8] Undefined variable: wd C:\zclever\website\tbk\Lib\Action\KeywordsAction.class.php 第 27 行.
NOTIC: [8] Undefined variable: wd C:\zclever\website\tbk\Lib\Action\KeywordsAction.class.php 第 29 行.

[ 2017-12-13T21:22:57+08:00 ] 0.0.0.0 /index.php?m=Keywords&a=Index
INFO: [ app_begin ] --START--
INFO: ReadHtmlCache Behavior ::run [ RunTime:0.002661s ]
INFO: [ app_begin ] --END-- [ RunTime:0.003782s ]
NOTIC: [8] Undefined variable: wd C:\zclever\website\tbk\Lib\Action\KeywordsAction.class.php 第 27 行.
NOTIC: [8] Undefined variable: wd C:\zclever\website\tbk\Lib\Action\KeywordsAction.class.php 第 29 行.

[ 2017-12-13T21:22:57+08:00 ] 0.0.0.0 /index.php?m=Keywords&a=Index
INFO: [ app_begin ] --START--
INFO: ReadHtmlCache Behavior ::run [ RunTime:0.003045s ]
INFO: [ app_begin ] --END-- [ RunTime:0.003416s ]
NOTIC: [8] Undefined variable: wd C:\zclever\website\tbk\Lib\Action\KeywordsAction.class.php 第 27 行.
NOTIC: [8] Undefined variable: wd C:\zclever\website\tbk\Lib\Action\KeywordsAction.class.php 第 29 行.

[ 2017-12-13T21:22:57+08:00 ] 0.0.0.0 /index.php?m=Keywords&a=Index
INFO: [ app_begin ] --START--
INFO: ReadHtmlCache Behavior ::run [ RunTime:0.002500s ]
INFO: [ app_begin ] --END-- [ RunTime:0.002826s ]
NOTIC: [8] Undefined variable: wd C:\zclever\website\tbk\Lib\Action\KeywordsAction.class.php 第 27 行.
NOTIC: [8] Undefined variable: wd C:\zclever\website\tbk\Lib\Action\KeywordsAction.class.php 第 29 行.

[ 2017-12-13T21:22:57+08:00 ] 0.0.0.0 /index.php?m=Keywords&a=Index
INFO: [ app_begin ] --START--
INFO: ReadHtmlCache Behavior ::run [ RunTime:0.002608s ]
INFO: [ app_begin ] --END-- [ RunTime:0.002935s ]
NOTIC: [8] Undefined variable: wd C:\zclever\website\tbk\Lib\Action\KeywordsAction.class.php 第 27 行.
NOTIC: [8] Undefined variable: wd C:\zclever\website\tbk\Lib\Action\KeywordsAction.class.php 第 29 行.

[ 2017-12-13T21:22:57+08:00 ] 0.0.0.0 /index.php?m=Keywords&a=Index
INFO: [ app_begin ] --START--
INFO: ReadHtmlCache Behavior ::run [ RunTime:0.004028s ]
INFO: [ app_begin ] --END-- [ RunTime:0.004841s ]
NOTIC: [8] Undefined variable: wd C:\zclever\website\tbk\Lib\Action\KeywordsAction.class.php 第 27 行.
NOTIC: [8] Undefined variable: wd C:\zclever\website\tbk\Lib\Action\KeywordsAction.class.php 第 29 行.

[ 2017-12-13T21:22:58+08:00 ] 0.0.0.0 /index.php?m=Keywords&a=Index
INFO: [ app_begin ] --START--
INFO: ReadHtmlCache Behavior ::run [ RunTime:0.003302s ]
INFO: [ app_begin ] --END-- [ RunTime:0.003654s ]
NOTIC: [8] Undefined variable: wd C:\zclever\website\tbk\Lib\Action\KeywordsAction.class.php 第 27 行.
NOTIC: [8] Undefined variable: wd C:\zclever\website\tbk\Lib\Action\KeywordsAction.class.php 第 29 行.

[ 2017-12-13T21:22:58+08:00 ] 0.0.0.0 /index.php?m=Keywords&a=Index
INFO: [ app_begin ] --START--
INFO: ReadHtmlCache Behavior ::run [ RunTime:0.002403s ]
INFO: [ app_begin ] --END-- [ RunTime:0.002727s ]
NOTIC: [8] Undefined variable: wd C:\zclever\website\tbk\Lib\Action\KeywordsAction.class.php 第 27 行.
NOTIC: [8] Undefined variable: wd C:\zclever\website\tbk\Lib\Action\KeywordsAction.class.php 第 29 行.

[ 2017-12-13T21:22:58+08:00 ] 0.0.0.0 /index.php?m=Keywords&a=Index
INFO: [ app_begin ] --START--
INFO: ReadHtmlCache Behavior ::run [ RunTime:0.002518s ]
INFO: [ app_begin ] --END-- [ RunTime:0.002846s ]
NOTIC: [8] Undefined variable: wd C:\zclever\website\tbk\Lib\Action\KeywordsAction.class.php 第 27 行.
NOTIC: [8] Undefined variable: wd C:\zclever\website\tbk\Lib\Action\KeywordsAction.class.php 第 29 行.

[ 2017-12-13T21:22:58+08:00 ] 0.0.0.0 /index.php?m=Keywords&a=Index
INFO: [ app_begin ] --START--
INFO: ReadHtmlCache Behavior ::run [ RunTime:0.002607s ]
INFO: [ app_begin ] --END-- [ RunTime:0.002941s ]
NOTIC: [8] Undefined variable: wd C:\zclever\website\tbk\Lib\Action\KeywordsAction.class.php 第 27 行.
NOTIC: [8] Undefined variable: wd C:\zclever\website\tbk\Lib\Action\KeywordsAction.class.php 第 29 行.

[ 2017-12-13T21:22:58+08:00 ] 0.0.0.0 /index.php?m=Keywords&a=Index
INFO: [ app_begin ] --START--
INFO: ReadHtmlCache Behavior ::run [ RunTime:0.002373s ]
INFO: [ app_begin ] --END-- [ RunTime:0.002732s ]
NOTIC: [8] Undefined variable: wd C:\zclever\website\tbk\Lib\Action\KeywordsAction.class.php 第 27 行.
NOTIC: [8] Undefined variable: wd C:\zclever\website\tbk\Lib\Action\KeywordsAction.class.php 第 29 行.

[ 2017-12-13T21:22:59+08:00 ] 0.0.0.0 /index.php?m=Keywords&a=Index
INFO: [ app_begin ] --START--
INFO: ReadHtmlCache Behavior ::run [ RunTime:0.003204s ]
INFO: [ app_begin ] --END-- [ RunTime:0.003592s ]
NOTIC: [8] Undefined variable: wd C:\zclever\website\tbk\Lib\Action\KeywordsAction.class.php 第 27 行.
NOTIC: [8] Undefined variable: wd C:\zclever\website\tbk\Lib\Action\KeywordsAction.class.php 第 29 行.

[ 2017-12-13T21:22:59+08:00 ] 0.0.0.0 /index.php?m=Keywords&a=Index
INFO: [ app_begin ] --START--
INFO: ReadHtmlCache Behavior ::run [ RunTime:0.002904s ]
INFO: [ app_begin ] --END-- [ RunTime:0.003301s ]
NOTIC: [8] Undefined variable: wd C:\zclever\website\tbk\Lib\Action\KeywordsAction.class.php 第 27 行.
NOTIC: [8] Undefined variable: wd C:\zclever\website\tbk\Lib\Action\KeywordsAction.class.php 第 29 行.

[ 2017-12-13T21:22:59+08:00 ] 0.0.0.0 /index.php?m=Keywords&a=Index
INFO: [ app_begin ] --START--
INFO: ReadHtmlCache Behavior ::run [ RunTime:0.002720s ]
INFO: [ app_begin ] --END-- [ RunTime:0.003040s ]
NOTIC: [8] Undefined variable: wd C:\zclever\website\tbk\Lib\Action\KeywordsAction.class.php 第 27 行.
NOTIC: [8] Undefined variable: wd C:\zclever\website\tbk\Lib\Action\KeywordsAction.class.php 第 29 行.

[ 2017-12-13T21:22:59+08:00 ] 0.0.0.0 /index.php?m=Keywords&a=Index
INFO: [ app_begin ] --START--
INFO: ReadHtmlCache Behavior ::run [ RunTime:0.004723s ]
INFO: [ app_begin ] --END-- [ RunTime:0.005161s ]
NOTIC: [8] Undefined variable: wd C:\zclever\website\tbk\Lib\Action\KeywordsAction.class.php 第 27 行.
NOTIC: [8] Undefined variable: wd C:\zclever\website\tbk\Lib\Action\KeywordsAction.class.php 第 29 行.

[ 2017-12-13T21:22:59+08:00 ] 0.0.0.0 /index.php?m=Keywords&a=Index
INFO: [ app_begin ] --START--
INFO: ReadHtmlCache Behavior ::run [ RunTime:0.003004s ]
INFO: [ app_begin ] --END-- [ RunTime:0.003446s ]
NOTIC: [8] Undefined variable: wd C:\zclever\website\tbk\Lib\Action\KeywordsAction.class.php 第 27 行.
NOTIC: [8] Undefined variable: wd C:\zclever\website\tbk\Lib\Action\KeywordsAction.class.php 第 29 行.

[ 2017-12-13T21:23:00+08:00 ] 0.0.0.0 /index.php?m=Keywords&a=Index
INFO: [ app_begin ] --START--
INFO: ReadHtmlCache Behavior ::run [ RunTime:0.003496s ]
INFO: [ app_begin ] --END-- [ RunTime:0.004361s ]
NOTIC: [8] Undefined variable: wd C:\zclever\website\tbk\Lib\Action\KeywordsAction.class.php 第 27 行.
NOTIC: [8] Undefined variable: wd C:\zclever\website\tbk\Lib\Action\KeywordsAction.class.php 第 29 行.

[ 2017-12-13T21:23:00+08:00 ] 0.0.0.0 /index.php?m=Keywords&a=Index
INFO: [ app_begin ] --START--
INFO: ReadHtmlCache Behavior ::run [ RunTime:0.003296s ]
INFO: [ app_begin ] --END-- [ RunTime:0.003613s ]
NOTIC: [8] Undefined variable: wd C:\zclever\website\tbk\Lib\Action\KeywordsAction.class.php 第 27 行.
NOTIC: [8] Undefined variable: wd C:\zclever\website\tbk\Lib\Action\KeywordsAction.class.php 第 29 行.

[ 2017-12-13T21:23:00+08:00 ] 0.0.0.0 /index.php?m=Keywords&a=Index
INFO: [ app_begin ] --START--
INFO: ReadHtmlCache Behavior ::run [ RunTime:0.003317s ]
INFO: [ app_begin ] --END-- [ RunTime:0.003763s ]
NOTIC: [8] Undefined variable: wd C:\zclever\website\tbk\Lib\Action\KeywordsAction.class.php 第 27 行.
NOTIC: [8] Undefined variable: wd C:\zclever\website\tbk\Lib\Action\KeywordsAction.class.php 第 29 行.

[ 2017-12-13T21:23:00+08:00 ] 0.0.0.0 /index.php?m=Keywords&a=Index
INFO: [ app_begin ] --START--
INFO: ReadHtmlCache Behavior ::run [ RunTime:0.003880s ]
INFO: [ app_begin ] --END-- [ RunTime:0.004219s ]
NOTIC: [8] Undefined variable: wd C:\zclever\website\tbk\Lib\Action\KeywordsAction.class.php 第 27 行.
NOTIC: [8] Undefined variable: wd C:\zclever\website\tbk\Lib\Action\KeywordsAction.class.php 第 29 行.

[ 2017-12-13T21:23:00+08:00 ] 0.0.0.0 /index.php?m=Keywords&a=Index
INFO: [ app_begin ] --START--
INFO: ReadHtmlCache Behavior ::run [ RunTime:0.005930s ]
INFO: [ app_begin ] --END-- [ RunTime:0.006448s ]
NOTIC: [8] Undefined variable: wd C:\zclever\website\tbk\Lib\Action\KeywordsAction.class.php 第 27 行.
NOTIC: [8] Undefined variable: wd C:\zclever\website\tbk\Lib\Action\KeywordsAction.class.php 第 29 行.

[ 2017-12-13T21:23:01+08:00 ] 0.0.0.0 /index.php?m=Keywords&a=Index
INFO: [ app_begin ] --START--
INFO: ReadHtmlCache Behavior ::run [ RunTime:0.002501s ]
INFO: [ app_begin ] --END-- [ RunTime:0.002884s ]
NOTIC: [8] Undefined variable: wd C:\zclever\website\tbk\Lib\Action\KeywordsAction.class.php 第 27 行.
NOTIC: [8] Undefined variable: wd C:\zclever\website\tbk\Lib\Action\KeywordsAction.class.php 第 29 行.

[ 2017-12-13T21:23:01+08:00 ] 0.0.0.0 /index.php?m=Keywords&a=Index
INFO: [ app_begin ] --START--
INFO: ReadHtmlCache Behavior ::run [ RunTime:0.002861s ]
INFO: [ app_begin ] --END-- [ RunTime:0.003197s ]
NOTIC: [8] Undefined variable: wd C:\zclever\website\tbk\Lib\Action\KeywordsAction.class.php 第 27 行.
NOTIC: [8] Undefined variable: wd C:\zclever\website\tbk\Lib\Action\KeywordsAction.class.php 第 29 行.

[ 2017-12-13T21:23:01+08:00 ] 0.0.0.0 /index.php?m=Keywords&a=Index
INFO: [ app_begin ] --START--
INFO: ReadHtmlCache Behavior ::run [ RunTime:0.002956s ]
INFO: [ app_begin ] --END-- [ RunTime:0.003306s ]
NOTIC: [8] Undefined variable: wd C:\zclever\website\tbk\Lib\Action\KeywordsAction.class.php 第 27 行.
NOTIC: [8] Undefined variable: wd C:\zclever\website\tbk\Lib\Action\KeywordsAction.class.php 第 29 行.

[ 2017-12-13T21:23:01+08:00 ] 0.0.0.0 /index.php?m=Keywords&a=Index
INFO: [ app_begin ] --START--
INFO: ReadHtmlCache Behavior ::run [ RunTime:0.002852s ]
INFO: [ app_begin ] --END-- [ RunTime:0.003199s ]
NOTIC: [8] Undefined variable: wd C:\zclever\website\tbk\Lib\Action\KeywordsAction.class.php 第 27 行.
NOTIC: [8] Undefined variable: wd C:\zclever\website\tbk\Lib\Action\KeywordsAction.class.php 第 29 行.

[ 2017-12-13T21:23:01+08:00 ] 0.0.0.0 /index.php?m=Keywords&a=Index
INFO: [ app_begin ] --START--
INFO: ReadHtmlCache Behavior ::run [ RunTime:0.002605s ]
INFO: [ app_begin ] --END-- [ RunTime:0.002931s ]
NOTIC: [8] Undefined variable: wd C:\zclever\website\tbk\Lib\Action\KeywordsAction.class.php 第 27 行.
NOTIC: [8] Undefined variable: wd C:\zclever\website\tbk\Lib\Action\KeywordsAction.class.php 第 29 行.

[ 2017-12-13T21:23:02+08:00 ] 0.0.0.0 /index.php?m=Keywords&a=Index
INFO: [ app_begin ] --START--
INFO: ReadHtmlCache Behavior ::run [ RunTime:0.002426s ]
INFO: [ app_begin ] --END-- [ RunTime:0.002801s ]
NOTIC: [8] Undefined variable: wd C:\zclever\website\tbk\Lib\Action\KeywordsAction.class.php 第 27 行.
NOTIC: [8] Undefined variable: wd C:\zclever\website\tbk\Lib\Action\KeywordsAction.class.php 第 29 行.

[ 2017-12-13T21:23:02+08:00 ] 0.0.0.0 /index.php?m=Keywords&a=Index
INFO: [ app_begin ] --START--
INFO: ReadHtmlCache Behavior ::run [ RunTime:0.002785s ]
INFO: [ app_begin ] --END-- [ RunTime:0.003129s ]
NOTIC: [8] Undefined variable: wd C:\zclever\website\tbk\Lib\Action\KeywordsAction.class.php 第 27 行.
NOTIC: [8] Undefined variable: wd C:\zclever\website\tbk\Lib\Action\KeywordsAction.class.php 第 29 行.

[ 2017-12-13T21:23:02+08:00 ] 0.0.0.0 /index.php?m=Keywords&a=Index
INFO: [ app_begin ] --START--
INFO: ReadHtmlCache Behavior ::run [ RunTime:0.002678s ]
INFO: [ app_begin ] --END-- [ RunTime:0.003180s ]
NOTIC: [8] Undefined variable: wd C:\zclever\website\tbk\Lib\Action\KeywordsAction.class.php 第 27 行.
NOTIC: [8] Undefined variable: wd C:\zclever\website\tbk\Lib\Action\KeywordsAction.class.php 第 29 行.

[ 2017-12-13T21:23:02+08:00 ] 0.0.0.0 /index.php?m=Keywords&a=Index
INFO: [ app_begin ] --START--
INFO: ReadHtmlCache Behavior ::run [ RunTime:0.003420s ]
INFO: [ app_begin ] --END-- [ RunTime:0.003864s ]
NOTIC: [8] Undefined variable: wd C:\zclever\website\tbk\Lib\Action\KeywordsAction.class.php 第 27 行.
NOTIC: [8] Undefined variable: wd C:\zclever\website\tbk\Lib\Action\KeywordsAction.class.php 第 29 行.

[ 2017-12-13T21:23:02+08:00 ] 0.0.0.0 /index.php?m=Keywords&a=Index
INFO: [ app_begin ] --START--
INFO: ReadHtmlCache Behavior ::run [ RunTime:0.003701s ]
INFO: [ app_begin ] --END-- [ RunTime:0.004074s ]
NOTIC: [8] Undefined variable: wd C:\zclever\website\tbk\Lib\Action\KeywordsAction.class.php 第 27 行.
NOTIC: [8] Undefined variable: wd C:\zclever\website\tbk\Lib\Action\KeywordsAction.class.php 第 29 行.

[ 2017-12-13T21:23:03+08:00 ] 0.0.0.0 /index.php?m=Keywords&a=Index
INFO: [ app_begin ] --START--
INFO: ReadHtmlCache Behavior ::run [ RunTime:0.002549s ]
INFO: [ app_begin ] --END-- [ RunTime:0.002892s ]
NOTIC: [8] Undefined variable: wd C:\zclever\website\tbk\Lib\Action\KeywordsAction.class.php 第 27 行.
NOTIC: [8] Undefined variable: wd C:\zclever\website\tbk\Lib\Action\KeywordsAction.class.php 第 29 行.

[ 2017-12-13T21:23:03+08:00 ] 0.0.0.0 /index.php?m=Keywords&a=Index
INFO: [ app_begin ] --START--
INFO: ReadHtmlCache Behavior ::run [ RunTime:0.006143s ]
INFO: [ app_begin ] --END-- [ RunTime:0.006593s ]
NOTIC: [8] Undefined variable: wd C:\zclever\website\tbk\Lib\Action\KeywordsAction.class.php 第 27 行.
NOTIC: [8] Undefined variable: wd C:\zclever\website\tbk\Lib\Action\KeywordsAction.class.php 第 29 行.

[ 2017-12-13T21:23:03+08:00 ] 0.0.0.0 /index.php?m=Keywords&a=Index
INFO: [ app_begin ] --START--
INFO: ReadHtmlCache Behavior ::run [ RunTime:0.006843s ]
INFO: [ app_begin ] --END-- [ RunTime:0.007253s ]
NOTIC: [8] Undefined variable: wd C:\zclever\website\tbk\Lib\Action\KeywordsAction.class.php 第 27 行.
NOTIC: [8] Undefined variable: wd C:\zclever\website\tbk\Lib\Action\KeywordsAction.class.php 第 29 行.

[ 2017-12-13T21:23:03+08:00 ] 0.0.0.0 /index.php?m=Keywords&a=Index
INFO: [ app_begin ] --START--
INFO: ReadHtmlCache Behavior ::run [ RunTime:0.002346s ]
INFO: [ app_begin ] --END-- [ RunTime:0.002656s ]
NOTIC: [8] Undefined variable: wd C:\zclever\website\tbk\Lib\Action\KeywordsAction.class.php 第 27 行.
NOTIC: [8] Undefined variable: wd C:\zclever\website\tbk\Lib\Action\KeywordsAction.class.php 第 29 行.

[ 2017-12-13T21:23:03+08:00 ] 0.0.0.0 /index.php?m=Keywords&a=Index
INFO: [ app_begin ] --START--
INFO: ReadHtmlCache Behavior ::run [ RunTime:0.002650s ]
INFO: [ app_begin ] --END-- [ RunTime:0.002992s ]
NOTIC: [8] Undefined variable: wd C:\zclever\website\tbk\Lib\Action\KeywordsAction.class.php 第 27 行.
NOTIC: [8] Undefined variable: wd C:\zclever\website\tbk\Lib\Action\KeywordsAction.class.php 第 29 行.

[ 2017-12-13T21:23:57+08:00 ] 0.0.0.0 /index.php?m=Keywords&a=Index
INFO: [ app_begin ] --START--
INFO: ReadHtmlCache Behavior ::run [ RunTime:0.004930s ]
INFO: [ app_begin ] --END-- [ RunTime:0.005493s ]
NOTIC: [8] Undefined variable: wd C:\zclever\website\tbk\Lib\Action\KeywordsAction.class.php 第 27 行.
NOTIC: [8] Undefined variable: wd C:\zclever\website\tbk\Lib\Action\KeywordsAction.class.php 第 29 行.

[ 2017-12-13T21:24:34+08:00 ] 0.0.0.0 /index.php?m=Keywords&a=Index
INFO: [ app_begin ] --START--
INFO: ReadHtmlCache Behavior ::run [ RunTime:0.002502s ]
INFO: [ app_begin ] --END-- [ RunTime:0.002840s ]
NOTIC: [8] Undefined variable: wd C:\zclever\website\tbk\Lib\Action\KeywordsAction.class.php 第 27 行.
NOTIC: [8] Undefined variable: wd C:\zclever\website\tbk\Lib\Action\KeywordsAction.class.php 第 29 行.

[ 2017-12-13T21:24:35+08:00 ] 0.0.0.0 /index.php?m=Keywords&a=Index
INFO: [ app_begin ] --START--
INFO: ReadHtmlCache Behavior ::run [ RunTime:0.003394s ]
INFO: [ app_begin ] --END-- [ RunTime:0.003787s ]
NOTIC: [8] Undefined variable: wd C:\zclever\website\tbk\Lib\Action\KeywordsAction.class.php 第 27 行.
NOTIC: [8] Undefined variable: wd C:\zclever\website\tbk\Lib\Action\KeywordsAction.class.php 第 29 行.

[ 2017-12-13T21:24:41+08:00 ] 0.0.0.0 /index.php?m=Keywords&a=Index
INFO: [ app_begin ] --START--
INFO: ReadHtmlCache Behavior ::run [ RunTime:0.002843s ]
INFO: [ app_begin ] --END-- [ RunTime:0.003704s ]
NOTIC: [8] Undefined variable: wd C:\zclever\website\tbk\Lib\Action\KeywordsAction.class.php 第 27 行.
NOTIC: [8] Undefined variable: wd C:\zclever\website\tbk\Lib\Action\KeywordsAction.class.php 第 29 行.

[ 2017-12-13T21:25:17+08:00 ] 0.0.0.0 /index.php?m=Keywords&a=Index
INFO: [ app_begin ] --START--
INFO: ReadHtmlCache Behavior ::run [ RunTime:0.002636s ]
INFO: [ app_begin ] --END-- [ RunTime:0.002951s ]
NOTIC: [8] Undefined variable: wd C:\zclever\website\tbk\Lib\Action\KeywordsAction.class.php 第 27 行.
NOTIC: [8] Undefined variable: wd C:\zclever\website\tbk\Lib\Action\KeywordsAction.class.php 第 29 行.

[ 2017-12-13T21:25:36+08:00 ] 0.0.0.0 /index.php?m=Keywords&a=Index
INFO: [ app_begin ] --START--
INFO: ReadHtmlCache Behavior ::run [ RunTime:0.004317s ]
INFO: [ app_begin ] --END-- [ RunTime:0.004667s ]
NOTIC: [8] Undefined variable: wd C:\zclever\website\tbk\Lib\Action\KeywordsAction.class.php 第 27 行.
NOTIC: [8] Undefined variable: wd C:\zclever\website\tbk\Lib\Action\KeywordsAction.class.php 第 29 行.

[ 2017-12-13T21:26:17+08:00 ] 0.0.0.0 /index.php?m=Keywords&a=Index
INFO: [ app_begin ] --START--
INFO: ReadHtmlCache Behavior ::run [ RunTime:0.005660s ]
INFO: [ app_begin ] --END-- [ RunTime:0.006622s ]
NOTIC: [8] Undefined variable: wd C:\zclever\website\tbk\Lib\Action\KeywordsAction.class.php 第 29 行.

[ 2017-12-13T21:26:48+08:00 ] 0.0.0.0 /index.php?m=Keywords&a=Index
INFO: [ app_begin ] --START--
INFO: ReadHtmlCache Behavior ::run [ RunTime:0.003262s ]
INFO: [ app_begin ] --END-- [ RunTime:0.003789s ]

[ 2017-12-13T21:27:48+08:00 ] 0.0.0.0 /index.php?m=Keywords&a=Index
INFO: [ app_begin ] --START--
INFO: ReadHtmlCache Behavior ::run [ RunTime:0.002456s ]
INFO: [ app_begin ] --END-- [ RunTime:0.002773s ]

[ 2017-12-13T21:27:59+08:00 ] 0.0.0.0 /index.php?m=Keywords&a=Index
INFO: [ app_begin ] --START--
INFO: ReadHtmlCache Behavior ::run [ RunTime:0.015751s ]
INFO: [ app_begin ] --END-- [ RunTime:0.016209s ]

[ 2017-12-13T21:29:57+08:00 ] 0.0.0.0 /index.php?m=Keywords&a=Index
INFO: [ app_begin ] --START--
INFO: ReadHtmlCache Behavior ::run [ RunTime:0.007274s ]
INFO: [ app_begin ] --END-- [ RunTime:0.007853s ]

[ 2017-12-13T21:30:05+08:00 ] 0.0.0.0 /index.php?m=Keywords&a=Index
INFO: [ app_begin ] --START--
INFO: ReadHtmlCache Behavior ::run [ RunTime:0.009277s ]
INFO: [ app_begin ] --END-- [ RunTime:0.009647s ]

[ 2017-12-13T21:30:06+08:00 ] 0.0.0.0 /index.php?m=Keywords&a=Index
INFO: [ app_begin ] --START--
INFO: ReadHtmlCache Behavior ::run [ RunTime:0.002534s ]
INFO: [ app_begin ] --END-- [ RunTime:0.002881s ]

[ 2017-12-13T21:30:06+08:00 ] 0.0.0.0 /index.php?m=Keywords&a=Index
INFO: [ app_begin ] --START--
INFO: ReadHtmlCache Behavior ::run [ RunTime:0.002496s ]
INFO: [ app_begin ] --END-- [ RunTime:0.002834s ]

[ 2017-12-13T21:30:06+08:00 ] 0.0.0.0 /index.php?m=Keywords&a=Index
INFO: [ app_begin ] --START--
INFO: ReadHtmlCache Behavior ::run [ RunTime:0.002522s ]
INFO: [ app_begin ] --END-- [ RunTime:0.002855s ]

[ 2017-12-13T21:30:06+08:00 ] 0.0.0.0 /index.php?m=Keywords&a=Index
INFO: [ app_begin ] --START--
INFO: ReadHtmlCache Behavior ::run [ RunTime:0.002597s ]
INFO: [ app_begin ] --END-- [ RunTime:0.002976s ]

[ 2017-12-13T21:30:06+08:00 ] 0.0.0.0 /index.php?m=Keywords&a=Index
INFO: [ app_begin ] --START--
INFO: ReadHtmlCache Behavior ::run [ RunTime:0.002652s ]
INFO: [ app_begin ] --END-- [ RunTime:0.002981s ]

[ 2017-12-13T21:30:07+08:00 ] 0.0.0.0 /index.php?m=Keywords&a=Index
INFO: [ app_begin ] --START--
INFO: ReadHtmlCache Behavior ::run [ RunTime:0.004070s ]
INFO: [ app_begin ] --END-- [ RunTime:0.004661s ]

[ 2017-12-13T21:30:07+08:00 ] 0.0.0.0 /index.php?m=Keywords&a=Index
INFO: [ app_begin ] --START--
INFO: ReadHtmlCache Behavior ::run [ RunTime:0.002744s ]
INFO: [ app_begin ] --END-- [ RunTime:0.003108s ]

[ 2017-12-13T21:30:07+08:00 ] 0.0.0.0 /index.php?m=Keywords&a=Index
INFO: [ app_begin ] --START--
INFO: ReadHtmlCache Behavior ::run [ RunTime:0.003678s ]
INFO: [ app_begin ] --END-- [ RunTime:0.004026s ]

[ 2017-12-13T21:30:07+08:00 ] 0.0.0.0 /index.php?m=Keywords&a=Index
INFO: [ app_begin ] --START--
INFO: ReadHtmlCache Behavior ::run [ RunTime:0.002702s ]
INFO: [ app_begin ] --END-- [ RunTime:0.003035s ]

[ 2017-12-13T21:30:07+08:00 ] 0.0.0.0 /index.php?m=Keywords&a=Index
INFO: [ app_begin ] --START--
INFO: ReadHtmlCache Behavior ::run [ RunTime:0.002726s ]
INFO: [ app_begin ] --END-- [ RunTime:0.003236s ]

[ 2017-12-13T21:30:08+08:00 ] 0.0.0.0 /index.php?m=Keywords&a=Index
INFO: [ app_begin ] --START--
INFO: ReadHtmlCache Behavior ::run [ RunTime:0.002577s ]
INFO: [ app_begin ] --END-- [ RunTime:0.003151s ]

[ 2017-12-13T21:30:08+08:00 ] 0.0.0.0 /index.php?m=Keywords&a=Index
INFO: [ app_begin ] --START--
INFO: ReadHtmlCache Behavior ::run [ RunTime:0.003991s ]
INFO: [ app_begin ] --END-- [ RunTime:0.004402s ]

[ 2017-12-13T21:30:08+08:00 ] 0.0.0.0 /index.php?m=Keywords&a=Index
INFO: [ app_begin ] --START--
INFO: ReadHtmlCache Behavior ::run [ RunTime:0.002826s ]
INFO: [ app_begin ] --END-- [ RunTime:0.003193s ]

[ 2017-12-13T21:30:08+08:00 ] 0.0.0.0 /index.php?m=Keywords&a=Index
INFO: [ app_begin ] --START--
INFO: ReadHtmlCache Behavior ::run [ RunTime:0.002495s ]
INFO: [ app_begin ] --END-- [ RunTime:0.002821s ]

[ 2017-12-13T21:30:08+08:00 ] 0.0.0.0 /index.php?m=Keywords&a=Index
INFO: [ app_begin ] --START--
INFO: ReadHtmlCache Behavior ::run [ RunTime:0.002678s ]
INFO: [ app_begin ] --END-- [ RunTime:0.003016s ]

[ 2017-12-13T21:30:09+08:00 ] 0.0.0.0 /index.php?m=Keywords&a=Index
INFO: [ app_begin ] --START--
INFO: ReadHtmlCache Behavior ::run [ RunTime:0.002619s ]
INFO: [ app_begin ] --END-- [ RunTime:0.002934s ]

[ 2017-12-13T21:30:09+08:00 ] 0.0.0.0 /index.php?m=Keywords&a=Index
INFO: [ app_begin ] --START--
INFO: ReadHtmlCache Behavior ::run [ RunTime:0.002556s ]
INFO: [ app_begin ] --END-- [ RunTime:0.002903s ]

[ 2017-12-13T21:30:09+08:00 ] 0.0.0.0 /index.php?m=Keywords&a=Index
INFO: [ app_begin ] --START--
INFO: ReadHtmlCache Behavior ::run [ RunTime:0.002940s ]
INFO: [ app_begin ] --END-- [ RunTime:0.003344s ]

[ 2017-12-13T21:30:09+08:00 ] 0.0.0.0 /index.php?m=Keywords&a=Index
INFO: [ app_begin ] --START--
INFO: ReadHtmlCache Behavior ::run [ RunTime:0.002444s ]
INFO: [ app_begin ] --END-- [ RunTime:0.002750s ]

[ 2017-12-13T21:30:10+08:00 ] 0.0.0.0 /index.php?m=Keywords&a=Index
INFO: [ app_begin ] --START--
INFO: ReadHtmlCache Behavior ::run [ RunTime:0.002673s ]
INFO: [ app_begin ] --END-- [ RunTime:0.003008s ]

[ 2017-12-13T21:30:10+08:00 ] 0.0.0.0 /index.php?m=Keywords&a=Index
INFO: [ app_begin ] --START--
INFO: ReadHtmlCache Behavior ::run [ RunTime:0.002513s ]
INFO: [ app_begin ] --END-- [ RunTime:0.002841s ]

[ 2017-12-13T21:31:22+08:00 ] 0.0.0.0 /index.php?m=Keywords&a=Index
INFO: [ app_begin ] --START--
INFO: ReadHtmlCache Behavior ::run [ RunTime:0.006696s ]
INFO: [ app_begin ] --END-- [ RunTime:0.007242s ]

[ 2017-12-13T21:31:22+08:00 ] 0.0.0.0 /index.php?m=Keywords&a=Index
INFO: [ app_begin ] --START--
INFO: ReadHtmlCache Behavior ::run [ RunTime:0.002472s ]
INFO: [ app_begin ] --END-- [ RunTime:0.002794s ]

[ 2017-12-13T21:31:23+08:00 ] 0.0.0.0 /index.php?m=Keywords&a=Index
INFO: [ app_begin ] --START--
INFO: ReadHtmlCache Behavior ::run [ RunTime:0.003180s ]
INFO: [ app_begin ] --END-- [ RunTime:0.004057s ]

[ 2017-12-13T21:31:23+08:00 ] 0.0.0.0 /index.php?m=Keywords&a=Index
INFO: [ app_begin ] --START--
INFO: ReadHtmlCache Behavior ::run [ RunTime:0.002424s ]
INFO: [ app_begin ] --END-- [ RunTime:0.002740s ]

[ 2017-12-13T21:31:23+08:00 ] 0.0.0.0 /index.php?m=Keywords&a=Index
INFO: [ app_begin ] --START--
INFO: ReadHtmlCache Behavior ::run [ RunTime:0.010386s ]
INFO: [ app_begin ] --END-- [ RunTime:0.011094s ]

[ 2017-12-13T21:31:23+08:00 ] 0.0.0.0 /index.php?m=Keywords&a=Index
INFO: [ app_begin ] --START--
INFO: ReadHtmlCache Behavior ::run [ RunTime:0.003903s ]
INFO: [ app_begin ] --END-- [ RunTime:0.004404s ]

[ 2017-12-13T21:31:24+08:00 ] 0.0.0.0 /index.php?m=Keywords&a=Index
INFO: [ app_begin ] --START--
INFO: ReadHtmlCache Behavior ::run [ RunTime:0.003171s ]
INFO: [ app_begin ] --END-- [ RunTime:0.003518s ]

[ 2017-12-13T21:31:24+08:00 ] 0.0.0.0 /index.php?m=Keywords&a=Index
INFO: [ app_begin ] --START--
INFO: ReadHtmlCache Behavior ::run [ RunTime:0.002704s ]
INFO: [ app_begin ] --END-- [ RunTime:0.003097s ]

[ 2017-12-13T21:31:39+08:00 ] 0.0.0.0 /index.php?m=Keywords&a=Index
INFO: [ app_begin ] --START--
INFO: ReadHtmlCache Behavior ::run [ RunTime:0.003804s ]
INFO: [ app_begin ] --END-- [ RunTime:0.004374s ]

[ 2017-12-13T21:31:40+08:00 ] 0.0.0.0 /index.php?m=Keywords&a=Index
INFO: [ app_begin ] --START--
INFO: ReadHtmlCache Behavior ::run [ RunTime:0.002676s ]
INFO: [ app_begin ] --END-- [ RunTime:0.003005s ]

[ 2017-12-13T21:31:40+08:00 ] 0.0.0.0 /index.php?m=Keywords&a=Index
INFO: [ app_begin ] --START--
INFO: ReadHtmlCache Behavior ::run [ RunTime:0.002990s ]
INFO: [ app_begin ] --END-- [ RunTime:0.003545s ]

[ 2017-12-13T21:31:40+08:00 ] 0.0.0.0 /index.php?m=Keywords&a=Index
INFO: [ app_begin ] --START--
INFO: ReadHtmlCache Behavior ::run [ RunTime:0.003272s ]
INFO: [ app_begin ] --END-- [ RunTime:0.003649s ]

[ 2017-12-13T21:31:40+08:00 ] 0.0.0.0 /index.php?m=Keywords&a=Index
INFO: [ app_begin ] --START--
INFO: ReadHtmlCache Behavior ::run [ RunTime:0.003789s ]
INFO: [ app_begin ] --END-- [ RunTime:0.004477s ]

[ 2017-12-13T21:31:41+08:00 ] 0.0.0.0 /index.php?m=Keywords&a=Index
INFO: [ app_begin ] --START--
INFO: ReadHtmlCache Behavior ::run [ RunTime:0.005051s ]
INFO: [ app_begin ] --END-- [ RunTime:0.005510s ]

[ 2017-12-13T21:31:41+08:00 ] 0.0.0.0 /index.php?m=Keywords&a=Index
INFO: [ app_begin ] --START--
INFO: ReadHtmlCache Behavior ::run [ RunTime:0.004707s ]
INFO: [ app_begin ] --END-- [ RunTime:0.005052s ]

[ 2017-12-13T21:31:41+08:00 ] 0.0.0.0 /index.php?m=Keywords&a=Index
INFO: [ app_begin ] --START--
INFO: ReadHtmlCache Behavior ::run [ RunTime:0.002512s ]
INFO: [ app_begin ] --END-- [ RunTime:0.002841s ]

[ 2017-12-13T21:32:01+08:00 ] 0.0.0.0 /index.php?m=Keywords&a=Index
INFO: [ app_begin ] --START--
INFO: ReadHtmlCache Behavior ::run [ RunTime:0.004972s ]
INFO: [ app_begin ] --END-- [ RunTime:0.005605s ]

[ 2017-12-13T21:32:16+08:00 ] 0.0.0.0 /index.php?m=Keywords&a=Index
INFO: [ app_begin ] --START--
INFO: ReadHtmlCache Behavior ::run [ RunTime:0.005253s ]
INFO: [ app_begin ] --END-- [ RunTime:0.015431s ]

[ 2017-12-13T21:32:37+08:00 ] 0.0.0.0 /index.php?m=Keywords&a=Index
INFO: [ app_begin ] --START--
INFO: ReadHtmlCache Behavior ::run [ RunTime:0.003327s ]
INFO: [ app_begin ] --END-- [ RunTime:0.003716s ]

[ 2017-12-13T21:37:31+08:00 ] 0.0.0.0 /index.php?m=Keywords&a=Index
INFO: [ app_begin ] --START--
INFO: ReadHtmlCache Behavior ::run [ RunTime:0.009337s ]
INFO: [ app_begin ] --END-- [ RunTime:0.009709s ]

[ 2017-12-13T21:38:16+08:00 ] 0.0.0.0 /index.php?m=Keywords&a=Index
INFO: [ app_begin ] --START--
INFO: ReadHtmlCache Behavior ::run [ RunTime:0.004091s ]
INFO: [ app_begin ] --END-- [ RunTime:0.005029s ]

[ 2017-12-13T21:42:24+08:00 ] 0.0.0.0 /index.php?m=Keywords&a=Index
INFO: [ app_begin ] --START--
INFO: ReadHtmlCache Behavior ::run [ RunTime:0.028375s ]
INFO: [ app_begin ] --END-- [ RunTime:0.030296s ]

[ 2017-12-13T21:44:21+08:00 ] 0.0.0.0 /index.php?m=Keywords&a=Index
INFO: [ app_begin ] --START--
INFO: ReadHtmlCache Behavior ::run [ RunTime:0.006459s ]
INFO: [ app_begin ] --END-- [ RunTime:0.007176s ]

[ 2017-12-13T21:45:45+08:00 ] 0.0.0.0 /index.php?m=Keywords&a=Index
INFO: [ app_begin ] --START--
INFO: ReadHtmlCache Behavior ::run [ RunTime:0.010095s ]
INFO: [ app_begin ] --END-- [ RunTime:0.012642s ]

[ 2017-12-13T21:48:46+08:00 ] 0.0.0.0 /index.php?m=Keywords&a=Index
INFO: [ app_begin ] --START--
INFO: ReadHtmlCache Behavior ::run [ RunTime:0.004419s ]
INFO: [ app_begin ] --END-- [ RunTime:0.004927s ]

[ 2017-12-13T21:49:14+08:00 ] 0.0.0.0 /index.php?m=Keywords&a=Index
INFO: [ app_begin ] --START--
INFO: ReadHtmlCache Behavior ::run [ RunTime:0.002625s ]
INFO: [ app_begin ] --END-- [ RunTime:0.002975s ]

[ 2017-12-13T21:49:22+08:00 ] 0.0.0.0 /index.php?m=Keywords&a=Index
INFO: [ app_begin ] --START--
INFO: ReadHtmlCache Behavior ::run [ RunTime:0.003652s ]
INFO: [ app_begin ] --END-- [ RunTime:0.004542s ]

[ 2017-12-13T21:50:06+08:00 ] 0.0.0.0 /index.php?m=Keywords&a=Index
INFO: [ app_begin ] --START--
INFO: ReadHtmlCache Behavior ::run [ RunTime:0.028776s ]
INFO: [ app_begin ] --END-- [ RunTime:0.029177s ]

[ 2017-12-13T21:50:43+08:00 ] 0.0.0.0 /index.php?m=Keywords&a=Index
INFO: [ app_begin ] --START--
INFO: ReadHtmlCache Behavior ::run [ RunTime:0.029658s ]
INFO: [ app_begin ] --END-- [ RunTime:0.032275s ]

[ 2017-12-13T21:50:52+08:00 ] 0.0.0.0 /index.php?m=Keywords&a=Index
INFO: [ app_begin ] --START--
INFO: ReadHtmlCache Behavior ::run [ RunTime:0.029475s ]
INFO: [ app_begin ] --END-- [ RunTime:0.030831s ]

[ 2017-12-13T21:51:27+08:00 ] 0.0.0.0 /index.php?m=Keywords&a=Index
INFO: [ app_begin ] --START--
INFO: ReadHtmlCache Behavior ::run [ RunTime:0.015215s ]
INFO: [ app_begin ] --END-- [ RunTime:0.015873s ]

[ 2017-12-13T21:51:33+08:00 ] 0.0.0.0 /index.php?m=Keywords&a=Index
INFO: [ app_begin ] --START--
INFO: ReadHtmlCache Behavior ::run [ RunTime:0.004367s ]
INFO: [ app_begin ] --END-- [ RunTime:0.004772s ]

[ 2017-12-13T21:52:33+08:00 ] 0.0.0.0 /index.php?m=Keywords&a=Index
INFO: [ app_begin ] --START--
INFO: ReadHtmlCache Behavior ::run [ RunTime:0.003711s ]
INFO: [ app_begin ] --END-- [ RunTime:0.004054s ]

[ 2017-12-13T21:52:40+08:00 ] 0.0.0.0 /index.php?m=Keywords&a=Index
INFO: [ app_begin ] --START--
INFO: ReadHtmlCache Behavior ::run [ RunTime:0.010490s ]
INFO: [ app_begin ] --END-- [ RunTime:0.010853s ]

[ 2017-12-13T21:54:23+08:00 ] 0.0.0.0 /index.php?m=Keywords&a=Index
INFO: [ app_begin ] --START--
INFO: ReadHtmlCache Behavior ::run [ RunTime:0.010181s ]
INFO: [ app_begin ] --END-- [ RunTime:0.010826s ]

[ 2017-12-13T21:54:24+08:00 ] 0.0.0.0 /index.php?m=Keywords&a=Index
INFO: [ app_begin ] --START--
INFO: ReadHtmlCache Behavior ::run [ RunTime:0.003689s ]
INFO: [ app_begin ] --END-- [ RunTime:0.004385s ]

[ 2017-12-13T21:55:10+08:00 ] 0.0.0.0 /index.php?m=Keywords&a=Index
INFO: [ app_begin ] --START--
INFO: ReadHtmlCache Behavior ::run [ RunTime:0.004094s ]
INFO: [ app_begin ] --END-- [ RunTime:0.004428s ]

[ 2017-12-13T21:55:14+08:00 ] 0.0.0.0 /index.php?m=Keywords&a=Index
INFO: [ app_begin ] --START--
INFO: ReadHtmlCache Behavior ::run [ RunTime:0.005379s ]
INFO: [ app_begin ] --END-- [ RunTime:0.006038s ]

[ 2017-12-13T21:56:42+08:00 ] 0.0.0.0 /index.php?m=Keywords&a=Index
INFO: [ app_begin ] --START--
INFO: ReadHtmlCache Behavior ::run [ RunTime:0.008959s ]
INFO: [ app_begin ] --END-- [ RunTime:0.009366s ]
NOTIC: [2] preg_match(): Unknown modifier 'g' C:\zclever\website\tbk\Lib\Action\KeywordsAction.class.php 第 37 行.

[ 2017-12-13T21:56:47+08:00 ] 0.0.0.0 /index.php?m=Keywords&a=Index
INFO: [ app_begin ] --START--
INFO: ReadHtmlCache Behavior ::run [ RunTime:0.003373s ]
INFO: [ app_begin ] --END-- [ RunTime:0.003962s ]
NOTIC: [2] preg_match(): Unknown modifier '/' C:\zclever\website\tbk\Lib\Action\KeywordsAction.class.php 第 37 行.

[ 2017-12-13T21:57:07+08:00 ] 0.0.0.0 /index.php?m=Keywords&a=Index
INFO: [ app_begin ] --START--
INFO: ReadHtmlCache Behavior ::run [ RunTime:0.003495s ]
INFO: [ app_begin ] --END-- [ RunTime:0.004445s ]
NOTIC: [2] preg_match(): Delimiter must not be alphanumeric or backslash C:\zclever\website\tbk\Lib\Action\KeywordsAction.class.php 第 37 行.

[ 2017-12-13T21:58:13+08:00 ] 0.0.0.0 /index.php?m=Keywords&a=Index
INFO: [ app_begin ] --START--
INFO: ReadHtmlCache Behavior ::run [ RunTime:0.002755s ]
INFO: [ app_begin ] --END-- [ RunTime:0.003195s ]
NOTIC: [2] preg_match(): Unknown modifier 'g' C:\zclever\website\tbk\Lib\Action\KeywordsAction.class.php 第 37 行.

[ 2017-12-13T21:58:20+08:00 ] 0.0.0.0 /index.php?m=Keywords&a=Index
INFO: [ app_begin ] --START--
INFO: ReadHtmlCache Behavior ::run [ RunTime:0.003770s ]
INFO: [ app_begin ] --END-- [ RunTime:0.004127s ]

[ 2017-12-13T22:00:27+08:00 ] 0.0.0.0 /index.php?m=Keywords&a=Index
INFO: [ app_begin ] --START--
INFO: ReadHtmlCache Behavior ::run [ RunTime:0.011038s ]
INFO: [ app_begin ] --END-- [ RunTime:0.012679s ]

[ 2017-12-13T22:01:26+08:00 ] 0.0.0.0 /index.php?m=Keywords&a=Index
INFO: [ app_begin ] --START--
INFO: ReadHtmlCache Behavior ::run [ RunTime:0.007600s ]
INFO: [ app_begin ] --END-- [ RunTime:0.008740s ]

[ 2017-12-13T22:01:34+08:00 ] 0.0.0.0 /index.php?m=Keywords&a=Index
INFO: [ app_begin ] --START--
INFO: ReadHtmlCache Behavior ::run [ RunTime:0.008674s ]
INFO: [ app_begin ] --END-- [ RunTime:0.009411s ]

[ 2017-12-13T22:01:41+08:00 ] 0.0.0.0 /index.php?m=Keywords&a=Index
INFO: [ app_begin ] --START--
INFO: ReadHtmlCache Behavior ::run [ RunTime:0.003676s ]
INFO: [ app_begin ] --END-- [ RunTime:0.004170s ]

[ 2017-12-13T22:04:28+08:00 ] 0.0.0.0 /index.php?m=Keywords&a=Index
INFO: [ app_begin ] --START--
INFO: ReadHtmlCache Behavior ::run [ RunTime:0.030301s ]
INFO: [ app_begin ] --END-- [ RunTime:0.030798s ]

[ 2017-12-13T22:05:17+08:00 ] 0.0.0.0 /index.php?m=Keywords&a=Index
INFO: [ app_begin ] --START--
INFO: ReadHtmlCache Behavior ::run [ RunTime:0.003274s ]
INFO: [ app_begin ] --END-- [ RunTime:0.003617s ]

[ 2017-12-13T22:05:29+08:00 ] 0.0.0.0 /index.php?m=Keywords&a=Index
INFO: [ app_begin ] --START--
INFO: ReadHtmlCache Behavior ::run [ RunTime:0.007791s ]
INFO: [ app_begin ] --END-- [ RunTime:0.008496s ]

[ 2017-12-13T22:05:49+08:00 ] 0.0.0.0 /index.php?m=Keywords&a=Index
INFO: [ app_begin ] --START--
INFO: ReadHtmlCache Behavior ::run [ RunTime:0.010267s ]
INFO: [ app_begin ] --END-- [ RunTime:0.010601s ]

[ 2017-12-13T22:05:55+08:00 ] 0.0.0.0 /index.php?m=Keywords&a=Index
INFO: [ app_begin ] --START--
INFO: ReadHtmlCache Behavior ::run [ RunTime:0.002558s ]
INFO: [ app_begin ] --END-- [ RunTime:0.002887s ]

[ 2017-12-13T22:06:13+08:00 ] 0.0.0.0 /index.php?m=Keywords&a=Index
INFO: [ app_begin ] --START--
INFO: ReadHtmlCache Behavior ::run [ RunTime:0.005398s ]
INFO: [ app_begin ] --END-- [ RunTime:0.005749s ]

[ 2017-12-13T22:06:33+08:00 ] 0.0.0.0 /index.php?m=Keywords&a=Index
INFO: [ app_begin ] --START--
INFO: ReadHtmlCache Behavior ::run [ RunTime:0.004247s ]
INFO: [ app_begin ] --END-- [ RunTime:0.004594s ]

[ 2017-12-13T22:06:45+08:00 ] 0.0.0.0 /index.php?m=Keywords&a=Index
INFO: [ app_begin ] --START--
INFO: ReadHtmlCache Behavior ::run [ RunTime:0.002538s ]
INFO: [ app_begin ] --END-- [ RunTime:0.002883s ]

[ 2017-12-13T22:06:53+08:00 ] 0.0.0.0 /index.php?m=Keywords&a=Index
INFO: [ app_begin ] --START--
INFO: ReadHtmlCache Behavior ::run [ RunTime:0.003530s ]
INFO: [ app_begin ] --END-- [ RunTime:0.003877s ]

[ 2017-12-13T22:07:11+08:00 ] 0.0.0.0 /index.php?m=Keywords&a=Index
INFO: [ app_begin ] --START--
INFO: ReadHtmlCache Behavior ::run [ RunTime:0.002531s ]
INFO: [ app_begin ] --END-- [ RunTime:0.002849s ]

[ 2017-12-13T22:08:12+08:00 ] 0.0.0.0 /index.php?m=Keywords&a=Index
INFO: [ app_begin ] --START--
INFO: ReadHtmlCache Behavior ::run [ RunTime:0.007011s ]
INFO: [ app_begin ] --END-- [ RunTime:0.007681s ]

[ 2017-12-13T22:08:13+08:00 ] 0.0.0.0 /index.php?m=Keywords&a=Index
INFO: [ app_begin ] --START--
INFO: ReadHtmlCache Behavior ::run [ RunTime:0.002597s ]
INFO: [ app_begin ] --END-- [ RunTime:0.002942s ]

[ 2017-12-13T22:08:19+08:00 ] 0.0.0.0 /index.php?m=Keywords&a=Index
INFO: [ app_begin ] --START--
INFO: ReadHtmlCache Behavior ::run [ RunTime:0.002042s ]
INFO: [ app_begin ] --END-- [ RunTime:0.002364s ]

[ 2017-12-13T22:08:33+08:00 ] 0.0.0.0 /index.php?m=Keywords&a=Index
INFO: [ app_begin ] --START--
INFO: ReadHtmlCache Behavior ::run [ RunTime:0.003955s ]
INFO: [ app_begin ] --END-- [ RunTime:0.004381s ]

[ 2017-12-13T22:08:53+08:00 ] 0.0.0.0 /index.php?m=Keywords&a=Index
INFO: [ app_begin ] --START--
INFO: ReadHtmlCache Behavior ::run [ RunTime:0.010984s ]
INFO: [ app_begin ] --END-- [ RunTime:0.011456s ]

[ 2017-12-13T22:10:03+08:00 ] 0.0.0.0 /index.php?m=Keywords&a=Index
INFO: [ app_begin ] --START--
INFO: ReadHtmlCache Behavior ::run [ RunTime:0.003815s ]
INFO: [ app_begin ] --END-- [ RunTime:0.004231s ]

[ 2017-12-13T22:10:41+08:00 ] 0.0.0.0 /index.php?m=Keywords&a=Index
INFO: [ app_begin ] --START--
INFO: ReadHtmlCache Behavior ::run [ RunTime:0.003750s ]
INFO: [ app_begin ] --END-- [ RunTime:0.004183s ]

[ 2017-12-13T22:11:19+08:00 ] 0.0.0.0 /index.php?m=Keywords&a=Index
INFO: [ app_begin ] --START--
INFO: ReadHtmlCache Behavior ::run [ RunTime:0.006951s ]
INFO: [ app_begin ] --END-- [ RunTime:0.007282s ]

[ 2017-12-13T22:11:22+08:00 ] 0.0.0.0 /index.php?m=Keywords&a=Index
INFO: [ app_begin ] --START--
INFO: ReadHtmlCache Behavior ::run [ RunTime:0.002421s ]
INFO: [ app_begin ] --END-- [ RunTime:0.002723s ]

[ 2017-12-13T22:13:18+08:00 ] 0.0.0.0 /index.php?m=Keywords&a=Index
INFO: [ app_begin ] --START--
INFO: ReadHtmlCache Behavior ::run [ RunTime:0.004260s ]
INFO: [ app_begin ] --END-- [ RunTime:0.005036s ]
NOTIC: [2] file_get_contents(test.txt): failed to open stream: No such file or directory C:\zclever\website\tbk\Lib\Action\KeywordsAction.class.php 第 33 行.

[ 2017-12-13T22:13:37+08:00 ] 0.0.0.0 /index.php?m=Keywords&a=Index
INFO: [ app_begin ] --START--
INFO: ReadHtmlCache Behavior ::run [ RunTime:0.006402s ]
INFO: [ app_begin ] --END-- [ RunTime:0.006771s ]
NOTIC: [2] file_get_contents(test.txt): failed to open stream: No such file or directory C:\zclever\website\tbk\Lib\Action\KeywordsAction.class.php 第 33 行.
NOTIC: [2] preg_match(): Delimiter must not be alphanumeric or backslash C:\zclever\website\tbk\Lib\Action\KeywordsAction.class.php 第 38 行.

[ 2017-12-13T22:13:42+08:00 ] 0.0.0.0 /index.php?m=Keywords&a=Index
INFO: [ app_begin ] --START--
INFO: ReadHtmlCache Behavior ::run [ RunTime:0.007791s ]
INFO: [ app_begin ] --END-- [ RunTime:0.008511s ]
NOTIC: [2] file_get_contents(test.txt): failed to open stream: No such file or directory C:\zclever\website\tbk\Lib\Action\KeywordsAction.class.php 第 33 行.

[ 2017-12-13T22:14:01+08:00 ] 0.0.0.0 /index.php?m=Keywords&a=Index
INFO: [ app_begin ] --START--
INFO: ReadHtmlCache Behavior ::run [ RunTime:0.005968s ]
INFO: [ app_begin ] --END-- [ RunTime:0.006684s ]
NOTIC: [2] file_get_contents(test.txt): failed to open stream: No such file or directory C:\zclever\website\tbk\Lib\Action\KeywordsAction.class.php 第 33 行.

[ 2017-12-13T22:14:20+08:00 ] 0.0.0.0 /index.php?m=Keywords&a=Index
INFO: [ app_begin ] --START--
INFO: ReadHtmlCache Behavior ::run [ RunTime:0.002362s ]
INFO: [ app_begin ] --END-- [ RunTime:0.002663s ]
NOTIC: [2] file_get_contents(test.txt): failed to open stream: No such file or directory C:\zclever\website\tbk\Lib\Action\KeywordsAction.class.php 第 33 行.

[ 2017-12-13T22:14:35+08:00 ] 0.0.0.0 /index.php?m=Keywords&a=Index
INFO: [ app_begin ] --START--
INFO: ReadHtmlCache Behavior ::run [ RunTime:0.002567s ]
INFO: [ app_begin ] --END-- [ RunTime:0.002943s ]
NOTIC: [2] file_get_contents(./test.txt): failed to open stream: No such file or directory C:\zclever\website\tbk\Lib\Action\KeywordsAction.class.php 第 33 行.

[ 2017-12-13T22:14:47+08:00 ] 0.0.0.0 /index.php?m=Keywords&a=Index
INFO: [ app_begin ] --START--
INFO: ReadHtmlCache Behavior ::run [ RunTime:0.011237s ]
INFO: [ app_begin ] --END-- [ RunTime:0.014180s ]
NOTIC: [2] file_get_contents(./test.txt11): failed to open stream: No such file or directory C:\zclever\website\tbk\Lib\Action\KeywordsAction.class.php 第 33 行.

[ 2017-12-13T22:16:01+08:00 ] 0.0.0.0 /index.php?m=Keywords&a=Index
INFO: [ app_begin ] --START--
INFO: ReadHtmlCache Behavior ::run [ RunTime:0.013462s ]
INFO: [ app_begin ] --END-- [ RunTime:0.013894s ]
NOTIC: [2] file_get_contents(C:\zclever\website\tbk\Lib\Actiontest.txt): failed to open stream: No such file or directory C:\zclever\website\tbk\Lib\Action\KeywordsAction.class.php 第 33 行.

[ 2017-12-13T22:16:26+08:00 ] 0.0.0.0 /index.php?m=Keywords&a=Index
INFO: [ app_begin ] --START--
INFO: ReadHtmlCache Behavior ::run [ RunTime:0.002818s ]
INFO: [ app_begin ] --END-- [ RunTime:0.003256s ]
NOTIC: [2] file_get_contents(C:\zclever\website\tbk\Lib\Actiontest.txt): failed to open stream: No such file or directory C:\zclever\website\tbk\Lib\Action\KeywordsAction.class.php 第 33 行.

[ 2017-12-13T22:16:48+08:00 ] 0.0.0.0 /index.php?m=Keywords&a=Index
INFO: [ app_begin ] --START--
INFO: ReadHtmlCache Behavior ::run [ RunTime:0.006580s ]
INFO: [ app_begin ] --END-- [ RunTime:0.006932s ]
NOTIC: [2] file_get_contents(test.txt): failed to open stream: No such file or directory C:\zclever\website\tbk\Lib\Action\KeywordsAction.class.php 第 33 行.

[ 2017-12-13T22:16:56+08:00 ] 0.0.0.0 /index.php?m=Keywords&a=Index
INFO: [ app_begin ] --START--
INFO: ReadHtmlCache Behavior ::run [ RunTime:0.002462s ]
INFO: [ app_begin ] --END-- [ RunTime:0.002791s ]
NOTIC: [2] file_get_contents(test.txt): failed to open stream: No such file or directory C:\zclever\website\tbk\Lib\Action\KeywordsAction.class.php 第 33 行.

[ 2017-12-13T22:19:23+08:00 ] 0.0.0.0 /index.php?m=Keywords&a=Index
INFO: [ app_begin ] --START--
INFO: ReadHtmlCache Behavior ::run [ RunTime:0.007084s ]
INFO: [ app_begin ] --END-- [ RunTime:0.007585s ]
NOTIC: [2] file_get_contents(test.txt): failed to open stream: No such file or directory C:\zclever\website\tbk\Lib\Action\KeywordsAction.class.php 第 33 行.

[ 2017-12-13T22:19:25+08:00 ] 0.0.0.0 /index.php?m=Keywords&a=Index
INFO: [ app_begin ] --START--
INFO: ReadHtmlCache Behavior ::run [ RunTime:0.001748s ]
INFO: [ app_begin ] --END-- [ RunTime:0.001957s ]
NOTIC: [2] file_get_contents(test.txt): failed to open stream: No such file or directory C:\zclever\website\tbk\Lib\Action\KeywordsAction.class.php 第 33 行.

[ 2017-12-13T22:19:26+08:00 ] 0.0.0.0 /index.php?m=Keywords&a=Index
INFO: [ app_begin ] --START--
INFO: ReadHtmlCache Behavior ::run [ RunTime:0.003146s ]
INFO: [ app_begin ] --END-- [ RunTime:0.003694s ]
NOTIC: [2] file_get_contents(test.txt): failed to open stream: No such file or directory C:\zclever\website\tbk\Lib\Action\KeywordsAction.class.php 第 33 行.

[ 2017-12-13T22:20:36+08:00 ] 0.0.0.0 /index.php?m=Keywords&a=Index
INFO: [ app_begin ] --START--
INFO: ReadHtmlCache Behavior ::run [ RunTime:0.003364s ]
INFO: [ app_begin ] --END-- [ RunTime:0.003731s ]
NOTIC: [2] file_get_contents(test.txt): failed to open stream: No such file or directory C:\zclever\website\tbk\Lib\Action\KeywordsAction.class.php 第 34 行.

[ 2017-12-13T22:20:39+08:00 ] 0.0.0.0 /index.php?m=Keywords&a=Index
INFO: [ app_begin ] --START--
INFO: ReadHtmlCache Behavior ::run [ RunTime:0.002622s ]
INFO: [ app_begin ] --END-- [ RunTime:0.003087s ]
NOTIC: [2] file_get_contents(test.txt): failed to open stream: No such file or directory C:\zclever\website\tbk\Lib\Action\KeywordsAction.class.php 第 34 行.

[ 2017-12-13T22:20:39+08:00 ] 0.0.0.0 /index.php?m=Keywords&a=Index
INFO: [ app_begin ] --START--
INFO: ReadHtmlCache Behavior ::run [ RunTime:0.002489s ]
INFO: [ app_begin ] --END-- [ RunTime:0.002827s ]
NOTIC: [2] file_get_contents(test.txt): failed to open stream: No such file or directory C:\zclever\website\tbk\Lib\Action\KeywordsAction.class.php 第 34 行.

[ 2017-12-13T22:20:40+08:00 ] 0.0.0.0 /index.php?m=Keywords&a=Index
INFO: [ app_begin ] --START--
INFO: ReadHtmlCache Behavior ::run [ RunTime:0.002517s ]
INFO: [ app_begin ] --END-- [ RunTime:0.002848s ]
NOTIC: [2] file_get_contents(test.txt): failed to open stream: No such file or directory C:\zclever\website\tbk\Lib\Action\KeywordsAction.class.php 第 34 行.

[ 2017-12-13T22:21:05+08:00 ] 0.0.0.0 /index.php?m=Keywords&a=Index
INFO: [ app_begin ] --START--
INFO: ReadHtmlCache Behavior ::run [ RunTime:0.013390s ]
INFO: [ app_begin ] --END-- [ RunTime:0.013770s ]

[ 2017-12-13T22:22:05+08:00 ] 0.0.0.0 /index.php?m=Keywords&a=Index
INFO: [ app_begin ] --START--
INFO: ReadHtmlCache Behavior ::run [ RunTime:0.003971s ]
INFO: [ app_begin ] --END-- [ RunTime:0.004312s ]

[ 2017-12-13T22:23:14+08:00 ] 0.0.0.0 /index.php?m=Keywords&a=Index
INFO: [ app_begin ] --START--
INFO: ReadHtmlCache Behavior ::run [ RunTime:0.002846s ]
INFO: [ app_begin ] --END-- [ RunTime:0.003237s ]

[ 2017-12-13T22:23:48+08:00 ] 0.0.0.0 /index.php?m=Keywords&a=Index
INFO: [ app_begin ] --START--
INFO: ReadHtmlCache Behavior ::run [ RunTime:0.015301s ]
INFO: [ app_begin ] --END-- [ RunTime:0.020665s ]

[ 2017-12-13T22:23:58+08:00 ] 0.0.0.0 /index.php?m=Keywords&a=Index
INFO: [ app_begin ] --START--
INFO: ReadHtmlCache Behavior ::run [ RunTime:0.002607s ]
INFO: [ app_begin ] --END-- [ RunTime:0.002941s ]

[ 2017-12-13T22:23:59+08:00 ] 0.0.0.0 /index.php?m=Keywords&a=Index
INFO: [ app_begin ] --START--
INFO: ReadHtmlCache Behavior ::run [ RunTime:0.002578s ]
INFO: [ app_begin ] --END-- [ RunTime:0.002924s ]

[ 2017-12-13T22:24:09+08:00 ] 0.0.0.0 /index.php?m=Keywords&a=Index
INFO: [ app_begin ] --START--
INFO: ReadHtmlCache Behavior ::run [ RunTime:0.009738s ]
INFO: [ app_begin ] --END-- [ RunTime:0.010249s ]

[ 2017-12-13T22:24:21+08:00 ] 0.0.0.0 /index.php?m=Keywords&a=Index
INFO: [ app_begin ] --START--
INFO: ReadHtmlCache Behavior ::run [ RunTime:0.002606s ]
INFO: [ app_begin ] --END-- [ RunTime:0.002968s ]

[ 2017-12-13T22:24:24+08:00 ] 0.0.0.0 /index.php?m=Keywords&a=Index
INFO: [ app_begin ] --START--
INFO: ReadHtmlCache Behavior ::run [ RunTime:0.003518s ]
INFO: [ app_begin ] --END-- [ RunTime:0.003932s ]

[ 2017-12-13T22:24:34+08:00 ] 0.0.0.0 /index.php?m=Keywords&a=Index
INFO: [ app_begin ] --START--
INFO: ReadHtmlCache Behavior ::run [ RunTime:0.007428s ]
INFO: [ app_begin ] --END-- [ RunTime:0.007827s ]

[ 2017-12-13T22:24:51+08:00 ] 0.0.0.0 /index.php?m=Keywords&a=Index
INFO: [ app_begin ] --START--
INFO: ReadHtmlCache Behavior ::run [ RunTime:0.002685s ]
INFO: [ app_begin ] --END-- [ RunTime:0.003195s ]

[ 2017-12-13T22:24:55+08:00 ] 0.0.0.0 /index.php?m=Keywords&a=Index
INFO: [ app_begin ] --START--
INFO: ReadHtmlCache Behavior ::run [ RunTime:0.002931s ]
INFO: [ app_begin ] --END-- [ RunTime:0.003289s ]

[ 2017-12-13T22:25:19+08:00 ] 0.0.0.0 /index.php?m=Keywords&a=Index
INFO: [ app_begin ] --START--
INFO: ReadHtmlCache Behavior ::run [ RunTime:0.003863s ]
INFO: [ app_begin ] --END-- [ RunTime:0.004517s ]
NOTIC: [2] preg_match(): Delimiter must not be alphanumeric or backslash C:\zclever\website\tbk\Lib\Action\KeywordsAction.class.php 第 39 行.

[ 2017-12-13T22:25:27+08:00 ] 0.0.0.0 /index.php?m=Keywords&a=Index
INFO: [ app_begin ] --START--
INFO: ReadHtmlCache Behavior ::run [ RunTime:0.005646s ]
INFO: [ app_begin ] --END-- [ RunTime:0.006343s ]

[ 2017-12-13T22:25:39+08:00 ] 0.0.0.0 /index.php?m=Keywords&a=Index
INFO: [ app_begin ] --START--
INFO: ReadHtmlCache Behavior ::run [ RunTime:0.002386s ]
INFO: [ app_begin ] --END-- [ RunTime:0.002745s ]

[ 2017-12-13T22:25:44+08:00 ] 0.0.0.0 /index.php?m=Keywords&a=Index
INFO: [ app_begin ] --START--
INFO: ReadHtmlCache Behavior ::run [ RunTime:0.002581s ]
INFO: [ app_begin ] --END-- [ RunTime:0.002940s ]

[ 2017-12-13T22:32:48+08:00 ] 0.0.0.0 /index.php?m=Keywords&a=Index
INFO: [ app_begin ] --START--
INFO: ReadHtmlCache Behavior ::run [ RunTime:0.010311s ]
INFO: [ app_begin ] --END-- [ RunTime:0.011295s ]

[ 2017-12-13T22:32:58+08:00 ] 0.0.0.0 /index.php?m=Keywords&a=Index
INFO: [ app_begin ] --START--
INFO: ReadHtmlCache Behavior ::run [ RunTime:0.004211s ]
INFO: [ app_begin ] --END-- [ RunTime:0.005021s ]

[ 2017-12-13T22:34:44+08:00 ] 0.0.0.0 /index.php?m=Keywords&a=Index
INFO: [ app_begin ] --START--
INFO: ReadHtmlCache Behavior ::run [ RunTime:0.002898s ]
INFO: [ app_begin ] --END-- [ RunTime:0.003231s ]

[ 2017-12-13T22:34:53+08:00 ] 0.0.0.0 /index.php?m=Keywords&a=Index
INFO: [ app_begin ] --START--
INFO: ReadHtmlCache Behavior ::run [ RunTime:0.012072s ]
INFO: [ app_begin ] --END-- [ RunTime:0.012633s ]

[ 2017-12-13T22:35:12+08:00 ] 0.0.0.0 /index.php?m=Keywords&a=Index
INFO: [ app_begin ] --START--
INFO: ReadHtmlCache Behavior ::run [ RunTime:0.013899s ]
INFO: [ app_begin ] --END-- [ RunTime:0.014851s ]

[ 2017-12-13T22:36:44+08:00 ] 0.0.0.0 /index.php?m=Keywords&a=Index
INFO: [ app_begin ] --START--
INFO: ReadHtmlCache Behavior ::run [ RunTime:0.004928s ]
INFO: [ app_begin ] --END-- [ RunTime:0.005549s ]

[ 2017-12-13T22:38:13+08:00 ] 0.0.0.0 /index.php?m=Keywords&a=Index
INFO: [ app_begin ] --START--
INFO: ReadHtmlCache Behavior ::run [ RunTime:0.004702s ]
INFO: [ app_begin ] --END-- [ RunTime:0.005092s ]

[ 2017-12-13T22:38:52+08:00 ] 0.0.0.0 /index.php?m=Keywords&a=Index
INFO: [ app_begin ] --START--
INFO: ReadHtmlCache Behavior ::run [ RunTime:0.002387s ]
INFO: [ app_begin ] --END-- [ RunTime:0.002843s ]

[ 2017-12-13T22:39:53+08:00 ] 0.0.0.0 /index.php?m=Keywords&a=Index
INFO: [ app_begin ] --START--
INFO: ReadHtmlCache Behavior ::run [ RunTime:0.003894s ]
INFO: [ app_begin ] --END-- [ RunTime:0.004228s ]

[ 2017-12-13T22:40:01+08:00 ] 0.0.0.0 /index.php?m=Keywords&a=Index
INFO: [ app_begin ] --START--
INFO: ReadHtmlCache Behavior ::run [ RunTime:0.002574s ]
INFO: [ app_begin ] --END-- [ RunTime:0.002917s ]

[ 2017-12-13T22:40:20+08:00 ] 0.0.0.0 /index.php?m=Keywords&a=Index
INFO: [ app_begin ] --START--
INFO: ReadHtmlCache Behavior ::run [ RunTime:0.015043s ]
INFO: [ app_begin ] --END-- [ RunTime:0.015396s ]

[ 2017-12-13T22:40:24+08:00 ] 0.0.0.0 /index.php?m=Keywords&a=Index
INFO: [ app_begin ] --START--
INFO: ReadHtmlCache Behavior ::run [ RunTime:0.005802s ]
INFO: [ app_begin ] --END-- [ RunTime:0.006149s ]
NOTIC: [2] preg_match_all(): Compilation failed: range out of order in character class at offset 9 C:\zclever\website\tbk\Lib\Action\KeywordsAction.class.php 第 43 行.

[ 2017-12-13T22:40:32+08:00 ] 0.0.0.0 /index.php?m=Keywords&a=Index
INFO: [ app_begin ] --START--
INFO: ReadHtmlCache Behavior ::run [ RunTime:0.003022s ]
INFO: [ app_begin ] --END-- [ RunTime:0.003387s ]
NOTIC: [2] preg_match_all(): Compilation failed: range out of order in character class at offset 9 C:\zclever\website\tbk\Lib\Action\KeywordsAction.class.php 第 43 行.

[ 2017-12-13T22:40:41+08:00 ] 0.0.0.0 /index.php?m=Keywords&a=Index
INFO: [ app_begin ] --START--
INFO: ReadHtmlCache Behavior ::run [ RunTime:0.003937s ]
INFO: [ app_begin ] --END-- [ RunTime:0.004290s ]
NOTIC: [2] preg_match_all(): Compilation failed: range out of order in character class at offset 9 C:\zclever\website\tbk\Lib\Action\KeywordsAction.class.php 第 43 行.

[ 2017-12-13T22:41:02+08:00 ] 0.0.0.0 /index.php?m=Keywords&a=Index
INFO: [ app_begin ] --START--
INFO: ReadHtmlCache Behavior ::run [ RunTime:0.002380s ]
INFO: [ app_begin ] --END-- [ RunTime:0.002678s ]
NOTIC: [2] preg_match_all(): Compilation failed: range out of order in character class at offset 9 C:\zclever\website\tbk\Lib\Action\KeywordsAction.class.php 第 44 行.

[ 2017-12-13T22:41:45+08:00 ] 0.0.0.0 /index.php?m=Keywords&a=Index
INFO: [ app_begin ] --START--
INFO: ReadHtmlCache Behavior ::run [ RunTime:0.020587s ]
INFO: [ app_begin ] --END-- [ RunTime:0.021188s ]
NOTIC: [2] preg_match_all(): Compilation failed: range out of order in character class at offset 9 C:\zclever\website\tbk\Lib\Action\KeywordsAction.class.php 第 44 行.

[ 2017-12-13T22:42:08+08:00 ] 0.0.0.0 /index.php?m=Keywords&a=Index
INFO: [ app_begin ] --START--
INFO: ReadHtmlCache Behavior ::run [ RunTime:0.002992s ]
INFO: [ app_begin ] --END-- [ RunTime:0.003428s ]
NOTIC: [2] preg_match_all(): Compilation failed: range out of order in character class at offset 9 C:\zclever\website\tbk\Lib\Action\KeywordsAction.class.php 第 44 行.

[ 2017-12-13T22:43:31+08:00 ] 0.0.0.0 /index.php?m=Keywords&a=Index
INFO: [ app_begin ] --START--
INFO: ReadHtmlCache Behavior ::run [ RunTime:0.003117s ]
INFO: [ app_begin ] --END-- [ RunTime:0.003417s ]
NOTIC: [2] preg_match_all(): Compilation failed: range out of order in character class at offset 9 C:\zclever\website\tbk\Lib\Action\KeywordsAction.class.php 第 44 行.

[ 2017-12-13T22:44:00+08:00 ] 0.0.0.0 /index.php?m=Keywords&a=Index
INFO: [ app_begin ] --START--
INFO: ReadHtmlCache Behavior ::run [ RunTime:0.008650s ]
INFO: [ app_begin ] --END-- [ RunTime:0.009642s ]
NOTIC: [2] preg_match_all(): Compilation failed: range out of order in character class at offset 9 C:\zclever\website\tbk\Lib\Action\KeywordsAction.class.php 第 44 行.

[ 2017-12-13T22:44:22+08:00 ] 0.0.0.0 /index.php?m=Keywords&a=Index
INFO: [ app_begin ] --START--
INFO: ReadHtmlCache Behavior ::run [ RunTime:0.002527s ]
INFO: [ app_begin ] --END-- [ RunTime:0.002866s ]
NOTIC: [2] preg_match_all(): Compilation failed: range out of order in character class at offset 9 C:\zclever\website\tbk\Lib\Action\KeywordsAction.class.php 第 44 行.

[ 2017-12-13T22:45:37+08:00 ] 0.0.0.0 /index.php?m=Keywords&a=Index
INFO: [ app_begin ] --START--
INFO: ReadHtmlCache Behavior ::run [ RunTime:0.009536s ]
INFO: [ app_begin ] --END-- [ RunTime:0.010077s ]
NOTIC: [2] preg_match_all(): Compilation failed: range out of order in character class at offset 9 C:\zclever\website\tbk\Lib\Action\KeywordsAction.class.php 第 45 行.

[ 2017-12-13T22:47:15+08:00 ] 0.0.0.0 /index.php?m=Keywords&a=Index
INFO: [ app_begin ] --START--
INFO: ReadHtmlCache Behavior ::run [ RunTime:0.016897s ]
INFO: [ app_begin ] --END-- [ RunTime:0.017459s ]
NOTIC: [2] preg_match_all(): Compilation failed: range out of order in character class at offset 9 C:\zclever\website\tbk\Lib\Action\KeywordsAction.class.php 第 45 行.

[ 2017-12-13T22:48:36+08:00 ] 0.0.0.0 /index.php?m=Keywords&a=Index
INFO: [ app_begin ] --START--
INFO: ReadHtmlCache Behavior ::run [ RunTime:0.005628s ]
INFO: [ app_begin ] --END-- [ RunTime:0.006016s ]

[ 2017-12-13T22:51:07+08:00 ] 0.0.0.0 /index.php?m=Keywords&a=Index
INFO: [ app_begin ] --START--
INFO: ReadHtmlCache Behavior ::run [ RunTime:0.006244s ]
INFO: [ app_begin ] --END-- [ RunTime:0.007474s ]

[ 2017-12-13T22:51:20+08:00 ] 0.0.0.0 /index.php?m=Keywords&a=Index
INFO: [ app_begin ] --START--
INFO: ReadHtmlCache Behavior ::run [ RunTime:0.005453s ]
INFO: [ app_begin ] --END-- [ RunTime:0.005799s ]

[ 2017-12-13T22:51:44+08:00 ] 0.0.0.0 /index.php?m=Keywords&a=Index
INFO: [ app_begin ] --START--
INFO: ReadHtmlCache Behavior ::run [ RunTime:0.002504s ]
INFO: [ app_begin ] --END-- [ RunTime:0.002842s ]

[ 2017-12-13T22:52:02+08:00 ] 0.0.0.0 /index.php?m=Keywords&a=Index
INFO: [ app_begin ] --START--
INFO: ReadHtmlCache Behavior ::run [ RunTime:0.010802s ]
INFO: [ app_begin ] --END-- [ RunTime:0.011170s ]
NOTIC: [2] preg_match_all(): Compilation failed: range out of order in character class at offset 9 C:\zclever\website\tbk\Lib\Action\KeywordsAction.class.php 第 44 行.

[ 2017-12-13T22:52:13+08:00 ] 0.0.0.0 /index.php?m=Keywords&a=Index
INFO: [ app_begin ] --START--
INFO: ReadHtmlCache Behavior ::run [ RunTime:0.002559s ]
INFO: [ app_begin ] --END-- [ RunTime:0.003487s ]

[ 2017-12-13T22:53:30+08:00 ] 0.0.0.0 /index.php?m=Keywords&a=Index
INFO: [ app_begin ] --START--
INFO: ReadHtmlCache Behavior ::run [ RunTime:0.009384s ]
INFO: [ app_begin ] --END-- [ RunTime:0.010202s ]

[ 2017-12-13T22:55:03+08:00 ] 0.0.0.0 /index.php?m=Keywords&a=Index
INFO: [ app_begin ] --START--
INFO: ReadHtmlCache Behavior ::run [ RunTime:0.002614s ]
INFO: [ app_begin ] --END-- [ RunTime:0.002948s ]
NOTIC: [2] preg_match_all(): Unknown modifier 'a' C:\zclever\website\tbk\Lib\Action\KeywordsAction.class.php 第 44 行.

[ 2017-12-13T22:55:09+08:00 ] 0.0.0.0 /index.php?m=Keywords&a=Index
INFO: [ app_begin ] --START--
INFO: ReadHtmlCache Behavior ::run [ RunTime:0.003999s ]
INFO: [ app_begin ] --END-- [ RunTime:0.004389s ]
NOTIC: [2] preg_match_all(): Compilation failed: nothing to repeat at offset 4 C:\zclever\website\tbk\Lib\Action\KeywordsAction.class.php 第 44 行.

[ 2017-12-13T22:55:13+08:00 ] 0.0.0.0 /index.php?m=Keywords&a=Index
INFO: [ app_begin ] --START--
INFO: ReadHtmlCache Behavior ::run [ RunTime:0.003791s ]
INFO: [ app_begin ] --END-- [ RunTime:0.004390s ]

[ 2017-12-13T22:56:44+08:00 ] 0.0.0.0 /index.php?m=Keywords&a=Index
INFO: [ app_begin ] --START--
INFO: ReadHtmlCache Behavior ::run [ RunTime:0.008334s ]
INFO: [ app_begin ] --END-- [ RunTime:0.008819s ]

[ 2017-12-13T22:56:45+08:00 ] 0.0.0.0 /index.php?m=Keywords&a=Index
INFO: [ app_begin ] --START--
INFO: ReadHtmlCache Behavior ::run [ RunTime:0.002576s ]
INFO: [ app_begin ] --END-- [ RunTime:0.002913s ]

[ 2017-12-13T22:58:45+08:00 ] 0.0.0.0 /index.php?m=Keywords&a=Index
INFO: [ app_begin ] --START--
INFO: ReadHtmlCache Behavior ::run [ RunTime:0.003805s ]
INFO: [ app_begin ] --END-- [ RunTime:0.004083s ]
NOTIC: [2] preg_match_all(): Unknown modifier 'a' C:\zclever\website\tbk\Lib\Action\KeywordsAction.class.php 第 44 行.

[ 2017-12-13T22:58:48+08:00 ] 0.0.0.0 /index.php?m=Keywords&a=Index
INFO: [ app_begin ] --START--
INFO: ReadHtmlCache Behavior ::run [ RunTime:0.002502s ]
INFO: [ app_begin ] --END-- [ RunTime:0.002818s ]

[ 2017-12-13T22:59:52+08:00 ] 0.0.0.0 /index.php?m=Keywords&a=Index
INFO: [ app_begin ] --START--
INFO: ReadHtmlCache Behavior ::run [ RunTime:0.002722s ]
INFO: [ app_begin ] --END-- [ RunTime:0.003111s ]

[ 2017-12-13T23:00:09+08:00 ] 0.0.0.0 /index.php?m=Keywords&a=Index
INFO: [ app_begin ] --START--
INFO: ReadHtmlCache Behavior ::run [ RunTime:0.002644s ]
INFO: [ app_begin ] --END-- [ RunTime:0.002968s ]

[ 2017-12-13T23:00:32+08:00 ] 0.0.0.0 /index.php?m=Keywords&a=Index
INFO: [ app_begin ] --START--
INFO: ReadHtmlCache Behavior ::run [ RunTime:0.002509s ]
INFO: [ app_begin ] --END-- [ RunTime:0.002837s ]

[ 2017-12-13T23:00:35+08:00 ] 0.0.0.0 /index.php?m=Keywords&a=Index
INFO: [ app_begin ] --START--
INFO: ReadHtmlCache Behavior ::run [ RunTime:0.007881s ]
INFO: [ app_begin ] --END-- [ RunTime:0.008228s ]

[ 2017-12-13T23:02:51+08:00 ] 0.0.0.0 /index.php?m=Keywords&a=Index
INFO: [ app_begin ] --START--
INFO: ReadHtmlCache Behavior ::run [ RunTime:0.003698s ]
INFO: [ app_begin ] --END-- [ RunTime:0.004009s ]

[ 2017-12-13T23:03:05+08:00 ] 0.0.0.0 /index.php?m=Keywords&a=Index
INFO: [ app_begin ] --START--
INFO: ReadHtmlCache Behavior ::run [ RunTime:0.005518s ]
INFO: [ app_begin ] --END-- [ RunTime:0.005898s ]

[ 2017-12-13T23:03:13+08:00 ] 0.0.0.0 /index.php?m=Keywords&a=Index
INFO: [ app_begin ] --START--
INFO: ReadHtmlCache Behavior ::run [ RunTime:0.004510s ]
INFO: [ app_begin ] --END-- [ RunTime:0.008338s ]

[ 2017-12-13T23:03:17+08:00 ] 0.0.0.0 /index.php?m=Keywords&a=Index
INFO: [ app_begin ] --START--
INFO: ReadHtmlCache Behavior ::run [ RunTime:0.002473s ]
INFO: [ app_begin ] --END-- [ RunTime:0.002816s ]

[ 2017-12-13T23:03:36+08:00 ] 0.0.0.0 /index.php?m=Keywords&a=Index
INFO: [ app_begin ] --START--
INFO: ReadHtmlCache Behavior ::run [ RunTime:0.002320s ]
INFO: [ app_begin ] --END-- [ RunTime:0.002635s ]

[ 2017-12-13T23:03:50+08:00 ] 0.0.0.0 /index.php?m=Keywords&a=Index
INFO: [ app_begin ] --START--
INFO: ReadHtmlCache Behavior ::run [ RunTime:0.002421s ]
INFO: [ app_begin ] --END-- [ RunTime:0.002736s ]

[ 2017-12-13T23:04:01+08:00 ] 0.0.0.0 /index.php?m=Keywords&a=Index
INFO: [ app_begin ] --START--
INFO: ReadHtmlCache Behavior ::run [ RunTime:0.003339s ]
INFO: [ app_begin ] --END-- [ RunTime:0.003691s ]

[ 2017-12-13T23:04:10+08:00 ] 0.0.0.0 /index.php?m=Keywords&a=Index
INFO: [ app_begin ] --START--
INFO: ReadHtmlCache Behavior ::run [ RunTime:0.006259s ]
INFO: [ app_begin ] --END-- [ RunTime:0.006595s ]

[ 2017-12-13T23:04:17+08:00 ] 0.0.0.0 /index.php?m=Keywords&a=Index
INFO: [ app_begin ] --START--
INFO: ReadHtmlCache Behavior ::run [ RunTime:0.003881s ]
INFO: [ app_begin ] --END-- [ RunTime:0.004221s ]

[ 2017-12-13T23:04:36+08:00 ] 0.0.0.0 /index.php?m=Keywords&a=Index
INFO: [ app_begin ] --START--
INFO: ReadHtmlCache Behavior ::run [ RunTime:0.003043s ]
INFO: [ app_begin ] --END-- [ RunTime:0.003542s ]

[ 2017-12-13T23:04:54+08:00 ] 0.0.0.0 /index.php?m=Keywords&a=Index
INFO: [ app_begin ] --START--
INFO: ReadHtmlCache Behavior ::run [ RunTime:0.004963s ]
INFO: [ app_begin ] --END-- [ RunTime:0.005605s ]

[ 2017-12-13T23:05:23+08:00 ] 0.0.0.0 /index.php?m=Keywords&a=collect&keyword=%E7%BE%8E%E7%99%BD
INFO: [ app_begin ] --START--
INFO: ReadHtmlCache Behavior ::run [ RunTime:0.002899s ]
INFO: [ app_begin ] --END-- [ RunTime:0.003289s ]

[ 2017-12-13T23:05:50+08:00 ] 0.0.0.0 /index.php?m=Keywords&a=collect&keyword=%E7%BE%8E%E7%99%BD
INFO: [ app_begin ] --START--
INFO: ReadHtmlCache Behavior ::run [ RunTime:0.005561s ]
INFO: [ app_begin ] --END-- [ RunTime:0.006122s ]

[ 2017-12-13T23:05:59+08:00 ] 0.0.0.0 /index.php?m=Keywords&a=collect&keyword=%E5%AD%A6%E4%B9%A0
INFO: [ app_begin ] --START--
INFO: ReadHtmlCache Behavior ::run [ RunTime:0.002277s ]
INFO: [ app_begin ] --END-- [ RunTime:0.002568s ]

[ 2017-12-13T23:06:06+08:00 ] 0.0.0.0 /index.php?m=Keywords&a=collect&keyword=%E8%B7%91%E6%AD%A5%E6%9C%BA
INFO: [ app_begin ] --START--
INFO: ReadHtmlCache Behavior ::run [ RunTime:0.006207s ]
INFO: [ app_begin ] --END-- [ RunTime:0.006559s ]

[ 2017-12-13T23:07:42+08:00 ] 0.0.0.0 /index.php?m=Keywords&a=collect&keyword=%E8%B7%91%E6%AD%A5%E6%9C%BA
INFO: [ app_begin ] --START--
INFO: ReadHtmlCache Behavior ::run [ RunTime:0.035025s ]
INFO: [ app_begin ] --END-- [ RunTime:0.035702s ]

[ 2017-12-13T23:07:53+08:00 ] 0.0.0.0 /index.php?m=Keywords&a=collect&keyword=%E8%B7%91%E6%AD%A5%E6%9C%BA
INFO: [ app_begin ] --START--
INFO: ReadHtmlCache Behavior ::run [ RunTime:0.011518s ]
INFO: [ app_begin ] --END-- [ RunTime:0.011884s ]

[ 2017-12-13T23:09:46+08:00 ] 0.0.0.0 /index.php?m=Keywords&a=collect&keyword=%E8%B7%91%E6%AD%A5%E6%9C%BA
INFO: [ app_begin ] --START--
INFO: ReadHtmlCache Behavior ::run [ RunTime:0.002481s ]
INFO: [ app_begin ] --END-- [ RunTime:0.002799s ]

[ 2017-12-13T23:09:56+08:00 ] 0.0.0.0 /index.php?m=Keywords&a=collect&keyword=%E8%B7%91%E6%AD%A5%E6%9C%BA
INFO: [ app_begin ] --START--
INFO: ReadHtmlCache Behavior ::run [ RunTime:0.004164s ]
INFO: [ app_begin ] --END-- [ RunTime:0.004527s ]

[ 2017-12-13T23:10:05+08:00 ] 0.0.0.0 /index.php?m=Keywords&a=collect&keyword=%E8%B7%91%E6%AD%A5%E6%9C%BA
INFO: [ app_begin ] --START--
INFO: ReadHtmlCache Behavior ::run [ RunTime:0.002588s ]
INFO: [ app_begin ] --END-- [ RunTime:0.002932s ]

[ 2017-12-13T23:12:12+08:00 ] 0.0.0.0 /index.php?m=Keywords&a=collect&keyword=%E8%B7%91%E6%AD%A5%E6%9C%BA
INFO: [ app_begin ] --START--
INFO: ReadHtmlCache Behavior ::run [ RunTime:0.006352s ]
INFO: [ app_begin ] --END-- [ RunTime:0.006801s ]
NOTIC: [8] Undefined variable: json C:\zclever\website\tbk\Lib\Action\BaseAction.class.php 第 12 行.

[ 2017-12-13T23:12:26+08:00 ] 0.0.0.0 /index.php?m=Keywords&a=collect&keyword=%E8%B7%91%E6%AD%A5%E6%9C%BA
INFO: [ app_begin ] --START--
INFO: ReadHtmlCache Behavior ::run [ RunTime:0.004052s ]
INFO: [ app_begin ] --END-- [ RunTime:0.004385s ]

[ 2017-12-13T23:12:37+08:00 ] 0.0.0.0 /index.php?m=Keywords&a=collect&keyword=%E8%B7%91%E6%AD%A5%E6%9C%BA
INFO: [ app_begin ] --START--
INFO: ReadHtmlCache Behavior ::run [ RunTime:0.005403s ]
INFO: [ app_begin ] --END-- [ RunTime:0.007894s ]

[ 2017-12-13T23:14:32+08:00 ] 0.0.0.0 /index.php?m=Keywords&a=collect&keyword=%E8%B7%91%E6%AD%A5%E6%9C%BA
INFO: [ app_begin ] --START--
INFO: ReadHtmlCache Behavior ::run [ RunTime:0.004338s ]
INFO: [ app_begin ] --END-- [ RunTime:0.004686s ]

[ 2017-12-13T23:14:44+08:00 ] 0.0.0.0 /index.php?m=Keywords&a=collect&keyword=%E8%B7%91%E6%AD%A5%E6%9C%BA
INFO: [ app_begin ] --START--
INFO: ReadHtmlCache Behavior ::run [ RunTime:0.002714s ]
INFO: [ app_begin ] --END-- [ RunTime:0.003071s ]

[ 2017-12-13T23:15:16+08:00 ] 0.0.0.0 /index.php?m=Keywords&a=collect&keyword=%E8%B7%91%E6%AD%A5%E6%9C%BA
INFO: [ app_begin ] --START--
INFO: ReadHtmlCache Behavior ::run [ RunTime:0.004389s ]
INFO: [ app_begin ] --END-- [ RunTime:0.004888s ]

[ 2017-12-13T23:15:22+08:00 ] 0.0.0.0 /index.php?m=Keywords&a=collect&keyword=%E8%B7%91%E6%AD%A5%E6%9C%BA
INFO: [ app_begin ] --START--
INFO: ReadHtmlCache Behavior ::run [ RunTime:0.002523s ]
INFO: [ app_begin ] --END-- [ RunTime:0.002847s ]

[ 2017-12-13T23:16:19+08:00 ] 0.0.0.0 /index.php?m=Keywords&a=collect&keyword=%E8%B7%91%E6%AD%A5%E6%9C%BA
INFO: [ app_begin ] --START--
INFO: ReadHtmlCache Behavior ::run [ RunTime:0.002721s ]
INFO: [ app_begin ] --END-- [ RunTime:0.003407s ]

[ 2017-12-13T23:16:57+08:00 ] 0.0.0.0 /index.php?m=Keywords&a=collect&keyword=%E8%B7%91%E6%AD%A5%E6%9C%BA
INFO: [ app_begin ] --START--
INFO: ReadHtmlCache Behavior ::run [ RunTime:0.003755s ]
INFO: [ app_begin ] --END-- [ RunTime:0.004996s ]

[ 2017-12-13T23:17:16+08:00 ] 0.0.0.0 /index.php?m=Keywords&a=collect&keyword=%E8%B7%91%E6%AD%A5%E6%9C%BA
INFO: [ app_begin ] --START--
INFO: ReadHtmlCache Behavior ::run [ RunTime:0.002633s ]
INFO: [ app_begin ] --END-- [ RunTime:0.002925s ]

[ 2017-12-13T23:23:29+08:00 ] 0.0.0.0 /index.php?m=Keywords&a=test
INFO: [ app_begin ] --START--
INFO: ReadHtmlCache Behavior ::run [ RunTime:0.003989s ]
INFO: [ app_begin ] --END-- [ RunTime:0.005606s ]

[ 2017-12-13T23:23:43+08:00 ] 0.0.0.0 /index.php?m=Keywords&a=test
INFO: [ app_begin ] --START--
INFO: ReadHtmlCache Behavior ::run [ RunTime:0.003923s ]
INFO: [ app_begin ] --END-- [ RunTime:0.004262s ]

[ 2017-12-13T23:23:45+08:00 ] 0.0.0.0 /index.php?m=Keywords&a=test
INFO: [ app_begin ] --START--
INFO: ReadHtmlCache Behavior ::run [ RunTime:0.003030s ]
INFO: [ app_begin ] --END-- [ RunTime:0.003389s ]

[ 2017-12-13T23:23:57+08:00 ] 0.0.0.0 /index.php?m=Keywords&a=test
INFO: [ app_begin ] --START--
INFO: ReadHtmlCache Behavior ::run [ RunTime:0.002484s ]
INFO: [ app_begin ] --END-- [ RunTime:0.002818s ]

[ 2017-12-13T23:24:17+08:00 ] 0.0.0.0 /index.php?m=Keywords&a=test
INFO: [ app_begin ] --START--
INFO: ReadHtmlCache Behavior ::run [ RunTime:0.002685s ]
INFO: [ app_begin ] --END-- [ RunTime:0.003019s ]

[ 2017-12-13T23:24:31+08:00 ] 0.0.0.0 /index.php?m=Keywords&a=test
INFO: [ app_begin ] --START--
INFO: ReadHtmlCache Behavior ::run [ RunTime:0.004705s ]
INFO: [ app_begin ] --END-- [ RunTime:0.005149s ]

[ 2017-12-13T23:24:37+08:00 ] 0.0.0.0 /index.php?m=Keywords&a=test
INFO: [ app_begin ] --START--
INFO: ReadHtmlCache Behavior ::run [ RunTime:0.002447s ]
INFO: [ app_begin ] --END-- [ RunTime:0.002788s ]

[ 2017-12-13T23:26:25+08:00 ] 0.0.0.0 /index.php?m=Keywords&a=collect&keyword=%E5%AD%A6%E4%B9%A0%E6%9C%BA
INFO: [ app_begin ] --START--
INFO: ReadHtmlCache Behavior ::run [ RunTime:0.004816s ]
INFO: [ app_begin ] --END-- [ RunTime:0.005143s ]

[ 2017-12-13T23:27:10+08:00 ] 0.0.0.0 /index.php?m=Keywords&a=collect&keyword=%E5%AD%A6%E4%B9%A0%E6%9C%BA
INFO: [ app_begin ] --START--
INFO: ReadHtmlCache Behavior ::run [ RunTime:0.009933s ]
INFO: [ app_begin ] --END-- [ RunTime:0.010303s ]

[ 2017-12-13T23:29:46+08:00 ] 0.0.0.0 /index.php?m=Keywords&a=collect&keyword=%E5%AD%A6%E4%B9%A0%E6%9C%BA
INFO: [ app_begin ] --START--
INFO: ReadHtmlCache Behavior ::run [ RunTime:0.004353s ]
INFO: [ app_begin ] --END-- [ RunTime:0.004728s ]

[ 2017-12-13T23:30:08+08:00 ] 0.0.0.0 /index.php?m=Keywords&a=collect&keyword=%E5%AD%A6%E4%B9%A0%E6%9C%BA
INFO: [ app_begin ] --START--
INFO: ReadHtmlCache Behavior ::run [ RunTime:0.011908s ]
INFO: [ app_begin ] --END-- [ RunTime:0.012265s ]
NOTIC: [8] Undefined index: data C:\zclever\website\tbk\Lib\Action\BaseAction.class.php 第 10 行.

[ 2017-12-13T23:30:14+08:00 ] 0.0.0.0 /index.php?m=Keywords&a=collect&keyword=%E5%AD%A6%E4%B9%A0%E6%9C%BA
INFO: [ app_begin ] --START--
INFO: ReadHtmlCache Behavior ::run [ RunTime:0.004295s ]
INFO: [ app_begin ] --END-- [ RunTime:0.004647s ]

[ 2017-12-13T23:31:11+08:00 ] 0.0.0.0 /index.php?m=Keywords&a=collect&keyword=%E5%AD%A6%E4%B9%A0%E6%9C%BA
INFO: [ app_begin ] --START--
INFO: ReadHtmlCache Behavior ::run [ RunTime:0.003379s ]
INFO: [ app_begin ] --END-- [ RunTime:0.003891s ]

[ 2017-12-13T23:32:25+08:00 ] 0.0.0.0 /index.php?m=Keywords&a=collect&keyword=%E5%AD%A6%E4%B9%A0%E6%9C%BA
INFO: [ app_begin ] --START--
INFO: ReadHtmlCache Behavior ::run [ RunTime:0.006417s ]
INFO: [ app_begin ] --END-- [ RunTime:0.007005s ]
NOTIC: [2] Attempt to assign property of non-object C:\zclever\website\tbk\Lib\Action\BaseAction.class.php 第 8 行.

[ 2017-12-13T23:32:52+08:00 ] 0.0.0.0 /index.php?m=Keywords&a=collect&keyword=%E5%AD%A6%E4%B9%A0%E6%9C%BA
INFO: [ app_begin ] --START--
INFO: ReadHtmlCache Behavior ::run [ RunTime:0.004567s ]
INFO: [ app_begin ] --END-- [ RunTime:0.004930s ]
NOTIC: [2] Attempt to assign property of non-object C:\zclever\website\tbk\Lib\Action\BaseAction.class.php 第 8 行.
NOTIC: [2] Attempt to assign property of non-object C:\zclever\website\tbk\Lib\Action\BaseAction.class.php 第 9 行.
NOTIC: [8] Trying to get property of non-object C:\zclever\website\tbk\Lib\Action\BaseAction.class.php 第 10 行.

[ 2017-12-13T23:32:57+08:00 ] 0.0.0.0 /index.php?m=Keywords&a=collect&keyword=%E5%AD%A6%E4%B9%A0%E6%9C%BA
INFO: [ app_begin ] --START--
INFO: ReadHtmlCache Behavior ::run [ RunTime:0.002527s ]
INFO: [ app_begin ] --END-- [ RunTime:0.002890s ]
NOTIC: [2] Attempt to assign property of non-object C:\zclever\website\tbk\Lib\Action\BaseAction.class.php 第 8 行.
NOTIC: [2] Attempt to assign property of non-object C:\zclever\website\tbk\Lib\Action\BaseAction.class.php 第 9 行.
NOTIC: [2] Attempt to assign property of non-object C:\zclever\website\tbk\Lib\Action\BaseAction.class.php 第 10 行.

[ 2017-12-13T23:33:01+08:00 ] 0.0.0.0 /index.php?m=Keywords&a=collect&keyword=%E5%AD%A6%E4%B9%A0%E6%9C%BA
INFO: [ app_begin ] --START--
INFO: ReadHtmlCache Behavior ::run [ RunTime:0.002436s ]
INFO: [ app_begin ] --END-- [ RunTime:0.002784s ]
NOTIC: [2] Attempt to assign property of non-object C:\zclever\website\tbk\Lib\Action\BaseAction.class.php 第 8 行.
NOTIC: [2] Attempt to assign property of non-object C:\zclever\website\tbk\Lib\Action\BaseAction.class.php 第 9 行.
NOTIC: [2] Attempt to assign property of non-object C:\zclever\website\tbk\Lib\Action\BaseAction.class.php 第 10 行.

[ 2017-12-13T23:33:04+08:00 ] 0.0.0.0 /index.php?m=Keywords&a=collect&keyword=%E5%AD%A6%E4%B9%A0%E6%9C%BA
INFO: [ app_begin ] --START--
INFO: ReadHtmlCache Behavior ::run [ RunTime:0.003227s ]
INFO: [ app_begin ] --END-- [ RunTime:0.004247s ]
NOTIC: [2] Attempt to assign property of non-object C:\zclever\website\tbk\Lib\Action\BaseAction.class.php 第 8 行.
NOTIC: [2] Attempt to assign property of non-object C:\zclever\website\tbk\Lib\Action\BaseAction.class.php 第 9 行.
NOTIC: [2] Attempt to assign property of non-object C:\zclever\website\tbk\Lib\Action\BaseAction.class.php 第 10 行.

[ 2017-12-13T23:33:10+08:00 ] 0.0.0.0 /index.php?m=Keywords&a=collect&keyword=%E5%AD%A6%E4%B9%A0%E6%9C%BA
INFO: [ app_begin ] --START--
INFO: ReadHtmlCache Behavior ::run [ RunTime:0.002454s ]
INFO: [ app_begin ] --END-- [ RunTime:0.002787s ]
NOTIC: [2] Attempt to assign property of non-object C:\zclever\website\tbk\Lib\Action\BaseAction.class.php 第 8 行.
NOTIC: [2] Attempt to assign property of non-object C:\zclever\website\tbk\Lib\Action\BaseAction.class.php 第 9 行.
NOTIC: [2] Attempt to assign property of non-object C:\zclever\website\tbk\Lib\Action\BaseAction.class.php 第 10 行.

[ 2017-12-13T23:34:02+08:00 ] 0.0.0.0 /index.php?m=Keywords&a=collect&keyword=%E5%AD%A6%E4%B9%A0%E6%9C%BA
INFO: [ app_begin ] --START--
INFO: ReadHtmlCache Behavior ::run [ RunTime:0.003186s ]
INFO: [ app_begin ] --END-- [ RunTime:0.003557s ]

[ 2017-12-13T23:34:24+08:00 ] 0.0.0.0 /index.php?m=Keywords&a=collect&keyword=%E6%BC%82%E4%BA%AE
INFO: [ app_begin ] --START--
INFO: ReadHtmlCache Behavior ::run [ RunTime:0.002990s ]
INFO: [ app_begin ] --END-- [ RunTime:0.003449s ]

[ 2017-12-13T23:39:34+08:00 ] 0.0.0.0 /index.php?m=Keywords&a=collect&keyword=%E7%BE%8E%E7%99%BD
INFO: [ app_begin ] --START--
INFO: ReadHtmlCache Behavior ::run [ RunTime:0.006503s ]
INFO: [ app_begin ] --END-- [ RunTime:0.009764s ]

[ 2017-12-13T23:41:31+08:00 ] 0.0.0.0 /index.php?m=Keywords&a=collect&keyword=%E6%BC%82%E4%BA%AE
INFO: [ app_begin ] --START--
INFO: ReadHtmlCache Behavior ::run [ RunTime:0.002226s ]
INFO: [ app_begin ] --END-- [ RunTime:0.002505s ]

[ 2017-12-13T23:41:43+08:00 ] 0.0.0.0 /index.php?m=Keywords&a=collect&keyword=%E8%B7%91%E6%AD%A5%E6%9C%BA
INFO: [ app_begin ] --START--
INFO: ReadHtmlCache Behavior ::run [ RunTime:0.004076s ]
INFO: [ app_begin ] --END-- [ RunTime:0.004390s ]

[ 2017-12-13T23:45:06+08:00 ] 0.0.0.0 /index.php?m=Keywords&a=collect&keyword=%E8%B7%91%E6%AD%A5%E6%9C%BA
INFO: [ app_begin ] --START--
INFO: ReadHtmlCache Behavior ::run [ RunTime:0.004451s ]
INFO: [ app_begin ] --END-- [ RunTime:0.004854s ]

[ 2017-12-13T23:45:09+08:00 ] 0.0.0.0 /index.php?m=Keywords&a=collect&keyword=%E8%B7%91%E6%AD%A5%E6%9C%BA
INFO: [ app_begin ] --START--
INFO: ReadHtmlCache Behavior ::run [ RunTime:0.003152s ]
INFO: [ app_begin ] --END-- [ RunTime:0.003848s ]

