[ 2017-12-20T10:47:53+08:00 ] 127.0.0.1 /
INFO: [ app_begin ] --START--
INFO: ReadHtmlCache Behavior ::run [ RunTime:0.000633s ]
INFO: [ app_begin ] --END-- [ RunTime:0.000707s ]
INFO: [ view_parse ] --START--
INFO: ParseTemplate Behavior ::run [ RunTime:0.000843s ]
INFO: [ view_parse ] --END-- [ RunTime:0.000892s ]
INFO: [ view_filter ] --START--
NOTIC: [8] Use of undefined constant APP_TMPL_PATH - assumed 'APP_TMPL_PATH' F:\phpsites\tbk\ThinkPHP\Lib\Behavior\ContentReplaceBehavior.class.php 第 40 行.
NOTIC: [8] Use of undefined constant APP_TMPL_PATH - assumed 'APP_TMPL_PATH' F:\phpsites\tbk\ThinkPHP\Lib\Behavior\ContentReplaceBehavior.class.php 第 47 行.
INFO: ContentReplace Behavior ::run [ RunTime:0.000469s ]
INFO: TokenBuild Behavior ::run [ RunTime:0.000422s ]
INFO: WriteHtmlCache Behavior ::run [ RunTime:0.000342s ]
INFO: ShowRuntime Behavior ::run [ RunTime:0.000528s ]
INFO: [ view_filter ] --END-- [ RunTime:0.001876s ]
INFO: [ view_end ] --START--
INFO: ShowPageTrace Behavior ::run [ RunTime:0.000898s ]
INFO: [ view_end ] --END-- [ RunTime:0.000981s ]

[ 2017-12-20T10:47:55+08:00 ] 127.0.0.1 /index.php?m=Keywords&a=Index
INFO: [ app_begin ] --START--
INFO: ReadHtmlCache Behavior ::run [ RunTime:0.000746s ]
INFO: [ app_begin ] --END-- [ RunTime:0.000852s ]
INFO: [ view_parse ] --START--
INFO: ParseTemplate Behavior ::run [ RunTime:0.055324s ]
INFO: [ view_parse ] --END-- [ RunTime:0.055405s ]
INFO: [ view_filter ] --START--
INFO: ContentReplace Behavior ::run [ RunTime:0.000427s ]
INFO: TokenBuild Behavior ::run [ RunTime:0.000336s ]
INFO: WriteHtmlCache Behavior ::run [ RunTime:0.000250s ]
INFO: ShowRuntime Behavior ::run [ RunTime:0.000390s ]
INFO: [ view_filter ] --END-- [ RunTime:0.001527s ]
INFO: [ view_end ] --START--
INFO: ShowPageTrace Behavior ::run [ RunTime:0.000533s ]
INFO: [ view_end ] --END-- [ RunTime:0.000586s ]

[ 2017-12-20T10:48:00+08:00 ] 127.0.0.1 /index.php?m=Keywords&a=collect&keyword=%E7%BE%8E%E7%99%BD
INFO: [ app_begin ] --START--
INFO: ReadHtmlCache Behavior ::run [ RunTime:0.000442s ]
INFO: [ app_begin ] --END-- [ RunTime:0.000505s ]

[ 2017-12-20T10:48:02+08:00 ] 127.0.0.1 /index.php?m=Keywords&a=collect&keyword=%E6%80%8E%E6%A0%B7%E5%85%A8%E8%BA%AB%E6%B0%B8%E4%B9%85%E7%BE%8E%E7%99%BD%E5%81%8F%E6%96%B9
INFO: [ app_begin ] --START--
INFO: ReadHtmlCache Behavior ::run [ RunTime:0.000757s ]
INFO: [ app_begin ] --END-- [ RunTime:0.000833s ]

[ 2017-12-20T10:48:04+08:00 ] 127.0.0.1 /index.php?m=Keywords&a=collect&keyword=%E5%A4%A9%E7%94%9F%E9%BB%91%E5%BF%AB%E9%80%9F%E7%BE%8E%E7%99%BD%E7%9A%84%E6%96%B9%E6%B3%95
INFO: [ app_begin ] --START--
INFO: ReadHtmlCache Behavior ::run [ RunTime:0.000542s ]
INFO: [ app_begin ] --END-- [ RunTime:0.000606s ]

[ 2017-12-20T10:48:06+08:00 ] 127.0.0.1 /index.php?m=Keywords&a=collect&keyword=%E7%AE%80%E5%8D%95%E6%9C%89%E6%95%88%E7%BE%8E%E7%99%BD%E6%96%B9%E6%B3%95
INFO: [ app_begin ] --START--
INFO: ReadHtmlCache Behavior ::run [ RunTime:0.000413s ]
INFO: [ app_begin ] --END-- [ RunTime:0.000466s ]

[ 2017-12-20T10:48:08+08:00 ] 127.0.0.1 /index.php?m=Keywords&a=collect&keyword=%E5%85%A8%E8%BA%AB%E7%BE%8E%E7%99%BD%E7%9A%84%E6%96%B9%E6%B3%95%E5%B0%8F%E7%AA%8D%E9%97%A8
INFO: [ app_begin ] --START--
INFO: ReadHtmlCache Behavior ::run [ RunTime:0.000415s ]
INFO: [ app_begin ] --END-- [ RunTime:0.000468s ]

[ 2017-12-20T10:48:08+08:00 ] 127.0.0.1 /index.php?m=Keywords&a=Index
INFO: [ app_begin ] --START--
INFO: ReadHtmlCache Behavior ::run [ RunTime:0.000565s ]
INFO: [ app_begin ] --END-- [ RunTime:0.000625s ]
INFO: [ view_parse ] --START--
INFO: ParseTemplate Behavior ::run [ RunTime:0.011238s ]
INFO: [ view_parse ] --END-- [ RunTime:0.011340s ]
INFO: [ view_filter ] --START--
INFO: ContentReplace Behavior ::run [ RunTime:0.001627s ]
INFO: TokenBuild Behavior ::run [ RunTime:0.000738s ]
INFO: WriteHtmlCache Behavior ::run [ RunTime:0.000357s ]
INFO: ShowRuntime Behavior ::run [ RunTime:0.000524s ]
INFO: [ view_filter ] --END-- [ RunTime:0.003543s ]
INFO: [ view_end ] --START--
INFO: ShowPageTrace Behavior ::run [ RunTime:0.001362s ]
INFO: [ view_end ] --END-- [ RunTime:0.001876s ]

[ 2017-12-20T10:48:58+08:00 ] 127.0.0.1 /index.php?m=Keywords&a=Index
INFO: [ app_begin ] --START--
INFO: ReadHtmlCache Behavior ::run [ RunTime:0.000715s ]
INFO: [ app_begin ] --END-- [ RunTime:0.000798s ]
INFO: [ view_parse ] --START--
INFO: ParseTemplate Behavior ::run [ RunTime:0.005903s ]
INFO: [ view_parse ] --END-- [ RunTime:0.005984s ]
INFO: [ view_filter ] --START--
INFO: ContentReplace Behavior ::run [ RunTime:0.000665s ]
INFO: TokenBuild Behavior ::run [ RunTime:0.000633s ]
INFO: WriteHtmlCache Behavior ::run [ RunTime:0.000445s ]
INFO: ShowRuntime Behavior ::run [ RunTime:0.000647s ]
INFO: [ view_filter ] --END-- [ RunTime:0.002586s ]
INFO: [ view_end ] --START--
INFO: ShowPageTrace Behavior ::run [ RunTime:0.000759s ]
INFO: [ view_end ] --END-- [ RunTime:0.000819s ]

[ 2017-12-20T10:49:02+08:00 ] 127.0.0.1 /index.php?m=Keywords&a=collect&keyword=%E7%BE%8E%E7%99%BD
INFO: [ app_begin ] --START--
INFO: ReadHtmlCache Behavior ::run [ RunTime:0.000772s ]
INFO: [ app_begin ] --END-- [ RunTime:0.000868s ]

[ 2017-12-20T10:49:04+08:00 ] 127.0.0.1 /index.php?m=Keywords&a=collect&keyword=%E6%80%8E%E6%A0%B7%E5%85%A8%E8%BA%AB%E6%B0%B8%E4%B9%85%E7%BE%8E%E7%99%BD%E5%81%8F%E6%96%B9
INFO: [ app_begin ] --START--
INFO: ReadHtmlCache Behavior ::run [ RunTime:0.000434s ]
INFO: [ app_begin ] --END-- [ RunTime:0.000491s ]

[ 2017-12-20T10:49:06+08:00 ] 127.0.0.1 /index.php?m=Keywords&a=collect&keyword=%E5%A4%A9%E7%94%9F%E9%BB%91%E5%BF%AB%E9%80%9F%E7%BE%8E%E7%99%BD%E7%9A%84%E6%96%B9%E6%B3%95
INFO: [ app_begin ] --START--
INFO: ReadHtmlCache Behavior ::run [ RunTime:0.000433s ]
INFO: [ app_begin ] --END-- [ RunTime:0.000488s ]

[ 2017-12-20T10:49:08+08:00 ] 127.0.0.1 /index.php?m=Keywords&a=collect&keyword=%E7%AE%80%E5%8D%95%E6%9C%89%E6%95%88%E7%BE%8E%E7%99%BD%E6%96%B9%E6%B3%95
INFO: [ app_begin ] --START--
INFO: ReadHtmlCache Behavior ::run [ RunTime:0.000696s ]
INFO: [ app_begin ] --END-- [ RunTime:0.000782s ]

[ 2017-12-20T10:49:10+08:00 ] 127.0.0.1 /index.php?m=Keywords&a=collect&keyword=%E5%85%A8%E8%BA%AB%E7%BE%8E%E7%99%BD%E7%9A%84%E6%96%B9%E6%B3%95%E5%B0%8F%E7%AA%8D%E9%97%A8
INFO: [ app_begin ] --START--
INFO: ReadHtmlCache Behavior ::run [ RunTime:0.000433s ]
INFO: [ app_begin ] --END-- [ RunTime:0.000487s ]

[ 2017-12-20T10:49:12+08:00 ] 127.0.0.1 /index.php?m=Keywords&a=collect&keyword=%E7%BE%8E%E7%99%BD%E9%A3%9F%E7%89%A9%E6%8E%92%E8%A1%8C%E6%A6%9C10%E5%BC%BA
INFO: [ app_begin ] --START--
INFO: ReadHtmlCache Behavior ::run [ RunTime:0.001107s ]
INFO: [ app_begin ] --END-- [ RunTime:0.001238s ]

[ 2017-12-20T10:49:14+08:00 ] 127.0.0.1 /index.php?m=Keywords&a=collect&keyword=%E4%B8%80%E5%91%A8%E5%BF%AB%E9%80%9F%E7%BE%8E%E7%99%BD%E5%B0%8F%E5%A6%99%E6%8B%9B
INFO: [ app_begin ] --START--
INFO: ReadHtmlCache Behavior ::run [ RunTime:0.000474s ]
INFO: [ app_begin ] --END-- [ RunTime:0.000538s ]

[ 2017-12-20T10:49:16+08:00 ] 127.0.0.1 /index.php?m=Keywords&a=collect&keyword=%E7%BE%8E%E7%99%BD%E8%A6%81%E5%A4%9A%E5%B0%91%E9%92%B1
INFO: [ app_begin ] --START--
INFO: ReadHtmlCache Behavior ::run [ RunTime:0.000522s ]
INFO: [ app_begin ] --END-- [ RunTime:0.000584s ]

[ 2017-12-20T10:49:17+08:00 ] 127.0.0.1 /index.php?m=Keywords&a=Index
INFO: [ app_begin ] --START--
INFO: ReadHtmlCache Behavior ::run [ RunTime:0.000470s ]
INFO: [ app_begin ] --END-- [ RunTime:0.000537s ]
INFO: [ view_parse ] --START--
INFO: ParseTemplate Behavior ::run [ RunTime:0.007186s ]
INFO: [ view_parse ] --END-- [ RunTime:0.007251s ]
INFO: [ view_filter ] --START--
INFO: ContentReplace Behavior ::run [ RunTime:0.000344s ]
INFO: TokenBuild Behavior ::run [ RunTime:0.000318s ]
INFO: WriteHtmlCache Behavior ::run [ RunTime:0.000238s ]
INFO: ShowRuntime Behavior ::run [ RunTime:0.000394s ]
INFO: [ view_filter ] --END-- [ RunTime:0.001418s ]
INFO: [ view_end ] --START--
INFO: ShowPageTrace Behavior ::run [ RunTime:0.000517s ]
INFO: [ view_end ] --END-- [ RunTime:0.000560s ]

[ 2017-12-20T10:49:29+08:00 ] 127.0.0.1 /index.php?m=Keywords&a=Index
INFO: [ app_begin ] --START--
INFO: ReadHtmlCache Behavior ::run [ RunTime:0.000816s ]
INFO: [ app_begin ] --END-- [ RunTime:0.000885s ]
INFO: [ view_parse ] --START--
INFO: ParseTemplate Behavior ::run [ RunTime:0.008692s ]
INFO: [ view_parse ] --END-- [ RunTime:0.008785s ]
INFO: [ view_filter ] --START--
INFO: ContentReplace Behavior ::run [ RunTime:0.000715s ]
INFO: TokenBuild Behavior ::run [ RunTime:0.000704s ]
INFO: WriteHtmlCache Behavior ::run [ RunTime:0.000528s ]
INFO: ShowRuntime Behavior ::run [ RunTime:0.000670s ]
INFO: [ view_filter ] --END-- [ RunTime:0.002859s ]
INFO: [ view_end ] --START--
INFO: ShowPageTrace Behavior ::run [ RunTime:0.000773s ]
INFO: [ view_end ] --END-- [ RunTime:0.000829s ]

[ 2017-12-20T10:49:33+08:00 ] 127.0.0.1 /index.php?m=Keywords&a=collect&keyword=%E7%BE%8E%E7%99%BD
INFO: [ app_begin ] --START--
INFO: ReadHtmlCache Behavior ::run [ RunTime:0.000695s ]
INFO: [ app_begin ] --END-- [ RunTime:0.000779s ]

[ 2017-12-20T10:49:35+08:00 ] 127.0.0.1 /index.php?m=Keywords&a=collect&keyword=%E6%80%8E%E6%A0%B7%E5%85%A8%E8%BA%AB%E6%B0%B8%E4%B9%85%E7%BE%8E%E7%99%BD%E5%81%8F%E6%96%B9
INFO: [ app_begin ] --START--
INFO: ReadHtmlCache Behavior ::run [ RunTime:0.000461s ]
INFO: [ app_begin ] --END-- [ RunTime:0.000520s ]

[ 2017-12-20T10:49:37+08:00 ] 127.0.0.1 /index.php?m=Keywords&a=collect&keyword=%E5%A4%A9%E7%94%9F%E9%BB%91%E5%BF%AB%E9%80%9F%E7%BE%8E%E7%99%BD%E7%9A%84%E6%96%B9%E6%B3%95
INFO: [ app_begin ] --START--
INFO: ReadHtmlCache Behavior ::run [ RunTime:0.000426s ]
INFO: [ app_begin ] --END-- [ RunTime:0.000488s ]

[ 2017-12-20T10:49:38+08:00 ] 127.0.0.1 /index.php?m=Keywords&a=collect&keyword=%E7%AE%80%E5%8D%95%E6%9C%89%E6%95%88%E7%BE%8E%E7%99%BD%E6%96%B9%E6%B3%95
INFO: [ app_begin ] --START--
INFO: ReadHtmlCache Behavior ::run [ RunTime:0.000426s ]
INFO: [ app_begin ] --END-- [ RunTime:0.000480s ]

[ 2017-12-20T10:49:41+08:00 ] 127.0.0.1 /index.php?m=Keywords&a=collect&keyword=%E5%85%A8%E8%BA%AB%E7%BE%8E%E7%99%BD%E7%9A%84%E6%96%B9%E6%B3%95%E5%B0%8F%E7%AA%8D%E9%97%A8
INFO: [ app_begin ] --START--
INFO: ReadHtmlCache Behavior ::run [ RunTime:0.000549s ]
INFO: [ app_begin ] --END-- [ RunTime:0.000627s ]

[ 2017-12-20T10:49:43+08:00 ] 127.0.0.1 /index.php?m=Keywords&a=collect&keyword=%E7%BE%8E%E7%99%BD%E9%A3%9F%E7%89%A9%E6%8E%92%E8%A1%8C%E6%A6%9C10%E5%BC%BA
INFO: [ app_begin ] --START--
INFO: ReadHtmlCache Behavior ::run [ RunTime:0.000418s ]
INFO: [ app_begin ] --END-- [ RunTime:0.000474s ]

[ 2017-12-20T10:49:45+08:00 ] 127.0.0.1 /index.php?m=Keywords&a=collect&keyword=%E4%B8%80%E5%91%A8%E5%BF%AB%E9%80%9F%E7%BE%8E%E7%99%BD%E5%B0%8F%E5%A6%99%E6%8B%9B
INFO: [ app_begin ] --START--
INFO: ReadHtmlCache Behavior ::run [ RunTime:0.000427s ]
INFO: [ app_begin ] --END-- [ RunTime:0.000495s ]

[ 2017-12-20T10:49:47+08:00 ] 127.0.0.1 /index.php?m=Keywords&a=collect&keyword=%E7%BE%8E%E7%99%BD%E8%A6%81%E5%A4%9A%E5%B0%91%E9%92%B1
INFO: [ app_begin ] --START--
INFO: ReadHtmlCache Behavior ::run [ RunTime:0.000524s ]
INFO: [ app_begin ] --END-- [ RunTime:0.000599s ]

[ 2017-12-20T10:49:49+08:00 ] 127.0.0.1 /index.php?m=Keywords&a=collect&keyword=%E7%BE%8E%E7%99%BD%E7%9A%84%E5%A5%BD%E6%96%B9%E6%B3%95
INFO: [ app_begin ] --START--
INFO: ReadHtmlCache Behavior ::run [ RunTime:0.000404s ]
INFO: [ app_begin ] --END-- [ RunTime:0.000456s ]

[ 2017-12-20T10:49:51+08:00 ] 127.0.0.1 /index.php?m=Keywords&a=collect&keyword=%E5%92%8B%E6%A0%B7%E7%BE%8E%E7%99%BD%E7%9A%AE%E8%82%A4
INFO: [ app_begin ] --START--
INFO: ReadHtmlCache Behavior ::run [ RunTime:0.001035s ]
INFO: [ app_begin ] --END-- [ RunTime:0.001159s ]

[ 2017-12-20T10:49:53+08:00 ] 127.0.0.1 /index.php?m=Keywords&a=collect&keyword=%E4%BB%80%E4%B9%88%E5%81%8F%E6%96%B9%E5%8F%AF%E4%BB%A5%E7%BE%8E%E7%99%BD%E5%85%A8%E8%BA%AB
INFO: [ app_begin ] --START--
INFO: ReadHtmlCache Behavior ::run [ RunTime:0.000430s ]
INFO: [ app_begin ] --END-- [ RunTime:0.000485s ]

[ 2017-12-20T10:49:54+08:00 ] 127.0.0.1 /index.php?m=Keywords&a=collect&keyword=%E5%85%A8%E8%BA%AB%E7%BE%8E%E7%99%BD%E7%9A%84%E6%9C%89%E6%95%88%E4%BA%A7%E5%93%81
INFO: [ app_begin ] --START--
INFO: ReadHtmlCache Behavior ::run [ RunTime:0.000428s ]
INFO: [ app_begin ] --END-- [ RunTime:0.000482s ]

[ 2017-12-20T10:49:56+08:00 ] 127.0.0.1 /index.php?m=Keywords&a=collect&keyword=%E6%80%8E%E6%A0%B7%E5%85%A8%E8%BA%AB%E6%B0%B8%E4%B9%85%E7%BE%8E%E7%99%BD
INFO: [ app_begin ] --START--
INFO: ReadHtmlCache Behavior ::run [ RunTime:0.000506s ]
INFO: [ app_begin ] --END-- [ RunTime:0.000583s ]

[ 2017-12-20T10:49:59+08:00 ] 127.0.0.1 /index.php?m=Keywords&a=collect&keyword=%E4%B8%AD%E8%8D%AF%E5%85%A8%E8%BA%AB%E7%BE%8E%E7%99%BD%E7%9A%84%E5%81%8F%E6%96%B9
INFO: [ app_begin ] --START--
INFO: ReadHtmlCache Behavior ::run [ RunTime:0.000622s ]
INFO: [ app_begin ] --END-- [ RunTime:0.000700s ]

[ 2017-12-20T10:50:01+08:00 ] 127.0.0.1 /index.php?m=Keywords&a=collect&keyword=%E4%BB%80%E4%B9%88%E6%96%B9%E6%B3%95%E5%8F%AF%E4%BB%A5%E5%85%A8%E8%BA%AB%E7%BE%8E%E7%99%BD
INFO: [ app_begin ] --START--
INFO: ReadHtmlCache Behavior ::run [ RunTime:0.000401s ]
INFO: [ app_begin ] --END-- [ RunTime:0.000453s ]

[ 2017-12-20T10:50:03+08:00 ] 127.0.0.1 /index.php?m=Keywords&a=collect&keyword=%E6%80%8E%E4%B9%88%E5%85%A8%E8%BA%AB%E7%BE%8E%E7%99%BD%E6%9C%80%E6%9C%89%E6%95%88
INFO: [ app_begin ] --START--
INFO: ReadHtmlCache Behavior ::run [ RunTime:0.000481s ]
INFO: [ app_begin ] --END-- [ RunTime:0.000542s ]

[ 2017-12-20T10:50:05+08:00 ] 127.0.0.1 /index.php?m=Keywords&a=collect&keyword=%E6%80%8E%E6%A0%B7%E6%89%8D%E8%83%BD%E7%BE%8E%E7%99%BD%E5%85%A8%E8%BA%AB
INFO: [ app_begin ] --START--
INFO: ReadHtmlCache Behavior ::run [ RunTime:0.000430s ]
INFO: [ app_begin ] --END-- [ RunTime:0.000484s ]

[ 2017-12-20T10:50:07+08:00 ] 127.0.0.1 /index.php?m=Keywords&a=collect&keyword=%E7%9A%AE%E8%82%A4%E9%BB%91%E7%94%A8%E4%BB%80%E4%B9%88%E5%8F%AF%E4%BB%A5%E7%BE%8E%E7%99%BD
INFO: [ app_begin ] --START--
INFO: ReadHtmlCache Behavior ::run [ RunTime:0.000616s ]
INFO: [ app_begin ] --END-- [ RunTime:0.000700s ]

[ 2017-12-20T10:50:09+08:00 ] 127.0.0.1 /index.php?m=Keywords&a=collect&keyword=%E5%A4%A9%E7%94%9F%E9%BB%91%E7%9A%AE%E8%82%A4%E8%83%BD%E5%8F%98%E7%99%BD%E5%90%97%E5%A5%B3
INFO: [ app_begin ] --START--
INFO: ReadHtmlCache Behavior ::run [ RunTime:0.000428s ]
INFO: [ app_begin ] --END-- [ RunTime:0.000481s ]

[ 2017-12-20T10:50:11+08:00 ] 127.0.0.1 /index.php?m=Keywords&a=collect&keyword=%E5%A4%A9%E7%94%9F%E9%BB%91%E7%9A%84%E4%BA%BA%E6%80%8E%E4%B9%88%E5%8F%98%E7%99%BD
INFO: [ app_begin ] --START--
INFO: ReadHtmlCache Behavior ::run [ RunTime:0.000509s ]
INFO: [ app_begin ] --END-- [ RunTime:0.000584s ]

[ 2017-12-20T10:50:13+08:00 ] 127.0.0.1 /index.php?m=Keywords&a=collect&keyword=%E5%A4%A9%E7%94%9F%E9%BB%91%E5%BF%AB%E9%80%9F%E7%BE%8E%E7%99%BD%E5%B0%8F%E7%A7%98%E6%96%B9
INFO: [ app_begin ] --START--
INFO: ReadHtmlCache Behavior ::run [ RunTime:0.000466s ]
INFO: [ app_begin ] --END-- [ RunTime:0.000530s ]

[ 2017-12-20T10:50:14+08:00 ] 127.0.0.1 /index.php?m=Keywords&a=collect&keyword=%E4%BA%94%E5%A4%A9%E5%BF%AB%E9%80%9F%E7%BE%8E%E7%99%BD%E8%84%B8%E7%9A%84%E6%96%B9%E6%B3%95
INFO: [ app_begin ] --START--
INFO: ReadHtmlCache Behavior ::run [ RunTime:0.000452s ]
INFO: [ app_begin ] --END-- [ RunTime:0.000507s ]

[ 2017-12-20T10:50:14+08:00 ] 127.0.0.1 /index.php?m=Keywords&a=Index
INFO: [ app_begin ] --START--
INFO: ReadHtmlCache Behavior ::run [ RunTime:0.000811s ]
INFO: [ app_begin ] --END-- [ RunTime:0.000916s ]
INFO: [ view_parse ] --START--
INFO: ParseTemplate Behavior ::run [ RunTime:0.010104s ]
INFO: [ view_parse ] --END-- [ RunTime:0.010208s ]
INFO: [ view_filter ] --START--
INFO: ContentReplace Behavior ::run [ RunTime:0.000703s ]
INFO: TokenBuild Behavior ::run [ RunTime:0.000628s ]
INFO: WriteHtmlCache Behavior ::run [ RunTime:0.000501s ]
INFO: ShowRuntime Behavior ::run [ RunTime:0.000774s ]
INFO: [ view_filter ] --END-- [ RunTime:0.003136s ]
INFO: [ view_end ] --START--
INFO: ShowPageTrace Behavior ::run [ RunTime:0.000661s ]
INFO: [ view_end ] --END-- [ RunTime:0.000718s ]

[ 2017-12-20T10:52:20+08:00 ] 127.0.0.1 /index.php?m=Keywords&a=Index
INFO: [ app_begin ] --START--
INFO: ReadHtmlCache Behavior ::run [ RunTime:0.000706s ]
INFO: [ app_begin ] --END-- [ RunTime:0.000791s ]
INFO: [ view_parse ] --START--
INFO: ParseTemplate Behavior ::run [ RunTime:0.008622s ]
INFO: [ view_parse ] --END-- [ RunTime:0.008687s ]
INFO: [ view_filter ] --START--
INFO: ContentReplace Behavior ::run [ RunTime:0.000433s ]
INFO: TokenBuild Behavior ::run [ RunTime:0.000361s ]
INFO: WriteHtmlCache Behavior ::run [ RunTime:0.000287s ]
INFO: ShowRuntime Behavior ::run [ RunTime:0.000404s ]
INFO: [ view_filter ] --END-- [ RunTime:0.001597s ]
INFO: [ view_end ] --START--
INFO: ShowPageTrace Behavior ::run [ RunTime:0.000549s ]
INFO: [ view_end ] --END-- [ RunTime:0.000591s ]

[ 2017-12-20T10:52:23+08:00 ] 127.0.0.1 /index.php?m=Keywords&a=collect&keyword=%E7%BE%8E%E7%99%BD
INFO: [ app_begin ] --START--
INFO: ReadHtmlCache Behavior ::run [ RunTime:0.000621s ]
INFO: [ app_begin ] --END-- [ RunTime:0.000701s ]

[ 2017-12-20T10:52:25+08:00 ] 127.0.0.1 /index.php?m=Keywords&a=collect&keyword=%E6%80%8E%E6%A0%B7%E5%85%A8%E8%BA%AB%E6%B0%B8%E4%B9%85%E7%BE%8E%E7%99%BD%E5%81%8F%E6%96%B9
INFO: [ app_begin ] --START--
INFO: ReadHtmlCache Behavior ::run [ RunTime:0.000408s ]
INFO: [ app_begin ] --END-- [ RunTime:0.000463s ]

[ 2017-12-20T10:52:28+08:00 ] 127.0.0.1 /index.php?m=Keywords&a=collect&keyword=%E5%A4%A9%E7%94%9F%E9%BB%91%E5%BF%AB%E9%80%9F%E7%BE%8E%E7%99%BD%E7%9A%84%E6%96%B9%E6%B3%95
INFO: [ app_begin ] --START--
INFO: ReadHtmlCache Behavior ::run [ RunTime:0.000459s ]
INFO: [ app_begin ] --END-- [ RunTime:0.000520s ]

[ 2017-12-20T10:52:29+08:00 ] 127.0.0.1 /index.php?m=Keywords&a=collect&keyword=%E7%AE%80%E5%8D%95%E6%9C%89%E6%95%88%E7%BE%8E%E7%99%BD%E6%96%B9%E6%B3%95
INFO: [ app_begin ] --START--
INFO: ReadHtmlCache Behavior ::run [ RunTime:0.000473s ]
INFO: [ app_begin ] --END-- [ RunTime:0.000527s ]

[ 2017-12-20T10:52:31+08:00 ] 127.0.0.1 /index.php?m=Keywords&a=collect&keyword=%E5%85%A8%E8%BA%AB%E7%BE%8E%E7%99%BD%E7%9A%84%E6%96%B9%E6%B3%95%E5%B0%8F%E7%AA%8D%E9%97%A8
INFO: [ app_begin ] --START--
INFO: ReadHtmlCache Behavior ::run [ RunTime:0.000588s ]
INFO: [ app_begin ] --END-- [ RunTime:0.000683s ]

[ 2017-12-20T10:52:33+08:00 ] 127.0.0.1 /index.php?m=Keywords&a=collect&keyword=%E7%BE%8E%E7%99%BD%E9%A3%9F%E7%89%A9%E6%8E%92%E8%A1%8C%E6%A6%9C10%E5%BC%BA
INFO: [ app_begin ] --START--
INFO: ReadHtmlCache Behavior ::run [ RunTime:0.000684s ]
INFO: [ app_begin ] --END-- [ RunTime:0.000771s ]

[ 2017-12-20T10:52:35+08:00 ] 127.0.0.1 /index.php?m=Keywords&a=collect&keyword=%E4%B8%80%E5%91%A8%E5%BF%AB%E9%80%9F%E7%BE%8E%E7%99%BD%E5%B0%8F%E5%A6%99%E6%8B%9B
INFO: [ app_begin ] --START--
INFO: ReadHtmlCache Behavior ::run [ RunTime:0.000462s ]
INFO: [ app_begin ] --END-- [ RunTime:0.000523s ]

[ 2017-12-20T10:52:37+08:00 ] 127.0.0.1 /index.php?m=Keywords&a=collect&keyword=%E7%BE%8E%E7%99%BD%E8%A6%81%E5%A4%9A%E5%B0%91%E9%92%B1
INFO: [ app_begin ] --START--
INFO: ReadHtmlCache Behavior ::run [ RunTime:0.000489s ]
INFO: [ app_begin ] --END-- [ RunTime:0.000556s ]

[ 2017-12-20T10:52:40+08:00 ] 127.0.0.1 /index.php?m=Keywords&a=collect&keyword=%E7%BE%8E%E7%99%BD%E7%9A%84%E5%A5%BD%E6%96%B9%E6%B3%95
INFO: [ app_begin ] --START--
INFO: ReadHtmlCache Behavior ::run [ RunTime:0.000957s ]
INFO: [ app_begin ] --END-- [ RunTime:0.001053s ]

[ 2017-12-20T10:52:42+08:00 ] 127.0.0.1 /index.php?m=Keywords&a=collect&keyword=%E5%92%8B%E6%A0%B7%E7%BE%8E%E7%99%BD%E7%9A%AE%E8%82%A4
INFO: [ app_begin ] --START--
INFO: ReadHtmlCache Behavior ::run [ RunTime:0.000701s ]
INFO: [ app_begin ] --END-- [ RunTime:0.000789s ]

[ 2017-12-20T10:52:43+08:00 ] 127.0.0.1 /index.php?m=Keywords&a=collect&keyword=%E4%BB%80%E4%B9%88%E5%81%8F%E6%96%B9%E5%8F%AF%E4%BB%A5%E7%BE%8E%E7%99%BD%E5%85%A8%E8%BA%AB
INFO: [ app_begin ] --START--
INFO: ReadHtmlCache Behavior ::run [ RunTime:0.000408s ]
INFO: [ app_begin ] --END-- [ RunTime:0.000461s ]

[ 2017-12-20T10:52:45+08:00 ] 127.0.0.1 /index.php?m=Keywords&a=collect&keyword=%E5%85%A8%E8%BA%AB%E7%BE%8E%E7%99%BD%E7%9A%84%E6%9C%89%E6%95%88%E4%BA%A7%E5%93%81
INFO: [ app_begin ] --START--
INFO: ReadHtmlCache Behavior ::run [ RunTime:0.000837s ]
INFO: [ app_begin ] --END-- [ RunTime:0.000942s ]

[ 2017-12-20T10:52:47+08:00 ] 127.0.0.1 /index.php?m=Keywords&a=collect&keyword=%E6%80%8E%E6%A0%B7%E5%85%A8%E8%BA%AB%E6%B0%B8%E4%B9%85%E7%BE%8E%E7%99%BD
INFO: [ app_begin ] --START--
INFO: ReadHtmlCache Behavior ::run [ RunTime:0.000682s ]
INFO: [ app_begin ] --END-- [ RunTime:0.000771s ]

[ 2017-12-20T10:52:49+08:00 ] 127.0.0.1 /index.php?m=Keywords&a=collect&keyword=%E4%B8%AD%E8%8D%AF%E5%85%A8%E8%BA%AB%E7%BE%8E%E7%99%BD%E7%9A%84%E5%81%8F%E6%96%B9
INFO: [ app_begin ] --START--
INFO: ReadHtmlCache Behavior ::run [ RunTime:0.000790s ]
INFO: [ app_begin ] --END-- [ RunTime:0.000876s ]

[ 2017-12-20T10:52:51+08:00 ] 127.0.0.1 /index.php?m=Keywords&a=collect&keyword=%E4%BB%80%E4%B9%88%E6%96%B9%E6%B3%95%E5%8F%AF%E4%BB%A5%E5%85%A8%E8%BA%AB%E7%BE%8E%E7%99%BD
INFO: [ app_begin ] --START--
INFO: ReadHtmlCache Behavior ::run [ RunTime:0.000439s ]
INFO: [ app_begin ] --END-- [ RunTime:0.000493s ]

[ 2017-12-20T10:52:53+08:00 ] 127.0.0.1 /index.php?m=Keywords&a=collect&keyword=%E6%80%8E%E4%B9%88%E5%85%A8%E8%BA%AB%E7%BE%8E%E7%99%BD%E6%9C%80%E6%9C%89%E6%95%88
INFO: [ app_begin ] --START--
INFO: ReadHtmlCache Behavior ::run [ RunTime:0.000473s ]
INFO: [ app_begin ] --END-- [ RunTime:0.000532s ]

[ 2017-12-20T10:52:55+08:00 ] 127.0.0.1 /index.php?m=Keywords&a=collect&keyword=%E6%80%8E%E6%A0%B7%E6%89%8D%E8%83%BD%E7%BE%8E%E7%99%BD%E5%85%A8%E8%BA%AB
INFO: [ app_begin ] --START--
INFO: ReadHtmlCache Behavior ::run [ RunTime:0.000635s ]
INFO: [ app_begin ] --END-- [ RunTime:0.000714s ]

[ 2017-12-20T10:52:55+08:00 ] 127.0.0.1 /index.php?m=Keywords&a=Index
INFO: [ app_begin ] --START--
INFO: ReadHtmlCache Behavior ::run [ RunTime:0.000727s ]
INFO: [ app_begin ] --END-- [ RunTime:0.000800s ]
INFO: [ view_parse ] --START--
INFO: ParseTemplate Behavior ::run [ RunTime:0.008013s ]
INFO: [ view_parse ] --END-- [ RunTime:0.008089s ]
INFO: [ view_filter ] --START--
INFO: ContentReplace Behavior ::run [ RunTime:0.000433s ]
INFO: TokenBuild Behavior ::run [ RunTime:0.000418s ]
INFO: WriteHtmlCache Behavior ::run [ RunTime:0.000322s ]
INFO: ShowRuntime Behavior ::run [ RunTime:0.000716s ]
INFO: [ view_filter ] --END-- [ RunTime:0.002036s ]
INFO: [ view_end ] --START--
INFO: ShowPageTrace Behavior ::run [ RunTime:0.001292s ]
INFO: [ view_end ] --END-- [ RunTime:0.001389s ]

[ 2017-12-20T11:00:24+08:00 ] 127.0.0.1 /index.php?m=Keywords&a=Index
INFO: [ app_begin ] --START--
INFO: ReadHtmlCache Behavior ::run [ RunTime:0.000601s ]
INFO: [ app_begin ] --END-- [ RunTime:0.000666s ]
INFO: [ view_parse ] --START--
INFO: ParseTemplate Behavior ::run [ RunTime:0.010423s ]
INFO: [ view_parse ] --END-- [ RunTime:0.010517s ]
INFO: [ view_filter ] --START--
INFO: ContentReplace Behavior ::run [ RunTime:0.000690s ]
INFO: TokenBuild Behavior ::run [ RunTime:0.000512s ]
INFO: WriteHtmlCache Behavior ::run [ RunTime:0.000403s ]
INFO: ShowRuntime Behavior ::run [ RunTime:0.000550s ]
INFO: [ view_filter ] --END-- [ RunTime:0.002341s ]
INFO: [ view_end ] --START--
INFO: ShowPageTrace Behavior ::run [ RunTime:0.000811s ]
INFO: [ view_end ] --END-- [ RunTime:0.000858s ]

[ 2017-12-20T11:00:28+08:00 ] 127.0.0.1 /index.php?m=Keywords&a=Index
INFO: [ app_begin ] --START--
INFO: ReadHtmlCache Behavior ::run [ RunTime:0.000715s ]
INFO: [ app_begin ] --END-- [ RunTime:0.000812s ]
INFO: [ view_parse ] --START--
INFO: ParseTemplate Behavior ::run [ RunTime:0.007748s ]
INFO: [ view_parse ] --END-- [ RunTime:0.007826s ]
INFO: [ view_filter ] --START--
INFO: ContentReplace Behavior ::run [ RunTime:0.000373s ]
INFO: TokenBuild Behavior ::run [ RunTime:0.000330s ]
INFO: WriteHtmlCache Behavior ::run [ RunTime:0.000236s ]
INFO: ShowRuntime Behavior ::run [ RunTime:0.000370s ]
INFO: [ view_filter ] --END-- [ RunTime:0.001435s ]
INFO: [ view_end ] --START--
INFO: ShowPageTrace Behavior ::run [ RunTime:0.000601s ]
INFO: [ view_end ] --END-- [ RunTime:0.000645s ]

[ 2017-12-20T11:00:55+08:00 ] 127.0.0.1 /index.php?m=Keywords&a=Index
INFO: [ app_begin ] --START--
INFO: ReadHtmlCache Behavior ::run [ RunTime:0.001029s ]
INFO: [ app_begin ] --END-- [ RunTime:0.001164s ]
INFO: [ view_parse ] --START--
INFO: ParseTemplate Behavior ::run [ RunTime:0.011038s ]
INFO: [ view_parse ] --END-- [ RunTime:0.011149s ]
INFO: [ view_filter ] --START--
INFO: ContentReplace Behavior ::run [ RunTime:0.000531s ]
INFO: TokenBuild Behavior ::run [ RunTime:0.000653s ]
INFO: WriteHtmlCache Behavior ::run [ RunTime:0.001247s ]
INFO: ShowRuntime Behavior ::run [ RunTime:0.000750s ]
INFO: [ view_filter ] --END-- [ RunTime:0.003527s ]
INFO: [ view_end ] --START--
INFO: ShowPageTrace Behavior ::run [ RunTime:0.001167s ]
INFO: [ view_end ] --END-- [ RunTime:0.001250s ]

[ 2017-12-20T11:12:00+08:00 ] 127.0.0.1 /index.php?m=Keywords&a=Index
INFO: [ app_begin ] --START--
INFO: ReadHtmlCache Behavior ::run [ RunTime:0.001299s ]
INFO: [ app_begin ] --END-- [ RunTime:0.001478s ]
INFO: [ view_parse ] --START--
INFO: ParseTemplate Behavior ::run [ RunTime:0.012099s ]
INFO: [ view_parse ] --END-- [ RunTime:0.012194s ]
INFO: [ view_filter ] --START--
INFO: ContentReplace Behavior ::run [ RunTime:0.000481s ]
INFO: TokenBuild Behavior ::run [ RunTime:0.000396s ]
INFO: WriteHtmlCache Behavior ::run [ RunTime:0.000316s ]
INFO: ShowRuntime Behavior ::run [ RunTime:0.000410s ]
INFO: [ view_filter ] --END-- [ RunTime:0.001721s ]
INFO: [ view_end ] --START--
INFO: ShowPageTrace Behavior ::run [ RunTime:0.000532s ]
INFO: [ view_end ] --END-- [ RunTime:0.000570s ]

[ 2017-12-20T11:12:04+08:00 ] 127.0.0.1 /index.php?m=Keywords&a=collect&keyword=%E7%BE%8E%E7%99%BD
INFO: [ app_begin ] --START--
INFO: ReadHtmlCache Behavior ::run [ RunTime:0.000742s ]
INFO: [ app_begin ] --END-- [ RunTime:0.000837s ]

[ 2017-12-20T11:12:06+08:00 ] 127.0.0.1 /index.php?m=Keywords&a=collect&keyword=%E7%BE%8E%E7%99%BD
INFO: [ app_begin ] --START--
INFO: ReadHtmlCache Behavior ::run [ RunTime:0.000711s ]
INFO: [ app_begin ] --END-- [ RunTime:0.000807s ]

[ 2017-12-20T11:12:07+08:00 ] 127.0.0.1 /index.php?m=Keywords&a=Index
INFO: [ app_begin ] --START--
INFO: ReadHtmlCache Behavior ::run [ RunTime:0.000482s ]
INFO: [ app_begin ] --END-- [ RunTime:0.000550s ]
INFO: [ view_parse ] --START--
INFO: ParseTemplate Behavior ::run [ RunTime:0.008501s ]
INFO: [ view_parse ] --END-- [ RunTime:0.008594s ]
INFO: [ view_filter ] --START--
INFO: ContentReplace Behavior ::run [ RunTime:0.000551s ]
INFO: TokenBuild Behavior ::run [ RunTime:0.000384s ]
INFO: WriteHtmlCache Behavior ::run [ RunTime:0.000236s ]
INFO: ShowRuntime Behavior ::run [ RunTime:0.000359s ]
INFO: [ view_filter ] --END-- [ RunTime:0.001674s ]
INFO: [ view_end ] --START--
INFO: ShowPageTrace Behavior ::run [ RunTime:0.000481s ]
INFO: [ view_end ] --END-- [ RunTime:0.000520s ]

[ 2017-12-20T11:15:31+08:00 ] 127.0.0.1 /index.php?m=Keywords&a=Index
INFO: [ app_begin ] --START--
INFO: ReadHtmlCache Behavior ::run [ RunTime:0.000970s ]
INFO: [ app_begin ] --END-- [ RunTime:0.001110s ]
INFO: [ view_parse ] --START--
INFO: ParseTemplate Behavior ::run [ RunTime:0.008952s ]
INFO: [ view_parse ] --END-- [ RunTime:0.009038s ]
INFO: [ view_filter ] --START--
INFO: ContentReplace Behavior ::run [ RunTime:0.000620s ]
INFO: TokenBuild Behavior ::run [ RunTime:0.000650s ]
INFO: WriteHtmlCache Behavior ::run [ RunTime:0.000436s ]
INFO: ShowRuntime Behavior ::run [ RunTime:0.000502s ]
INFO: [ view_filter ] --END-- [ RunTime:0.002402s ]
INFO: [ view_end ] --START--
INFO: ShowPageTrace Behavior ::run [ RunTime:0.000815s ]
INFO: [ view_end ] --END-- [ RunTime:0.000859s ]

[ 2017-12-20T11:15:35+08:00 ] 127.0.0.1 /index.php?m=Keywords&a=collect&keyword=%E7%BE%8E%E7%99%BD
INFO: [ app_begin ] --START--
INFO: ReadHtmlCache Behavior ::run [ RunTime:0.000914s ]
INFO: [ app_begin ] --END-- [ RunTime:0.001049s ]

[ 2017-12-20T11:15:37+08:00 ] 127.0.0.1 /index.php?m=Keywords&a=collect&keyword=%E7%BE%8E%E7%99%BD
INFO: [ app_begin ] --START--
INFO: ReadHtmlCache Behavior ::run [ RunTime:0.001372s ]
INFO: [ app_begin ] --END-- [ RunTime:0.001503s ]

[ 2017-12-20T11:15:39+08:00 ] 127.0.0.1 /index.php?m=Keywords&a=collect&keyword=%E7%BE%8E%E7%99%BD
INFO: [ app_begin ] --START--
INFO: ReadHtmlCache Behavior ::run [ RunTime:0.000463s ]
INFO: [ app_begin ] --END-- [ RunTime:0.000525s ]

[ 2017-12-20T11:15:41+08:00 ] 127.0.0.1 /index.php?m=Keywords&a=collect&keyword=%E7%BE%8E%E7%99%BD
INFO: [ app_begin ] --START--
INFO: ReadHtmlCache Behavior ::run [ RunTime:0.001113s ]
INFO: [ app_begin ] --END-- [ RunTime:0.001274s ]

[ 2017-12-20T11:15:41+08:00 ] 127.0.0.1 /index.php?m=Keywords&a=Index
INFO: [ app_begin ] --START--
INFO: ReadHtmlCache Behavior ::run [ RunTime:0.001095s ]
INFO: [ app_begin ] --END-- [ RunTime:0.001201s ]
INFO: [ view_parse ] --START--
INFO: ParseTemplate Behavior ::run [ RunTime:0.008985s ]
INFO: [ view_parse ] --END-- [ RunTime:0.009091s ]
INFO: [ view_filter ] --START--
INFO: ContentReplace Behavior ::run [ RunTime:0.000608s ]
INFO: TokenBuild Behavior ::run [ RunTime:0.000600s ]
INFO: WriteHtmlCache Behavior ::run [ RunTime:0.000384s ]
INFO: ShowRuntime Behavior ::run [ RunTime:0.000570s ]
INFO: [ view_filter ] --END-- [ RunTime:0.002370s ]
INFO: [ view_end ] --START--
INFO: ShowPageTrace Behavior ::run [ RunTime:0.000734s ]
INFO: [ view_end ] --END-- [ RunTime:0.000788s ]

[ 2017-12-20T11:16:58+08:00 ] 127.0.0.1 /index.php?m=Keywords&a=Index
INFO: [ app_begin ] --START--
INFO: ReadHtmlCache Behavior ::run [ RunTime:0.000739s ]
INFO: [ app_begin ] --END-- [ RunTime:0.000861s ]
INFO: [ view_parse ] --START--
INFO: ParseTemplate Behavior ::run [ RunTime:0.009254s ]
INFO: [ view_parse ] --END-- [ RunTime:0.009355s ]
INFO: [ view_filter ] --START--
INFO: ContentReplace Behavior ::run [ RunTime:0.000586s ]
INFO: TokenBuild Behavior ::run [ RunTime:0.000979s ]
INFO: WriteHtmlCache Behavior ::run [ RunTime:0.000501s ]
INFO: ShowRuntime Behavior ::run [ RunTime:0.000858s ]
INFO: [ view_filter ] --END-- [ RunTime:0.003166s ]
INFO: [ view_end ] --START--
INFO: ShowPageTrace Behavior ::run [ RunTime:0.001221s ]
INFO: [ view_end ] --END-- [ RunTime:0.001333s ]

[ 2017-12-20T11:17:02+08:00 ] 127.0.0.1 /index.php?m=Keywords&a=collect&keyword=%E7%BE%8E%E7%99%BD
INFO: [ app_begin ] --START--
INFO: ReadHtmlCache Behavior ::run [ RunTime:0.000784s ]
INFO: [ app_begin ] --END-- [ RunTime:0.000885s ]

[ 2017-12-20T11:17:04+08:00 ] 127.0.0.1 /index.php?m=Keywords&a=collect&keyword=%E7%BE%8E%E7%99%BD
INFO: [ app_begin ] --START--
INFO: ReadHtmlCache Behavior ::run [ RunTime:0.001240s ]
INFO: [ app_begin ] --END-- [ RunTime:0.001395s ]

[ 2017-12-20T11:17:06+08:00 ] 127.0.0.1 /index.php?m=Keywords&a=collect&keyword=%E7%BE%8E%E7%99%BD
INFO: [ app_begin ] --START--
INFO: ReadHtmlCache Behavior ::run [ RunTime:0.000674s ]
INFO: [ app_begin ] --END-- [ RunTime:0.000757s ]

[ 2017-12-20T11:17:08+08:00 ] 127.0.0.1 /index.php?m=Keywords&a=collect&keyword=%E7%BE%8E%E7%99%BD
INFO: [ app_begin ] --START--
INFO: ReadHtmlCache Behavior ::run [ RunTime:0.000763s ]
INFO: [ app_begin ] --END-- [ RunTime:0.000863s ]

[ 2017-12-20T11:17:08+08:00 ] 127.0.0.1 /index.php?m=Keywords&a=Index
INFO: [ app_begin ] --START--
INFO: ReadHtmlCache Behavior ::run [ RunTime:0.001130s ]
INFO: [ app_begin ] --END-- [ RunTime:0.001247s ]
INFO: [ view_parse ] --START--
INFO: ParseTemplate Behavior ::run [ RunTime:0.008549s ]
INFO: [ view_parse ] --END-- [ RunTime:0.008646s ]
INFO: [ view_filter ] --START--
INFO: ContentReplace Behavior ::run [ RunTime:0.000365s ]
INFO: TokenBuild Behavior ::run [ RunTime:0.000321s ]
INFO: WriteHtmlCache Behavior ::run [ RunTime:0.000249s ]
INFO: ShowRuntime Behavior ::run [ RunTime:0.000489s ]
INFO: [ view_filter ] --END-- [ RunTime:0.001554s ]
INFO: [ view_end ] --START--
INFO: ShowPageTrace Behavior ::run [ RunTime:0.000545s ]
INFO: [ view_end ] --END-- [ RunTime:0.000586s ]

[ 2017-12-20T11:17:11+08:00 ] 127.0.0.1 /index.php?m=Keywords&a=Index
INFO: [ app_begin ] --START--
INFO: ReadHtmlCache Behavior ::run [ RunTime:0.000828s ]
INFO: [ app_begin ] --END-- [ RunTime:0.000947s ]
INFO: [ view_parse ] --START--
INFO: ParseTemplate Behavior ::run [ RunTime:0.009359s ]
INFO: [ view_parse ] --END-- [ RunTime:0.009440s ]
INFO: [ view_filter ] --START--
INFO: ContentReplace Behavior ::run [ RunTime:0.000493s ]
INFO: TokenBuild Behavior ::run [ RunTime:0.000568s ]
INFO: WriteHtmlCache Behavior ::run [ RunTime:0.000949s ]
INFO: ShowRuntime Behavior ::run [ RunTime:0.000956s ]
INFO: [ view_filter ] --END-- [ RunTime:0.003192s ]
INFO: [ view_end ] --START--
INFO: ShowPageTrace Behavior ::run [ RunTime:0.000818s ]
INFO: [ view_end ] --END-- [ RunTime:0.000887s ]

[ 2017-12-20T11:18:00+08:00 ] 127.0.0.1 /index.php?m=Keywords&a=Index
INFO: [ app_begin ] --START--
INFO: ReadHtmlCache Behavior ::run [ RunTime:0.000867s ]
INFO: [ app_begin ] --END-- [ RunTime:0.000952s ]
INFO: [ view_parse ] --START--
INFO: ParseTemplate Behavior ::run [ RunTime:0.010725s ]
INFO: [ view_parse ] --END-- [ RunTime:0.010811s ]
INFO: [ view_filter ] --START--
INFO: ContentReplace Behavior ::run [ RunTime:0.002556s ]
INFO: TokenBuild Behavior ::run [ RunTime:0.000708s ]
INFO: WriteHtmlCache Behavior ::run [ RunTime:0.000492s ]
INFO: ShowRuntime Behavior ::run [ RunTime:0.002353s ]
INFO: [ view_filter ] --END-- [ RunTime:0.007671s ]
INFO: [ view_end ] --START--
INFO: ShowPageTrace Behavior ::run [ RunTime:0.001340s ]
INFO: [ view_end ] --END-- [ RunTime:0.001440s ]

[ 2017-12-20T11:18:14+08:00 ] 127.0.0.1 /index.php?m=Keywords&a=Index
INFO: [ app_begin ] --START--
INFO: ReadHtmlCache Behavior ::run [ RunTime:0.000787s ]
INFO: [ app_begin ] --END-- [ RunTime:0.000896s ]
INFO: [ view_parse ] --START--
INFO: ParseTemplate Behavior ::run [ RunTime:0.010339s ]
INFO: [ view_parse ] --END-- [ RunTime:0.010482s ]
INFO: [ view_filter ] --START--
INFO: ContentReplace Behavior ::run [ RunTime:0.001397s ]
INFO: TokenBuild Behavior ::run [ RunTime:0.000596s ]
INFO: WriteHtmlCache Behavior ::run [ RunTime:0.000703s ]
INFO: ShowRuntime Behavior ::run [ RunTime:0.001285s ]
INFO: [ view_filter ] --END-- [ RunTime:0.004345s ]
INFO: [ view_end ] --START--
INFO: ShowPageTrace Behavior ::run [ RunTime:0.001216s ]
INFO: [ view_end ] --END-- [ RunTime:0.001300s ]

[ 2017-12-20T11:18:40+08:00 ] 127.0.0.1 /index.php?m=Keywords&a=Index
INFO: [ app_begin ] --START--
INFO: ReadHtmlCache Behavior ::run [ RunTime:0.000789s ]
INFO: [ app_begin ] --END-- [ RunTime:0.000894s ]
INFO: [ view_parse ] --START--
INFO: ParseTemplate Behavior ::run [ RunTime:0.009020s ]
INFO: [ view_parse ] --END-- [ RunTime:0.009117s ]
INFO: [ view_filter ] --START--
INFO: ContentReplace Behavior ::run [ RunTime:0.000555s ]
INFO: TokenBuild Behavior ::run [ RunTime:0.000519s ]
INFO: WriteHtmlCache Behavior ::run [ RunTime:0.000363s ]
INFO: ShowRuntime Behavior ::run [ RunTime:0.000576s ]
INFO: [ view_filter ] --END-- [ RunTime:0.002209s ]
INFO: [ view_end ] --START--
INFO: ShowPageTrace Behavior ::run [ RunTime:0.000782s ]
INFO: [ view_end ] --END-- [ RunTime:0.000848s ]

[ 2017-12-20T11:19:19+08:00 ] 127.0.0.1 /index.php?m=Keywords&a=Index
INFO: [ app_begin ] --START--
INFO: ReadHtmlCache Behavior ::run [ RunTime:0.000743s ]
INFO: [ app_begin ] --END-- [ RunTime:0.000848s ]
INFO: [ view_parse ] --START--
INFO: ParseTemplate Behavior ::run [ RunTime:0.010766s ]
INFO: [ view_parse ] --END-- [ RunTime:0.010867s ]
INFO: [ view_filter ] --START--
INFO: ContentReplace Behavior ::run [ RunTime:0.000560s ]
INFO: TokenBuild Behavior ::run [ RunTime:0.000521s ]
INFO: WriteHtmlCache Behavior ::run [ RunTime:0.000359s ]
INFO: ShowRuntime Behavior ::run [ RunTime:0.000599s ]
INFO: [ view_filter ] --END-- [ RunTime:0.002229s ]
INFO: [ view_end ] --START--
INFO: ShowPageTrace Behavior ::run [ RunTime:0.000810s ]
INFO: [ view_end ] --END-- [ RunTime:0.000878s ]

[ 2017-12-20T11:19:20+08:00 ] 127.0.0.1 /index.php?m=Keywords&a=Index
INFO: [ app_begin ] --START--
INFO: ReadHtmlCache Behavior ::run [ RunTime:0.000659s ]
INFO: [ app_begin ] --END-- [ RunTime:0.000744s ]
INFO: [ view_parse ] --START--
INFO: ParseTemplate Behavior ::run [ RunTime:0.009102s ]
INFO: [ view_parse ] --END-- [ RunTime:0.009190s ]
INFO: [ view_filter ] --START--
INFO: ContentReplace Behavior ::run [ RunTime:0.000309s ]
INFO: TokenBuild Behavior ::run [ RunTime:0.000305s ]
INFO: WriteHtmlCache Behavior ::run [ RunTime:0.000234s ]
INFO: ShowRuntime Behavior ::run [ RunTime:0.000328s ]
INFO: [ view_filter ] --END-- [ RunTime:0.001283s ]
INFO: [ view_end ] --START--
INFO: ShowPageTrace Behavior ::run [ RunTime:0.000447s ]
INFO: [ view_end ] --END-- [ RunTime:0.000484s ]

[ 2017-12-20T11:19:20+08:00 ] 127.0.0.1 /index.php?m=Keywords&a=Index
INFO: [ app_begin ] --START--
INFO: ReadHtmlCache Behavior ::run [ RunTime:0.000794s ]
INFO: [ app_begin ] --END-- [ RunTime:0.000901s ]
INFO: [ view_parse ] --START--
INFO: ParseTemplate Behavior ::run [ RunTime:0.007160s ]
INFO: [ view_parse ] --END-- [ RunTime:0.007246s ]
INFO: [ view_filter ] --START--
INFO: ContentReplace Behavior ::run [ RunTime:0.000349s ]
INFO: TokenBuild Behavior ::run [ RunTime:0.000353s ]
INFO: WriteHtmlCache Behavior ::run [ RunTime:0.000390s ]
INFO: ShowRuntime Behavior ::run [ RunTime:0.000423s ]
INFO: [ view_filter ] --END-- [ RunTime:0.001658s ]
INFO: [ view_end ] --START--
INFO: ShowPageTrace Behavior ::run [ RunTime:0.000598s ]
INFO: [ view_end ] --END-- [ RunTime:0.000660s ]

[ 2017-12-20T11:19:41+08:00 ] 127.0.0.1 /index.php?m=Keywords&a=Index
INFO: [ app_begin ] --START--
INFO: ReadHtmlCache Behavior ::run [ RunTime:0.000941s ]
INFO: [ app_begin ] --END-- [ RunTime:0.001062s ]
INFO: [ view_parse ] --START--
INFO: ParseTemplate Behavior ::run [ RunTime:0.005837s ]
INFO: [ view_parse ] --END-- [ RunTime:0.005909s ]
INFO: [ view_filter ] --START--
INFO: ContentReplace Behavior ::run [ RunTime:0.000341s ]
INFO: TokenBuild Behavior ::run [ RunTime:0.000321s ]
INFO: WriteHtmlCache Behavior ::run [ RunTime:0.000396s ]
INFO: ShowRuntime Behavior ::run [ RunTime:0.000932s ]
INFO: [ view_filter ] --END-- [ RunTime:0.002359s ]
INFO: [ view_end ] --START--
INFO: ShowPageTrace Behavior ::run [ RunTime:0.000630s ]
INFO: [ view_end ] --END-- [ RunTime:0.000692s ]

[ 2017-12-20T13:20:36+08:00 ] 127.0.0.1 /index.php?m=Keywords&a=Index
INFO: [ app_begin ] --START--
INFO: ReadHtmlCache Behavior ::run [ RunTime:0.003108s ]
INFO: [ app_begin ] --END-- [ RunTime:0.003325s ]
INFO: [ view_parse ] --START--
INFO: ParseTemplate Behavior ::run [ RunTime:0.006264s ]
INFO: [ view_parse ] --END-- [ RunTime:0.006329s ]
INFO: [ view_filter ] --START--
INFO: ContentReplace Behavior ::run [ RunTime:0.000410s ]
INFO: TokenBuild Behavior ::run [ RunTime:0.000350s ]
INFO: WriteHtmlCache Behavior ::run [ RunTime:0.000280s ]
INFO: ShowRuntime Behavior ::run [ RunTime:0.000497s ]
INFO: [ view_filter ] --END-- [ RunTime:0.001666s ]
INFO: [ view_end ] --START--
INFO: ShowPageTrace Behavior ::run [ RunTime:0.000550s ]
INFO: [ view_end ] --END-- [ RunTime:0.000587s ]

[ 2017-12-20T13:20:40+08:00 ] 127.0.0.1 /index.php?m=Keywords&a=collect&keyword=%E7%BE%8E%E7%99%BD
INFO: [ app_begin ] --START--
INFO: ReadHtmlCache Behavior ::run [ RunTime:0.000779s ]
INFO: [ app_begin ] --END-- [ RunTime:0.000883s ]

[ 2017-12-20T13:20:42+08:00 ] 127.0.0.1 /index.php?m=Keywords&a=collect&keyword=%E6%80%8E%E6%A0%B7%E5%85%A8%E8%BA%AB%E6%B0%B8%E4%B9%85%E7%BE%8E%E7%99%BD%E5%81%8F%E6%96%B9
INFO: [ app_begin ] --START--
INFO: ReadHtmlCache Behavior ::run [ RunTime:0.000503s ]
INFO: [ app_begin ] --END-- [ RunTime:0.000568s ]

[ 2017-12-20T13:20:45+08:00 ] 127.0.0.1 /index.php?m=Keywords&a=collect&keyword=%E5%A4%A9%E7%94%9F%E9%BB%91%E5%BF%AB%E9%80%9F%E7%BE%8E%E7%99%BD%E7%9A%84%E6%96%B9%E6%B3%95
INFO: [ app_begin ] --START--
INFO: ReadHtmlCache Behavior ::run [ RunTime:0.000783s ]
INFO: [ app_begin ] --END-- [ RunTime:0.000874s ]

[ 2017-12-20T13:20:46+08:00 ] 127.0.0.1 /index.php?m=Keywords&a=collect&keyword=%E7%AE%80%E5%8D%95%E6%9C%89%E6%95%88%E7%BE%8E%E7%99%BD%E6%96%B9%E6%B3%95
INFO: [ app_begin ] --START--
INFO: ReadHtmlCache Behavior ::run [ RunTime:0.000493s ]
INFO: [ app_begin ] --END-- [ RunTime:0.000561s ]

[ 2017-12-20T13:20:46+08:00 ] 127.0.0.1 /index.php?m=Keywords&a=Index
INFO: [ app_begin ] --START--
INFO: ReadHtmlCache Behavior ::run [ RunTime:0.000713s ]
INFO: [ app_begin ] --END-- [ RunTime:0.000792s ]
INFO: [ view_parse ] --START--
INFO: ParseTemplate Behavior ::run [ RunTime:0.016659s ]
INFO: [ view_parse ] --END-- [ RunTime:0.016768s ]
INFO: [ view_filter ] --START--
INFO: ContentReplace Behavior ::run [ RunTime:0.000734s ]
INFO: TokenBuild Behavior ::run [ RunTime:0.000675s ]
INFO: WriteHtmlCache Behavior ::run [ RunTime:0.000557s ]
INFO: ShowRuntime Behavior ::run [ RunTime:0.000814s ]
INFO: [ view_filter ] --END-- [ RunTime:0.003006s ]
INFO: [ view_end ] --START--
INFO: ShowPageTrace Behavior ::run [ RunTime:0.001094s ]
INFO: [ view_end ] --END-- [ RunTime:0.001181s ]

[ 2017-12-20T13:21:12+08:00 ] 127.0.0.1 /index.php?m=Keywords&a=Index
INFO: [ app_begin ] --START--
INFO: ReadHtmlCache Behavior ::run [ RunTime:0.000680s ]
INFO: [ app_begin ] --END-- [ RunTime:0.000773s ]
INFO: [ view_parse ] --START--
INFO: ParseTemplate Behavior ::run [ RunTime:0.007238s ]
INFO: [ view_parse ] --END-- [ RunTime:0.007318s ]
INFO: [ view_filter ] --START--
INFO: ContentReplace Behavior ::run [ RunTime:0.000406s ]
INFO: TokenBuild Behavior ::run [ RunTime:0.000354s ]
INFO: WriteHtmlCache Behavior ::run [ RunTime:0.000282s ]
INFO: ShowRuntime Behavior ::run [ RunTime:0.000384s ]
INFO: [ view_filter ] --END-- [ RunTime:0.001564s ]
INFO: [ view_end ] --START--
INFO: ShowPageTrace Behavior ::run [ RunTime:0.000668s ]
INFO: [ view_end ] --END-- [ RunTime:0.000730s ]

[ 2017-12-20T13:21:16+08:00 ] 127.0.0.1 /index.php?m=Keywords&a=collect&keyword=%E7%BE%8E%E7%99%BD
INFO: [ app_begin ] --START--
INFO: ReadHtmlCache Behavior ::run [ RunTime:0.000770s ]
INFO: [ app_begin ] --END-- [ RunTime:0.000865s ]

[ 2017-12-20T13:21:18+08:00 ] 127.0.0.1 /index.php?m=Keywords&a=collect&keyword=%E6%80%8E%E6%A0%B7%E5%85%A8%E8%BA%AB%E6%B0%B8%E4%B9%85%E7%BE%8E%E7%99%BD%E5%81%8F%E6%96%B9
INFO: [ app_begin ] --START--
INFO: ReadHtmlCache Behavior ::run [ RunTime:0.000756s ]
INFO: [ app_begin ] --END-- [ RunTime:0.000849s ]

[ 2017-12-20T13:21:20+08:00 ] 127.0.0.1 /index.php?m=Keywords&a=collect&keyword=%E5%A4%A9%E7%94%9F%E9%BB%91%E5%BF%AB%E9%80%9F%E7%BE%8E%E7%99%BD%E7%9A%84%E6%96%B9%E6%B3%95
INFO: [ app_begin ] --START--
INFO: ReadHtmlCache Behavior ::run [ RunTime:0.001218s ]
INFO: [ app_begin ] --END-- [ RunTime:0.001362s ]

[ 2017-12-20T13:21:22+08:00 ] 127.0.0.1 /index.php?m=Keywords&a=collect&keyword=%E7%AE%80%E5%8D%95%E6%9C%89%E6%95%88%E7%BE%8E%E7%99%BD%E6%96%B9%E6%B3%95
INFO: [ app_begin ] --START--
INFO: ReadHtmlCache Behavior ::run [ RunTime:0.000793s ]
INFO: [ app_begin ] --END-- [ RunTime:0.000892s ]

[ 2017-12-20T13:21:24+08:00 ] 127.0.0.1 /index.php?m=Keywords&a=collect&keyword=%E5%85%A8%E8%BA%AB%E7%BE%8E%E7%99%BD%E7%9A%84%E6%96%B9%E6%B3%95%E5%B0%8F%E7%AA%8D%E9%97%A8
INFO: [ app_begin ] --START--
INFO: ReadHtmlCache Behavior ::run [ RunTime:0.000713s ]
INFO: [ app_begin ] --END-- [ RunTime:0.000808s ]

[ 2017-12-20T13:21:26+08:00 ] 127.0.0.1 /index.php?m=Keywords&a=collect&keyword=%E7%BE%8E%E7%99%BD%E9%A3%9F%E7%89%A9%E6%8E%92%E8%A1%8C%E6%A6%9C10%E5%BC%BA
INFO: [ app_begin ] --START--
INFO: ReadHtmlCache Behavior ::run [ RunTime:0.001113s ]
INFO: [ app_begin ] --END-- [ RunTime:0.001241s ]

[ 2017-12-20T13:21:28+08:00 ] 127.0.0.1 /index.php?m=Keywords&a=collect&keyword=%E4%B8%80%E5%91%A8%E5%BF%AB%E9%80%9F%E7%BE%8E%E7%99%BD%E5%B0%8F%E5%A6%99%E6%8B%9B
INFO: [ app_begin ] --START--
INFO: ReadHtmlCache Behavior ::run [ RunTime:0.000608s ]
INFO: [ app_begin ] --END-- [ RunTime:0.000679s ]

[ 2017-12-20T13:21:30+08:00 ] 127.0.0.1 /index.php?m=Keywords&a=collect&keyword=%E7%BE%8E%E7%99%BD%E8%A6%81%E5%A4%9A%E5%B0%91%E9%92%B1
INFO: [ app_begin ] --START--
INFO: ReadHtmlCache Behavior ::run [ RunTime:0.000578s ]
INFO: [ app_begin ] --END-- [ RunTime:0.000654s ]

[ 2017-12-20T13:21:32+08:00 ] 127.0.0.1 /index.php?m=Keywords&a=collect&keyword=%E7%BE%8E%E7%99%BD%E7%9A%84%E5%A5%BD%E6%96%B9%E6%B3%95
INFO: [ app_begin ] --START--
INFO: ReadHtmlCache Behavior ::run [ RunTime:0.000950s ]
INFO: [ app_begin ] --END-- [ RunTime:0.001079s ]

[ 2017-12-20T13:21:34+08:00 ] 127.0.0.1 /index.php?m=Keywords&a=collect&keyword=%E5%92%8B%E6%A0%B7%E7%BE%8E%E7%99%BD%E7%9A%AE%E8%82%A4
INFO: [ app_begin ] --START--
INFO: ReadHtmlCache Behavior ::run [ RunTime:0.000870s ]
INFO: [ app_begin ] --END-- [ RunTime:0.000984s ]

[ 2017-12-20T13:21:36+08:00 ] 127.0.0.1 /index.php?m=Keywords&a=collect&keyword=%E4%BB%80%E4%B9%88%E5%81%8F%E6%96%B9%E5%8F%AF%E4%BB%A5%E7%BE%8E%E7%99%BD%E5%85%A8%E8%BA%AB
INFO: [ app_begin ] --START--
INFO: ReadHtmlCache Behavior ::run [ RunTime:0.000498s ]
INFO: [ app_begin ] --END-- [ RunTime:0.000563s ]

[ 2017-12-20T13:21:38+08:00 ] 127.0.0.1 /index.php?m=Keywords&a=collect&keyword=%E5%85%A8%E8%BA%AB%E7%BE%8E%E7%99%BD%E7%9A%84%E6%9C%89%E6%95%88%E4%BA%A7%E5%93%81
INFO: [ app_begin ] --START--
INFO: ReadHtmlCache Behavior ::run [ RunTime:0.000512s ]
INFO: [ app_begin ] --END-- [ RunTime:0.000594s ]

[ 2017-12-20T13:21:40+08:00 ] 127.0.0.1 /index.php?m=Keywords&a=collect&keyword=%E4%B8%AD%E8%8D%AF%E5%85%A8%E8%BA%AB%E7%BE%8E%E7%99%BD%E7%9A%84%E5%81%8F%E6%96%B9
INFO: [ app_begin ] --START--
INFO: ReadHtmlCache Behavior ::run [ RunTime:0.000805s ]
INFO: [ app_begin ] --END-- [ RunTime:0.000912s ]

[ 2017-12-20T13:21:41+08:00 ] 127.0.0.1 /index.php?m=Keywords&a=collect&keyword=%E4%BB%80%E4%B9%88%E6%96%B9%E6%B3%95%E5%8F%AF%E4%BB%A5%E5%85%A8%E8%BA%AB%E7%BE%8E%E7%99%BD
INFO: [ app_begin ] --START--
INFO: ReadHtmlCache Behavior ::run [ RunTime:0.001272s ]
INFO: [ app_begin ] --END-- [ RunTime:0.001389s ]

[ 2017-12-20T13:21:42+08:00 ] 127.0.0.1 /index.php?m=Keywords&a=collect&keyword=%E6%80%8E%E4%B9%88%E5%85%A8%E8%BA%AB%E7%BE%8E%E7%99%BD%E6%9C%80%E6%9C%89%E6%95%88
INFO: [ app_begin ] --START--
INFO: ReadHtmlCache Behavior ::run [ RunTime:0.001165s ]
INFO: [ app_begin ] --END-- [ RunTime:0.001305s ]

[ 2017-12-20T13:21:43+08:00 ] 127.0.0.1 /index.php?m=Keywords&a=collect&keyword=%E6%80%8E%E6%A0%B7%E6%89%8D%E8%83%BD%E7%BE%8E%E7%99%BD%E5%85%A8%E8%BA%AB
INFO: [ app_begin ] --START--
INFO: ReadHtmlCache Behavior ::run [ RunTime:0.001074s ]
INFO: [ app_begin ] --END-- [ RunTime:0.001183s ]

[ 2017-12-20T13:21:43+08:00 ] 127.0.0.1 /index.php?m=Keywords&a=Index
INFO: [ app_begin ] --START--
INFO: ReadHtmlCache Behavior ::run [ RunTime:0.000662s ]
INFO: [ app_begin ] --END-- [ RunTime:0.000744s ]
INFO: [ view_parse ] --START--
INFO: ParseTemplate Behavior ::run [ RunTime:0.010964s ]
INFO: [ view_parse ] --END-- [ RunTime:0.011062s ]
INFO: [ view_filter ] --START--
INFO: ContentReplace Behavior ::run [ RunTime:0.000728s ]
INFO: TokenBuild Behavior ::run [ RunTime:0.000655s ]
INFO: WriteHtmlCache Behavior ::run [ RunTime:0.000522s ]
INFO: ShowRuntime Behavior ::run [ RunTime:0.000652s ]
INFO: [ view_filter ] --END-- [ RunTime:0.002809s ]
INFO: [ view_end ] --START--
INFO: ShowPageTrace Behavior ::run [ RunTime:0.000712s ]
INFO: [ view_end ] --END-- [ RunTime:0.000771s ]

[ 2017-12-20T13:21:45+08:00 ] 127.0.0.1 /index.php?m=Keywords&a=collect&keyword=%E7%9A%AE%E8%82%A4%E9%BB%91%E7%94%A8%E4%BB%80%E4%B9%88%E5%8F%AF%E4%BB%A5%E7%BE%8E%E7%99%BD
INFO: [ app_begin ] --START--
INFO: ReadHtmlCache Behavior ::run [ RunTime:0.000853s ]
INFO: [ app_begin ] --END-- [ RunTime:0.000968s ]

[ 2017-12-20T13:21:46+08:00 ] 127.0.0.1 /index.php?m=Keywords&a=collect&keyword=%E5%A4%A9%E7%94%9F%E9%BB%91%E7%9A%AE%E8%82%A4%E8%83%BD%E5%8F%98%E7%99%BD%E5%90%97%E5%A5%B3
INFO: [ app_begin ] --START--
INFO: ReadHtmlCache Behavior ::run [ RunTime:0.000668s ]
INFO: [ app_begin ] --END-- [ RunTime:0.000729s ]

[ 2017-12-20T13:43:11+08:00 ] 127.0.0.1 /index.php?m=Keywords&a=Index
INFO: [ app_begin ] --START--
INFO: ReadHtmlCache Behavior ::run [ RunTime:0.000591s ]
INFO: [ app_begin ] --END-- [ RunTime:0.000656s ]
INFO: [ view_parse ] --START--
INFO: ParseTemplate Behavior ::run [ RunTime:0.006945s ]
INFO: [ view_parse ] --END-- [ RunTime:0.007004s ]
INFO: [ view_filter ] --START--
INFO: ContentReplace Behavior ::run [ RunTime:0.000430s ]
INFO: TokenBuild Behavior ::run [ RunTime:0.000416s ]
INFO: WriteHtmlCache Behavior ::run [ RunTime:0.000318s ]
INFO: ShowRuntime Behavior ::run [ RunTime:0.000463s ]
INFO: [ view_filter ] --END-- [ RunTime:0.001762s ]
INFO: [ view_end ] --START--
INFO: ShowPageTrace Behavior ::run [ RunTime:0.001033s ]
INFO: [ view_end ] --END-- [ RunTime:0.001113s ]

[ 2017-12-20T13:43:14+08:00 ] 127.0.0.1 /index.php?m=Keywords&a=collect&keyword=%E7%BE%8E%E7%99%BD
INFO: [ app_begin ] --START--
INFO: ReadHtmlCache Behavior ::run [ RunTime:0.001073s ]
INFO: [ app_begin ] --END-- [ RunTime:0.001205s ]

[ 2017-12-20T13:43:17+08:00 ] 127.0.0.1 /index.php?m=Keywords&a=collect&keyword=%E6%80%8E%E6%A0%B7%E5%85%A8%E8%BA%AB%E6%B0%B8%E4%B9%85%E7%BE%8E%E7%99%BD%E5%81%8F%E6%96%B9
INFO: [ app_begin ] --START--
INFO: ReadHtmlCache Behavior ::run [ RunTime:0.001163s ]
INFO: [ app_begin ] --END-- [ RunTime:0.001297s ]

[ 2017-12-20T13:44:20+08:00 ] 127.0.0.1 /index.php?m=Keywords&a=Index
INFO: [ app_begin ] --START--
INFO: ReadHtmlCache Behavior ::run [ RunTime:0.000447s ]
INFO: [ app_begin ] --END-- [ RunTime:0.000509s ]
INFO: [ view_parse ] --START--
INFO: ParseTemplate Behavior ::run [ RunTime:0.010237s ]
INFO: [ view_parse ] --END-- [ RunTime:0.010340s ]
INFO: [ view_filter ] --START--
INFO: ContentReplace Behavior ::run [ RunTime:0.000619s ]
INFO: TokenBuild Behavior ::run [ RunTime:0.000554s ]
INFO: WriteHtmlCache Behavior ::run [ RunTime:0.001188s ]
INFO: ShowRuntime Behavior ::run [ RunTime:0.000418s ]
INFO: [ view_filter ] --END-- [ RunTime:0.003097s ]
INFO: [ view_end ] --START--
INFO: ShowPageTrace Behavior ::run [ RunTime:0.000511s ]
INFO: [ view_end ] --END-- [ RunTime:0.000555s ]

[ 2017-12-20T13:44:25+08:00 ] 127.0.0.1 /index.php?m=Keywords&a=collect&keyword=%E7%BE%8E%E7%99%BD
INFO: [ app_begin ] --START--
INFO: ReadHtmlCache Behavior ::run [ RunTime:0.000757s ]
INFO: [ app_begin ] --END-- [ RunTime:0.000857s ]

[ 2017-12-20T13:44:26+08:00 ] 127.0.0.1 /index.php?m=Keywords&a=collect&keyword=%E6%80%8E%E6%A0%B7%E5%85%A8%E8%BA%AB%E6%B0%B8%E4%B9%85%E7%BE%8E%E7%99%BD%E5%81%8F%E6%96%B9
INFO: [ app_begin ] --START--
INFO: ReadHtmlCache Behavior ::run [ RunTime:0.001314s ]
INFO: [ app_begin ] --END-- [ RunTime:0.001484s ]

[ 2017-12-20T13:44:28+08:00 ] 127.0.0.1 /index.php?m=Keywords&a=collect&keyword=%E5%A4%A9%E7%94%9F%E9%BB%91%E5%BF%AB%E9%80%9F%E7%BE%8E%E7%99%BD%E7%9A%84%E6%96%B9%E6%B3%95
INFO: [ app_begin ] --START--
INFO: ReadHtmlCache Behavior ::run [ RunTime:0.000757s ]
INFO: [ app_begin ] --END-- [ RunTime:0.000886s ]

[ 2017-12-20T13:44:31+08:00 ] 127.0.0.1 /index.php?m=Keywords&a=collect&keyword=%E7%AE%80%E5%8D%95%E6%9C%89%E6%95%88%E7%BE%8E%E7%99%BD%E6%96%B9%E6%B3%95
INFO: [ app_begin ] --START--
INFO: ReadHtmlCache Behavior ::run [ RunTime:0.000790s ]
INFO: [ app_begin ] --END-- [ RunTime:0.000898s ]

[ 2017-12-20T13:44:40+08:00 ] 127.0.0.1 /index.php?m=Keywords&a=collect&keyword=%E5%85%A8%E8%BA%AB%E7%BE%8E%E7%99%BD%E7%9A%84%E6%96%B9%E6%B3%95%E5%B0%8F%E7%AA%8D%E9%97%A8
INFO: [ app_begin ] --START--
INFO: ReadHtmlCache Behavior ::run [ RunTime:0.002610s ]
INFO: [ app_begin ] --END-- [ RunTime:0.007381s ]

[ 2017-12-20T13:44:41+08:00 ] 127.0.0.1 /index.php?m=Keywords&a=collect&keyword=%E7%BE%8E%E7%99%BD%E9%A3%9F%E7%89%A9%E6%8E%92%E8%A1%8C%E6%A6%9C10%E5%BC%BA
INFO: [ app_begin ] --START--
INFO: ReadHtmlCache Behavior ::run [ RunTime:0.000731s ]
INFO: [ app_begin ] --END-- [ RunTime:0.000835s ]

[ 2017-12-20T13:44:41+08:00 ] 127.0.0.1 /index.php?m=Keywords&a=Index
INFO: [ app_begin ] --START--
INFO: ReadHtmlCache Behavior ::run [ RunTime:0.001046s ]
INFO: [ app_begin ] --END-- [ RunTime:0.001189s ]
INFO: [ view_parse ] --START--
INFO: ParseTemplate Behavior ::run [ RunTime:0.011245s ]
INFO: [ view_parse ] --END-- [ RunTime:0.011333s ]
INFO: [ view_filter ] --START--
INFO: ContentReplace Behavior ::run [ RunTime:0.000758s ]
INFO: TokenBuild Behavior ::run [ RunTime:0.000733s ]
INFO: WriteHtmlCache Behavior ::run [ RunTime:0.000489s ]
INFO: ShowRuntime Behavior ::run [ RunTime:0.000790s ]
INFO: [ view_filter ] --END-- [ RunTime:0.002989s ]
INFO: [ view_end ] --START--
INFO: ShowPageTrace Behavior ::run [ RunTime:0.000994s ]
INFO: [ view_end ] --END-- [ RunTime:0.001096s ]

[ 2017-12-20T13:55:01+08:00 ] 127.0.0.1 /index.php?m=Keywords&a=Index
INFO: [ app_begin ] --START--
INFO: ReadHtmlCache Behavior ::run [ RunTime:0.000576s ]
INFO: [ app_begin ] --END-- [ RunTime:0.000642s ]
INFO: [ view_parse ] --START--
INFO: ParseTemplate Behavior ::run [ RunTime:0.006619s ]
INFO: [ view_parse ] --END-- [ RunTime:0.006675s ]
INFO: [ view_filter ] --START--
INFO: ContentReplace Behavior ::run [ RunTime:0.000372s ]
INFO: TokenBuild Behavior ::run [ RunTime:0.000387s ]
INFO: WriteHtmlCache Behavior ::run [ RunTime:0.000286s ]
INFO: ShowRuntime Behavior ::run [ RunTime:0.000437s ]
INFO: [ view_filter ] --END-- [ RunTime:0.001594s ]
INFO: [ view_end ] --START--
INFO: ShowPageTrace Behavior ::run [ RunTime:0.000520s ]
INFO: [ view_end ] --END-- [ RunTime:0.000558s ]

[ 2017-12-20T13:55:05+08:00 ] 127.0.0.1 /index.php?m=Keywords&a=collect&keyword=%E7%BE%8E%E7%99%BD
INFO: [ app_begin ] --START--
INFO: ReadHtmlCache Behavior ::run [ RunTime:0.000507s ]
INFO: [ app_begin ] --END-- [ RunTime:0.000574s ]

[ 2017-12-20T13:55:07+08:00 ] 127.0.0.1 /index.php?m=Keywords&a=collect&keyword=%E6%80%8E%E6%A0%B7%E5%85%A8%E8%BA%AB%E6%B0%B8%E4%B9%85%E7%BE%8E%E7%99%BD%E5%81%8F%E6%96%B9
INFO: [ app_begin ] --START--
INFO: ReadHtmlCache Behavior ::run [ RunTime:0.000513s ]
INFO: [ app_begin ] --END-- [ RunTime:0.000576s ]

[ 2017-12-20T13:55:09+08:00 ] 127.0.0.1 /index.php?m=Keywords&a=collect&keyword=%E5%A4%A9%E7%94%9F%E9%BB%91%E5%BF%AB%E9%80%9F%E7%BE%8E%E7%99%BD%E7%9A%84%E6%96%B9%E6%B3%95
INFO: [ app_begin ] --START--
INFO: ReadHtmlCache Behavior ::run [ RunTime:0.000963s ]
INFO: [ app_begin ] --END-- [ RunTime:0.001085s ]

[ 2017-12-20T13:55:11+08:00 ] 127.0.0.1 /index.php?m=Keywords&a=collect&keyword=%E7%AE%80%E5%8D%95%E6%9C%89%E6%95%88%E7%BE%8E%E7%99%BD%E6%96%B9%E6%B3%95
INFO: [ app_begin ] --START--
INFO: ReadHtmlCache Behavior ::run [ RunTime:0.000494s ]
INFO: [ app_begin ] --END-- [ RunTime:0.000556s ]

[ 2017-12-20T13:55:13+08:00 ] 127.0.0.1 /index.php?m=Keywords&a=collect&keyword=%E5%85%A8%E8%BA%AB%E7%BE%8E%E7%99%BD%E7%9A%84%E6%96%B9%E6%B3%95%E5%B0%8F%E7%AA%8D%E9%97%A8
INFO: [ app_begin ] --START--
INFO: ReadHtmlCache Behavior ::run [ RunTime:0.000602s ]
INFO: [ app_begin ] --END-- [ RunTime:0.000680s ]

[ 2017-12-20T13:55:15+08:00 ] 127.0.0.1 /index.php?m=Keywords&a=collect&keyword=%E7%BE%8E%E7%99%BD%E9%A3%9F%E7%89%A9%E6%8E%92%E8%A1%8C%E6%A6%9C10%E5%BC%BA
INFO: [ app_begin ] --START--
INFO: ReadHtmlCache Behavior ::run [ RunTime:0.000717s ]
INFO: [ app_begin ] --END-- [ RunTime:0.000805s ]

[ 2017-12-20T13:55:17+08:00 ] 127.0.0.1 /index.php?m=Keywords&a=collect&keyword=%E4%B8%80%E5%91%A8%E5%BF%AB%E9%80%9F%E7%BE%8E%E7%99%BD%E5%B0%8F%E5%A6%99%E6%8B%9B
INFO: [ app_begin ] --START--
INFO: ReadHtmlCache Behavior ::run [ RunTime:0.000482s ]
INFO: [ app_begin ] --END-- [ RunTime:0.000546s ]

[ 2017-12-20T13:55:19+08:00 ] 127.0.0.1 /index.php?m=Keywords&a=collect&keyword=%E7%BE%8E%E7%99%BD%E8%A6%81%E5%A4%9A%E5%B0%91%E9%92%B1
INFO: [ app_begin ] --START--
INFO: ReadHtmlCache Behavior ::run [ RunTime:0.000721s ]
INFO: [ app_begin ] --END-- [ RunTime:0.000808s ]

[ 2017-12-20T13:55:21+08:00 ] 127.0.0.1 /index.php?m=Keywords&a=collect&keyword=%E7%BE%8E%E7%99%BD%E7%9A%84%E5%A5%BD%E6%96%B9%E6%B3%95
INFO: [ app_begin ] --START--
INFO: ReadHtmlCache Behavior ::run [ RunTime:0.000483s ]
INFO: [ app_begin ] --END-- [ RunTime:0.000545s ]

[ 2017-12-20T13:55:23+08:00 ] 127.0.0.1 /index.php?m=Keywords&a=collect&keyword=%E5%92%8B%E6%A0%B7%E7%BE%8E%E7%99%BD%E7%9A%AE%E8%82%A4
INFO: [ app_begin ] --START--
INFO: ReadHtmlCache Behavior ::run [ RunTime:0.000616s ]
INFO: [ app_begin ] --END-- [ RunTime:0.000691s ]

[ 2017-12-20T13:55:25+08:00 ] 127.0.0.1 /index.php?m=Keywords&a=collect&keyword=%E4%BB%80%E4%B9%88%E5%81%8F%E6%96%B9%E5%8F%AF%E4%BB%A5%E7%BE%8E%E7%99%BD%E5%85%A8%E8%BA%AB
INFO: [ app_begin ] --START--
INFO: ReadHtmlCache Behavior ::run [ RunTime:0.000585s ]
INFO: [ app_begin ] --END-- [ RunTime:0.000659s ]

[ 2017-12-20T13:55:32+08:00 ] 127.0.0.1 /index.php?m=Keywords&a=collect&keyword=%E5%85%A8%E8%BA%AB%E7%BE%8E%E7%99%BD%E7%9A%84%E6%9C%89%E6%95%88%E4%BA%A7%E5%93%81
INFO: [ app_begin ] --START--
INFO: ReadHtmlCache Behavior ::run [ RunTime:0.000626s ]
INFO: [ app_begin ] --END-- [ RunTime:0.000710s ]

[ 2017-12-20T13:55:34+08:00 ] 127.0.0.1 /index.php?m=Keywords&a=collect&keyword=%E4%B8%AD%E8%8D%AF%E5%85%A8%E8%BA%AB%E7%BE%8E%E7%99%BD%E7%9A%84%E5%81%8F%E6%96%B9
INFO: [ app_begin ] --START--
INFO: ReadHtmlCache Behavior ::run [ RunTime:0.000778s ]
INFO: [ app_begin ] --END-- [ RunTime:0.000874s ]

[ 2017-12-20T13:55:37+08:00 ] 127.0.0.1 /index.php?m=Keywords&a=collect&keyword=%E4%BB%80%E4%B9%88%E6%96%B9%E6%B3%95%E5%8F%AF%E4%BB%A5%E5%85%A8%E8%BA%AB%E7%BE%8E%E7%99%BD
INFO: [ app_begin ] --START--
INFO: ReadHtmlCache Behavior ::run [ RunTime:0.000484s ]
INFO: [ app_begin ] --END-- [ RunTime:0.000546s ]

[ 2017-12-20T13:57:57+08:00 ] 127.0.0.1 /index.php?m=Keywords&a=Index
INFO: [ app_begin ] --START--
INFO: ReadHtmlCache Behavior ::run [ RunTime:0.000855s ]
INFO: [ app_begin ] --END-- [ RunTime:0.000943s ]
INFO: [ view_parse ] --START--
INFO: ParseTemplate Behavior ::run [ RunTime:0.016498s ]
INFO: [ view_parse ] --END-- [ RunTime:0.016597s ]
INFO: [ view_filter ] --START--
INFO: ContentReplace Behavior ::run [ RunTime:0.000698s ]
INFO: TokenBuild Behavior ::run [ RunTime:0.000626s ]
INFO: WriteHtmlCache Behavior ::run [ RunTime:0.000466s ]
INFO: ShowRuntime Behavior ::run [ RunTime:0.000663s ]
INFO: [ view_filter ] --END-- [ RunTime:0.002655s ]
INFO: [ view_end ] --START--
INFO: ShowPageTrace Behavior ::run [ RunTime:0.000892s ]
INFO: [ view_end ] --END-- [ RunTime:0.000957s ]

[ 2017-12-20T13:58:01+08:00 ] 127.0.0.1 /index.php?m=Keywords&a=collect&keyword=%E7%BE%8E%E7%99%BD
INFO: [ app_begin ] --START--
INFO: ReadHtmlCache Behavior ::run [ RunTime:0.000771s ]
INFO: [ app_begin ] --END-- [ RunTime:0.000868s ]

[ 2017-12-20T13:58:03+08:00 ] 127.0.0.1 /index.php?m=Keywords&a=collect&keyword=%E6%80%8E%E6%A0%B7%E5%85%A8%E8%BA%AB%E6%B0%B8%E4%B9%85%E7%BE%8E%E7%99%BD%E5%81%8F%E6%96%B9
INFO: [ app_begin ] --START--
INFO: ReadHtmlCache Behavior ::run [ RunTime:0.000812s ]
INFO: [ app_begin ] --END-- [ RunTime:0.000907s ]

[ 2017-12-20T13:58:05+08:00 ] 127.0.0.1 /index.php?m=Keywords&a=collect&keyword=%E5%A4%A9%E7%94%9F%E9%BB%91%E5%BF%AB%E9%80%9F%E7%BE%8E%E7%99%BD%E7%9A%84%E6%96%B9%E6%B3%95
INFO: [ app_begin ] --START--
INFO: ReadHtmlCache Behavior ::run [ RunTime:0.000743s ]
INFO: [ app_begin ] --END-- [ RunTime:0.000837s ]

[ 2017-12-20T13:58:05+08:00 ] 127.0.0.1 /index.php?m=Keywords&a=Index
INFO: [ app_begin ] --START--
INFO: ReadHtmlCache Behavior ::run [ RunTime:0.001005s ]
INFO: [ app_begin ] --END-- [ RunTime:0.001109s ]
INFO: [ view_parse ] --START--
INFO: ParseTemplate Behavior ::run [ RunTime:0.009795s ]
INFO: [ view_parse ] --END-- [ RunTime:0.009887s ]
INFO: [ view_filter ] --START--
INFO: ContentReplace Behavior ::run [ RunTime:0.000381s ]
INFO: TokenBuild Behavior ::run [ RunTime:0.000353s ]
INFO: WriteHtmlCache Behavior ::run [ RunTime:0.000311s ]
INFO: ShowRuntime Behavior ::run [ RunTime:0.000401s ]
INFO: [ view_filter ] --END-- [ RunTime:0.001558s ]
INFO: [ view_end ] --START--
INFO: ShowPageTrace Behavior ::run [ RunTime:0.000551s ]
INFO: [ view_end ] --END-- [ RunTime:0.000589s ]

[ 2017-12-20T13:58:28+08:00 ] 127.0.0.1 /index.php?m=Keywords&a=Index
INFO: [ app_begin ] --START--
INFO: ReadHtmlCache Behavior ::run [ RunTime:0.000848s ]
INFO: [ app_begin ] --END-- [ RunTime:0.000963s ]
INFO: [ view_parse ] --START--
INFO: ParseTemplate Behavior ::run [ RunTime:0.008410s ]
INFO: [ view_parse ] --END-- [ RunTime:0.008510s ]
INFO: [ view_filter ] --START--
INFO: ContentReplace Behavior ::run [ RunTime:0.000502s ]
INFO: TokenBuild Behavior ::run [ RunTime:0.000402s ]
INFO: WriteHtmlCache Behavior ::run [ RunTime:0.000444s ]
INFO: ShowRuntime Behavior ::run [ RunTime:0.000645s ]
INFO: [ view_filter ] --END-- [ RunTime:0.002185s ]
INFO: [ view_end ] --START--
INFO: ShowPageTrace Behavior ::run [ RunTime:0.000765s ]
INFO: [ view_end ] --END-- [ RunTime:0.000836s ]

[ 2017-12-20T13:58:32+08:00 ] 127.0.0.1 /index.php?m=Keywords&a=collect&keyword=%E7%BE%8E%E7%99%BD
INFO: [ app_begin ] --START--
INFO: ReadHtmlCache Behavior ::run [ RunTime:0.001047s ]
INFO: [ app_begin ] --END-- [ RunTime:0.001153s ]

[ 2017-12-20T13:58:34+08:00 ] 127.0.0.1 /index.php?m=Keywords&a=collect&keyword=%E6%80%8E%E6%A0%B7%E5%85%A8%E8%BA%AB%E6%B0%B8%E4%B9%85%E7%BE%8E%E7%99%BD%E5%81%8F%E6%96%B9
INFO: [ app_begin ] --START--
INFO: ReadHtmlCache Behavior ::run [ RunTime:0.000693s ]
INFO: [ app_begin ] --END-- [ RunTime:0.000773s ]

[ 2017-12-20T13:58:36+08:00 ] 127.0.0.1 /index.php?m=Keywords&a=collect&keyword=%E5%A4%A9%E7%94%9F%E9%BB%91%E5%BF%AB%E9%80%9F%E7%BE%8E%E7%99%BD%E7%9A%84%E6%96%B9%E6%B3%95
INFO: [ app_begin ] --START--
INFO: ReadHtmlCache Behavior ::run [ RunTime:0.001122s ]
INFO: [ app_begin ] --END-- [ RunTime:0.001719s ]

[ 2017-12-20T13:58:38+08:00 ] 127.0.0.1 /index.php?m=Keywords&a=collect&keyword=%E7%AE%80%E5%8D%95%E6%9C%89%E6%95%88%E7%BE%8E%E7%99%BD%E6%96%B9%E6%B3%95
INFO: [ app_begin ] --START--
INFO: ReadHtmlCache Behavior ::run [ RunTime:0.000717s ]
INFO: [ app_begin ] --END-- [ RunTime:0.000822s ]

[ 2017-12-20T13:58:40+08:00 ] 127.0.0.1 /index.php?m=Keywords&a=collect&keyword=%E5%85%A8%E8%BA%AB%E7%BE%8E%E7%99%BD%E7%9A%84%E6%96%B9%E6%B3%95%E5%B0%8F%E7%AA%8D%E9%97%A8
INFO: [ app_begin ] --START--
INFO: ReadHtmlCache Behavior ::run [ RunTime:0.000498s ]
INFO: [ app_begin ] --END-- [ RunTime:0.000562s ]

[ 2017-12-20T13:58:42+08:00 ] 127.0.0.1 /index.php?m=Keywords&a=collect&keyword=%E7%BE%8E%E7%99%BD%E9%A3%9F%E7%89%A9%E6%8E%92%E8%A1%8C%E6%A6%9C10%E5%BC%BA
INFO: [ app_begin ] --START--
INFO: ReadHtmlCache Behavior ::run [ RunTime:0.000718s ]
INFO: [ app_begin ] --END-- [ RunTime:0.000809s ]

[ 2017-12-20T13:58:44+08:00 ] 127.0.0.1 /index.php?m=Keywords&a=collect&keyword=%E4%B8%80%E5%91%A8%E5%BF%AB%E9%80%9F%E7%BE%8E%E7%99%BD%E5%B0%8F%E5%A6%99%E6%8B%9B
INFO: [ app_begin ] --START--
INFO: ReadHtmlCache Behavior ::run [ RunTime:0.000600s ]
INFO: [ app_begin ] --END-- [ RunTime:0.000680s ]

[ 2017-12-20T13:58:46+08:00 ] 127.0.0.1 /index.php?m=Keywords&a=collect&keyword=%E7%BE%8E%E7%99%BD%E8%A6%81%E5%A4%9A%E5%B0%91%E9%92%B1
INFO: [ app_begin ] --START--
INFO: ReadHtmlCache Behavior ::run [ RunTime:0.000624s ]
INFO: [ app_begin ] --END-- [ RunTime:0.000716s ]

[ 2017-12-20T13:58:49+08:00 ] 127.0.0.1 /index.php?m=Keywords&a=collect&keyword=%E7%BE%8E%E7%99%BD%E7%9A%84%E5%A5%BD%E6%96%B9%E6%B3%95
INFO: [ app_begin ] --START--
INFO: ReadHtmlCache Behavior ::run [ RunTime:0.000671s ]
INFO: [ app_begin ] --END-- [ RunTime:0.000751s ]

[ 2017-12-20T13:58:50+08:00 ] 127.0.0.1 /index.php?m=Keywords&a=collect&keyword=%E6%80%8E%E4%B9%88%E7%BE%8E%E7%99%BD%E8%84%B8%E9%83%A8%E7%9A%AE%E8%82%A4
INFO: [ app_begin ] --START--
INFO: ReadHtmlCache Behavior ::run [ RunTime:0.000752s ]
INFO: [ app_begin ] --END-- [ RunTime:0.000850s ]

[ 2017-12-20T13:58:52+08:00 ] 127.0.0.1 /index.php?m=Keywords&a=collect&keyword=%E4%BB%80%E4%B9%88%E5%81%8F%E6%96%B9%E5%8F%AF%E4%BB%A5%E7%BE%8E%E7%99%BD%E5%85%A8%E8%BA%AB
INFO: [ app_begin ] --START--
INFO: ReadHtmlCache Behavior ::run [ RunTime:0.000709s ]
INFO: [ app_begin ] --END-- [ RunTime:0.000789s ]

[ 2017-12-20T13:58:55+08:00 ] 127.0.0.1 /index.php?m=Keywords&a=collect&keyword=%E5%85%A8%E8%BA%AB%E7%BE%8E%E7%99%BD%E7%9A%84%E6%9C%89%E6%95%88%E4%BA%A7%E5%93%81
INFO: [ app_begin ] --START--
INFO: ReadHtmlCache Behavior ::run [ RunTime:0.000831s ]
INFO: [ app_begin ] --END-- [ RunTime:0.000950s ]

[ 2017-12-20T13:58:56+08:00 ] 127.0.0.1 /index.php?m=Keywords&a=collect&keyword=%E4%B8%AD%E8%8D%AF%E5%85%A8%E8%BA%AB%E7%BE%8E%E7%99%BD%E7%9A%84%E5%81%8F%E6%96%B9
INFO: [ app_begin ] --START--
INFO: ReadHtmlCache Behavior ::run [ RunTime:0.000636s ]
INFO: [ app_begin ] --END-- [ RunTime:0.000730s ]

[ 2017-12-20T13:58:58+08:00 ] 127.0.0.1 /index.php?m=Keywords&a=collect&keyword=%E4%BB%80%E4%B9%88%E6%96%B9%E6%B3%95%E5%8F%AF%E4%BB%A5%E5%85%A8%E8%BA%AB%E7%BE%8E%E7%99%BD
INFO: [ app_begin ] --START--
INFO: ReadHtmlCache Behavior ::run [ RunTime:0.000547s ]
INFO: [ app_begin ] --END-- [ RunTime:0.000615s ]

[ 2017-12-20T13:59:00+08:00 ] 127.0.0.1 /index.php?m=Keywords&a=collect&keyword=%E6%80%8E%E4%B9%88%E5%85%A8%E8%BA%AB%E7%BE%8E%E7%99%BD%E6%9C%80%E6%9C%89%E6%95%88
INFO: [ app_begin ] --START--
INFO: ReadHtmlCache Behavior ::run [ RunTime:0.000613s ]
INFO: [ app_begin ] --END-- [ RunTime:0.000685s ]

[ 2017-12-20T13:59:02+08:00 ] 127.0.0.1 /index.php?m=Keywords&a=collect&keyword=%E6%80%8E%E6%A0%B7%E6%89%8D%E8%83%BD%E7%BE%8E%E7%99%BD%E5%85%A8%E8%BA%AB
INFO: [ app_begin ] --START--
INFO: ReadHtmlCache Behavior ::run [ RunTime:0.000477s ]
INFO: [ app_begin ] --END-- [ RunTime:0.000544s ]

[ 2017-12-20T13:59:02+08:00 ] 127.0.0.1 /index.php?m=Keywords&a=Index
INFO: [ app_begin ] --START--
INFO: ReadHtmlCache Behavior ::run [ RunTime:0.001084s ]
INFO: [ app_begin ] --END-- [ RunTime:0.001198s ]
INFO: [ view_parse ] --START--
INFO: ParseTemplate Behavior ::run [ RunTime:0.007282s ]
INFO: [ view_parse ] --END-- [ RunTime:0.007364s ]
INFO: [ view_filter ] --START--
INFO: ContentReplace Behavior ::run [ RunTime:0.000355s ]
INFO: TokenBuild Behavior ::run [ RunTime:0.000306s ]
INFO: WriteHtmlCache Behavior ::run [ RunTime:0.000251s ]
INFO: ShowRuntime Behavior ::run [ RunTime:0.000355s ]
INFO: [ view_filter ] --END-- [ RunTime:0.001376s ]
INFO: [ view_end ] --START--
INFO: ShowPageTrace Behavior ::run [ RunTime:0.000477s ]
INFO: [ view_end ] --END-- [ RunTime:0.000514s ]

