[ 2017-12-27T14:29:14+08:00 ] 127.0.0.1 /index.php?g=Game&m=Index&a=index
INFO: [ app_begin ] --START--
INFO: ReadHtmlCache Behavior ::run [ RunTime:0.000618s ]
INFO: [ app_begin ] --END-- [ RunTime:0.000685s ]
NOTIC: [2048] Declaration of BaseAction::display() should be compatible with Action::display($templateFile = '', $charset = '', $contentType = '', $content = '', $prefix = '') F:\phpsites\tbk\Lib\Action\Game\BaseAction.class.php 第 12 行.
NOTIC: [8] Constant THEME_NAME already defined F:\phpsites\tbk\ThinkPHP\Lib\Core\View.class.php 第 223 行.
NOTIC: [8] Constant THEME_PATH already defined F:\phpsites\tbk\ThinkPHP\Lib\Core\View.class.php 第 174 行.
NOTIC: [8] Constant APP_TMPL_PATH already defined F:\phpsites\tbk\ThinkPHP\Lib\Core\View.class.php 第 175 行.
INFO: [ view_parse ] --START--
INFO: ParseTemplate Behavior ::run [ RunTime:0.006135s ]
INFO: [ view_parse ] --END-- [ RunTime:0.006195s ]
INFO: [ view_filter ] --START--
INFO: ContentReplace Behavior ::run [ RunTime:0.000574s ]
INFO: TokenBuild Behavior ::run [ RunTime:0.001752s ]
INFO: WriteHtmlCache Behavior ::run [ RunTime:0.000690s ]
INFO: ShowRuntime Behavior ::run [ RunTime:0.001033s ]
INFO: [ view_filter ] --END-- [ RunTime:0.004327s ]
INFO: [ view_end ] --START--
INFO: ShowPageTrace Behavior ::run [ RunTime:0.001130s ]
INFO: [ view_end ] --END-- [ RunTime:0.001262s ]
NOTIC: [8] Constant THEME_NAME already defined F:\phpsites\tbk\ThinkPHP\Lib\Core\View.class.php 第 223 行.
NOTIC: [8] Constant THEME_PATH already defined F:\phpsites\tbk\ThinkPHP\Lib\Core\View.class.php 第 174 行.
NOTIC: [8] Constant APP_TMPL_PATH already defined F:\phpsites\tbk\ThinkPHP\Lib\Core\View.class.php 第 175 行.
INFO: [ view_parse ] --START--
INFO: ParseTemplate Behavior ::run [ RunTime:0.002447s ]
INFO: [ view_parse ] --END-- [ RunTime:-0.006019s ]
INFO: [ view_filter ] --START--
INFO: ContentReplace Behavior ::run [ RunTime:0.000044s ]
INFO: TokenBuild Behavior ::run [ RunTime:0.000030s ]
INFO: WriteHtmlCache Behavior ::run [ RunTime:0.000008s ]
INFO: ShowRuntime Behavior ::run [ RunTime:0.000045s ]
INFO: [ view_filter ] --END-- [ RunTime:-0.004228s ]
INFO: [ view_end ] --START--
INFO: ShowPageTrace Behavior ::run [ RunTime:0.000024s ]
INFO: [ view_end ] --END-- [ RunTime:-0.003111s ]
NOTIC: [8] Constant THEME_NAME already defined F:\phpsites\tbk\ThinkPHP\Lib\Core\View.class.php 第 223 行.
NOTIC: [8] Constant THEME_PATH already defined F:\phpsites\tbk\ThinkPHP\Lib\Core\View.class.php 第 174 行.
NOTIC: [8] Constant APP_TMPL_PATH already defined F:\phpsites\tbk\ThinkPHP\Lib\Core\View.class.php 第 175 行.
INFO: [ view_parse ] --START--
INFO: ParseTemplate Behavior ::run [ RunTime:0.002628s ]
INFO: [ view_parse ] --END-- [ RunTime:-0.009130s ]
INFO: [ view_filter ] --START--
INFO: ContentReplace Behavior ::run [ RunTime:0.000067s ]
INFO: TokenBuild Behavior ::run [ RunTime:0.000027s ]
INFO: WriteHtmlCache Behavior ::run [ RunTime:0.000008s ]
INFO: ShowRuntime Behavior ::run [ RunTime:0.000040s ]
INFO: [ view_filter ] --END-- [ RunTime:-0.007520s ]
INFO: [ view_end ] --START--
INFO: ShowPageTrace Behavior ::run [ RunTime:0.000021s ]
INFO: [ view_end ] --END-- [ RunTime:-0.006427s ]

[ 2017-12-27T14:29:15+08:00 ] 127.0.0.1 /index.php?g=Game&m=Poker&a=index
INFO: [ app_begin ] --START--
INFO: ReadHtmlCache Behavior ::run [ RunTime:0.001167s ]
INFO: [ app_begin ] --END-- [ RunTime:0.001330s ]
NOTIC: [2048] Declaration of BaseAction::display() should be compatible with Action::display($templateFile = '', $charset = '', $contentType = '', $content = '', $prefix = '') F:\phpsites\tbk\Lib\Action\Game\BaseAction.class.php 第 12 行.
INFO: [ view_parse ] --START--
INFO: ParseTemplate Behavior ::run [ RunTime:0.007983s ]
INFO: [ view_parse ] --END-- [ RunTime:0.008065s ]
INFO: [ view_filter ] --START--
INFO: ContentReplace Behavior ::run [ RunTime:0.000461s ]
INFO: TokenBuild Behavior ::run [ RunTime:0.000432s ]
INFO: WriteHtmlCache Behavior ::run [ RunTime:0.000345s ]
INFO: ShowRuntime Behavior ::run [ RunTime:0.000504s ]
INFO: [ view_filter ] --END-- [ RunTime:0.001874s ]
INFO: [ view_end ] --START--
INFO: ShowPageTrace Behavior ::run [ RunTime:0.000633s ]
INFO: [ view_end ] --END-- [ RunTime:0.000679s ]
NOTIC: [8] Constant THEME_NAME already defined F:\phpsites\tbk\ThinkPHP\Lib\Core\View.class.php 第 223 行.
NOTIC: [8] Constant THEME_PATH already defined F:\phpsites\tbk\ThinkPHP\Lib\Core\View.class.php 第 174 行.
NOTIC: [8] Constant APP_TMPL_PATH already defined F:\phpsites\tbk\ThinkPHP\Lib\Core\View.class.php 第 175 行.
INFO: [ view_parse ] --START--
INFO: ParseTemplate Behavior ::run [ RunTime:0.001572s ]
INFO: [ view_parse ] --END-- [ RunTime:-0.002889s ]
INFO: [ view_filter ] --START--
INFO: ContentReplace Behavior ::run [ RunTime:0.000044s ]
INFO: TokenBuild Behavior ::run [ RunTime:0.000030s ]
INFO: WriteHtmlCache Behavior ::run [ RunTime:0.000009s ]
INFO: ShowRuntime Behavior ::run [ RunTime:0.000045s ]
INFO: [ view_filter ] --END-- [ RunTime:-0.002659s ]
INFO: [ view_end ] --START--
INFO: ShowPageTrace Behavior ::run [ RunTime:0.000024s ]
INFO: [ view_end ] --END-- [ RunTime:-0.002182s ]
NOTIC: [8] Constant THEME_NAME already defined F:\phpsites\tbk\ThinkPHP\Lib\Core\View.class.php 第 223 行.
NOTIC: [8] Constant THEME_PATH already defined F:\phpsites\tbk\ThinkPHP\Lib\Core\View.class.php 第 174 行.
NOTIC: [8] Constant APP_TMPL_PATH already defined F:\phpsites\tbk\ThinkPHP\Lib\Core\View.class.php 第 175 行.
INFO: [ view_parse ] --START--
INFO: ParseTemplate Behavior ::run [ RunTime:0.004344s ]
INFO: [ view_parse ] --END-- [ RunTime:-0.005100s ]
INFO: [ view_filter ] --START--
INFO: ContentReplace Behavior ::run [ RunTime:0.000076s ]
INFO: TokenBuild Behavior ::run [ RunTime:0.000043s ]
INFO: WriteHtmlCache Behavior ::run [ RunTime:0.000012s ]
INFO: ShowRuntime Behavior ::run [ RunTime:0.000070s ]
INFO: [ view_filter ] --END-- [ RunTime:-0.007661s ]
INFO: [ view_end ] --START--
INFO: ShowPageTrace Behavior ::run [ RunTime:0.000039s ]
INFO: [ view_end ] --END-- [ RunTime:-0.007324s ]

[ 2017-12-27T14:29:16+08:00 ] 127.0.0.1 /index.php?g=Game&m=Poker&a=lists
INFO: [ app_begin ] --START--
INFO: ReadHtmlCache Behavior ::run [ RunTime:0.000896s ]
INFO: [ app_begin ] --END-- [ RunTime:0.001024s ]
NOTIC: [2048] Declaration of BaseAction::display() should be compatible with Action::display($templateFile = '', $charset = '', $contentType = '', $content = '', $prefix = '') F:\phpsites\tbk\Lib\Action\Game\BaseAction.class.php 第 12 行.
SQL: PRAGMA table_info (tp_pass)  [ RunTime:0.000522s ]
SQL: SELECT * FROM tp_pass  [ RunTime:0.000168s ]
INFO: [ view_parse ] --START--
INFO: ParseTemplate Behavior ::run [ RunTime:0.006737s ]
INFO: [ view_parse ] --END-- [ RunTime:0.006986s ]
INFO: [ view_filter ] --START--
INFO: ContentReplace Behavior ::run [ RunTime:0.000972s ]
INFO: TokenBuild Behavior ::run [ RunTime:0.000727s ]
INFO: WriteHtmlCache Behavior ::run [ RunTime:0.000499s ]
INFO: ShowRuntime Behavior ::run [ RunTime:0.000765s ]
INFO: [ view_filter ] --END-- [ RunTime:0.003209s ]
INFO: [ view_end ] --START--
INFO: ShowPageTrace Behavior ::run [ RunTime:0.000792s ]
INFO: [ view_end ] --END-- [ RunTime:0.000869s ]
NOTIC: [8] Constant THEME_NAME already defined F:\phpsites\tbk\ThinkPHP\Lib\Core\View.class.php 第 223 行.
NOTIC: [8] Constant THEME_PATH already defined F:\phpsites\tbk\ThinkPHP\Lib\Core\View.class.php 第 174 行.
NOTIC: [8] Constant APP_TMPL_PATH already defined F:\phpsites\tbk\ThinkPHP\Lib\Core\View.class.php 第 175 行.
INFO: [ view_parse ] --START--
INFO: ParseTemplate Behavior ::run [ RunTime:0.002959s ]
INFO: [ view_parse ] --END-- [ RunTime:-0.004556s ]
INFO: [ view_filter ] --START--
INFO: ContentReplace Behavior ::run [ RunTime:0.000046s ]
INFO: TokenBuild Behavior ::run [ RunTime:0.000027s ]
INFO: WriteHtmlCache Behavior ::run [ RunTime:0.000008s ]
INFO: ShowRuntime Behavior ::run [ RunTime:0.000041s ]
INFO: [ view_filter ] --END-- [ RunTime:-0.004267s ]
INFO: [ view_end ] --START--
INFO: ShowPageTrace Behavior ::run [ RunTime:0.000021s ]
INFO: [ view_end ] --END-- [ RunTime:-0.003559s ]
NOTIC: [8] Constant THEME_NAME already defined F:\phpsites\tbk\ThinkPHP\Lib\Core\View.class.php 第 223 行.
NOTIC: [8] Constant THEME_PATH already defined F:\phpsites\tbk\ThinkPHP\Lib\Core\View.class.php 第 174 行.
NOTIC: [8] Constant APP_TMPL_PATH already defined F:\phpsites\tbk\ThinkPHP\Lib\Core\View.class.php 第 175 行.
INFO: [ view_parse ] --START--
INFO: ParseTemplate Behavior ::run [ RunTime:0.001903s ]
INFO: [ view_parse ] --END-- [ RunTime:-0.008064s ]
INFO: [ view_filter ] --START--
INFO: ContentReplace Behavior ::run [ RunTime:0.000053s ]
INFO: TokenBuild Behavior ::run [ RunTime:0.000056s ]
INFO: WriteHtmlCache Behavior ::run [ RunTime:0.000011s ]
INFO: ShowRuntime Behavior ::run [ RunTime:0.000046s ]
INFO: [ view_filter ] --END-- [ RunTime:-0.006739s ]
INFO: [ view_end ] --START--
INFO: ShowPageTrace Behavior ::run [ RunTime:0.000022s ]
INFO: [ view_end ] --END-- [ RunTime:-0.006151s ]

[ 2017-12-27T14:29:24+08:00 ] 127.0.0.1 /index.php?g=Game&m=Poker&a=lists
INFO: [ app_begin ] --START--
INFO: ReadHtmlCache Behavior ::run [ RunTime:0.000873s ]
INFO: [ app_begin ] --END-- [ RunTime:0.000976s ]
NOTIC: [2048] Declaration of BaseAction::display() should be compatible with Action::display($templateFile = '', $charset = '', $contentType = '', $content = '', $prefix = '') F:\phpsites\tbk\Lib\Action\Game\BaseAction.class.php 第 12 行.
SQL: PRAGMA table_info (tp_pass)  [ RunTime:0.000422s ]
SQL: SELECT * FROM tp_pass  [ RunTime:0.000268s ]
INFO: [ view_parse ] --START--
INFO: ParseTemplate Behavior ::run [ RunTime:0.015682s ]
INFO: [ view_parse ] --END-- [ RunTime:0.015893s ]
INFO: [ view_filter ] --START--
INFO: ContentReplace Behavior ::run [ RunTime:0.001022s ]
INFO: TokenBuild Behavior ::run [ RunTime:0.001217s ]
INFO: WriteHtmlCache Behavior ::run [ RunTime:0.000599s ]
INFO: ShowRuntime Behavior ::run [ RunTime:0.000698s ]
INFO: [ view_filter ] --END-- [ RunTime:0.003896s ]
INFO: [ view_end ] --START--
INFO: ShowPageTrace Behavior ::run [ RunTime:0.000801s ]
INFO: [ view_end ] --END-- [ RunTime:0.000872s ]
NOTIC: [8] Constant THEME_NAME already defined F:\phpsites\tbk\ThinkPHP\Lib\Core\View.class.php 第 223 行.
NOTIC: [8] Constant THEME_PATH already defined F:\phpsites\tbk\ThinkPHP\Lib\Core\View.class.php 第 174 行.
NOTIC: [8] Constant APP_TMPL_PATH already defined F:\phpsites\tbk\ThinkPHP\Lib\Core\View.class.php 第 175 行.
INFO: [ view_parse ] --START--
INFO: ParseTemplate Behavior ::run [ RunTime:0.003547s ]
INFO: [ view_parse ] --END-- [ RunTime:-0.005145s ]
INFO: [ view_filter ] --START--
INFO: ContentReplace Behavior ::run [ RunTime:0.000074s ]
INFO: TokenBuild Behavior ::run [ RunTime:0.000050s ]
INFO: WriteHtmlCache Behavior ::run [ RunTime:0.000013s ]
INFO: ShowRuntime Behavior ::run [ RunTime:0.000077s ]
INFO: [ view_filter ] --END-- [ RunTime:-0.004861s ]
INFO: [ view_end ] --START--
INFO: ShowPageTrace Behavior ::run [ RunTime:0.000041s ]
INFO: [ view_end ] --END-- [ RunTime:-0.004324s ]
NOTIC: [8] Constant THEME_NAME already defined F:\phpsites\tbk\ThinkPHP\Lib\Core\View.class.php 第 223 行.
NOTIC: [8] Constant THEME_PATH already defined F:\phpsites\tbk\ThinkPHP\Lib\Core\View.class.php 第 174 行.
NOTIC: [8] Constant APP_TMPL_PATH already defined F:\phpsites\tbk\ThinkPHP\Lib\Core\View.class.php 第 175 行.
INFO: [ view_parse ] --START--
INFO: ParseTemplate Behavior ::run [ RunTime:0.002531s ]
INFO: [ view_parse ] --END-- [ RunTime:-0.009593s ]
INFO: [ view_filter ] --START--
INFO: ContentReplace Behavior ::run [ RunTime:0.000075s ]
INFO: TokenBuild Behavior ::run [ RunTime:0.000417s ]
INFO: WriteHtmlCache Behavior ::run [ RunTime:0.000761s ]
INFO: ShowRuntime Behavior ::run [ RunTime:0.000213s ]
INFO: [ view_filter ] --END-- [ RunTime:-0.008294s ]
INFO: [ view_end ] --START--
INFO: ShowPageTrace Behavior ::run [ RunTime:0.000043s ]
INFO: [ view_end ] --END-- [ RunTime:-0.009457s ]

[ 2017-12-27T14:29:26+08:00 ] 127.0.0.1 /index.php?g=Game&m=Poker&a=detail&id=1
INFO: [ app_begin ] --START--
INFO: ReadHtmlCache Behavior ::run [ RunTime:0.000787s ]
INFO: [ app_begin ] --END-- [ RunTime:0.000893s ]
NOTIC: [2048] Declaration of BaseAction::display() should be compatible with Action::display($templateFile = '', $charset = '', $contentType = '', $content = '', $prefix = '') F:\phpsites\tbk\Lib\Action\Game\BaseAction.class.php 第 12 行.
INFO: [ view_parse ] --START--
INFO: ParseTemplate Behavior ::run [ RunTime:0.010548s ]
INFO: [ view_parse ] --END-- [ RunTime:0.010714s ]
INFO: [ view_filter ] --START--
INFO: ContentReplace Behavior ::run [ RunTime:0.001000s ]
INFO: TokenBuild Behavior ::run [ RunTime:0.000905s ]
INFO: WriteHtmlCache Behavior ::run [ RunTime:0.000534s ]
INFO: ShowRuntime Behavior ::run [ RunTime:0.000661s ]
INFO: [ view_filter ] --END-- [ RunTime:0.003424s ]
INFO: [ view_end ] --START--
INFO: ShowPageTrace Behavior ::run [ RunTime:0.001738s ]
INFO: [ view_end ] --END-- [ RunTime:0.001919s ]
NOTIC: [8] Constant THEME_NAME already defined F:\phpsites\tbk\ThinkPHP\Lib\Core\View.class.php 第 223 行.
NOTIC: [8] Constant THEME_PATH already defined F:\phpsites\tbk\ThinkPHP\Lib\Core\View.class.php 第 174 行.
NOTIC: [8] Constant APP_TMPL_PATH already defined F:\phpsites\tbk\ThinkPHP\Lib\Core\View.class.php 第 175 行.
INFO: [ view_parse ] --START--
INFO: ParseTemplate Behavior ::run [ RunTime:0.002353s ]
INFO: [ view_parse ] --END-- [ RunTime:-0.006381s ]
INFO: [ view_filter ] --START--
INFO: ContentReplace Behavior ::run [ RunTime:0.000089s ]
INFO: TokenBuild Behavior ::run [ RunTime:0.000049s ]
INFO: WriteHtmlCache Behavior ::run [ RunTime:0.000011s ]
INFO: ShowRuntime Behavior ::run [ RunTime:0.000053s ]
INFO: [ view_filter ] --END-- [ RunTime:-0.005412s ]
INFO: [ view_end ] --START--
INFO: ShowPageTrace Behavior ::run [ RunTime:0.000030s ]
INFO: [ view_end ] --END-- [ RunTime:-0.003794s ]
NOTIC: [8] Constant THEME_NAME already defined F:\phpsites\tbk\ThinkPHP\Lib\Core\View.class.php 第 223 行.
NOTIC: [8] Constant THEME_PATH already defined F:\phpsites\tbk\ThinkPHP\Lib\Core\View.class.php 第 174 行.
NOTIC: [8] Constant APP_TMPL_PATH already defined F:\phpsites\tbk\ThinkPHP\Lib\Core\View.class.php 第 175 行.
INFO: [ view_parse ] --START--
INFO: ParseTemplate Behavior ::run [ RunTime:0.002702s ]
INFO: [ view_parse ] --END-- [ RunTime:-0.009817s ]
INFO: [ view_filter ] --START--
INFO: ContentReplace Behavior ::run [ RunTime:0.000058s ]
INFO: TokenBuild Behavior ::run [ RunTime:0.000027s ]
INFO: WriteHtmlCache Behavior ::run [ RunTime:0.000008s ]
INFO: ShowRuntime Behavior ::run [ RunTime:0.000059s ]
INFO: [ view_filter ] --END-- [ RunTime:-0.009150s ]
INFO: [ view_end ] --START--
INFO: ShowPageTrace Behavior ::run [ RunTime:0.000037s ]
INFO: [ view_end ] --END-- [ RunTime:-0.007474s ]

[ 2017-12-27T14:29:28+08:00 ] 127.0.0.1 /index.php?g=Game&m=Poker&a=detail&id=2
INFO: [ app_begin ] --START--
INFO: ReadHtmlCache Behavior ::run [ RunTime:0.000450s ]
INFO: [ app_begin ] --END-- [ RunTime:0.000509s ]
NOTIC: [2048] Declaration of BaseAction::display() should be compatible with Action::display($templateFile = '', $charset = '', $contentType = '', $content = '', $prefix = '') F:\phpsites\tbk\Lib\Action\Game\BaseAction.class.php 第 12 行.
INFO: [ view_parse ] --START--
INFO: ParseTemplate Behavior ::run [ RunTime:0.007243s ]
INFO: [ view_parse ] --END-- [ RunTime:0.007317s ]
INFO: [ view_filter ] --START--
INFO: ContentReplace Behavior ::run [ RunTime:0.000493s ]
INFO: TokenBuild Behavior ::run [ RunTime:0.000522s ]
INFO: WriteHtmlCache Behavior ::run [ RunTime:0.000278s ]
INFO: ShowRuntime Behavior ::run [ RunTime:0.000382s ]
INFO: [ view_filter ] --END-- [ RunTime:0.001827s ]
INFO: [ view_end ] --START--
INFO: ShowPageTrace Behavior ::run [ RunTime:0.000530s ]
INFO: [ view_end ] --END-- [ RunTime:0.000573s ]
NOTIC: [8] Constant THEME_NAME already defined F:\phpsites\tbk\ThinkPHP\Lib\Core\View.class.php 第 223 行.
NOTIC: [8] Constant THEME_PATH already defined F:\phpsites\tbk\ThinkPHP\Lib\Core\View.class.php 第 174 行.
NOTIC: [8] Constant APP_TMPL_PATH already defined F:\phpsites\tbk\ThinkPHP\Lib\Core\View.class.php 第 175 行.
INFO: [ view_parse ] --START--
INFO: ParseTemplate Behavior ::run [ RunTime:0.001816s ]
INFO: [ view_parse ] --END-- [ RunTime:-0.002639s ]
INFO: [ view_filter ] --START--
INFO: ContentReplace Behavior ::run [ RunTime:0.000088s ]
INFO: TokenBuild Behavior ::run [ RunTime:0.000052s ]
INFO: WriteHtmlCache Behavior ::run [ RunTime:0.000014s ]
INFO: ShowRuntime Behavior ::run [ RunTime:0.000084s ]
INFO: [ view_filter ] --END-- [ RunTime:-0.002703s ]
INFO: [ view_end ] --START--
INFO: ShowPageTrace Behavior ::run [ RunTime:0.000039s ]
INFO: [ view_end ] --END-- [ RunTime:-0.002522s ]
NOTIC: [8] Constant THEME_NAME already defined F:\phpsites\tbk\ThinkPHP\Lib\Core\View.class.php 第 223 行.
NOTIC: [8] Constant THEME_PATH already defined F:\phpsites\tbk\ThinkPHP\Lib\Core\View.class.php 第 174 行.
NOTIC: [8] Constant APP_TMPL_PATH already defined F:\phpsites\tbk\ThinkPHP\Lib\Core\View.class.php 第 175 行.
INFO: [ view_parse ] --START--
INFO: ParseTemplate Behavior ::run [ RunTime:0.002970s ]
INFO: [ view_parse ] --END-- [ RunTime:-0.005580s ]
INFO: [ view_filter ] --START--
INFO: ContentReplace Behavior ::run [ RunTime:0.000067s ]
INFO: TokenBuild Behavior ::run [ RunTime:0.000041s ]
INFO: WriteHtmlCache Behavior ::run [ RunTime:0.000011s ]
INFO: ShowRuntime Behavior ::run [ RunTime:0.000066s ]
INFO: [ view_filter ] --END-- [ RunTime:-0.006795s ]
INFO: [ view_end ] --START--
INFO: ShowPageTrace Behavior ::run [ RunTime:0.000035s ]
INFO: [ view_end ] --END-- [ RunTime:-0.006534s ]

[ 2017-12-27T14:29:31+08:00 ] 127.0.0.1 /index.php?g=Game&m=Poker&a=detail&id=4
INFO: [ app_begin ] --START--
INFO: ReadHtmlCache Behavior ::run [ RunTime:0.000920s ]
INFO: [ app_begin ] --END-- [ RunTime:0.001097s ]
NOTIC: [2048] Declaration of BaseAction::display() should be compatible with Action::display($templateFile = '', $charset = '', $contentType = '', $content = '', $prefix = '') F:\phpsites\tbk\Lib\Action\Game\BaseAction.class.php 第 12 行.
INFO: [ view_parse ] --START--
INFO: ParseTemplate Behavior ::run [ RunTime:0.008162s ]
INFO: [ view_parse ] --END-- [ RunTime:0.008270s ]
INFO: [ view_filter ] --START--
INFO: ContentReplace Behavior ::run [ RunTime:0.000586s ]
INFO: TokenBuild Behavior ::run [ RunTime:0.000729s ]
INFO: WriteHtmlCache Behavior ::run [ RunTime:0.000403s ]
INFO: ShowRuntime Behavior ::run [ RunTime:0.000433s ]
INFO: [ view_filter ] --END-- [ RunTime:0.002367s ]
INFO: [ view_end ] --START--
INFO: ShowPageTrace Behavior ::run [ RunTime:0.000709s ]
INFO: [ view_end ] --END-- [ RunTime:0.000789s ]
NOTIC: [8] Constant THEME_NAME already defined F:\phpsites\tbk\ThinkPHP\Lib\Core\View.class.php 第 223 行.
NOTIC: [8] Constant THEME_PATH already defined F:\phpsites\tbk\ThinkPHP\Lib\Core\View.class.php 第 174 行.
NOTIC: [8] Constant APP_TMPL_PATH already defined F:\phpsites\tbk\ThinkPHP\Lib\Core\View.class.php 第 175 行.
INFO: [ view_parse ] --START--
INFO: ParseTemplate Behavior ::run [ RunTime:0.002394s ]
INFO: [ view_parse ] --END-- [ RunTime:-0.003562s ]
INFO: [ view_filter ] --START--
INFO: ContentReplace Behavior ::run [ RunTime:0.000170s ]
INFO: TokenBuild Behavior ::run [ RunTime:0.000054s ]
INFO: WriteHtmlCache Behavior ::run [ RunTime:0.000016s ]
INFO: ShowRuntime Behavior ::run [ RunTime:0.000071s ]
INFO: [ view_filter ] --END-- [ RunTime:-0.003667s ]
INFO: [ view_end ] --START--
INFO: ShowPageTrace Behavior ::run [ RunTime:0.000027s ]
INFO: [ view_end ] --END-- [ RunTime:-0.003362s ]
NOTIC: [8] Constant THEME_NAME already defined F:\phpsites\tbk\ThinkPHP\Lib\Core\View.class.php 第 223 行.
NOTIC: [8] Constant THEME_PATH already defined F:\phpsites\tbk\ThinkPHP\Lib\Core\View.class.php 第 174 行.
NOTIC: [8] Constant APP_TMPL_PATH already defined F:\phpsites\tbk\ThinkPHP\Lib\Core\View.class.php 第 175 行.
INFO: [ view_parse ] --START--
INFO: ParseTemplate Behavior ::run [ RunTime:0.005268s ]
INFO: [ view_parse ] --END-- [ RunTime:-0.007299s ]
INFO: [ view_filter ] --START--
INFO: ContentReplace Behavior ::run [ RunTime:0.000087s ]
INFO: TokenBuild Behavior ::run [ RunTime:0.000051s ]
INFO: WriteHtmlCache Behavior ::run [ RunTime:0.000014s ]
INFO: ShowRuntime Behavior ::run [ RunTime:0.000081s ]
INFO: [ view_filter ] --END-- [ RunTime:-0.010310s ]
INFO: [ view_end ] --START--
INFO: ShowPageTrace Behavior ::run [ RunTime:0.000043s ]
INFO: [ view_end ] --END-- [ RunTime:-0.009933s ]

[ 2017-12-27T14:29:34+08:00 ] 127.0.0.1 /index.php?g=Game&m=Poker&a=detail&id=5
INFO: [ app_begin ] --START--
INFO: ReadHtmlCache Behavior ::run [ RunTime:0.000530s ]
INFO: [ app_begin ] --END-- [ RunTime:0.000608s ]
NOTIC: [2048] Declaration of BaseAction::display() should be compatible with Action::display($templateFile = '', $charset = '', $contentType = '', $content = '', $prefix = '') F:\phpsites\tbk\Lib\Action\Game\BaseAction.class.php 第 12 行.
INFO: [ view_parse ] --START--
INFO: ParseTemplate Behavior ::run [ RunTime:0.006442s ]
INFO: [ view_parse ] --END-- [ RunTime:0.006529s ]
INFO: [ view_filter ] --START--
INFO: ContentReplace Behavior ::run [ RunTime:0.000449s ]
INFO: TokenBuild Behavior ::run [ RunTime:0.000345s ]
INFO: WriteHtmlCache Behavior ::run [ RunTime:0.000342s ]
INFO: ShowRuntime Behavior ::run [ RunTime:0.000550s ]
INFO: [ view_filter ] --END-- [ RunTime:0.001843s ]
INFO: [ view_end ] --START--
INFO: ShowPageTrace Behavior ::run [ RunTime:0.000778s ]
INFO: [ view_end ] --END-- [ RunTime:0.000855s ]
NOTIC: [8] Constant THEME_NAME already defined F:\phpsites\tbk\ThinkPHP\Lib\Core\View.class.php 第 223 行.
NOTIC: [8] Constant THEME_PATH already defined F:\phpsites\tbk\ThinkPHP\Lib\Core\View.class.php 第 174 行.
NOTIC: [8] Constant APP_TMPL_PATH already defined F:\phpsites\tbk\ThinkPHP\Lib\Core\View.class.php 第 175 行.
INFO: [ view_parse ] --START--
INFO: ParseTemplate Behavior ::run [ RunTime:0.002656s ]
INFO: [ view_parse ] --END-- [ RunTime:-0.003079s ]
INFO: [ view_filter ] --START--
INFO: ContentReplace Behavior ::run [ RunTime:0.000091s ]
INFO: TokenBuild Behavior ::run [ RunTime:0.000058s ]
INFO: WriteHtmlCache Behavior ::run [ RunTime:0.000012s ]
INFO: ShowRuntime Behavior ::run [ RunTime:0.000073s ]
INFO: [ view_filter ] --END-- [ RunTime:-0.003972s ]
INFO: [ view_end ] --START--
INFO: ShowPageTrace Behavior ::run [ RunTime:0.000036s ]
INFO: [ view_end ] --END-- [ RunTime:-0.003495s ]
NOTIC: [8] Constant THEME_NAME already defined F:\phpsites\tbk\ThinkPHP\Lib\Core\View.class.php 第 223 行.
NOTIC: [8] Constant THEME_PATH already defined F:\phpsites\tbk\ThinkPHP\Lib\Core\View.class.php 第 174 行.
NOTIC: [8] Constant APP_TMPL_PATH already defined F:\phpsites\tbk\ThinkPHP\Lib\Core\View.class.php 第 175 行.
INFO: [ view_parse ] --START--
INFO: ParseTemplate Behavior ::run [ RunTime:0.002209s ]
INFO: [ view_parse ] --END-- [ RunTime:-0.006643s ]
INFO: [ view_filter ] --START--
INFO: ContentReplace Behavior ::run [ RunTime:0.000061s ]
INFO: TokenBuild Behavior ::run [ RunTime:0.000027s ]
INFO: WriteHtmlCache Behavior ::run [ RunTime:0.000007s ]
INFO: ShowRuntime Behavior ::run [ RunTime:0.000042s ]
INFO: [ view_filter ] --END-- [ RunTime:-0.007039s ]
INFO: [ view_end ] --START--
INFO: ShowPageTrace Behavior ::run [ RunTime:0.000022s ]
INFO: [ view_end ] --END-- [ RunTime:-0.006397s ]

[ 2017-12-27T14:30:27+08:00 ] 127.0.0.1 /index.php?g=Game&m=Poker&a=lists
INFO: [ app_begin ] --START--
INFO: ReadHtmlCache Behavior ::run [ RunTime:0.001040s ]
INFO: [ app_begin ] --END-- [ RunTime:0.001148s ]
NOTIC: [2048] Declaration of BaseAction::display() should be compatible with Action::display($templateFile = '', $charset = '', $contentType = '', $content = '', $prefix = '') F:\phpsites\tbk\Lib\Action\Game\BaseAction.class.php 第 12 行.
SQL: PRAGMA table_info (tp_pass)  [ RunTime:0.000265s ]
SQL: SELECT * FROM tp_pass  [ RunTime:0.000115s ]
INFO: [ view_parse ] --START--
INFO: ParseTemplate Behavior ::run [ RunTime:0.005831s ]
INFO: [ view_parse ] --END-- [ RunTime:0.005900s ]
INFO: [ view_filter ] --START--
INFO: ContentReplace Behavior ::run [ RunTime:0.000428s ]
INFO: TokenBuild Behavior ::run [ RunTime:0.000366s ]
INFO: WriteHtmlCache Behavior ::run [ RunTime:0.000292s ]
INFO: ShowRuntime Behavior ::run [ RunTime:0.000626s ]
INFO: [ view_filter ] --END-- [ RunTime:0.001850s ]
INFO: [ view_end ] --START--
INFO: ShowPageTrace Behavior ::run [ RunTime:0.002133s ]
INFO: [ view_end ] --END-- [ RunTime:0.002206s ]
NOTIC: [8] Constant THEME_NAME already defined F:\phpsites\tbk\ThinkPHP\Lib\Core\View.class.php 第 223 行.
NOTIC: [8] Constant THEME_PATH already defined F:\phpsites\tbk\ThinkPHP\Lib\Core\View.class.php 第 174 行.
NOTIC: [8] Constant APP_TMPL_PATH already defined F:\phpsites\tbk\ThinkPHP\Lib\Core\View.class.php 第 175 行.
INFO: [ view_parse ] --START--
INFO: ParseTemplate Behavior ::run [ RunTime:0.004256s ]
INFO: [ view_parse ] --END-- [ RunTime:-0.004587s ]
INFO: [ view_filter ] --START--
INFO: ContentReplace Behavior ::run [ RunTime:0.000071s ]
INFO: TokenBuild Behavior ::run [ RunTime:0.000032s ]
INFO: WriteHtmlCache Behavior ::run [ RunTime:0.000009s ]
INFO: ShowRuntime Behavior ::run [ RunTime:0.000047s ]
INFO: [ view_filter ] --END-- [ RunTime:-0.007147s ]
INFO: [ view_end ] --START--
INFO: ShowPageTrace Behavior ::run [ RunTime:0.000040s ]
INFO: [ view_end ] --END-- [ RunTime:-0.005215s ]
NOTIC: [8] Constant THEME_NAME already defined F:\phpsites\tbk\ThinkPHP\Lib\Core\View.class.php 第 223 行.
NOTIC: [8] Constant THEME_PATH already defined F:\phpsites\tbk\ThinkPHP\Lib\Core\View.class.php 第 174 行.
NOTIC: [8] Constant APP_TMPL_PATH already defined F:\phpsites\tbk\ThinkPHP\Lib\Core\View.class.php 第 175 行.
INFO: [ view_parse ] --START--
INFO: ParseTemplate Behavior ::run [ RunTime:0.002400s ]
INFO: [ view_parse ] --END-- [ RunTime:-0.010044s ]
INFO: [ view_filter ] --START--
INFO: ContentReplace Behavior ::run [ RunTime:0.000052s ]
INFO: TokenBuild Behavior ::run [ RunTime:0.000034s ]
INFO: WriteHtmlCache Behavior ::run [ RunTime:0.000009s ]
INFO: ShowRuntime Behavior ::run [ RunTime:0.000047s ]
INFO: [ view_filter ] --END-- [ RunTime:-0.010675s ]
INFO: [ view_end ] --START--
INFO: ShowPageTrace Behavior ::run [ RunTime:0.000025s ]
INFO: [ view_end ] --END-- [ RunTime:-0.008643s ]

[ 2017-12-27T14:30:31+08:00 ] 127.0.0.1 /index.php?g=Game&m=Poker&a=detail&id=6
INFO: [ app_begin ] --START--
INFO: ReadHtmlCache Behavior ::run [ RunTime:0.000475s ]
INFO: [ app_begin ] --END-- [ RunTime:0.000550s ]
NOTIC: [2048] Declaration of BaseAction::display() should be compatible with Action::display($templateFile = '', $charset = '', $contentType = '', $content = '', $prefix = '') F:\phpsites\tbk\Lib\Action\Game\BaseAction.class.php 第 12 行.
INFO: [ view_parse ] --START--
INFO: ParseTemplate Behavior ::run [ RunTime:0.006591s ]
INFO: [ view_parse ] --END-- [ RunTime:0.006652s ]
INFO: [ view_filter ] --START--
INFO: ContentReplace Behavior ::run [ RunTime:0.000374s ]
INFO: TokenBuild Behavior ::run [ RunTime:0.000295s ]
INFO: WriteHtmlCache Behavior ::run [ RunTime:0.000265s ]
INFO: ShowRuntime Behavior ::run [ RunTime:0.000334s ]
INFO: [ view_filter ] --END-- [ RunTime:0.001396s ]
INFO: [ view_end ] --START--
INFO: ShowPageTrace Behavior ::run [ RunTime:0.000538s ]
INFO: [ view_end ] --END-- [ RunTime:0.000591s ]
NOTIC: [8] Constant THEME_NAME already defined F:\phpsites\tbk\ThinkPHP\Lib\Core\View.class.php 第 223 行.
NOTIC: [8] Constant THEME_PATH already defined F:\phpsites\tbk\ThinkPHP\Lib\Core\View.class.php 第 174 行.
NOTIC: [8] Constant APP_TMPL_PATH already defined F:\phpsites\tbk\ThinkPHP\Lib\Core\View.class.php 第 175 行.
INFO: [ view_parse ] --START--
INFO: ParseTemplate Behavior ::run [ RunTime:0.003340s ]
INFO: [ view_parse ] --END-- [ RunTime:-0.002290s ]
INFO: [ view_filter ] --START--
INFO: ContentReplace Behavior ::run [ RunTime:0.000161s ]
INFO: TokenBuild Behavior ::run [ RunTime:0.000064s ]
INFO: WriteHtmlCache Behavior ::run [ RunTime:0.000013s ]
INFO: ShowRuntime Behavior ::run [ RunTime:0.000089s ]
INFO: [ view_filter ] --END-- [ RunTime:-0.004446s ]
INFO: [ view_end ] --START--
INFO: ShowPageTrace Behavior ::run [ RunTime:0.000044s ]
INFO: [ view_end ] --END-- [ RunTime:-0.004404s ]
NOTIC: [8] Constant THEME_NAME already defined F:\phpsites\tbk\ThinkPHP\Lib\Core\View.class.php 第 223 行.
NOTIC: [8] Constant THEME_PATH already defined F:\phpsites\tbk\ThinkPHP\Lib\Core\View.class.php 第 174 行.
NOTIC: [8] Constant APP_TMPL_PATH already defined F:\phpsites\tbk\ThinkPHP\Lib\Core\View.class.php 第 175 行.
INFO: [ view_parse ] --START--
INFO: ParseTemplate Behavior ::run [ RunTime:0.004508s ]
INFO: [ view_parse ] --END-- [ RunTime:-0.006782s ]
INFO: [ view_filter ] --START--
INFO: ContentReplace Behavior ::run [ RunTime:0.000078s ]
INFO: TokenBuild Behavior ::run [ RunTime:0.000048s ]
INFO: WriteHtmlCache Behavior ::run [ RunTime:0.000014s ]
INFO: ShowRuntime Behavior ::run [ RunTime:0.000074s ]
INFO: [ view_filter ] --END-- [ RunTime:-0.010085s ]
INFO: [ view_end ] --START--
INFO: ShowPageTrace Behavior ::run [ RunTime:0.000042s ]
INFO: [ view_end ] --END-- [ RunTime:-0.009894s ]

[ 2017-12-27T14:35:58+08:00 ] 127.0.0.1 /index.php?g=Game&m=Poker&a=detail&id=1
INFO: [ app_begin ] --START--
INFO: ReadHtmlCache Behavior ::run [ RunTime:0.000894s ]
INFO: [ app_begin ] --END-- [ RunTime:0.000984s ]
NOTIC: [2048] Declaration of BaseAction::display() should be compatible with Action::display($templateFile = '', $charset = '', $contentType = '', $content = '', $prefix = '') F:\phpsites\tbk\Lib\Action\Game\BaseAction.class.php 第 12 行.
SQL: PRAGMA table_info (tp_pass)  [ RunTime:0.000238s ]
SQL: SELECT id FROM tp_pass WHERE ( id=1 ) LIMIT 1   [ RunTime:0.017193s ]
SQL: PRAGMA table_info (tp_letter)  [ RunTime:0.000049s ]
INFO: [ view_parse ] --START--
INFO: ParseTemplate Behavior ::run [ RunTime:0.008712s ]
INFO: [ view_parse ] --END-- [ RunTime:0.008824s ]
INFO: [ view_filter ] --START--
INFO: ContentReplace Behavior ::run [ RunTime:0.000395s ]
INFO: TokenBuild Behavior ::run [ RunTime:0.000392s ]
INFO: WriteHtmlCache Behavior ::run [ RunTime:0.000319s ]
INFO: ShowRuntime Behavior ::run [ RunTime:0.000525s ]
INFO: [ view_filter ] --END-- [ RunTime:0.001752s ]
NOTIC: [2] Cannot modify header information - headers already sent by (output started at F:\phpsites\tbk\ThinkPHP\Common\functions.php:97) F:\phpsites\tbk\ThinkPHP\Lib\Core\View.class.php 第 95 行.
NOTIC: [2] Cannot modify header information - headers already sent by (output started at F:\phpsites\tbk\ThinkPHP\Common\functions.php:97) F:\phpsites\tbk\ThinkPHP\Lib\Core\View.class.php 第 96 行.
NOTIC: [2] Cannot modify header information - headers already sent by (output started at F:\phpsites\tbk\ThinkPHP\Common\functions.php:97) F:\phpsites\tbk\ThinkPHP\Lib\Core\View.class.php 第 97 行.
INFO: [ view_end ] --START--
INFO: ShowPageTrace Behavior ::run [ RunTime:0.000565s ]
INFO: [ view_end ] --END-- [ RunTime:0.000602s ]
NOTIC: [8] Constant THEME_NAME already defined F:\phpsites\tbk\ThinkPHP\Lib\Core\View.class.php 第 223 行.
NOTIC: [8] Constant THEME_PATH already defined F:\phpsites\tbk\ThinkPHP\Lib\Core\View.class.php 第 174 行.
NOTIC: [8] Constant APP_TMPL_PATH already defined F:\phpsites\tbk\ThinkPHP\Lib\Core\View.class.php 第 175 行.
INFO: [ view_parse ] --START--
INFO: ParseTemplate Behavior ::run [ RunTime:0.001661s ]
INFO: [ view_parse ] --END-- [ RunTime:-0.002716s ]
INFO: [ view_filter ] --START--
INFO: ContentReplace Behavior ::run [ RunTime:0.000047s ]
INFO: TokenBuild Behavior ::run [ RunTime:0.000029s ]
INFO: WriteHtmlCache Behavior ::run [ RunTime:0.000007s ]
INFO: ShowRuntime Behavior ::run [ RunTime:0.000044s ]
INFO: [ view_filter ] --END-- [ RunTime:-0.002655s ]
NOTIC: [2] Cannot modify header information - headers already sent by (output started at F:\phpsites\tbk\ThinkPHP\Common\functions.php:97) F:\phpsites\tbk\ThinkPHP\Lib\Core\View.class.php 第 95 行.
NOTIC: [2] Cannot modify header information - headers already sent by (output started at F:\phpsites\tbk\ThinkPHP\Common\functions.php:97) F:\phpsites\tbk\ThinkPHP\Lib\Core\View.class.php 第 96 行.
NOTIC: [2] Cannot modify header information - headers already sent by (output started at F:\phpsites\tbk\ThinkPHP\Common\functions.php:97) F:\phpsites\tbk\ThinkPHP\Lib\Core\View.class.php 第 97 行.
INFO: [ view_end ] --START--
INFO: ShowPageTrace Behavior ::run [ RunTime:0.000022s ]
INFO: [ view_end ] --END-- [ RunTime:-0.002245s ]
NOTIC: [8] Constant THEME_NAME already defined F:\phpsites\tbk\ThinkPHP\Lib\Core\View.class.php 第 223 行.
NOTIC: [8] Constant THEME_PATH already defined F:\phpsites\tbk\ThinkPHP\Lib\Core\View.class.php 第 174 行.
NOTIC: [8] Constant APP_TMPL_PATH already defined F:\phpsites\tbk\ThinkPHP\Lib\Core\View.class.php 第 175 行.
INFO: [ view_parse ] --START--
INFO: ParseTemplate Behavior ::run [ RunTime:0.001822s ]
INFO: [ view_parse ] --END-- [ RunTime:-0.005003s ]
INFO: [ view_filter ] --START--
INFO: ContentReplace Behavior ::run [ RunTime:0.000042s ]
INFO: TokenBuild Behavior ::run [ RunTime:0.000026s ]
INFO: WriteHtmlCache Behavior ::run [ RunTime:0.000008s ]
INFO: ShowRuntime Behavior ::run [ RunTime:0.000051s ]
INFO: [ view_filter ] --END-- [ RunTime:-0.005109s ]
NOTIC: [2] Cannot modify header information - headers already sent by (output started at F:\phpsites\tbk\ThinkPHP\Common\functions.php:97) F:\phpsites\tbk\ThinkPHP\Lib\Core\View.class.php 第 95 行.
NOTIC: [2] Cannot modify header information - headers already sent by (output started at F:\phpsites\tbk\ThinkPHP\Common\functions.php:97) F:\phpsites\tbk\ThinkPHP\Lib\Core\View.class.php 第 96 行.
NOTIC: [2] Cannot modify header information - headers already sent by (output started at F:\phpsites\tbk\ThinkPHP\Common\functions.php:97) F:\phpsites\tbk\ThinkPHP\Lib\Core\View.class.php 第 97 行.
INFO: [ view_end ] --START--
INFO: ShowPageTrace Behavior ::run [ RunTime:0.000026s ]
INFO: [ view_end ] --END-- [ RunTime:-0.004927s ]

[ 2017-12-27T14:36:13+08:00 ] 127.0.0.1 /index.php?g=Game&m=Poker&a=detail&id=1
INFO: [ app_begin ] --START--
INFO: ReadHtmlCache Behavior ::run [ RunTime:0.000991s ]
INFO: [ app_begin ] --END-- [ RunTime:0.001125s ]
NOTIC: [2048] Declaration of BaseAction::display() should be compatible with Action::display($templateFile = '', $charset = '', $contentType = '', $content = '', $prefix = '') F:\phpsites\tbk\Lib\Action\Game\BaseAction.class.php 第 12 行.
SQL: PRAGMA table_info (tp_pass)  [ RunTime:0.000490s ]
SQL: SELECT id FROM tp_pass WHERE ( id=1 ) LIMIT 1   [ RunTime:0.000203s ]
SQL: PRAGMA table_info (tp_letter)  [ RunTime:0.000040s ]
ERR: 
 [ SQL语句 ] : SELECT * FROM tp_letter WHERE ( in ) AND ( 1 ) 
ERR: 
 [ SQL语句 ] : SELECT * FROM tp_letter WHERE ( in ) AND ( 1 ) 

[ 2017-12-27T14:37:14+08:00 ] 127.0.0.1 /index.php?g=Game&m=Poker&a=detail&id=1
INFO: [ app_begin ] --START--
INFO: ReadHtmlCache Behavior ::run [ RunTime:0.000759s ]
INFO: [ app_begin ] --END-- [ RunTime:0.000860s ]
NOTIC: [2048] Declaration of BaseAction::display() should be compatible with Action::display($templateFile = '', $charset = '', $contentType = '', $content = '', $prefix = '') F:\phpsites\tbk\Lib\Action\Game\BaseAction.class.php 第 12 行.
SQL: PRAGMA table_info (tp_pass)  [ RunTime:0.000356s ]
SQL: SELECT id FROM tp_pass WHERE ( id=1 ) LIMIT 1   [ RunTime:0.000154s ]

[ 2017-12-27T14:39:13+08:00 ] 127.0.0.1 /index.php?g=Game&m=Poker&a=detail&id=1
INFO: [ app_begin ] --START--
INFO: ReadHtmlCache Behavior ::run [ RunTime:0.000835s ]
INFO: [ app_begin ] --END-- [ RunTime:0.000932s ]
NOTIC: [2048] Declaration of BaseAction::display() should be compatible with Action::display($templateFile = '', $charset = '', $contentType = '', $content = '', $prefix = '') F:\phpsites\tbk\Lib\Action\Game\BaseAction.class.php 第 12 行.
SQL: PRAGMA table_info (tp_pass)  [ RunTime:0.000240s ]
SQL: SELECT letters FROM tp_pass WHERE ( id=1 ) LIMIT 1   [ RunTime:0.000094s ]

[ 2017-12-27T14:39:25+08:00 ] 127.0.0.1 /index.php?g=Game&m=Poker&a=detail&id=1
INFO: [ app_begin ] --START--
INFO: ReadHtmlCache Behavior ::run [ RunTime:0.000667s ]
INFO: [ app_begin ] --END-- [ RunTime:0.000763s ]
NOTIC: [2048] Declaration of BaseAction::display() should be compatible with Action::display($templateFile = '', $charset = '', $contentType = '', $content = '', $prefix = '') F:\phpsites\tbk\Lib\Action\Game\BaseAction.class.php 第 12 行.
SQL: PRAGMA table_info (tp_pass)  [ RunTime:0.000278s ]
SQL: SELECT letters FROM tp_pass WHERE ( id=1 ) LIMIT 1   [ RunTime:0.000105s ]
SQL: PRAGMA table_info (tp_letter)  [ RunTime:0.000025s ]
SQL: SELECT * FROM tp_letter WHERE ( id IN ('1','2','3','4','5') )  [ RunTime:0.000337s ]

[ 2017-12-27T14:39:37+08:00 ] 127.0.0.1 /index.php?g=Game&m=Poker&a=detail&id=1
INFO: [ app_begin ] --START--
INFO: ReadHtmlCache Behavior ::run [ RunTime:0.002359s ]
INFO: [ app_begin ] --END-- [ RunTime:0.002547s ]
NOTIC: [2048] Declaration of BaseAction::display() should be compatible with Action::display($templateFile = '', $charset = '', $contentType = '', $content = '', $prefix = '') F:\phpsites\tbk\Lib\Action\Game\BaseAction.class.php 第 12 行.
SQL: PRAGMA table_info (tp_pass)  [ RunTime:0.000279s ]
SQL: SELECT letters FROM tp_pass WHERE ( id=1 ) LIMIT 1   [ RunTime:0.000117s ]
SQL: PRAGMA table_info (tp_letter)  [ RunTime:0.000021s ]
SQL: SELECT * FROM tp_letter WHERE ( id IN ('1','2','3','4','5') )  [ RunTime:0.000148s ]
INFO: [ view_parse ] --START--
INFO: ParseTemplate Behavior ::run [ RunTime:0.007786s ]
INFO: [ view_parse ] --END-- [ RunTime:0.007854s ]
INFO: [ view_filter ] --START--
INFO: ContentReplace Behavior ::run [ RunTime:0.000442s ]
INFO: TokenBuild Behavior ::run [ RunTime:0.000731s ]
INFO: WriteHtmlCache Behavior ::run [ RunTime:0.001088s ]
INFO: ShowRuntime Behavior ::run [ RunTime:0.001164s ]
INFO: [ view_filter ] --END-- [ RunTime:0.003641s ]
INFO: [ view_end ] --START--
INFO: ShowPageTrace Behavior ::run [ RunTime:0.001045s ]
INFO: [ view_end ] --END-- [ RunTime:0.001107s ]
NOTIC: [8] Constant THEME_NAME already defined F:\phpsites\tbk\ThinkPHP\Lib\Core\View.class.php 第 223 行.
NOTIC: [8] Constant THEME_PATH already defined F:\phpsites\tbk\ThinkPHP\Lib\Core\View.class.php 第 174 行.
NOTIC: [8] Constant APP_TMPL_PATH already defined F:\phpsites\tbk\ThinkPHP\Lib\Core\View.class.php 第 175 行.
INFO: [ view_parse ] --START--
INFO: ParseTemplate Behavior ::run [ RunTime:0.001880s ]
INFO: [ view_parse ] --END-- [ RunTime:-0.005101s ]
INFO: [ view_filter ] --START--
INFO: ContentReplace Behavior ::run [ RunTime:0.000051s ]
INFO: TokenBuild Behavior ::run [ RunTime:0.000029s ]
INFO: WriteHtmlCache Behavior ::run [ RunTime:0.000007s ]
INFO: ShowRuntime Behavior ::run [ RunTime:0.000045s ]
INFO: [ view_filter ] --END-- [ RunTime:-0.003396s ]
INFO: [ view_end ] --START--
INFO: ShowPageTrace Behavior ::run [ RunTime:0.000021s ]
INFO: [ view_end ] --END-- [ RunTime:-0.002472s ]
NOTIC: [8] Constant THEME_NAME already defined F:\phpsites\tbk\ThinkPHP\Lib\Core\View.class.php 第 223 行.
NOTIC: [8] Constant THEME_PATH already defined F:\phpsites\tbk\ThinkPHP\Lib\Core\View.class.php 第 174 行.
NOTIC: [8] Constant APP_TMPL_PATH already defined F:\phpsites\tbk\ThinkPHP\Lib\Core\View.class.php 第 175 行.
INFO: [ view_parse ] --START--
INFO: ParseTemplate Behavior ::run [ RunTime:0.001773s ]
INFO: [ view_parse ] --END-- [ RunTime:-0.007567s ]
INFO: [ view_filter ] --START--
INFO: ContentReplace Behavior ::run [ RunTime:0.000043s ]
INFO: TokenBuild Behavior ::run [ RunTime:0.000025s ]
INFO: WriteHtmlCache Behavior ::run [ RunTime:0.000007s ]
INFO: ShowRuntime Behavior ::run [ RunTime:0.000039s ]
INFO: [ view_filter ] --END-- [ RunTime:-0.005738s ]
INFO: [ view_end ] --START--
INFO: ShowPageTrace Behavior ::run [ RunTime:0.000021s ]
INFO: [ view_end ] --END-- [ RunTime:-0.004799s ]

[ 2017-12-27T14:39:41+08:00 ] 127.0.0.1 /index.php?g=Game&m=Poker&a=detail&id=1
INFO: [ app_begin ] --START--
INFO: ReadHtmlCache Behavior ::run [ RunTime:0.000714s ]
INFO: [ app_begin ] --END-- [ RunTime:0.000815s ]
NOTIC: [2048] Declaration of BaseAction::display() should be compatible with Action::display($templateFile = '', $charset = '', $contentType = '', $content = '', $prefix = '') F:\phpsites\tbk\Lib\Action\Game\BaseAction.class.php 第 12 行.
SQL: PRAGMA table_info (tp_pass)  [ RunTime:0.000287s ]
SQL: SELECT letters FROM tp_pass WHERE ( id=1 ) LIMIT 1   [ RunTime:0.000107s ]
SQL: PRAGMA table_info (tp_letter)  [ RunTime:0.000023s ]
SQL: SELECT * FROM tp_letter WHERE ( id IN ('1','2','3','4','5') )  [ RunTime:0.000173s ]
INFO: [ view_parse ] --START--
INFO: ParseTemplate Behavior ::run [ RunTime:0.013806s ]
INFO: [ view_parse ] --END-- [ RunTime:0.013925s ]
INFO: [ view_filter ] --START--
INFO: ContentReplace Behavior ::run [ RunTime:0.000539s ]
INFO: TokenBuild Behavior ::run [ RunTime:0.001304s ]
INFO: WriteHtmlCache Behavior ::run [ RunTime:0.000510s ]
INFO: ShowRuntime Behavior ::run [ RunTime:0.002227s ]
INFO: [ view_filter ] --END-- [ RunTime:0.004815s ]
INFO: [ view_end ] --START--
INFO: ShowPageTrace Behavior ::run [ RunTime:0.000818s ]
INFO: [ view_end ] --END-- [ RunTime:0.000883s ]
NOTIC: [8] Constant THEME_NAME already defined F:\phpsites\tbk\ThinkPHP\Lib\Core\View.class.php 第 223 行.
NOTIC: [8] Constant THEME_PATH already defined F:\phpsites\tbk\ThinkPHP\Lib\Core\View.class.php 第 174 行.
NOTIC: [8] Constant APP_TMPL_PATH already defined F:\phpsites\tbk\ThinkPHP\Lib\Core\View.class.php 第 175 行.
INFO: [ view_parse ] --START--
INFO: ParseTemplate Behavior ::run [ RunTime:0.002173s ]
INFO: [ view_parse ] --END-- [ RunTime:-0.006064s ]
INFO: [ view_filter ] --START--
INFO: ContentReplace Behavior ::run [ RunTime:0.000050s ]
INFO: TokenBuild Behavior ::run [ RunTime:0.000031s ]
INFO: WriteHtmlCache Behavior ::run [ RunTime:0.000007s ]
INFO: ShowRuntime Behavior ::run [ RunTime:0.000047s ]
INFO: [ view_filter ] --END-- [ RunTime:-0.003482s ]
INFO: [ view_end ] --START--
INFO: ShowPageTrace Behavior ::run [ RunTime:0.000021s ]
INFO: [ view_end ] --END-- [ RunTime:-0.002784s ]
NOTIC: [8] Constant THEME_NAME already defined F:\phpsites\tbk\ThinkPHP\Lib\Core\View.class.php 第 223 行.
NOTIC: [8] Constant THEME_PATH already defined F:\phpsites\tbk\ThinkPHP\Lib\Core\View.class.php 第 174 行.
NOTIC: [8] Constant APP_TMPL_PATH already defined F:\phpsites\tbk\ThinkPHP\Lib\Core\View.class.php 第 175 行.
INFO: [ view_parse ] --START--
INFO: ParseTemplate Behavior ::run [ RunTime:0.001690s ]
INFO: [ view_parse ] --END-- [ RunTime:-0.008810s ]
INFO: [ view_filter ] --START--
INFO: ContentReplace Behavior ::run [ RunTime:0.000042s ]
INFO: TokenBuild Behavior ::run [ RunTime:0.000026s ]
INFO: WriteHtmlCache Behavior ::run [ RunTime:0.000007s ]
INFO: ShowRuntime Behavior ::run [ RunTime:0.000040s ]
INFO: [ view_filter ] --END-- [ RunTime:-0.005713s ]
INFO: [ view_end ] --START--
INFO: ShowPageTrace Behavior ::run [ RunTime:0.000036s ]
INFO: [ view_end ] --END-- [ RunTime:-0.004982s ]

[ 2017-12-27T14:41:45+08:00 ] 127.0.0.1 /index.php?g=Game&m=Poker&a=detail&id=1
INFO: [ app_begin ] --START--
INFO: ReadHtmlCache Behavior ::run [ RunTime:0.001251s ]
INFO: [ app_begin ] --END-- [ RunTime:0.001364s ]
NOTIC: [2048] Declaration of BaseAction::display() should be compatible with Action::display($templateFile = '', $charset = '', $contentType = '', $content = '', $prefix = '') F:\phpsites\tbk\Lib\Action\Game\BaseAction.class.php 第 12 行.
SQL: PRAGMA table_info (tp_pass)  [ RunTime:0.000482s ]
SQL: SELECT letters FROM tp_pass WHERE ( id=1 ) LIMIT 1   [ RunTime:0.000159s ]
SQL: PRAGMA table_info (tp_letter)  [ RunTime:0.000034s ]
SQL: SELECT * FROM tp_letter WHERE ( id IN ('1','2','3','4','5') )  [ RunTime:0.000223s ]
ERR: Action:assigin您所请求的方法不存在！

[ 2017-12-27T14:41:57+08:00 ] 127.0.0.1 /index.php?g=Game&m=Poker&a=detail&id=1
INFO: [ app_begin ] --START--
INFO: ReadHtmlCache Behavior ::run [ RunTime:0.000604s ]
INFO: [ app_begin ] --END-- [ RunTime:0.000684s ]
NOTIC: [2048] Declaration of BaseAction::display() should be compatible with Action::display($templateFile = '', $charset = '', $contentType = '', $content = '', $prefix = '') F:\phpsites\tbk\Lib\Action\Game\BaseAction.class.php 第 12 行.
SQL: PRAGMA table_info (tp_pass)  [ RunTime:0.000250s ]
SQL: SELECT letters FROM tp_pass WHERE ( id=1 ) LIMIT 1   [ RunTime:0.000117s ]
SQL: PRAGMA table_info (tp_letter)  [ RunTime:0.000024s ]
SQL: SELECT * FROM tp_letter WHERE ( id IN ('1','2','3','4','5') )  [ RunTime:0.000133s ]
INFO: [ view_parse ] --START--
INFO: ParseTemplate Behavior ::run [ RunTime:0.006687s ]
INFO: [ view_parse ] --END-- [ RunTime:0.006786s ]
INFO: [ view_filter ] --START--
INFO: ContentReplace Behavior ::run [ RunTime:0.000834s ]
INFO: TokenBuild Behavior ::run [ RunTime:0.000641s ]
INFO: WriteHtmlCache Behavior ::run [ RunTime:0.000481s ]
INFO: ShowRuntime Behavior ::run [ RunTime:0.000677s ]
INFO: [ view_filter ] --END-- [ RunTime:0.002828s ]
INFO: [ view_end ] --START--
INFO: ShowPageTrace Behavior ::run [ RunTime:0.001232s ]
INFO: [ view_end ] --END-- [ RunTime:0.001326s ]
NOTIC: [8] Constant THEME_NAME already defined F:\phpsites\tbk\ThinkPHP\Lib\Core\View.class.php 第 223 行.
NOTIC: [8] Constant THEME_PATH already defined F:\phpsites\tbk\ThinkPHP\Lib\Core\View.class.php 第 174 行.
NOTIC: [8] Constant APP_TMPL_PATH already defined F:\phpsites\tbk\ThinkPHP\Lib\Core\View.class.php 第 175 行.
INFO: [ view_parse ] --START--
INFO: ParseTemplate Behavior ::run [ RunTime:0.002710s ]
INFO: [ view_parse ] --END-- [ RunTime:-0.004758s ]
INFO: [ view_filter ] --START--
INFO: ContentReplace Behavior ::run [ RunTime:0.000081s ]
INFO: TokenBuild Behavior ::run [ RunTime:0.000049s ]
INFO: WriteHtmlCache Behavior ::run [ RunTime:0.000012s ]
INFO: ShowRuntime Behavior ::run [ RunTime:0.000074s ]
INFO: [ view_filter ] --END-- [ RunTime:-0.004725s ]
INFO: [ view_end ] --START--
INFO: ShowPageTrace Behavior ::run [ RunTime:0.000038s ]
INFO: [ view_end ] --END-- [ RunTime:-0.003725s ]
NOTIC: [8] Constant THEME_NAME already defined F:\phpsites\tbk\ThinkPHP\Lib\Core\View.class.php 第 223 行.
NOTIC: [8] Constant THEME_PATH already defined F:\phpsites\tbk\ThinkPHP\Lib\Core\View.class.php 第 174 行.
NOTIC: [8] Constant APP_TMPL_PATH already defined F:\phpsites\tbk\ThinkPHP\Lib\Core\View.class.php 第 175 行.
INFO: [ view_parse ] --START--
INFO: ParseTemplate Behavior ::run [ RunTime:0.002050s ]
INFO: [ view_parse ] --END-- [ RunTime:-0.008420s ]
INFO: [ view_filter ] --START--
INFO: ContentReplace Behavior ::run [ RunTime:0.000050s ]
INFO: TokenBuild Behavior ::run [ RunTime:0.000030s ]
INFO: WriteHtmlCache Behavior ::run [ RunTime:0.000008s ]
INFO: ShowRuntime Behavior ::run [ RunTime:0.000046s ]
INFO: [ view_filter ] --END-- [ RunTime:-0.007681s ]
NOTIC: [2] Cannot modify header information - headers already sent by (output started at F:\phpsites\tbk\ThinkPHP\Lib\Core\View.class.php:99) F:\phpsites\tbk\ThinkPHP\Lib\Core\View.class.php 第 95 行.
NOTIC: [2] Cannot modify header information - headers already sent by (output started at F:\phpsites\tbk\ThinkPHP\Lib\Core\View.class.php:99) F:\phpsites\tbk\ThinkPHP\Lib\Core\View.class.php 第 96 行.
NOTIC: [2] Cannot modify header information - headers already sent by (output started at F:\phpsites\tbk\ThinkPHP\Lib\Core\View.class.php:99) F:\phpsites\tbk\ThinkPHP\Lib\Core\View.class.php 第 97 行.
INFO: [ view_end ] --START--
INFO: ShowPageTrace Behavior ::run [ RunTime:0.000026s ]
INFO: [ view_end ] --END-- [ RunTime:-0.006579s ]

[ 2017-12-27T14:42:33+08:00 ] 127.0.0.1 /index.php?g=Game&m=Poker&a=detail&id=1
INFO: [ app_begin ] --START--
INFO: ReadHtmlCache Behavior ::run [ RunTime:0.000478s ]
INFO: [ app_begin ] --END-- [ RunTime:0.000547s ]
NOTIC: [2048] Declaration of BaseAction::display() should be compatible with Action::display($templateFile = '', $charset = '', $contentType = '', $content = '', $prefix = '') F:\phpsites\tbk\Lib\Action\Game\BaseAction.class.php 第 12 行.
SQL: PRAGMA table_info (tp_pass)  [ RunTime:0.000273s ]
SQL: SELECT letters FROM tp_pass WHERE ( id=1 ) LIMIT 1   [ RunTime:0.000110s ]
SQL: PRAGMA table_info (tp_letter)  [ RunTime:0.000021s ]
SQL: SELECT * FROM tp_letter WHERE ( id IN ('1','2','3','4','5') )  [ RunTime:0.000117s ]
INFO: [ view_parse ] --START--
INFO: ParseTemplate Behavior ::run [ RunTime:0.010415s ]
INFO: [ view_parse ] --END-- [ RunTime:0.010503s ]
INFO: [ view_filter ] --START--
INFO: ContentReplace Behavior ::run [ RunTime:0.000993s ]
INFO: TokenBuild Behavior ::run [ RunTime:0.000635s ]
INFO: WriteHtmlCache Behavior ::run [ RunTime:0.001555s ]
INFO: ShowRuntime Behavior ::run [ RunTime:0.000940s ]
INFO: [ view_filter ] --END-- [ RunTime:0.004746s ]
INFO: [ view_end ] --START--
INFO: ShowPageTrace Behavior ::run [ RunTime:0.003677s ]
INFO: [ view_end ] --END-- [ RunTime:0.003823s ]
NOTIC: [8] Constant THEME_NAME already defined F:\phpsites\tbk\ThinkPHP\Lib\Core\View.class.php 第 223 行.
NOTIC: [8] Constant THEME_PATH already defined F:\phpsites\tbk\ThinkPHP\Lib\Core\View.class.php 第 174 行.
NOTIC: [8] Constant APP_TMPL_PATH already defined F:\phpsites\tbk\ThinkPHP\Lib\Core\View.class.php 第 175 行.
INFO: [ view_parse ] --START--
INFO: ParseTemplate Behavior ::run [ RunTime:0.003146s ]
INFO: [ view_parse ] --END-- [ RunTime:-0.009014s ]
INFO: [ view_filter ] --START--
INFO: ContentReplace Behavior ::run [ RunTime:0.000054s ]
INFO: TokenBuild Behavior ::run [ RunTime:0.000033s ]
INFO: WriteHtmlCache Behavior ::run [ RunTime:0.000007s ]
INFO: ShowRuntime Behavior ::run [ RunTime:0.000044s ]
INFO: [ view_filter ] --END-- [ RunTime:-0.007481s ]
INFO: [ view_end ] --START--
INFO: ShowPageTrace Behavior ::run [ RunTime:0.000022s ]
INFO: [ view_end ] --END-- [ RunTime:-0.003922s ]
NOTIC: [8] Constant THEME_NAME already defined F:\phpsites\tbk\ThinkPHP\Lib\Core\View.class.php 第 223 行.
NOTIC: [8] Constant THEME_PATH already defined F:\phpsites\tbk\ThinkPHP\Lib\Core\View.class.php 第 174 行.
NOTIC: [8] Constant APP_TMPL_PATH already defined F:\phpsites\tbk\ThinkPHP\Lib\Core\View.class.php 第 175 行.
INFO: [ view_parse ] --START--
INFO: ParseTemplate Behavior ::run [ RunTime:0.002491s ]
INFO: [ view_parse ] --END-- [ RunTime:-0.012925s ]
INFO: [ view_filter ] --START--
INFO: ContentReplace Behavior ::run [ RunTime:0.000082s ]
INFO: TokenBuild Behavior ::run [ RunTime:0.000037s ]
INFO: WriteHtmlCache Behavior ::run [ RunTime:0.000014s ]
INFO: ShowRuntime Behavior ::run [ RunTime:0.000059s ]
INFO: [ view_filter ] --END-- [ RunTime:-0.010791s ]
NOTIC: [2] Cannot modify header information - headers already sent by (output started at F:\phpsites\tbk\ThinkPHP\Lib\Core\View.class.php:99) F:\phpsites\tbk\ThinkPHP\Lib\Core\View.class.php 第 95 行.
NOTIC: [2] Cannot modify header information - headers already sent by (output started at F:\phpsites\tbk\ThinkPHP\Lib\Core\View.class.php:99) F:\phpsites\tbk\ThinkPHP\Lib\Core\View.class.php 第 96 行.
NOTIC: [2] Cannot modify header information - headers already sent by (output started at F:\phpsites\tbk\ThinkPHP\Lib\Core\View.class.php:99) F:\phpsites\tbk\ThinkPHP\Lib\Core\View.class.php 第 97 行.
INFO: [ view_end ] --START--
INFO: ShowPageTrace Behavior ::run [ RunTime:0.000033s ]
INFO: [ view_end ] --END-- [ RunTime:-0.007397s ]

[ 2017-12-27T14:42:45+08:00 ] 127.0.0.1 /index.php?g=Game&m=Poker&a=detail&id=6
INFO: [ app_begin ] --START--
INFO: ReadHtmlCache Behavior ::run [ RunTime:0.000488s ]
INFO: [ app_begin ] --END-- [ RunTime:0.000555s ]
NOTIC: [2048] Declaration of BaseAction::display() should be compatible with Action::display($templateFile = '', $charset = '', $contentType = '', $content = '', $prefix = '') F:\phpsites\tbk\Lib\Action\Game\BaseAction.class.php 第 12 行.
SQL: PRAGMA table_info (tp_pass)  [ RunTime:0.000298s ]
SQL: SELECT letters FROM tp_pass WHERE ( id=6 ) LIMIT 1   [ RunTime:0.000110s ]
SQL: PRAGMA table_info (tp_letter)  [ RunTime:0.000023s ]
SQL: SELECT * FROM tp_letter WHERE ( id IN ('26','27','28','29','30') )  [ RunTime:0.000132s ]
INFO: [ view_parse ] --START--
INFO: ParseTemplate Behavior ::run [ RunTime:0.008636s ]
INFO: [ view_parse ] --END-- [ RunTime:0.008732s ]
INFO: [ view_filter ] --START--
INFO: ContentReplace Behavior ::run [ RunTime:0.000642s ]
INFO: TokenBuild Behavior ::run [ RunTime:0.000650s ]
INFO: WriteHtmlCache Behavior ::run [ RunTime:0.000470s ]
INFO: ShowRuntime Behavior ::run [ RunTime:0.000700s ]
INFO: [ view_filter ] --END-- [ RunTime:0.002685s ]
INFO: [ view_end ] --START--
INFO: ShowPageTrace Behavior ::run [ RunTime:0.000713s ]
INFO: [ view_end ] --END-- [ RunTime:0.000807s ]
NOTIC: [8] Constant THEME_NAME already defined F:\phpsites\tbk\ThinkPHP\Lib\Core\View.class.php 第 223 行.
NOTIC: [8] Constant THEME_PATH already defined F:\phpsites\tbk\ThinkPHP\Lib\Core\View.class.php 第 174 行.
NOTIC: [8] Constant APP_TMPL_PATH already defined F:\phpsites\tbk\ThinkPHP\Lib\Core\View.class.php 第 175 行.
INFO: [ view_parse ] --START--
INFO: ParseTemplate Behavior ::run [ RunTime:0.002500s ]
INFO: [ view_parse ] --END-- [ RunTime:-0.004073s ]
INFO: [ view_filter ] --START--
INFO: ContentReplace Behavior ::run [ RunTime:0.000051s ]
INFO: TokenBuild Behavior ::run [ RunTime:0.000029s ]
INFO: WriteHtmlCache Behavior ::run [ RunTime:0.000008s ]
INFO: ShowRuntime Behavior ::run [ RunTime:0.000043s ]
INFO: [ view_filter ] --END-- [ RunTime:-0.004005s ]
INFO: [ view_end ] --START--
INFO: ShowPageTrace Behavior ::run [ RunTime:0.000022s ]
INFO: [ view_end ] --END-- [ RunTime:-0.003364s ]
NOTIC: [8] Constant THEME_NAME already defined F:\phpsites\tbk\ThinkPHP\Lib\Core\View.class.php 第 223 行.
NOTIC: [8] Constant THEME_PATH already defined F:\phpsites\tbk\ThinkPHP\Lib\Core\View.class.php 第 174 行.
NOTIC: [8] Constant APP_TMPL_PATH already defined F:\phpsites\tbk\ThinkPHP\Lib\Core\View.class.php 第 175 行.
INFO: [ view_parse ] --START--
INFO: ParseTemplate Behavior ::run [ RunTime:0.001630s ]
INFO: [ view_parse ] --END-- [ RunTime:-0.007206s ]
INFO: [ view_filter ] --START--
INFO: ContentReplace Behavior ::run [ RunTime:0.000041s ]
INFO: TokenBuild Behavior ::run [ RunTime:0.000026s ]
INFO: WriteHtmlCache Behavior ::run [ RunTime:0.000007s ]
INFO: ShowRuntime Behavior ::run [ RunTime:0.000054s ]
INFO: [ view_filter ] --END-- [ RunTime:-0.006182s ]
NOTIC: [2] Cannot modify header information - headers already sent by (output started at F:\phpsites\tbk\ThinkPHP\Lib\Core\View.class.php:99) F:\phpsites\tbk\ThinkPHP\Lib\Core\View.class.php 第 95 行.
NOTIC: [2] Cannot modify header information - headers already sent by (output started at F:\phpsites\tbk\ThinkPHP\Lib\Core\View.class.php:99) F:\phpsites\tbk\ThinkPHP\Lib\Core\View.class.php 第 96 行.
NOTIC: [2] Cannot modify header information - headers already sent by (output started at F:\phpsites\tbk\ThinkPHP\Lib\Core\View.class.php:99) F:\phpsites\tbk\ThinkPHP\Lib\Core\View.class.php 第 97 行.
INFO: [ view_end ] --START--
INFO: ShowPageTrace Behavior ::run [ RunTime:0.000023s ]
INFO: [ view_end ] --END-- [ RunTime:-0.005576s ]

[ 2017-12-27T14:43:42+08:00 ] 127.0.0.1 /index.php?g=Game&m=Poker&a=lists
INFO: [ app_begin ] --START--
INFO: ReadHtmlCache Behavior ::run [ RunTime:0.001036s ]
INFO: [ app_begin ] --END-- [ RunTime:0.001173s ]
NOTIC: [2048] Declaration of BaseAction::display() should be compatible with Action::display($templateFile = '', $charset = '', $contentType = '', $content = '', $prefix = '') F:\phpsites\tbk\Lib\Action\Game\BaseAction.class.php 第 12 行.
SQL: PRAGMA table_info (tp_pass)  [ RunTime:0.000264s ]
SQL: SELECT * FROM tp_pass  [ RunTime:0.000166s ]
INFO: [ view_parse ] --START--
INFO: ParseTemplate Behavior ::run [ RunTime:0.011867s ]
INFO: [ view_parse ] --END-- [ RunTime:0.011971s ]
INFO: [ view_filter ] --START--
INFO: ContentReplace Behavior ::run [ RunTime:0.000469s ]
INFO: TokenBuild Behavior ::run [ RunTime:0.000359s ]
INFO: WriteHtmlCache Behavior ::run [ RunTime:0.000259s ]
INFO: ShowRuntime Behavior ::run [ RunTime:0.000388s ]
INFO: [ view_filter ] --END-- [ RunTime:0.001612s ]
INFO: [ view_end ] --START--
INFO: ShowPageTrace Behavior ::run [ RunTime:0.000521s ]
INFO: [ view_end ] --END-- [ RunTime:0.000564s ]
NOTIC: [8] Constant THEME_NAME already defined F:\phpsites\tbk\ThinkPHP\Lib\Core\View.class.php 第 223 行.
NOTIC: [8] Constant THEME_PATH already defined F:\phpsites\tbk\ThinkPHP\Lib\Core\View.class.php 第 174 行.
NOTIC: [8] Constant APP_TMPL_PATH already defined F:\phpsites\tbk\ThinkPHP\Lib\Core\View.class.php 第 175 行.
INFO: [ view_parse ] --START--
INFO: ParseTemplate Behavior ::run [ RunTime:0.004889s ]
INFO: [ view_parse ] --END-- [ RunTime:-0.002544s ]
INFO: [ view_filter ] --START--
INFO: ContentReplace Behavior ::run [ RunTime:0.000071s ]
INFO: TokenBuild Behavior ::run [ RunTime:0.000071s ]
INFO: WriteHtmlCache Behavior ::run [ RunTime:0.000011s ]
INFO: ShowRuntime Behavior ::run [ RunTime:0.000069s ]
INFO: [ view_filter ] --END-- [ RunTime:-0.005829s ]
INFO: [ view_end ] --START--
INFO: ShowPageTrace Behavior ::run [ RunTime:0.000037s ]
INFO: [ view_end ] --END-- [ RunTime:-0.005643s ]
NOTIC: [8] Constant THEME_NAME already defined F:\phpsites\tbk\ThinkPHP\Lib\Core\View.class.php 第 223 行.
NOTIC: [8] Constant THEME_PATH already defined F:\phpsites\tbk\ThinkPHP\Lib\Core\View.class.php 第 174 行.
NOTIC: [8] Constant APP_TMPL_PATH already defined F:\phpsites\tbk\ThinkPHP\Lib\Core\View.class.php 第 175 行.
INFO: [ view_parse ] --START--
INFO: ParseTemplate Behavior ::run [ RunTime:0.002282s ]
INFO: [ view_parse ] --END-- [ RunTime:-0.008342s ]
INFO: [ view_filter ] --START--
INFO: ContentReplace Behavior ::run [ RunTime:0.000056s ]
INFO: TokenBuild Behavior ::run [ RunTime:0.000031s ]
INFO: WriteHtmlCache Behavior ::run [ RunTime:0.000008s ]
INFO: ShowRuntime Behavior ::run [ RunTime:0.000046s ]
INFO: [ view_filter ] --END-- [ RunTime:-0.009020s ]
INFO: [ view_end ] --START--
INFO: ShowPageTrace Behavior ::run [ RunTime:0.000025s ]
INFO: [ view_end ] --END-- [ RunTime:-0.008672s ]

[ 2017-12-27T14:43:42+08:00 ] 127.0.0.1 /index.php?g=Game&m=Poker&a=detail&id=1
INFO: [ app_begin ] --START--
INFO: ReadHtmlCache Behavior ::run [ RunTime:0.000713s ]
INFO: [ app_begin ] --END-- [ RunTime:0.000813s ]
NOTIC: [2048] Declaration of BaseAction::display() should be compatible with Action::display($templateFile = '', $charset = '', $contentType = '', $content = '', $prefix = '') F:\phpsites\tbk\Lib\Action\Game\BaseAction.class.php 第 12 行.
SQL: PRAGMA table_info (tp_pass)  [ RunTime:0.000392s ]
SQL: SELECT letters FROM tp_pass WHERE ( id=1 ) LIMIT 1   [ RunTime:0.000136s ]
SQL: PRAGMA table_info (tp_letter)  [ RunTime:0.000025s ]
SQL: SELECT * FROM tp_letter WHERE ( id IN ('1','2','3','4','5') )  [ RunTime:0.000208s ]
INFO: [ view_parse ] --START--
INFO: ParseTemplate Behavior ::run [ RunTime:0.009041s ]
INFO: [ view_parse ] --END-- [ RunTime:0.009109s ]
INFO: [ view_filter ] --START--
INFO: ContentReplace Behavior ::run [ RunTime:0.000394s ]
INFO: TokenBuild Behavior ::run [ RunTime:0.000329s ]
INFO: WriteHtmlCache Behavior ::run [ RunTime:0.000241s ]
INFO: ShowRuntime Behavior ::run [ RunTime:0.000377s ]
INFO: [ view_filter ] --END-- [ RunTime:0.001465s ]
INFO: [ view_end ] --START--
INFO: ShowPageTrace Behavior ::run [ RunTime:0.000513s ]
INFO: [ view_end ] --END-- [ RunTime:0.000554s ]
NOTIC: [8] Constant THEME_NAME already defined F:\phpsites\tbk\ThinkPHP\Lib\Core\View.class.php 第 223 行.
NOTIC: [8] Constant THEME_PATH already defined F:\phpsites\tbk\ThinkPHP\Lib\Core\View.class.php 第 174 行.
NOTIC: [8] Constant APP_TMPL_PATH already defined F:\phpsites\tbk\ThinkPHP\Lib\Core\View.class.php 第 175 行.
INFO: [ view_parse ] --START--
INFO: ParseTemplate Behavior ::run [ RunTime:0.001804s ]
INFO: [ view_parse ] --END-- [ RunTime:-0.002247s ]
INFO: [ view_filter ] --START--
INFO: ContentReplace Behavior ::run [ RunTime:0.000059s ]
INFO: TokenBuild Behavior ::run [ RunTime:0.000033s ]
INFO: WriteHtmlCache Behavior ::run [ RunTime:0.000008s ]
INFO: ShowRuntime Behavior ::run [ RunTime:0.000048s ]
INFO: [ view_filter ] --END-- [ RunTime:-0.002648s ]
INFO: [ view_end ] --START--
INFO: ShowPageTrace Behavior ::run [ RunTime:0.000025s ]
INFO: [ view_end ] --END-- [ RunTime:-0.002339s ]
NOTIC: [8] Constant THEME_NAME already defined F:\phpsites\tbk\ThinkPHP\Lib\Core\View.class.php 第 223 行.
NOTIC: [8] Constant THEME_PATH already defined F:\phpsites\tbk\ThinkPHP\Lib\Core\View.class.php 第 174 行.
NOTIC: [8] Constant APP_TMPL_PATH already defined F:\phpsites\tbk\ThinkPHP\Lib\Core\View.class.php 第 175 行.
INFO: [ view_parse ] --START--
INFO: ParseTemplate Behavior ::run [ RunTime:0.001686s ]
INFO: [ view_parse ] --END-- [ RunTime:-0.004685s ]
INFO: [ view_filter ] --START--
INFO: ContentReplace Behavior ::run [ RunTime:0.000056s ]
INFO: TokenBuild Behavior ::run [ RunTime:0.000033s ]
INFO: WriteHtmlCache Behavior ::run [ RunTime:0.000009s ]
INFO: ShowRuntime Behavior ::run [ RunTime:0.000052s ]
INFO: [ view_filter ] --END-- [ RunTime:-0.004973s ]
NOTIC: [2] Cannot modify header information - headers already sent by (output started at F:\phpsites\tbk\ThinkPHP\Lib\Core\View.class.php:99) F:\phpsites\tbk\ThinkPHP\Lib\Core\View.class.php 第 95 行.
NOTIC: [2] Cannot modify header information - headers already sent by (output started at F:\phpsites\tbk\ThinkPHP\Lib\Core\View.class.php:99) F:\phpsites\tbk\ThinkPHP\Lib\Core\View.class.php 第 96 行.
NOTIC: [2] Cannot modify header information - headers already sent by (output started at F:\phpsites\tbk\ThinkPHP\Lib\Core\View.class.php:99) F:\phpsites\tbk\ThinkPHP\Lib\Core\View.class.php 第 97 行.
INFO: [ view_end ] --START--
INFO: ShowPageTrace Behavior ::run [ RunTime:0.000029s ]
INFO: [ view_end ] --END-- [ RunTime:-0.004702s ]

[ 2017-12-27T14:43:51+08:00 ] 127.0.0.1 /index.php?g=Game&m=Poker&a=detail&id=1
INFO: [ app_begin ] --START--
INFO: ReadHtmlCache Behavior ::run [ RunTime:0.001076s ]
INFO: [ app_begin ] --END-- [ RunTime:0.001207s ]
NOTIC: [2048] Declaration of BaseAction::display() should be compatible with Action::display($templateFile = '', $charset = '', $contentType = '', $content = '', $prefix = '') F:\phpsites\tbk\Lib\Action\Game\BaseAction.class.php 第 12 行.
SQL: PRAGMA table_info (tp_pass)  [ RunTime:0.000277s ]
SQL: SELECT letters FROM tp_pass WHERE ( id=1 ) LIMIT 1   [ RunTime:0.000106s ]
SQL: PRAGMA table_info (tp_letter)  [ RunTime:0.000023s ]
SQL: SELECT * FROM tp_letter WHERE ( id IN ('1','2','3','4','5') )  [ RunTime:0.000160s ]
INFO: [ view_parse ] --START--
INFO: ParseTemplate Behavior ::run [ RunTime:0.008810s ]
INFO: [ view_parse ] --END-- [ RunTime:0.008873s ]
INFO: [ view_filter ] --START--
INFO: ContentReplace Behavior ::run [ RunTime:0.000324s ]
INFO: TokenBuild Behavior ::run [ RunTime:0.000297s ]
INFO: WriteHtmlCache Behavior ::run [ RunTime:0.000247s ]
INFO: ShowRuntime Behavior ::run [ RunTime:0.000363s ]
INFO: [ view_filter ] --END-- [ RunTime:0.001357s ]
INFO: [ view_end ] --START--
INFO: ShowPageTrace Behavior ::run [ RunTime:0.000466s ]
INFO: [ view_end ] --END-- [ RunTime:0.000513s ]
NOTIC: [8] Constant THEME_NAME already defined F:\phpsites\tbk\ThinkPHP\Lib\Core\View.class.php 第 223 行.
NOTIC: [8] Constant THEME_PATH already defined F:\phpsites\tbk\ThinkPHP\Lib\Core\View.class.php 第 174 行.
NOTIC: [8] Constant APP_TMPL_PATH already defined F:\phpsites\tbk\ThinkPHP\Lib\Core\View.class.php 第 175 行.
INFO: [ view_parse ] --START--
INFO: ParseTemplate Behavior ::run [ RunTime:0.001614s ]
INFO: [ view_parse ] --END-- [ RunTime:-0.002071s ]
INFO: [ view_filter ] --START--
INFO: ContentReplace Behavior ::run [ RunTime:0.000047s ]
INFO: TokenBuild Behavior ::run [ RunTime:0.000031s ]
INFO: WriteHtmlCache Behavior ::run [ RunTime:0.000008s ]
INFO: ShowRuntime Behavior ::run [ RunTime:0.000054s ]
INFO: [ view_filter ] --END-- [ RunTime:-0.002369s ]
INFO: [ view_end ] --START--
INFO: ShowPageTrace Behavior ::run [ RunTime:0.000022s ]
INFO: [ view_end ] --END-- [ RunTime:-0.002082s ]
NOTIC: [8] Constant THEME_NAME already defined F:\phpsites\tbk\ThinkPHP\Lib\Core\View.class.php 第 223 行.
NOTIC: [8] Constant THEME_PATH already defined F:\phpsites\tbk\ThinkPHP\Lib\Core\View.class.php 第 174 行.
NOTIC: [8] Constant APP_TMPL_PATH already defined F:\phpsites\tbk\ThinkPHP\Lib\Core\View.class.php 第 175 行.
INFO: [ view_parse ] --START--
INFO: ParseTemplate Behavior ::run [ RunTime:0.001602s ]
INFO: [ view_parse ] --END-- [ RunTime:-0.004221s ]
INFO: [ view_filter ] --START--
INFO: ContentReplace Behavior ::run [ RunTime:0.000047s ]
INFO: TokenBuild Behavior ::run [ RunTime:0.000038s ]
INFO: WriteHtmlCache Behavior ::run [ RunTime:0.000007s ]
INFO: ShowRuntime Behavior ::run [ RunTime:0.000040s ]
INFO: [ view_filter ] --END-- [ RunTime:-0.004520s ]
NOTIC: [2] Cannot modify header information - headers already sent by (output started at F:\phpsites\tbk\ThinkPHP\Lib\Core\View.class.php:99) F:\phpsites\tbk\ThinkPHP\Lib\Core\View.class.php 第 95 行.
NOTIC: [2] Cannot modify header information - headers already sent by (output started at F:\phpsites\tbk\ThinkPHP\Lib\Core\View.class.php:99) F:\phpsites\tbk\ThinkPHP\Lib\Core\View.class.php 第 96 行.
NOTIC: [2] Cannot modify header information - headers already sent by (output started at F:\phpsites\tbk\ThinkPHP\Lib\Core\View.class.php:99) F:\phpsites\tbk\ThinkPHP\Lib\Core\View.class.php 第 97 行.
INFO: [ view_end ] --START--
INFO: ShowPageTrace Behavior ::run [ RunTime:0.000023s ]
INFO: [ view_end ] --END-- [ RunTime:-0.004243s ]

[ 2017-12-27T14:43:58+08:00 ] 127.0.0.1 /index.php?g=Game&m=Poker&a=detail&id=1
INFO: [ app_begin ] --START--
INFO: ReadHtmlCache Behavior ::run [ RunTime:0.000717s ]
INFO: [ app_begin ] --END-- [ RunTime:0.000817s ]
NOTIC: [2048] Declaration of BaseAction::display() should be compatible with Action::display($templateFile = '', $charset = '', $contentType = '', $content = '', $prefix = '') F:\phpsites\tbk\Lib\Action\Game\BaseAction.class.php 第 12 行.
SQL: PRAGMA table_info (tp_pass)  [ RunTime:0.000334s ]
SQL: SELECT letters FROM tp_pass WHERE ( id=1 ) LIMIT 1   [ RunTime:0.000199s ]
SQL: PRAGMA table_info (tp_letter)  [ RunTime:0.000039s ]
SQL: SELECT * FROM tp_letter WHERE ( id IN ('1','2','3','4','5') )  [ RunTime:0.000215s ]
INFO: [ view_parse ] --START--
INFO: ParseTemplate Behavior ::run [ RunTime:0.010747s ]
INFO: [ view_parse ] --END-- [ RunTime:0.010858s ]
INFO: [ view_filter ] --START--
INFO: ContentReplace Behavior ::run [ RunTime:0.000657s ]
INFO: TokenBuild Behavior ::run [ RunTime:0.000731s ]
INFO: WriteHtmlCache Behavior ::run [ RunTime:0.000539s ]
INFO: ShowRuntime Behavior ::run [ RunTime:0.000722s ]
INFO: [ view_filter ] --END-- [ RunTime:0.002867s ]
INFO: [ view_end ] --START--
INFO: ShowPageTrace Behavior ::run [ RunTime:0.001011s ]
INFO: [ view_end ] --END-- [ RunTime:0.001086s ]
NOTIC: [8] Constant THEME_NAME already defined F:\phpsites\tbk\ThinkPHP\Lib\Core\View.class.php 第 223 行.
NOTIC: [8] Constant THEME_PATH already defined F:\phpsites\tbk\ThinkPHP\Lib\Core\View.class.php 第 174 行.
NOTIC: [8] Constant APP_TMPL_PATH already defined F:\phpsites\tbk\ThinkPHP\Lib\Core\View.class.php 第 175 行.
INFO: [ view_parse ] --START--
INFO: ParseTemplate Behavior ::run [ RunTime:0.002192s ]
INFO: [ view_parse ] --END-- [ RunTime:-0.004420s ]
INFO: [ view_filter ] --START--
INFO: ContentReplace Behavior ::run [ RunTime:0.000063s ]
INFO: TokenBuild Behavior ::run [ RunTime:0.000032s ]
INFO: WriteHtmlCache Behavior ::run [ RunTime:0.000008s ]
INFO: ShowRuntime Behavior ::run [ RunTime:0.000049s ]
INFO: [ view_filter ] --END-- [ RunTime:-0.003799s ]
INFO: [ view_end ] --START--
INFO: ShowPageTrace Behavior ::run [ RunTime:0.000038s ]
INFO: [ view_end ] --END-- [ RunTime:-0.002952s ]
NOTIC: [8] Constant THEME_NAME already defined F:\phpsites\tbk\ThinkPHP\Lib\Core\View.class.php 第 223 行.
NOTIC: [8] Constant THEME_PATH already defined F:\phpsites\tbk\ThinkPHP\Lib\Core\View.class.php 第 174 行.
NOTIC: [8] Constant APP_TMPL_PATH already defined F:\phpsites\tbk\ThinkPHP\Lib\Core\View.class.php 第 175 行.
INFO: [ view_parse ] --START--
INFO: ParseTemplate Behavior ::run [ RunTime:0.002143s ]
INFO: [ view_parse ] --END-- [ RunTime:-0.007384s ]
INFO: [ view_filter ] --START--
INFO: ContentReplace Behavior ::run [ RunTime:0.000096s ]
INFO: TokenBuild Behavior ::run [ RunTime:0.000044s ]
INFO: WriteHtmlCache Behavior ::run [ RunTime:0.000014s ]
INFO: ShowRuntime Behavior ::run [ RunTime:0.000057s ]
INFO: [ view_filter ] --END-- [ RunTime:-0.006689s ]
NOTIC: [2] Cannot modify header information - headers already sent by (output started at F:\phpsites\tbk\ThinkPHP\Lib\Core\View.class.php:99) F:\phpsites\tbk\ThinkPHP\Lib\Core\View.class.php 第 95 行.
NOTIC: [2] Cannot modify header information - headers already sent by (output started at F:\phpsites\tbk\ThinkPHP\Lib\Core\View.class.php:99) F:\phpsites\tbk\ThinkPHP\Lib\Core\View.class.php 第 96 行.
NOTIC: [2] Cannot modify header information - headers already sent by (output started at F:\phpsites\tbk\ThinkPHP\Lib\Core\View.class.php:99) F:\phpsites\tbk\ThinkPHP\Lib\Core\View.class.php 第 97 行.
INFO: [ view_end ] --START--
INFO: ShowPageTrace Behavior ::run [ RunTime:0.000108s ]
INFO: [ view_end ] --END-- [ RunTime:-0.005993s ]

[ 2017-12-27T14:44:47+08:00 ] 127.0.0.1 /index.php?g=Game&m=Poker&a=detail&id=1
INFO: [ app_begin ] --START--
INFO: ReadHtmlCache Behavior ::run [ RunTime:0.000675s ]
INFO: [ app_begin ] --END-- [ RunTime:0.000765s ]
NOTIC: [2048] Declaration of BaseAction::display() should be compatible with Action::display($templateFile = '', $charset = '', $contentType = '', $content = '', $prefix = '') F:\phpsites\tbk\Lib\Action\Game\BaseAction.class.php 第 12 行.
SQL: PRAGMA table_info (tp_pass)  [ RunTime:0.000293s ]
SQL: SELECT letters FROM tp_pass WHERE ( id=1 ) LIMIT 1   [ RunTime:0.000235s ]
SQL: PRAGMA table_info (tp_letter)  [ RunTime:0.000044s ]
SQL: SELECT * FROM tp_letter WHERE ( id IN ('1','2','3','4','5') )  [ RunTime:0.000235s ]
INFO: [ view_parse ] --START--
INFO: ParseTemplate Behavior ::run [ RunTime:0.010284s ]
INFO: [ view_parse ] --END-- [ RunTime:0.010356s ]
INFO: [ view_filter ] --START--
INFO: ContentReplace Behavior ::run [ RunTime:0.000351s ]
INFO: TokenBuild Behavior ::run [ RunTime:0.000329s ]
INFO: WriteHtmlCache Behavior ::run [ RunTime:0.000257s ]
INFO: ShowRuntime Behavior ::run [ RunTime:0.000360s ]
INFO: [ view_filter ] --END-- [ RunTime:0.001415s ]
INFO: [ view_end ] --START--
INFO: ShowPageTrace Behavior ::run [ RunTime:0.000482s ]
INFO: [ view_end ] --END-- [ RunTime:0.000519s ]
NOTIC: [8] Constant THEME_NAME already defined F:\phpsites\tbk\ThinkPHP\Lib\Core\View.class.php 第 223 行.
NOTIC: [8] Constant THEME_PATH already defined F:\phpsites\tbk\ThinkPHP\Lib\Core\View.class.php 第 174 行.
NOTIC: [8] Constant APP_TMPL_PATH already defined F:\phpsites\tbk\ThinkPHP\Lib\Core\View.class.php 第 175 行.
INFO: [ view_parse ] --START--
INFO: ParseTemplate Behavior ::run [ RunTime:0.001612s ]
INFO: [ view_parse ] --END-- [ RunTime:-0.002142s ]
INFO: [ view_filter ] --START--
INFO: ContentReplace Behavior ::run [ RunTime:0.000077s ]
INFO: TokenBuild Behavior ::run [ RunTime:0.000028s ]
INFO: WriteHtmlCache Behavior ::run [ RunTime:0.000007s ]
INFO: ShowRuntime Behavior ::run [ RunTime:0.000043s ]
INFO: [ view_filter ] --END-- [ RunTime:-0.002382s ]
INFO: [ view_end ] --START--
INFO: ShowPageTrace Behavior ::run [ RunTime:0.000021s ]
INFO: [ view_end ] --END-- [ RunTime:-0.002090s ]
NOTIC: [8] Constant THEME_NAME already defined F:\phpsites\tbk\ThinkPHP\Lib\Core\View.class.php 第 223 行.
NOTIC: [8] Constant THEME_PATH already defined F:\phpsites\tbk\ThinkPHP\Lib\Core\View.class.php 第 174 行.
NOTIC: [8] Constant APP_TMPL_PATH already defined F:\phpsites\tbk\ThinkPHP\Lib\Core\View.class.php 第 175 行.
INFO: [ view_parse ] --START--
INFO: ParseTemplate Behavior ::run [ RunTime:0.001540s ]
INFO: [ view_parse ] --END-- [ RunTime:-0.004302s ]
INFO: [ view_filter ] --START--
INFO: ContentReplace Behavior ::run [ RunTime:0.000040s ]
INFO: TokenBuild Behavior ::run [ RunTime:0.000026s ]
INFO: WriteHtmlCache Behavior ::run [ RunTime:0.000007s ]
INFO: ShowRuntime Behavior ::run [ RunTime:0.000040s ]
INFO: [ view_filter ] --END-- [ RunTime:-0.004458s ]
NOTIC: [2] Cannot modify header information - headers already sent by (output started at F:\phpsites\tbk\ThinkPHP\Lib\Core\View.class.php:99) F:\phpsites\tbk\ThinkPHP\Lib\Core\View.class.php 第 95 行.
NOTIC: [2] Cannot modify header information - headers already sent by (output started at F:\phpsites\tbk\ThinkPHP\Lib\Core\View.class.php:99) F:\phpsites\tbk\ThinkPHP\Lib\Core\View.class.php 第 96 行.
NOTIC: [2] Cannot modify header information - headers already sent by (output started at F:\phpsites\tbk\ThinkPHP\Lib\Core\View.class.php:99) F:\phpsites\tbk\ThinkPHP\Lib\Core\View.class.php 第 97 行.
INFO: [ view_end ] --START--
INFO: ShowPageTrace Behavior ::run [ RunTime:0.000021s ]
INFO: [ view_end ] --END-- [ RunTime:-0.004148s ]

[ 2017-12-27T14:44:52+08:00 ] 127.0.0.1 /index.php?g=Game&m=Poker&a=detail&id=1
INFO: [ app_begin ] --START--
INFO: ReadHtmlCache Behavior ::run [ RunTime:0.000609s ]
INFO: [ app_begin ] --END-- [ RunTime:0.000693s ]
NOTIC: [2048] Declaration of BaseAction::display() should be compatible with Action::display($templateFile = '', $charset = '', $contentType = '', $content = '', $prefix = '') F:\phpsites\tbk\Lib\Action\Game\BaseAction.class.php 第 12 行.
SQL: PRAGMA table_info (tp_pass)  [ RunTime:0.000391s ]
SQL: SELECT letters FROM tp_pass WHERE ( id=1 ) LIMIT 1   [ RunTime:0.000167s ]
SQL: PRAGMA table_info (tp_letter)  [ RunTime:0.000039s ]
SQL: SELECT * FROM tp_letter WHERE ( id IN ('1','2','3','4','5') )  [ RunTime:0.000236s ]
INFO: [ view_parse ] --START--
INFO: ParseTemplate Behavior ::run [ RunTime:0.010112s ]
INFO: [ view_parse ] --END-- [ RunTime:0.010215s ]
INFO: [ view_filter ] --START--
INFO: ContentReplace Behavior ::run [ RunTime:0.000510s ]
INFO: TokenBuild Behavior ::run [ RunTime:0.000500s ]
INFO: WriteHtmlCache Behavior ::run [ RunTime:0.000481s ]
INFO: ShowRuntime Behavior ::run [ RunTime:0.000762s ]
INFO: [ view_filter ] --END-- [ RunTime:0.002484s ]
INFO: [ view_end ] --START--
INFO: ShowPageTrace Behavior ::run [ RunTime:0.000816s ]
INFO: [ view_end ] --END-- [ RunTime:0.000868s ]
NOTIC: [8] Constant THEME_NAME already defined F:\phpsites\tbk\ThinkPHP\Lib\Core\View.class.php 第 223 行.
NOTIC: [8] Constant THEME_PATH already defined F:\phpsites\tbk\ThinkPHP\Lib\Core\View.class.php 第 174 行.
NOTIC: [8] Constant APP_TMPL_PATH already defined F:\phpsites\tbk\ThinkPHP\Lib\Core\View.class.php 第 175 行.
INFO: [ view_parse ] --START--
INFO: ParseTemplate Behavior ::run [ RunTime:0.003179s ]
INFO: [ view_parse ] --END-- [ RunTime:-0.003674s ]
INFO: [ view_filter ] --START--
INFO: ContentReplace Behavior ::run [ RunTime:0.000097s ]
INFO: TokenBuild Behavior ::run [ RunTime:0.000045s ]
INFO: WriteHtmlCache Behavior ::run [ RunTime:0.000014s ]
INFO: ShowRuntime Behavior ::run [ RunTime:0.000051s ]
INFO: [ view_filter ] --END-- [ RunTime:-0.004466s ]
INFO: [ view_end ] --START--
INFO: ShowPageTrace Behavior ::run [ RunTime:0.000026s ]
INFO: [ view_end ] --END-- [ RunTime:-0.003937s ]
NOTIC: [8] Constant THEME_NAME already defined F:\phpsites\tbk\ThinkPHP\Lib\Core\View.class.php 第 223 行.
NOTIC: [8] Constant THEME_PATH already defined F:\phpsites\tbk\ThinkPHP\Lib\Core\View.class.php 第 174 行.
NOTIC: [8] Constant APP_TMPL_PATH already defined F:\phpsites\tbk\ThinkPHP\Lib\Core\View.class.php 第 175 行.
INFO: [ view_parse ] --START--
INFO: ParseTemplate Behavior ::run [ RunTime:0.002437s ]
INFO: [ view_parse ] --END-- [ RunTime:-0.007716s ]
INFO: [ view_filter ] --START--
INFO: ContentReplace Behavior ::run [ RunTime:0.000056s ]
INFO: TokenBuild Behavior ::run [ RunTime:0.000031s ]
INFO: WriteHtmlCache Behavior ::run [ RunTime:0.000009s ]
INFO: ShowRuntime Behavior ::run [ RunTime:0.000072s ]
INFO: [ view_filter ] --END-- [ RunTime:-0.007728s ]
NOTIC: [2] Cannot modify header information - headers already sent by (output started at F:\phpsites\tbk\ThinkPHP\Lib\Core\View.class.php:99) F:\phpsites\tbk\ThinkPHP\Lib\Core\View.class.php 第 95 行.
NOTIC: [2] Cannot modify header information - headers already sent by (output started at F:\phpsites\tbk\ThinkPHP\Lib\Core\View.class.php:99) F:\phpsites\tbk\ThinkPHP\Lib\Core\View.class.php 第 96 行.
NOTIC: [2] Cannot modify header information - headers already sent by (output started at F:\phpsites\tbk\ThinkPHP\Lib\Core\View.class.php:99) F:\phpsites\tbk\ThinkPHP\Lib\Core\View.class.php 第 97 行.
INFO: [ view_end ] --START--
INFO: ShowPageTrace Behavior ::run [ RunTime:0.000036s ]
INFO: [ view_end ] --END-- [ RunTime:-0.007189s ]

[ 2017-12-27T14:44:55+08:00 ] 127.0.0.1 /index.php?g=Game&m=Index&a=index
INFO: [ app_begin ] --START--
INFO: ReadHtmlCache Behavior ::run [ RunTime:0.000731s ]
INFO: [ app_begin ] --END-- [ RunTime:0.000825s ]
NOTIC: [2048] Declaration of BaseAction::display() should be compatible with Action::display($templateFile = '', $charset = '', $contentType = '', $content = '', $prefix = '') F:\phpsites\tbk\Lib\Action\Game\BaseAction.class.php 第 12 行.
NOTIC: [8] Constant THEME_NAME already defined F:\phpsites\tbk\ThinkPHP\Lib\Core\View.class.php 第 223 行.
NOTIC: [8] Constant THEME_PATH already defined F:\phpsites\tbk\ThinkPHP\Lib\Core\View.class.php 第 174 行.
NOTIC: [8] Constant APP_TMPL_PATH already defined F:\phpsites\tbk\ThinkPHP\Lib\Core\View.class.php 第 175 行.
INFO: [ view_parse ] --START--
INFO: ParseTemplate Behavior ::run [ RunTime:0.008349s ]
INFO: [ view_parse ] --END-- [ RunTime:0.008428s ]
INFO: [ view_filter ] --START--
INFO: ContentReplace Behavior ::run [ RunTime:0.000357s ]
INFO: TokenBuild Behavior ::run [ RunTime:0.000471s ]
INFO: WriteHtmlCache Behavior ::run [ RunTime:0.000321s ]
INFO: ShowRuntime Behavior ::run [ RunTime:0.000430s ]
INFO: [ view_filter ] --END-- [ RunTime:0.001733s ]
INFO: [ view_end ] --START--
INFO: ShowPageTrace Behavior ::run [ RunTime:0.000837s ]
INFO: [ view_end ] --END-- [ RunTime:0.000913s ]
NOTIC: [8] Constant THEME_NAME already defined F:\phpsites\tbk\ThinkPHP\Lib\Core\View.class.php 第 223 行.
NOTIC: [8] Constant THEME_PATH already defined F:\phpsites\tbk\ThinkPHP\Lib\Core\View.class.php 第 174 行.
NOTIC: [8] Constant APP_TMPL_PATH already defined F:\phpsites\tbk\ThinkPHP\Lib\Core\View.class.php 第 175 行.
INFO: [ view_parse ] --START--
INFO: ParseTemplate Behavior ::run [ RunTime:0.002055s ]
INFO: [ view_parse ] --END-- [ RunTime:-0.002987s ]
INFO: [ view_filter ] --START--
INFO: ContentReplace Behavior ::run [ RunTime:0.000062s ]
INFO: TokenBuild Behavior ::run [ RunTime:0.000048s ]
INFO: WriteHtmlCache Behavior ::run [ RunTime:0.000013s ]
INFO: ShowRuntime Behavior ::run [ RunTime:0.000070s ]
INFO: [ view_filter ] --END-- [ RunTime:-0.003381s ]
INFO: [ view_end ] --START--
INFO: ShowPageTrace Behavior ::run [ RunTime:0.000069s ]
INFO: [ view_end ] --END-- [ RunTime:-0.002812s ]
NOTIC: [8] Constant THEME_NAME already defined F:\phpsites\tbk\ThinkPHP\Lib\Core\View.class.php 第 223 行.
NOTIC: [8] Constant THEME_PATH already defined F:\phpsites\tbk\ThinkPHP\Lib\Core\View.class.php 第 174 行.
NOTIC: [8] Constant APP_TMPL_PATH already defined F:\phpsites\tbk\ThinkPHP\Lib\Core\View.class.php 第 175 行.
INFO: [ view_parse ] --START--
INFO: ParseTemplate Behavior ::run [ RunTime:0.003124s ]
INFO: [ view_parse ] --END-- [ RunTime:-0.007408s ]
INFO: [ view_filter ] --START--
INFO: ContentReplace Behavior ::run [ RunTime:0.000079s ]
INFO: TokenBuild Behavior ::run [ RunTime:0.000049s ]
INFO: WriteHtmlCache Behavior ::run [ RunTime:0.000013s ]
INFO: ShowRuntime Behavior ::run [ RunTime:0.000078s ]
INFO: [ view_filter ] --END-- [ RunTime:-0.009134s ]
INFO: [ view_end ] --START--
INFO: ShowPageTrace Behavior ::run [ RunTime:0.000041s ]
INFO: [ view_end ] --END-- [ RunTime:-0.008562s ]

[ 2017-12-27T15:10:59+08:00 ] 127.0.0.1 /index.php?g=Game&m=Index&a=index
INFO: [ app_begin ] --START--
INFO: ReadHtmlCache Behavior ::run [ RunTime:0.000676s ]
INFO: [ app_begin ] --END-- [ RunTime:0.000753s ]
NOTIC: [2048] Declaration of BaseAction::display() should be compatible with Action::display($templateFile = '', $charset = '', $contentType = '', $content = '', $prefix = '') F:\phpsites\tbk\Lib\Action\Game\BaseAction.class.php 第 12 行.
NOTIC: [8] Constant THEME_NAME already defined F:\phpsites\tbk\ThinkPHP\Lib\Core\View.class.php 第 223 行.
NOTIC: [8] Constant THEME_PATH already defined F:\phpsites\tbk\ThinkPHP\Lib\Core\View.class.php 第 174 行.
NOTIC: [8] Constant APP_TMPL_PATH already defined F:\phpsites\tbk\ThinkPHP\Lib\Core\View.class.php 第 175 行.
INFO: [ view_parse ] --START--
INFO: ParseTemplate Behavior ::run [ RunTime:0.009821s ]
INFO: [ view_parse ] --END-- [ RunTime:0.009941s ]
INFO: [ view_filter ] --START--
INFO: ContentReplace Behavior ::run [ RunTime:0.000877s ]
INFO: TokenBuild Behavior ::run [ RunTime:0.001064s ]
INFO: WriteHtmlCache Behavior ::run [ RunTime:0.000893s ]
INFO: ShowRuntime Behavior ::run [ RunTime:0.000634s ]
INFO: [ view_filter ] --END-- [ RunTime:0.003720s ]
INFO: [ view_end ] --START--
INFO: ShowPageTrace Behavior ::run [ RunTime:0.000637s ]
INFO: [ view_end ] --END-- [ RunTime:0.000683s ]
NOTIC: [8] Constant THEME_NAME already defined F:\phpsites\tbk\ThinkPHP\Lib\Core\View.class.php 第 223 行.
NOTIC: [8] Constant THEME_PATH already defined F:\phpsites\tbk\ThinkPHP\Lib\Core\View.class.php 第 174 行.
NOTIC: [8] Constant APP_TMPL_PATH already defined F:\phpsites\tbk\ThinkPHP\Lib\Core\View.class.php 第 175 行.
INFO: [ view_parse ] --START--
INFO: ParseTemplate Behavior ::run [ RunTime:0.001517s ]
INFO: [ view_parse ] --END-- [ RunTime:-0.004687s ]
INFO: [ view_filter ] --START--
INFO: ContentReplace Behavior ::run [ RunTime:0.000037s ]
INFO: TokenBuild Behavior ::run [ RunTime:0.000026s ]
INFO: WriteHtmlCache Behavior ::run [ RunTime:0.000007s ]
INFO: ShowRuntime Behavior ::run [ RunTime:0.000039s ]
INFO: [ view_filter ] --END-- [ RunTime:-0.002494s ]
INFO: [ view_end ] --START--
INFO: ShowPageTrace Behavior ::run [ RunTime:0.000024s ]
INFO: [ view_end ] --END-- [ RunTime:-0.001996s ]
NOTIC: [8] Constant THEME_NAME already defined F:\phpsites\tbk\ThinkPHP\Lib\Core\View.class.php 第 223 行.
NOTIC: [8] Constant THEME_PATH already defined F:\phpsites\tbk\ThinkPHP\Lib\Core\View.class.php 第 174 行.
NOTIC: [8] Constant APP_TMPL_PATH already defined F:\phpsites\tbk\ThinkPHP\Lib\Core\View.class.php 第 175 行.
INFO: [ view_parse ] --START--
INFO: ParseTemplate Behavior ::run [ RunTime:0.001659s ]
INFO: [ view_parse ] --END-- [ RunTime:-0.006790s ]
INFO: [ view_filter ] --START--
INFO: ContentReplace Behavior ::run [ RunTime:0.000047s ]
INFO: TokenBuild Behavior ::run [ RunTime:0.000030s ]
INFO: WriteHtmlCache Behavior ::run [ RunTime:0.000007s ]
INFO: ShowRuntime Behavior ::run [ RunTime:0.000045s ]
INFO: [ view_filter ] --END-- [ RunTime:-0.004744s ]
INFO: [ view_end ] --START--
INFO: ShowPageTrace Behavior ::run [ RunTime:0.000024s ]
INFO: [ view_end ] --END-- [ RunTime:-0.004256s ]

