[ 2018-04-18T15:39:23+08:00 ] 127.0.0.1 /
INFO: [ app_begin ] --START--
INFO: ReadHtmlCache Behavior ::run [ RunTime:0.001152s ]
INFO: [ app_begin ] --END-- [ RunTime:0.001260s ]
NOTIC: [2048] Declaration of BaseAction::display() should be compatible with Action::display($templateFile = '', $charset = '', $contentType = '', $content = '', $prefix = '') F:\phpsites\tbk\Lib\Action\Wap\BaseAction.class.php 第 12 行.
INFO: [ view_parse ] --START--
INFO: ParseTemplate Behavior ::run [ RunTime:0.010352s ]
INFO: [ view_parse ] --END-- [ RunTime:0.010432s ]
INFO: [ view_filter ] --START--
INFO: ContentReplace Behavior ::run [ RunTime:0.000544s ]
INFO: TokenBuild Behavior ::run [ RunTime:0.000511s ]
INFO: WriteHtmlCache Behavior ::run [ RunTime:0.000455s ]
INFO: ShowRuntime Behavior ::run [ RunTime:0.000575s ]
INFO: [ view_filter ] --END-- [ RunTime:0.002217s ]
INFO: [ view_end ] --START--
INFO: ShowPageTrace Behavior ::run [ RunTime:0.000706s ]
INFO: [ view_end ] --END-- [ RunTime:0.000750s ]
NOTIC: [8] Constant THEME_NAME already defined F:\phpsites\tbk\ThinkPHP\Lib\Core\View.class.php 第 223 行.
NOTIC: [8] Constant THEME_PATH already defined F:\phpsites\tbk\ThinkPHP\Lib\Core\View.class.php 第 174 行.
NOTIC: [8] Constant APP_TMPL_PATH already defined F:\phpsites\tbk\ThinkPHP\Lib\Core\View.class.php 第 175 行.
INFO: [ view_parse ] --START--
INFO: ParseTemplate Behavior ::run [ RunTime:0.002202s ]
INFO: [ view_parse ] --END-- [ RunTime:-0.003347s ]
INFO: [ view_filter ] --START--
INFO: ContentReplace Behavior ::run [ RunTime:0.000048s ]
INFO: TokenBuild Behavior ::run [ RunTime:0.000030s ]
INFO: WriteHtmlCache Behavior ::run [ RunTime:0.000008s ]
INFO: ShowRuntime Behavior ::run [ RunTime:0.000046s ]
INFO: [ view_filter ] --END-- [ RunTime:-0.003365s ]
INFO: [ view_end ] --START--
INFO: ShowPageTrace Behavior ::run [ RunTime:0.000025s ]
INFO: [ view_end ] --END-- [ RunTime:-0.002813s ]
NOTIC: [8] Constant THEME_NAME already defined F:\phpsites\tbk\ThinkPHP\Lib\Core\View.class.php 第 223 行.
NOTIC: [8] Constant THEME_PATH already defined F:\phpsites\tbk\ThinkPHP\Lib\Core\View.class.php 第 174 行.
NOTIC: [8] Constant APP_TMPL_PATH already defined F:\phpsites\tbk\ThinkPHP\Lib\Core\View.class.php 第 175 行.
INFO: [ view_parse ] --START--
INFO: ParseTemplate Behavior ::run [ RunTime:0.001774s ]
INFO: [ view_parse ] --END-- [ RunTime:-0.006211s ]
INFO: [ view_filter ] --START--
INFO: ContentReplace Behavior ::run [ RunTime:0.000048s ]
INFO: TokenBuild Behavior ::run [ RunTime:0.000030s ]
INFO: WriteHtmlCache Behavior ::run [ RunTime:0.000008s ]
INFO: ShowRuntime Behavior ::run [ RunTime:0.000045s ]
INFO: [ view_filter ] --END-- [ RunTime:-0.005820s ]
INFO: [ view_end ] --START--
INFO: ShowPageTrace Behavior ::run [ RunTime:0.000024s ]
INFO: [ view_end ] --END-- [ RunTime:-0.005272s ]

[ 2018-04-18T15:39:29+08:00 ] 127.0.0.1 /index.php?g=Admin&m=Index&a=index
INFO: [ app_begin ] --START--
INFO: ReadHtmlCache Behavior ::run [ RunTime:0.000519s ]
INFO: [ app_begin ] --END-- [ RunTime:0.000576s ]
NOTIC: [2048] Declaration of BaseAction::display() should be compatible with Action::display($templateFile = '', $charset = '', $contentType = '', $content = '', $prefix = '') F:\phpsites\tbk\Lib\Action\Admin\BaseAction.class.php 第 8 行.
NOTIC: [2] Missing argument 1 for BaseAction::display(), called in F:\phpsites\tbk\Lib\Action\Admin\IndexAction.class.php on line 7 and defined F:\phpsites\tbk\Lib\Action\Admin\BaseAction.class.php 第 3 行.
INFO: [ view_parse ] --START--
INFO: ParseTemplate Behavior ::run [ RunTime:0.007261s ]
INFO: [ view_parse ] --END-- [ RunTime:0.007348s ]
INFO: [ view_filter ] --START--
INFO: ContentReplace Behavior ::run [ RunTime:0.001008s ]
INFO: TokenBuild Behavior ::run [ RunTime:0.000693s ]
INFO: WriteHtmlCache Behavior ::run [ RunTime:0.000594s ]
INFO: ShowRuntime Behavior ::run [ RunTime:0.000713s ]
INFO: [ view_filter ] --END-- [ RunTime:0.003253s ]
INFO: [ view_end ] --START--
INFO: ShowPageTrace Behavior ::run [ RunTime:0.000912s ]
INFO: [ view_end ] --END-- [ RunTime:0.000965s ]
NOTIC: [8] Undefined variable: tpl F:\phpsites\tbk\Lib\Action\Admin\BaseAction.class.php 第 5 行.
NOTIC: [8] Constant THEME_NAME already defined F:\phpsites\tbk\ThinkPHP\Lib\Core\View.class.php 第 223 行.
NOTIC: [8] Constant THEME_PATH already defined F:\phpsites\tbk\ThinkPHP\Lib\Core\View.class.php 第 174 行.
NOTIC: [8] Constant APP_TMPL_PATH already defined F:\phpsites\tbk\ThinkPHP\Lib\Core\View.class.php 第 175 行.
INFO: [ view_parse ] --START--
INFO: ParseTemplate Behavior ::run [ RunTime:0.002057s ]
INFO: [ view_parse ] --END-- [ RunTime:-0.004652s ]
INFO: [ view_filter ] --START--
INFO: ContentReplace Behavior ::run [ RunTime:0.000039s ]
INFO: TokenBuild Behavior ::run [ RunTime:0.000026s ]
INFO: WriteHtmlCache Behavior ::run [ RunTime:0.000007s ]
INFO: ShowRuntime Behavior ::run [ RunTime:0.000040s ]
INFO: [ view_filter ] --END-- [ RunTime:-0.003497s ]
INFO: [ view_end ] --START--
INFO: ShowPageTrace Behavior ::run [ RunTime:0.000022s ]
INFO: [ view_end ] --END-- [ RunTime:-0.002681s ]
NOTIC: [8] Constant THEME_NAME already defined F:\phpsites\tbk\ThinkPHP\Lib\Core\View.class.php 第 223 行.
NOTIC: [8] Constant THEME_PATH already defined F:\phpsites\tbk\ThinkPHP\Lib\Core\View.class.php 第 174 行.
NOTIC: [8] Constant APP_TMPL_PATH already defined F:\phpsites\tbk\ThinkPHP\Lib\Core\View.class.php 第 175 行.
INFO: [ view_parse ] --START--
INFO: ParseTemplate Behavior ::run [ RunTime:0.045150s ]
INFO: [ view_parse ] --END-- [ RunTime:-0.007308s ]
INFO: [ view_filter ] --START--
INFO: ContentReplace Behavior ::run [ RunTime:0.000062s ]
INFO: TokenBuild Behavior ::run [ RunTime:0.000035s ]
INFO: WriteHtmlCache Behavior ::run [ RunTime:0.000010s ]
INFO: ShowRuntime Behavior ::run [ RunTime:0.000055s ]
INFO: [ view_filter ] --END-- [ RunTime:-0.049253s ]
INFO: [ view_end ] --START--
INFO: ShowPageTrace Behavior ::run [ RunTime:0.000029s ]
INFO: [ view_end ] --END-- [ RunTime:-0.048524s ]

[ 2018-04-18T15:39:30+08:00 ] 127.0.0.1 /index.php?g=Admin&m=Cat&a=index
INFO: [ app_begin ] --START--
INFO: ReadHtmlCache Behavior ::run [ RunTime:0.000494s ]
INFO: [ app_begin ] --END-- [ RunTime:0.000565s ]
NOTIC: [2048] Declaration of BaseAction::display() should be compatible with Action::display($templateFile = '', $charset = '', $contentType = '', $content = '', $prefix = '') F:\phpsites\tbk\Lib\Action\Admin\BaseAction.class.php 第 8 行.
SQL: PRAGMA table_info (tp_goods_cat)  [ RunTime:0.000393s ]
SQL: SELECT COUNT(*) AS tp_count FROM tp_goods_cat LIMIT 1   [ RunTime:0.000226s ]
SQL: SELECT * FROM tp_goods_cat ORDER BY sort desc LIMIT 20 OFFSET 0   [ RunTime:0.000387s ]
INFO: [ view_parse ] --START--
INFO: ParseTemplate Behavior ::run [ RunTime:0.008011s ]
INFO: [ view_parse ] --END-- [ RunTime:0.008098s ]
INFO: [ view_filter ] --START--
INFO: ContentReplace Behavior ::run [ RunTime:0.000401s ]
INFO: TokenBuild Behavior ::run [ RunTime:0.000430s ]
INFO: WriteHtmlCache Behavior ::run [ RunTime:0.000319s ]
INFO: ShowRuntime Behavior ::run [ RunTime:0.000462s ]
INFO: [ view_filter ] --END-- [ RunTime:0.001733s ]
INFO: [ view_end ] --START--
INFO: ShowPageTrace Behavior ::run [ RunTime:0.000528s ]
INFO: [ view_end ] --END-- [ RunTime:0.000567s ]
NOTIC: [8] Constant THEME_NAME already defined F:\phpsites\tbk\ThinkPHP\Lib\Core\View.class.php 第 223 行.
NOTIC: [8] Constant THEME_PATH already defined F:\phpsites\tbk\ThinkPHP\Lib\Core\View.class.php 第 174 行.
NOTIC: [8] Constant APP_TMPL_PATH already defined F:\phpsites\tbk\ThinkPHP\Lib\Core\View.class.php 第 175 行.
INFO: [ view_parse ] --START--
INFO: ParseTemplate Behavior ::run [ RunTime:0.003653s ]
INFO: [ view_parse ] --END-- [ RunTime:-0.002676s ]
INFO: [ view_filter ] --START--
INFO: ContentReplace Behavior ::run [ RunTime:0.000046s ]
INFO: TokenBuild Behavior ::run [ RunTime:0.000027s ]
INFO: WriteHtmlCache Behavior ::run [ RunTime:0.000008s ]
INFO: ShowRuntime Behavior ::run [ RunTime:0.000054s ]
INFO: [ view_filter ] --END-- [ RunTime:-0.004639s ]
INFO: [ view_end ] --START--
INFO: ShowPageTrace Behavior ::run [ RunTime:0.000021s ]
INFO: [ view_end ] --END-- [ RunTime:-0.004289s ]
NOTIC: [8] Constant THEME_NAME already defined F:\phpsites\tbk\ThinkPHP\Lib\Core\View.class.php 第 223 行.
NOTIC: [8] Constant THEME_PATH already defined F:\phpsites\tbk\ThinkPHP\Lib\Core\View.class.php 第 174 行.
NOTIC: [8] Constant APP_TMPL_PATH already defined F:\phpsites\tbk\ThinkPHP\Lib\Core\View.class.php 第 175 行.
INFO: [ view_parse ] --START--
INFO: ParseTemplate Behavior ::run [ RunTime:0.001573s ]
INFO: [ view_parse ] --END-- [ RunTime:-0.006916s ]
INFO: [ view_filter ] --START--
INFO: ContentReplace Behavior ::run [ RunTime:0.000065s ]
INFO: TokenBuild Behavior ::run [ RunTime:0.000027s ]
INFO: WriteHtmlCache Behavior ::run [ RunTime:0.000007s ]
INFO: ShowRuntime Behavior ::run [ RunTime:0.000041s ]
INFO: [ view_filter ] --END-- [ RunTime:-0.006789s ]
INFO: [ view_end ] --START--
INFO: ShowPageTrace Behavior ::run [ RunTime:0.000021s ]
INFO: [ view_end ] --END-- [ RunTime:-0.006431s ]

[ 2018-04-18T15:39:49+08:00 ] 127.0.0.1 /index.php?g=Admin&m=Cat&a=index
INFO: [ app_begin ] --START--
INFO: ReadHtmlCache Behavior ::run [ RunTime:0.000804s ]
INFO: [ app_begin ] --END-- [ RunTime:0.000897s ]
NOTIC: [2048] Declaration of BaseAction::display() should be compatible with Action::display($templateFile = '', $charset = '', $contentType = '', $content = '', $prefix = '') F:\phpsites\tbk\Lib\Action\Admin\BaseAction.class.php 第 8 行.
SQL: PRAGMA table_info (tp_goods_cat)  [ RunTime:0.000470s ]
SQL: SELECT COUNT(*) AS tp_count FROM tp_goods_cat LIMIT 1   [ RunTime:0.000666s ]
SQL: SELECT * FROM tp_goods_cat ORDER BY sort desc LIMIT 1 OFFSET 0   [ RunTime:0.000412s ]
INFO: [ view_parse ] --START--
INFO: ParseTemplate Behavior ::run [ RunTime:0.006241s ]
INFO: [ view_parse ] --END-- [ RunTime:0.006311s ]
INFO: [ view_filter ] --START--
INFO: ContentReplace Behavior ::run [ RunTime:0.000463s ]
INFO: TokenBuild Behavior ::run [ RunTime:0.000396s ]
INFO: WriteHtmlCache Behavior ::run [ RunTime:0.000322s ]
INFO: ShowRuntime Behavior ::run [ RunTime:0.000439s ]
INFO: [ view_filter ] --END-- [ RunTime:0.001738s ]
INFO: [ view_end ] --START--
INFO: ShowPageTrace Behavior ::run [ RunTime:0.000558s ]
INFO: [ view_end ] --END-- [ RunTime:0.000597s ]
NOTIC: [8] Constant THEME_NAME already defined F:\phpsites\tbk\ThinkPHP\Lib\Core\View.class.php 第 223 行.
NOTIC: [8] Constant THEME_PATH already defined F:\phpsites\tbk\ThinkPHP\Lib\Core\View.class.php 第 174 行.
NOTIC: [8] Constant APP_TMPL_PATH already defined F:\phpsites\tbk\ThinkPHP\Lib\Core\View.class.php 第 175 行.
INFO: [ view_parse ] --START--
INFO: ParseTemplate Behavior ::run [ RunTime:0.003658s ]
INFO: [ view_parse ] --END-- [ RunTime:-0.002637s ]
INFO: [ view_filter ] --START--
INFO: ContentReplace Behavior ::run [ RunTime:0.000047s ]
INFO: TokenBuild Behavior ::run [ RunTime:0.000030s ]
INFO: WriteHtmlCache Behavior ::run [ RunTime:0.000008s ]
INFO: ShowRuntime Behavior ::run [ RunTime:0.000049s ]
INFO: [ view_filter ] --END-- [ RunTime:-0.004609s ]
INFO: [ view_end ] --START--
INFO: ShowPageTrace Behavior ::run [ RunTime:0.000040s ]
INFO: [ view_end ] --END-- [ RunTime:-0.004269s ]
NOTIC: [8] Constant THEME_NAME already defined F:\phpsites\tbk\ThinkPHP\Lib\Core\View.class.php 第 223 行.
NOTIC: [8] Constant THEME_PATH already defined F:\phpsites\tbk\ThinkPHP\Lib\Core\View.class.php 第 174 行.
NOTIC: [8] Constant APP_TMPL_PATH already defined F:\phpsites\tbk\ThinkPHP\Lib\Core\View.class.php 第 175 行.
INFO: [ view_parse ] --START--
INFO: ParseTemplate Behavior ::run [ RunTime:0.002550s ]
INFO: [ view_parse ] --END-- [ RunTime:-0.007196s ]
INFO: [ view_filter ] --START--
INFO: ContentReplace Behavior ::run [ RunTime:0.000045s ]
INFO: TokenBuild Behavior ::run [ RunTime:0.000027s ]
INFO: WriteHtmlCache Behavior ::run [ RunTime:0.000007s ]
INFO: ShowRuntime Behavior ::run [ RunTime:0.000042s ]
INFO: [ view_filter ] --END-- [ RunTime:-0.008111s ]
INFO: [ view_end ] --START--
INFO: ShowPageTrace Behavior ::run [ RunTime:0.000022s ]
INFO: [ view_end ] --END-- [ RunTime:-0.007723s ]

[ 2018-04-18T15:39:54+08:00 ] 127.0.0.1 /index.php?g=Admin&m=Cat&a=index&p=2
INFO: [ app_begin ] --START--
INFO: ReadHtmlCache Behavior ::run [ RunTime:0.000490s ]
INFO: [ app_begin ] --END-- [ RunTime:0.000549s ]
NOTIC: [2048] Declaration of BaseAction::display() should be compatible with Action::display($templateFile = '', $charset = '', $contentType = '', $content = '', $prefix = '') F:\phpsites\tbk\Lib\Action\Admin\BaseAction.class.php 第 8 行.
SQL: PRAGMA table_info (tp_goods_cat)  [ RunTime:0.000446s ]
SQL: SELECT COUNT(*) AS tp_count FROM tp_goods_cat LIMIT 1   [ RunTime:0.000262s ]
SQL: SELECT * FROM tp_goods_cat ORDER BY sort desc LIMIT 1 OFFSET 1   [ RunTime:0.000190s ]
INFO: [ view_parse ] --START--
INFO: ParseTemplate Behavior ::run [ RunTime:0.005593s ]
INFO: [ view_parse ] --END-- [ RunTime:0.005653s ]
INFO: [ view_filter ] --START--
INFO: ContentReplace Behavior ::run [ RunTime:0.000368s ]
INFO: TokenBuild Behavior ::run [ RunTime:0.000481s ]
INFO: WriteHtmlCache Behavior ::run [ RunTime:0.000510s ]
INFO: ShowRuntime Behavior ::run [ RunTime:0.000542s ]
INFO: [ view_filter ] --END-- [ RunTime:0.002081s ]
INFO: [ view_end ] --START--
INFO: ShowPageTrace Behavior ::run [ RunTime:0.000574s ]
INFO: [ view_end ] --END-- [ RunTime:0.000614s ]
NOTIC: [8] Constant THEME_NAME already defined F:\phpsites\tbk\ThinkPHP\Lib\Core\View.class.php 第 223 行.
NOTIC: [8] Constant THEME_PATH already defined F:\phpsites\tbk\ThinkPHP\Lib\Core\View.class.php 第 174 行.
NOTIC: [8] Constant APP_TMPL_PATH already defined F:\phpsites\tbk\ThinkPHP\Lib\Core\View.class.php 第 175 行.
INFO: [ view_parse ] --START--
INFO: ParseTemplate Behavior ::run [ RunTime:0.004303s ]
INFO: [ view_parse ] --END-- [ RunTime:-0.002975s ]
INFO: [ view_filter ] --START--
INFO: ContentReplace Behavior ::run [ RunTime:0.000047s ]
INFO: TokenBuild Behavior ::run [ RunTime:0.000027s ]
INFO: WriteHtmlCache Behavior ::run [ RunTime:0.000008s ]
INFO: ShowRuntime Behavior ::run [ RunTime:0.000041s ]
INFO: [ view_filter ] --END-- [ RunTime:-0.005250s ]
INFO: [ view_end ] --START--
INFO: ShowPageTrace Behavior ::run [ RunTime:0.000022s ]
INFO: [ view_end ] --END-- [ RunTime:-0.004829s ]
NOTIC: [8] Constant THEME_NAME already defined F:\phpsites\tbk\ThinkPHP\Lib\Core\View.class.php 第 223 行.
NOTIC: [8] Constant THEME_PATH already defined F:\phpsites\tbk\ThinkPHP\Lib\Core\View.class.php 第 174 行.
NOTIC: [8] Constant APP_TMPL_PATH already defined F:\phpsites\tbk\ThinkPHP\Lib\Core\View.class.php 第 175 行.
INFO: [ view_parse ] --START--
INFO: ParseTemplate Behavior ::run [ RunTime:0.001585s ]
INFO: [ view_parse ] --END-- [ RunTime:-0.007853s ]
INFO: [ view_filter ] --START--
INFO: ContentReplace Behavior ::run [ RunTime:0.000041s ]
INFO: TokenBuild Behavior ::run [ RunTime:0.000030s ]
INFO: WriteHtmlCache Behavior ::run [ RunTime:0.000006s ]
INFO: ShowRuntime Behavior ::run [ RunTime:0.000040s ]
INFO: [ view_filter ] --END-- [ RunTime:-0.007396s ]
INFO: [ view_end ] --START--
INFO: ShowPageTrace Behavior ::run [ RunTime:0.000021s ]
INFO: [ view_end ] --END-- [ RunTime:-0.006967s ]

[ 2018-04-18T15:40:02+08:00 ] 127.0.0.1 /index.php?g=Admin&m=Cat&a=index&p=1
INFO: [ app_begin ] --START--
INFO: ReadHtmlCache Behavior ::run [ RunTime:0.000968s ]
INFO: [ app_begin ] --END-- [ RunTime:0.001073s ]
NOTIC: [2048] Declaration of BaseAction::display() should be compatible with Action::display($templateFile = '', $charset = '', $contentType = '', $content = '', $prefix = '') F:\phpsites\tbk\Lib\Action\Admin\BaseAction.class.php 第 8 行.
SQL: PRAGMA table_info (tp_goods_cat)  [ RunTime:0.000308s ]
SQL: SELECT COUNT(*) AS tp_count FROM tp_goods_cat LIMIT 1   [ RunTime:0.000166s ]
SQL: SELECT * FROM tp_goods_cat ORDER BY sort desc LIMIT 1 OFFSET 0   [ RunTime:0.000600s ]
INFO: [ view_parse ] --START--
INFO: ParseTemplate Behavior ::run [ RunTime:0.005723s ]
INFO: [ view_parse ] --END-- [ RunTime:0.005855s ]
INFO: [ view_filter ] --START--
INFO: ContentReplace Behavior ::run [ RunTime:0.000371s ]
INFO: TokenBuild Behavior ::run [ RunTime:0.000391s ]
INFO: WriteHtmlCache Behavior ::run [ RunTime:0.000292s ]
INFO: ShowRuntime Behavior ::run [ RunTime:0.000437s ]
INFO: [ view_filter ] --END-- [ RunTime:0.001607s ]
INFO: [ view_end ] --START--
INFO: ShowPageTrace Behavior ::run [ RunTime:0.000525s ]
INFO: [ view_end ] --END-- [ RunTime:0.000563s ]
NOTIC: [8] Constant THEME_NAME already defined F:\phpsites\tbk\ThinkPHP\Lib\Core\View.class.php 第 223 行.
NOTIC: [8] Constant THEME_PATH already defined F:\phpsites\tbk\ThinkPHP\Lib\Core\View.class.php 第 174 行.
NOTIC: [8] Constant APP_TMPL_PATH already defined F:\phpsites\tbk\ThinkPHP\Lib\Core\View.class.php 第 175 行.
INFO: [ view_parse ] --START--
INFO: ParseTemplate Behavior ::run [ RunTime:0.003731s ]
INFO: [ view_parse ] --END-- [ RunTime:-0.002444s ]
INFO: [ view_filter ] --START--
INFO: ContentReplace Behavior ::run [ RunTime:0.000043s ]
INFO: TokenBuild Behavior ::run [ RunTime:0.000026s ]
INFO: WriteHtmlCache Behavior ::run [ RunTime:0.000008s ]
INFO: ShowRuntime Behavior ::run [ RunTime:0.000041s ]
INFO: [ view_filter ] --END-- [ RunTime:-0.004616s ]
INFO: [ view_end ] --START--
INFO: ShowPageTrace Behavior ::run [ RunTime:0.000022s ]
INFO: [ view_end ] --END-- [ RunTime:-0.004240s ]
NOTIC: [8] Constant THEME_NAME already defined F:\phpsites\tbk\ThinkPHP\Lib\Core\View.class.php 第 223 行.
NOTIC: [8] Constant THEME_PATH already defined F:\phpsites\tbk\ThinkPHP\Lib\Core\View.class.php 第 174 行.
NOTIC: [8] Constant APP_TMPL_PATH already defined F:\phpsites\tbk\ThinkPHP\Lib\Core\View.class.php 第 175 行.
INFO: [ view_parse ] --START--
INFO: ParseTemplate Behavior ::run [ RunTime:0.001614s ]
INFO: [ view_parse ] --END-- [ RunTime:-0.006736s ]
INFO: [ view_filter ] --START--
INFO: ContentReplace Behavior ::run [ RunTime:0.000041s ]
INFO: TokenBuild Behavior ::run [ RunTime:0.000026s ]
INFO: WriteHtmlCache Behavior ::run [ RunTime:0.000008s ]
INFO: ShowRuntime Behavior ::run [ RunTime:0.000053s ]
INFO: [ view_filter ] --END-- [ RunTime:-0.006779s ]
INFO: [ view_end ] --START--
INFO: ShowPageTrace Behavior ::run [ RunTime:0.000022s ]
INFO: [ view_end ] --END-- [ RunTime:-0.006427s ]

[ 2018-04-18T15:40:04+08:00 ] 127.0.0.1 /index.php?g=Admin&m=Cat&a=index&p=2
INFO: [ app_begin ] --START--
INFO: ReadHtmlCache Behavior ::run [ RunTime:0.001035s ]
INFO: [ app_begin ] --END-- [ RunTime:0.001147s ]
NOTIC: [2048] Declaration of BaseAction::display() should be compatible with Action::display($templateFile = '', $charset = '', $contentType = '', $content = '', $prefix = '') F:\phpsites\tbk\Lib\Action\Admin\BaseAction.class.php 第 8 行.
SQL: PRAGMA table_info (tp_goods_cat)  [ RunTime:0.000318s ]
SQL: SELECT COUNT(*) AS tp_count FROM tp_goods_cat LIMIT 1   [ RunTime:0.000190s ]
SQL: SELECT * FROM tp_goods_cat ORDER BY sort desc LIMIT 1 OFFSET 1   [ RunTime:0.000189s ]
INFO: [ view_parse ] --START--
INFO: ParseTemplate Behavior ::run [ RunTime:0.005875s ]
INFO: [ view_parse ] --END-- [ RunTime:0.005932s ]
INFO: [ view_filter ] --START--
INFO: ContentReplace Behavior ::run [ RunTime:0.000459s ]
INFO: TokenBuild Behavior ::run [ RunTime:0.000429s ]
INFO: WriteHtmlCache Behavior ::run [ RunTime:0.000373s ]
INFO: ShowRuntime Behavior ::run [ RunTime:0.000498s ]
INFO: [ view_filter ] --END-- [ RunTime:0.001871s ]
INFO: [ view_end ] --START--
INFO: ShowPageTrace Behavior ::run [ RunTime:0.000777s ]
INFO: [ view_end ] --END-- [ RunTime:0.000843s ]
NOTIC: [8] Constant THEME_NAME already defined F:\phpsites\tbk\ThinkPHP\Lib\Core\View.class.php 第 223 行.
NOTIC: [8] Constant THEME_PATH already defined F:\phpsites\tbk\ThinkPHP\Lib\Core\View.class.php 第 174 行.
NOTIC: [8] Constant APP_TMPL_PATH already defined F:\phpsites\tbk\ThinkPHP\Lib\Core\View.class.php 第 175 行.
INFO: [ view_parse ] --START--
INFO: ParseTemplate Behavior ::run [ RunTime:0.004023s ]
INFO: [ view_parse ] --END-- [ RunTime:-0.003893s ]
INFO: [ view_filter ] --START--
INFO: ContentReplace Behavior ::run [ RunTime:0.000045s ]
INFO: TokenBuild Behavior ::run [ RunTime:0.000033s ]
INFO: WriteHtmlCache Behavior ::run [ RunTime:0.000008s ]
INFO: ShowRuntime Behavior ::run [ RunTime:0.000041s ]
INFO: [ view_filter ] --END-- [ RunTime:-0.006143s ]
INFO: [ view_end ] --START--
INFO: ShowPageTrace Behavior ::run [ RunTime:0.000022s ]
INFO: [ view_end ] --END-- [ RunTime:-0.005497s ]
NOTIC: [8] Constant THEME_NAME already defined F:\phpsites\tbk\ThinkPHP\Lib\Core\View.class.php 第 223 行.
NOTIC: [8] Constant THEME_PATH already defined F:\phpsites\tbk\ThinkPHP\Lib\Core\View.class.php 第 174 行.
NOTIC: [8] Constant APP_TMPL_PATH already defined F:\phpsites\tbk\ThinkPHP\Lib\Core\View.class.php 第 175 行.
INFO: [ view_parse ] --START--
INFO: ParseTemplate Behavior ::run [ RunTime:0.001639s ]
INFO: [ view_parse ] --END-- [ RunTime:-0.008570s ]
INFO: [ view_filter ] --START--
INFO: ContentReplace Behavior ::run [ RunTime:0.000041s ]
INFO: TokenBuild Behavior ::run [ RunTime:0.000026s ]
INFO: WriteHtmlCache Behavior ::run [ RunTime:0.000006s ]
INFO: ShowRuntime Behavior ::run [ RunTime:0.000040s ]
INFO: [ view_filter ] --END-- [ RunTime:-0.008377s ]
INFO: [ view_end ] --START--
INFO: ShowPageTrace Behavior ::run [ RunTime:0.000022s ]
INFO: [ view_end ] --END-- [ RunTime:-0.007724s ]

[ 2018-04-18T15:40:05+08:00 ] 127.0.0.1 /index.php?g=Admin&m=Cat&a=index&p=3
INFO: [ app_begin ] --START--
INFO: ReadHtmlCache Behavior ::run [ RunTime:0.000912s ]
INFO: [ app_begin ] --END-- [ RunTime:0.001025s ]
NOTIC: [2048] Declaration of BaseAction::display() should be compatible with Action::display($templateFile = '', $charset = '', $contentType = '', $content = '', $prefix = '') F:\phpsites\tbk\Lib\Action\Admin\BaseAction.class.php 第 8 行.
SQL: PRAGMA table_info (tp_goods_cat)  [ RunTime:0.000589s ]
SQL: SELECT COUNT(*) AS tp_count FROM tp_goods_cat LIMIT 1   [ RunTime:0.000266s ]
SQL: SELECT * FROM tp_goods_cat ORDER BY sort desc LIMIT 1 OFFSET 2   [ RunTime:0.000282s ]
INFO: [ view_parse ] --START--
INFO: ParseTemplate Behavior ::run [ RunTime:0.009230s ]
INFO: [ view_parse ] --END-- [ RunTime:0.009325s ]
INFO: [ view_filter ] --START--
INFO: ContentReplace Behavior ::run [ RunTime:0.000615s ]
INFO: TokenBuild Behavior ::run [ RunTime:0.000605s ]
INFO: WriteHtmlCache Behavior ::run [ RunTime:0.000474s ]
INFO: ShowRuntime Behavior ::run [ RunTime:0.000636s ]
INFO: [ view_filter ] --END-- [ RunTime:0.002510s ]
INFO: [ view_end ] --START--
INFO: ShowPageTrace Behavior ::run [ RunTime:0.000795s ]
INFO: [ view_end ] --END-- [ RunTime:0.000854s ]
NOTIC: [8] Constant THEME_NAME already defined F:\phpsites\tbk\ThinkPHP\Lib\Core\View.class.php 第 223 行.
NOTIC: [8] Constant THEME_PATH already defined F:\phpsites\tbk\ThinkPHP\Lib\Core\View.class.php 第 174 行.
NOTIC: [8] Constant APP_TMPL_PATH already defined F:\phpsites\tbk\ThinkPHP\Lib\Core\View.class.php 第 175 行.
INFO: [ view_parse ] --START--
INFO: ParseTemplate Behavior ::run [ RunTime:0.005343s ]
INFO: [ view_parse ] --END-- [ RunTime:-0.003786s ]
INFO: [ view_filter ] --START--
INFO: ContentReplace Behavior ::run [ RunTime:0.000079s ]
INFO: TokenBuild Behavior ::run [ RunTime:0.000049s ]
INFO: WriteHtmlCache Behavior ::run [ RunTime:0.000014s ]
INFO: ShowRuntime Behavior ::run [ RunTime:0.000077s ]
INFO: [ view_filter ] --END-- [ RunTime:-0.006702s ]
INFO: [ view_end ] --START--
INFO: ShowPageTrace Behavior ::run [ RunTime:0.000041s ]
INFO: [ view_end ] --END-- [ RunTime:-0.006194s ]
NOTIC: [8] Constant THEME_NAME already defined F:\phpsites\tbk\ThinkPHP\Lib\Core\View.class.php 第 223 行.
NOTIC: [8] Constant THEME_PATH already defined F:\phpsites\tbk\ThinkPHP\Lib\Core\View.class.php 第 174 行.
NOTIC: [8] Constant APP_TMPL_PATH already defined F:\phpsites\tbk\ThinkPHP\Lib\Core\View.class.php 第 175 行.
INFO: [ view_parse ] --START--
INFO: ParseTemplate Behavior ::run [ RunTime:0.003511s ]
INFO: [ view_parse ] --END-- [ RunTime:-0.010113s ]
INFO: [ view_filter ] --START--
INFO: ContentReplace Behavior ::run [ RunTime:0.000078s ]
INFO: TokenBuild Behavior ::run [ RunTime:0.000049s ]
INFO: WriteHtmlCache Behavior ::run [ RunTime:0.000014s ]
INFO: ShowRuntime Behavior ::run [ RunTime:0.000077s ]
INFO: [ view_filter ] --END-- [ RunTime:-0.011193s ]
INFO: [ view_end ] --START--
INFO: ShowPageTrace Behavior ::run [ RunTime:0.000041s ]
INFO: [ view_end ] --END-- [ RunTime:-0.010693s ]

[ 2018-04-18T15:40:08+08:00 ] 127.0.0.1 /index.php?g=Admin&m=Cat&a=index&p=1
INFO: [ app_begin ] --START--
INFO: ReadHtmlCache Behavior ::run [ RunTime:0.001401s ]
INFO: [ app_begin ] --END-- [ RunTime:0.001537s ]
NOTIC: [2048] Declaration of BaseAction::display() should be compatible with Action::display($templateFile = '', $charset = '', $contentType = '', $content = '', $prefix = '') F:\phpsites\tbk\Lib\Action\Admin\BaseAction.class.php 第 8 行.
SQL: PRAGMA table_info (tp_goods_cat)  [ RunTime:0.000367s ]
SQL: SELECT COUNT(*) AS tp_count FROM tp_goods_cat LIMIT 1   [ RunTime:0.001132s ]
SQL: SELECT * FROM tp_goods_cat ORDER BY sort desc LIMIT 1 OFFSET 0   [ RunTime:0.000361s ]
INFO: [ view_parse ] --START--
INFO: ParseTemplate Behavior ::run [ RunTime:0.007415s ]
INFO: [ view_parse ] --END-- [ RunTime:0.007491s ]
INFO: [ view_filter ] --START--
INFO: ContentReplace Behavior ::run [ RunTime:0.000505s ]
INFO: TokenBuild Behavior ::run [ RunTime:0.000489s ]
INFO: WriteHtmlCache Behavior ::run [ RunTime:0.000378s ]
INFO: ShowRuntime Behavior ::run [ RunTime:0.000505s ]
INFO: [ view_filter ] --END-- [ RunTime:0.001998s ]
INFO: [ view_end ] --START--
INFO: ShowPageTrace Behavior ::run [ RunTime:0.000599s ]
INFO: [ view_end ] --END-- [ RunTime:0.000653s ]
NOTIC: [8] Constant THEME_NAME already defined F:\phpsites\tbk\ThinkPHP\Lib\Core\View.class.php 第 223 行.
NOTIC: [8] Constant THEME_PATH already defined F:\phpsites\tbk\ThinkPHP\Lib\Core\View.class.php 第 174 行.
NOTIC: [8] Constant APP_TMPL_PATH already defined F:\phpsites\tbk\ThinkPHP\Lib\Core\View.class.php 第 175 行.
INFO: [ view_parse ] --START--
INFO: ParseTemplate Behavior ::run [ RunTime:0.003772s ]
INFO: [ view_parse ] --END-- [ RunTime:-0.003058s ]
INFO: [ view_filter ] --START--
INFO: ContentReplace Behavior ::run [ RunTime:0.000045s ]
INFO: TokenBuild Behavior ::run [ RunTime:0.000027s ]
INFO: WriteHtmlCache Behavior ::run [ RunTime:0.000007s ]
INFO: ShowRuntime Behavior ::run [ RunTime:0.000041s ]
INFO: [ view_filter ] --END-- [ RunTime:-0.004885s ]
INFO: [ view_end ] --START--
INFO: ShowPageTrace Behavior ::run [ RunTime:0.000021s ]
INFO: [ view_end ] --END-- [ RunTime:-0.004420s ]
NOTIC: [8] Constant THEME_NAME already defined F:\phpsites\tbk\ThinkPHP\Lib\Core\View.class.php 第 223 行.
NOTIC: [8] Constant THEME_PATH already defined F:\phpsites\tbk\ThinkPHP\Lib\Core\View.class.php 第 174 行.
NOTIC: [8] Constant APP_TMPL_PATH already defined F:\phpsites\tbk\ThinkPHP\Lib\Core\View.class.php 第 175 行.
INFO: [ view_parse ] --START--
INFO: ParseTemplate Behavior ::run [ RunTime:0.002154s ]
INFO: [ view_parse ] --END-- [ RunTime:-0.007434s ]
INFO: [ view_filter ] --START--
INFO: ContentReplace Behavior ::run [ RunTime:0.000080s ]
INFO: TokenBuild Behavior ::run [ RunTime:0.000049s ]
INFO: WriteHtmlCache Behavior ::run [ RunTime:0.000023s ]
INFO: ShowRuntime Behavior ::run [ RunTime:0.000066s ]
INFO: [ view_filter ] --END-- [ RunTime:-0.007687s ]
INFO: [ view_end ] --START--
INFO: ShowPageTrace Behavior ::run [ RunTime:0.000036s ]
INFO: [ view_end ] --END-- [ RunTime:-0.007442s ]

[ 2018-04-18T16:06:52+08:00 ] 127.0.0.1 /index.php?g=Admin&m=Cat&a=edit&id=1
INFO: [ app_begin ] --START--
INFO: ReadHtmlCache Behavior ::run [ RunTime:0.002303s ]
INFO: [ app_begin ] --END-- [ RunTime:0.002481s ]
NOTIC: [2048] Declaration of BaseAction::display() should be compatible with Action::display($templateFile = '', $charset = '', $contentType = '', $content = '', $prefix = '') F:\phpsites\tbk\Lib\Action\Admin\BaseAction.class.php 第 8 行.
SQL: PRAGMA table_info (tp_goods_cat)  [ RunTime:0.000355s ]
SQL: SELECT * FROM tp_goods_cat WHERE ( id=1 ) LIMIT 1   [ RunTime:0.000188s ]
INFO: [ view_parse ] --START--
INFO: ParseTemplate Behavior ::run [ RunTime:0.006262s ]
INFO: [ view_parse ] --END-- [ RunTime:0.006325s ]
INFO: [ view_filter ] --START--
INFO: ContentReplace Behavior ::run [ RunTime:0.000486s ]
INFO: TokenBuild Behavior ::run [ RunTime:0.000437s ]
INFO: WriteHtmlCache Behavior ::run [ RunTime:0.000389s ]
INFO: ShowRuntime Behavior ::run [ RunTime:0.000479s ]
INFO: [ view_filter ] --END-- [ RunTime:0.001904s ]
INFO: [ view_end ] --START--
INFO: ShowPageTrace Behavior ::run [ RunTime:0.000623s ]
INFO: [ view_end ] --END-- [ RunTime:0.000662s ]
NOTIC: [8] Constant THEME_NAME already defined F:\phpsites\tbk\ThinkPHP\Lib\Core\View.class.php 第 223 行.
NOTIC: [8] Constant THEME_PATH already defined F:\phpsites\tbk\ThinkPHP\Lib\Core\View.class.php 第 174 行.
NOTIC: [8] Constant APP_TMPL_PATH already defined F:\phpsites\tbk\ThinkPHP\Lib\Core\View.class.php 第 175 行.
INFO: [ view_parse ] --START--
INFO: ParseTemplate Behavior ::run [ RunTime:0.001606s ]
INFO: [ view_parse ] --END-- [ RunTime:-0.002915s ]
INFO: [ view_filter ] --START--
INFO: ContentReplace Behavior ::run [ RunTime:0.000035s ]
INFO: TokenBuild Behavior ::run [ RunTime:0.000025s ]
INFO: WriteHtmlCache Behavior ::run [ RunTime:0.000006s ]
INFO: ShowRuntime Behavior ::run [ RunTime:0.000039s ]
INFO: [ view_filter ] --END-- [ RunTime:-0.002657s ]
INFO: [ view_end ] --START--
INFO: ShowPageTrace Behavior ::run [ RunTime:0.000021s ]
INFO: [ view_end ] --END-- [ RunTime:-0.002161s ]
NOTIC: [8] Constant THEME_NAME already defined F:\phpsites\tbk\ThinkPHP\Lib\Core\View.class.php 第 223 行.
NOTIC: [8] Constant THEME_PATH already defined F:\phpsites\tbk\ThinkPHP\Lib\Core\View.class.php 第 174 行.
NOTIC: [8] Constant APP_TMPL_PATH already defined F:\phpsites\tbk\ThinkPHP\Lib\Core\View.class.php 第 175 行.
INFO: [ view_parse ] --START--
INFO: ParseTemplate Behavior ::run [ RunTime:0.001492s ]
INFO: [ view_parse ] --END-- [ RunTime:-0.005080s ]
INFO: [ view_filter ] --START--
INFO: ContentReplace Behavior ::run [ RunTime:0.000040s ]
INFO: TokenBuild Behavior ::run [ RunTime:0.000025s ]
INFO: WriteHtmlCache Behavior ::run [ RunTime:0.000007s ]
INFO: ShowRuntime Behavior ::run [ RunTime:0.000040s ]
INFO: [ view_filter ] --END-- [ RunTime:-0.004702s ]
INFO: [ view_end ] --START--
INFO: ShowPageTrace Behavior ::run [ RunTime:0.000021s ]
INFO: [ view_end ] --END-- [ RunTime:-0.004213s ]

[ 2018-04-18T16:06:53+08:00 ] 127.0.0.1 /index.php?g=Admin&m=Cat&a=index&p=1
INFO: [ app_begin ] --START--
INFO: ReadHtmlCache Behavior ::run [ RunTime:0.001225s ]
INFO: [ app_begin ] --END-- [ RunTime:0.001348s ]
NOTIC: [2048] Declaration of BaseAction::display() should be compatible with Action::display($templateFile = '', $charset = '', $contentType = '', $content = '', $prefix = '') F:\phpsites\tbk\Lib\Action\Admin\BaseAction.class.php 第 8 行.
SQL: PRAGMA table_info (tp_goods_cat)  [ RunTime:0.000341s ]
SQL: SELECT COUNT(*) AS tp_count FROM tp_goods_cat LIMIT 1   [ RunTime:0.000186s ]
SQL: SELECT * FROM tp_goods_cat ORDER BY sort desc LIMIT 1 OFFSET 0   [ RunTime:0.000211s ]
INFO: [ view_parse ] --START--
INFO: ParseTemplate Behavior ::run [ RunTime:0.008976s ]
INFO: [ view_parse ] --END-- [ RunTime:0.009052s ]
INFO: [ view_filter ] --START--
INFO: ContentReplace Behavior ::run [ RunTime:0.000538s ]
INFO: TokenBuild Behavior ::run [ RunTime:0.000562s ]
INFO: WriteHtmlCache Behavior ::run [ RunTime:0.000423s ]
INFO: ShowRuntime Behavior ::run [ RunTime:0.000548s ]
INFO: [ view_filter ] --END-- [ RunTime:0.002208s ]
INFO: [ view_end ] --START--
INFO: ShowPageTrace Behavior ::run [ RunTime:0.001040s ]
INFO: [ view_end ] --END-- [ RunTime:0.001103s ]
NOTIC: [8] Constant THEME_NAME already defined F:\phpsites\tbk\ThinkPHP\Lib\Core\View.class.php 第 223 行.
NOTIC: [8] Constant THEME_PATH already defined F:\phpsites\tbk\ThinkPHP\Lib\Core\View.class.php 第 174 行.
NOTIC: [8] Constant APP_TMPL_PATH already defined F:\phpsites\tbk\ThinkPHP\Lib\Core\View.class.php 第 175 行.
INFO: [ view_parse ] --START--
INFO: ParseTemplate Behavior ::run [ RunTime:0.003852s ]
INFO: [ view_parse ] --END-- [ RunTime:-0.003724s ]
INFO: [ view_filter ] --START--
INFO: ContentReplace Behavior ::run [ RunTime:0.000051s ]
INFO: TokenBuild Behavior ::run [ RunTime:0.000031s ]
INFO: WriteHtmlCache Behavior ::run [ RunTime:0.000008s ]
INFO: ShowRuntime Behavior ::run [ RunTime:0.000045s ]
INFO: [ view_filter ] --END-- [ RunTime:-0.005425s ]
INFO: [ view_end ] --START--
INFO: ShowPageTrace Behavior ::run [ RunTime:0.000024s ]
INFO: [ view_end ] --END-- [ RunTime:-0.004525s ]
NOTIC: [8] Constant THEME_NAME already defined F:\phpsites\tbk\ThinkPHP\Lib\Core\View.class.php 第 223 行.
NOTIC: [8] Constant THEME_PATH already defined F:\phpsites\tbk\ThinkPHP\Lib\Core\View.class.php 第 174 行.
NOTIC: [8] Constant APP_TMPL_PATH already defined F:\phpsites\tbk\ThinkPHP\Lib\Core\View.class.php 第 175 行.
INFO: [ view_parse ] --START--
INFO: ParseTemplate Behavior ::run [ RunTime:0.001741s ]
INFO: [ view_parse ] --END-- [ RunTime:-0.008258s ]
INFO: [ view_filter ] --START--
INFO: ContentReplace Behavior ::run [ RunTime:0.000047s ]
INFO: TokenBuild Behavior ::run [ RunTime:0.000029s ]
INFO: WriteHtmlCache Behavior ::run [ RunTime:0.000008s ]
INFO: ShowRuntime Behavior ::run [ RunTime:0.000044s ]
INFO: [ view_filter ] --END-- [ RunTime:-0.007831s ]
INFO: [ view_end ] --START--
INFO: ShowPageTrace Behavior ::run [ RunTime:0.000023s ]
INFO: [ view_end ] --END-- [ RunTime:-0.006927s ]

[ 2018-04-18T16:07:16+08:00 ] 127.0.0.1 /index.php?g=Admin&m=Cat&a=index&p=2
INFO: [ app_begin ] --START--
INFO: ReadHtmlCache Behavior ::run [ RunTime:0.000687s ]
INFO: [ app_begin ] --END-- [ RunTime:0.000901s ]
NOTIC: [2048] Declaration of BaseAction::display() should be compatible with Action::display($templateFile = '', $charset = '', $contentType = '', $content = '', $prefix = '') F:\phpsites\tbk\Lib\Action\Admin\BaseAction.class.php 第 8 行.
SQL: PRAGMA table_info (tp_goods_cat)  [ RunTime:0.000310s ]
SQL: SELECT COUNT(*) AS tp_count FROM tp_goods_cat LIMIT 1   [ RunTime:0.000163s ]
SQL: SELECT * FROM tp_goods_cat ORDER BY sort desc LIMIT 1 OFFSET 1   [ RunTime:0.000627s ]
INFO: [ view_parse ] --START--
INFO: ParseTemplate Behavior ::run [ RunTime:0.006434s ]
INFO: [ view_parse ] --END-- [ RunTime:0.006530s ]
INFO: [ view_filter ] --START--
INFO: ContentReplace Behavior ::run [ RunTime:0.001651s ]
INFO: TokenBuild Behavior ::run [ RunTime:0.000779s ]
INFO: WriteHtmlCache Behavior ::run [ RunTime:0.000391s ]
INFO: ShowRuntime Behavior ::run [ RunTime:0.000514s ]
INFO: [ view_filter ] --END-- [ RunTime:0.003529s ]
INFO: [ view_end ] --START--
INFO: ShowPageTrace Behavior ::run [ RunTime:0.000646s ]
INFO: [ view_end ] --END-- [ RunTime:0.000695s ]
NOTIC: [8] Constant THEME_NAME already defined F:\phpsites\tbk\ThinkPHP\Lib\Core\View.class.php 第 223 行.
NOTIC: [8] Constant THEME_PATH already defined F:\phpsites\tbk\ThinkPHP\Lib\Core\View.class.php 第 174 行.
NOTIC: [8] Constant APP_TMPL_PATH already defined F:\phpsites\tbk\ThinkPHP\Lib\Core\View.class.php 第 175 行.
INFO: [ view_parse ] --START--
INFO: ParseTemplate Behavior ::run [ RunTime:0.004316s ]
INFO: [ view_parse ] --END-- [ RunTime:-0.004631s ]
INFO: [ view_filter ] --START--
INFO: ContentReplace Behavior ::run [ RunTime:0.000057s ]
INFO: TokenBuild Behavior ::run [ RunTime:0.000048s ]
INFO: WriteHtmlCache Behavior ::run [ RunTime:0.000009s ]
INFO: ShowRuntime Behavior ::run [ RunTime:0.000069s ]
INFO: [ view_filter ] --END-- [ RunTime:-0.005485s ]
INFO: [ view_end ] --START--
INFO: ShowPageTrace Behavior ::run [ RunTime:0.000026s ]
INFO: [ view_end ] --END-- [ RunTime:-0.005098s ]
NOTIC: [8] Constant THEME_NAME already defined F:\phpsites\tbk\ThinkPHP\Lib\Core\View.class.php 第 223 行.
NOTIC: [8] Constant THEME_PATH already defined F:\phpsites\tbk\ThinkPHP\Lib\Core\View.class.php 第 174 行.
NOTIC: [8] Constant APP_TMPL_PATH already defined F:\phpsites\tbk\ThinkPHP\Lib\Core\View.class.php 第 175 行.
INFO: [ view_parse ] --START--
INFO: ParseTemplate Behavior ::run [ RunTime:0.001610s ]
INFO: [ view_parse ] --END-- [ RunTime:-0.009711s ]
INFO: [ view_filter ] --START--
INFO: ContentReplace Behavior ::run [ RunTime:0.000042s ]
INFO: TokenBuild Behavior ::run [ RunTime:0.000026s ]
INFO: WriteHtmlCache Behavior ::run [ RunTime:0.000010s ]
INFO: ShowRuntime Behavior ::run [ RunTime:0.000052s ]
INFO: [ view_filter ] --END-- [ RunTime:-0.007818s ]
INFO: [ view_end ] --START--
INFO: ShowPageTrace Behavior ::run [ RunTime:0.000021s ]
INFO: [ view_end ] --END-- [ RunTime:-0.007353s ]

[ 2018-04-18T16:07:17+08:00 ] 127.0.0.1 /index.php?g=Admin&m=Cat&a=index&p=3
INFO: [ app_begin ] --START--
INFO: ReadHtmlCache Behavior ::run [ RunTime:0.000717s ]
INFO: [ app_begin ] --END-- [ RunTime:0.000786s ]
NOTIC: [2048] Declaration of BaseAction::display() should be compatible with Action::display($templateFile = '', $charset = '', $contentType = '', $content = '', $prefix = '') F:\phpsites\tbk\Lib\Action\Admin\BaseAction.class.php 第 8 行.
SQL: PRAGMA table_info (tp_goods_cat)  [ RunTime:0.000346s ]
SQL: SELECT COUNT(*) AS tp_count FROM tp_goods_cat LIMIT 1   [ RunTime:0.000192s ]
SQL: SELECT * FROM tp_goods_cat ORDER BY sort desc LIMIT 1 OFFSET 2   [ RunTime:0.000235s ]
INFO: [ view_parse ] --START--
INFO: ParseTemplate Behavior ::run [ RunTime:0.006710s ]
INFO: [ view_parse ] --END-- [ RunTime:0.006802s ]
INFO: [ view_filter ] --START--
INFO: ContentReplace Behavior ::run [ RunTime:0.000511s ]
INFO: TokenBuild Behavior ::run [ RunTime:0.000654s ]
INFO: WriteHtmlCache Behavior ::run [ RunTime:0.000553s ]
INFO: ShowRuntime Behavior ::run [ RunTime:0.000548s ]
INFO: [ view_filter ] --END-- [ RunTime:0.002411s ]
INFO: [ view_end ] --START--
INFO: ShowPageTrace Behavior ::run [ RunTime:0.000678s ]
INFO: [ view_end ] --END-- [ RunTime:0.000724s ]
NOTIC: [8] Constant THEME_NAME already defined F:\phpsites\tbk\ThinkPHP\Lib\Core\View.class.php 第 223 行.
NOTIC: [8] Constant THEME_PATH already defined F:\phpsites\tbk\ThinkPHP\Lib\Core\View.class.php 第 174 行.
NOTIC: [8] Constant APP_TMPL_PATH already defined F:\phpsites\tbk\ThinkPHP\Lib\Core\View.class.php 第 175 行.
INFO: [ view_parse ] --START--
INFO: ParseTemplate Behavior ::run [ RunTime:0.003657s ]
INFO: [ view_parse ] --END-- [ RunTime:-0.003516s ]
INFO: [ view_filter ] --START--
INFO: ContentReplace Behavior ::run [ RunTime:0.000050s ]
INFO: TokenBuild Behavior ::run [ RunTime:0.000030s ]
INFO: WriteHtmlCache Behavior ::run [ RunTime:0.000007s ]
INFO: ShowRuntime Behavior ::run [ RunTime:0.000046s ]
INFO: [ view_filter ] --END-- [ RunTime:-0.004814s ]
INFO: [ view_end ] --START--
INFO: ShowPageTrace Behavior ::run [ RunTime:0.000023s ]
INFO: [ view_end ] --END-- [ RunTime:-0.004297s ]
NOTIC: [8] Constant THEME_NAME already defined F:\phpsites\tbk\ThinkPHP\Lib\Core\View.class.php 第 223 行.
NOTIC: [8] Constant THEME_PATH already defined F:\phpsites\tbk\ThinkPHP\Lib\Core\View.class.php 第 174 行.
NOTIC: [8] Constant APP_TMPL_PATH already defined F:\phpsites\tbk\ThinkPHP\Lib\Core\View.class.php 第 175 行.
INFO: [ view_parse ] --START--
INFO: ParseTemplate Behavior ::run [ RunTime:0.001706s ]
INFO: [ view_parse ] --END-- [ RunTime:-0.007829s ]
INFO: [ view_filter ] --START--
INFO: ContentReplace Behavior ::run [ RunTime:0.000045s ]
INFO: TokenBuild Behavior ::run [ RunTime:0.000029s ]
INFO: WriteHtmlCache Behavior ::run [ RunTime:0.000008s ]
INFO: ShowRuntime Behavior ::run [ RunTime:0.000045s ]
INFO: [ view_filter ] --END-- [ RunTime:-0.007168s ]
INFO: [ view_end ] --START--
INFO: ShowPageTrace Behavior ::run [ RunTime:0.000024s ]
INFO: [ view_end ] --END-- [ RunTime:-0.006648s ]

[ 2018-04-18T16:07:19+08:00 ] 127.0.0.1 /index.php?g=Admin&m=Cat&a=index&p=1
INFO: [ app_begin ] --START--
INFO: ReadHtmlCache Behavior ::run [ RunTime:0.000728s ]
INFO: [ app_begin ] --END-- [ RunTime:0.000793s ]
NOTIC: [2048] Declaration of BaseAction::display() should be compatible with Action::display($templateFile = '', $charset = '', $contentType = '', $content = '', $prefix = '') F:\phpsites\tbk\Lib\Action\Admin\BaseAction.class.php 第 8 行.
SQL: PRAGMA table_info (tp_goods_cat)  [ RunTime:0.000347s ]
SQL: SELECT COUNT(*) AS tp_count FROM tp_goods_cat LIMIT 1   [ RunTime:0.000192s ]
SQL: SELECT * FROM tp_goods_cat ORDER BY sort desc LIMIT 1 OFFSET 0   [ RunTime:0.000321s ]
INFO: [ view_parse ] --START--
INFO: ParseTemplate Behavior ::run [ RunTime:0.009792s ]
INFO: [ view_parse ] --END-- [ RunTime:0.009944s ]
INFO: [ view_filter ] --START--
INFO: ContentReplace Behavior ::run [ RunTime:0.000781s ]
INFO: TokenBuild Behavior ::run [ RunTime:0.000811s ]
INFO: WriteHtmlCache Behavior ::run [ RunTime:0.000648s ]
INFO: ShowRuntime Behavior ::run [ RunTime:0.000826s ]
INFO: [ view_filter ] --END-- [ RunTime:0.003290s ]
INFO: [ view_end ] --START--
INFO: ShowPageTrace Behavior ::run [ RunTime:0.001012s ]
INFO: [ view_end ] --END-- [ RunTime:0.001079s ]
NOTIC: [8] Constant THEME_NAME already defined F:\phpsites\tbk\ThinkPHP\Lib\Core\View.class.php 第 223 行.
NOTIC: [8] Constant THEME_PATH already defined F:\phpsites\tbk\ThinkPHP\Lib\Core\View.class.php 第 174 行.
NOTIC: [8] Constant APP_TMPL_PATH already defined F:\phpsites\tbk\ThinkPHP\Lib\Core\View.class.php 第 175 行.
INFO: [ view_parse ] --START--
INFO: ParseTemplate Behavior ::run [ RunTime:0.005814s ]
INFO: [ view_parse ] --END-- [ RunTime:-0.005043s ]
INFO: [ view_filter ] --START--
INFO: ContentReplace Behavior ::run [ RunTime:0.000080s ]
INFO: TokenBuild Behavior ::run [ RunTime:0.000050s ]
INFO: WriteHtmlCache Behavior ::run [ RunTime:0.000014s ]
INFO: ShowRuntime Behavior ::run [ RunTime:0.000078s ]
INFO: [ view_filter ] --END-- [ RunTime:-0.007598s ]
INFO: [ view_end ] --START--
INFO: ShowPageTrace Behavior ::run [ RunTime:0.000041s ]
INFO: [ view_end ] --END-- [ RunTime:-0.006870s ]
NOTIC: [8] Constant THEME_NAME already defined F:\phpsites\tbk\ThinkPHP\Lib\Core\View.class.php 第 223 行.
NOTIC: [8] Constant THEME_PATH already defined F:\phpsites\tbk\ThinkPHP\Lib\Core\View.class.php 第 174 行.
NOTIC: [8] Constant APP_TMPL_PATH already defined F:\phpsites\tbk\ThinkPHP\Lib\Core\View.class.php 第 175 行.
INFO: [ view_parse ] --START--
INFO: ParseTemplate Behavior ::run [ RunTime:0.002741s ]
INFO: [ view_parse ] --END-- [ RunTime:-0.011948s ]
INFO: [ view_filter ] --START--
INFO: ContentReplace Behavior ::run [ RunTime:0.000120s ]
INFO: TokenBuild Behavior ::run [ RunTime:0.000053s ]
INFO: WriteHtmlCache Behavior ::run [ RunTime:0.000014s ]
INFO: ShowRuntime Behavior ::run [ RunTime:0.000076s ]
INFO: [ view_filter ] --END-- [ RunTime:-0.011447s ]
INFO: [ view_end ] --START--
INFO: ShowPageTrace Behavior ::run [ RunTime:0.000040s ]
INFO: [ view_end ] --END-- [ RunTime:-0.010797s ]

[ 2018-04-18T16:07:20+08:00 ] 127.0.0.1 /index.php?g=Admin&m=Cat&a=index&p=2
INFO: [ app_begin ] --START--
INFO: ReadHtmlCache Behavior ::run [ RunTime:0.000858s ]
INFO: [ app_begin ] --END-- [ RunTime:0.000960s ]
NOTIC: [2048] Declaration of BaseAction::display() should be compatible with Action::display($templateFile = '', $charset = '', $contentType = '', $content = '', $prefix = '') F:\phpsites\tbk\Lib\Action\Admin\BaseAction.class.php 第 8 行.
SQL: PRAGMA table_info (tp_goods_cat)  [ RunTime:0.000488s ]
SQL: SELECT COUNT(*) AS tp_count FROM tp_goods_cat LIMIT 1   [ RunTime:0.000200s ]
SQL: SELECT * FROM tp_goods_cat ORDER BY sort desc LIMIT 1 OFFSET 1   [ RunTime:0.000211s ]
INFO: [ view_parse ] --START--
INFO: ParseTemplate Behavior ::run [ RunTime:0.007366s ]
INFO: [ view_parse ] --END-- [ RunTime:0.007466s ]
INFO: [ view_filter ] --START--
INFO: ContentReplace Behavior ::run [ RunTime:0.000830s ]
INFO: TokenBuild Behavior ::run [ RunTime:0.000640s ]
INFO: WriteHtmlCache Behavior ::run [ RunTime:0.000554s ]
INFO: ShowRuntime Behavior ::run [ RunTime:0.000739s ]
INFO: [ view_filter ] --END-- [ RunTime:0.003057s ]
INFO: [ view_end ] --START--
INFO: ShowPageTrace Behavior ::run [ RunTime:0.000898s ]
INFO: [ view_end ] --END-- [ RunTime:0.000984s ]
NOTIC: [8] Constant THEME_NAME already defined F:\phpsites\tbk\ThinkPHP\Lib\Core\View.class.php 第 223 行.
NOTIC: [8] Constant THEME_PATH already defined F:\phpsites\tbk\ThinkPHP\Lib\Core\View.class.php 第 174 行.
NOTIC: [8] Constant APP_TMPL_PATH already defined F:\phpsites\tbk\ThinkPHP\Lib\Core\View.class.php 第 175 行.
INFO: [ view_parse ] --START--
INFO: ParseTemplate Behavior ::run [ RunTime:0.005016s ]
INFO: [ view_parse ] --END-- [ RunTime:-0.004625s ]
INFO: [ view_filter ] --START--
INFO: ContentReplace Behavior ::run [ RunTime:0.000051s ]
INFO: TokenBuild Behavior ::run [ RunTime:0.000031s ]
INFO: WriteHtmlCache Behavior ::run [ RunTime:0.000008s ]
INFO: ShowRuntime Behavior ::run [ RunTime:0.000046s ]
INFO: [ view_filter ] --END-- [ RunTime:-0.006625s ]
INFO: [ view_end ] --START--
INFO: ShowPageTrace Behavior ::run [ RunTime:0.000024s ]
INFO: [ view_end ] --END-- [ RunTime:-0.005829s ]
NOTIC: [8] Constant THEME_NAME already defined F:\phpsites\tbk\ThinkPHP\Lib\Core\View.class.php 第 223 行.
NOTIC: [8] Constant THEME_PATH already defined F:\phpsites\tbk\ThinkPHP\Lib\Core\View.class.php 第 174 行.
NOTIC: [8] Constant APP_TMPL_PATH already defined F:\phpsites\tbk\ThinkPHP\Lib\Core\View.class.php 第 175 行.
INFO: [ view_parse ] --START--
INFO: ParseTemplate Behavior ::run [ RunTime:0.001731s ]
INFO: [ view_parse ] --END-- [ RunTime:-0.010288s ]
INFO: [ view_filter ] --START--
INFO: ContentReplace Behavior ::run [ RunTime:0.000052s ]
INFO: TokenBuild Behavior ::run [ RunTime:0.000029s ]
INFO: WriteHtmlCache Behavior ::run [ RunTime:0.000007s ]
INFO: ShowRuntime Behavior ::run [ RunTime:0.000058s ]
INFO: [ view_filter ] --END-- [ RunTime:-0.008979s ]
INFO: [ view_end ] --START--
INFO: ShowPageTrace Behavior ::run [ RunTime:0.000025s ]
INFO: [ view_end ] --END-- [ RunTime:-0.008203s ]

[ 2018-04-18T16:07:22+08:00 ] 127.0.0.1 /index.php?g=Admin&m=Cat&a=index&p=3
INFO: [ app_begin ] --START--
INFO: ReadHtmlCache Behavior ::run [ RunTime:0.000836s ]
INFO: [ app_begin ] --END-- [ RunTime:0.000934s ]
NOTIC: [2048] Declaration of BaseAction::display() should be compatible with Action::display($templateFile = '', $charset = '', $contentType = '', $content = '', $prefix = '') F:\phpsites\tbk\Lib\Action\Admin\BaseAction.class.php 第 8 行.
SQL: PRAGMA table_info (tp_goods_cat)  [ RunTime:0.000330s ]
SQL: SELECT COUNT(*) AS tp_count FROM tp_goods_cat LIMIT 1   [ RunTime:0.000189s ]
SQL: SELECT * FROM tp_goods_cat ORDER BY sort desc LIMIT 1 OFFSET 2   [ RunTime:0.000364s ]
INFO: [ view_parse ] --START--
INFO: ParseTemplate Behavior ::run [ RunTime:0.007949s ]
INFO: [ view_parse ] --END-- [ RunTime:0.008036s ]
INFO: [ view_filter ] --START--
INFO: ContentReplace Behavior ::run [ RunTime:0.000621s ]
INFO: TokenBuild Behavior ::run [ RunTime:0.000535s ]
INFO: WriteHtmlCache Behavior ::run [ RunTime:0.000438s ]
INFO: ShowRuntime Behavior ::run [ RunTime:0.000607s ]
INFO: [ view_filter ] --END-- [ RunTime:0.002368s ]
INFO: [ view_end ] --START--
INFO: ShowPageTrace Behavior ::run [ RunTime:0.000891s ]
INFO: [ view_end ] --END-- [ RunTime:0.000956s ]
NOTIC: [8] Constant THEME_NAME already defined F:\phpsites\tbk\ThinkPHP\Lib\Core\View.class.php 第 223 行.
NOTIC: [8] Constant THEME_PATH already defined F:\phpsites\tbk\ThinkPHP\Lib\Core\View.class.php 第 174 行.
NOTIC: [8] Constant APP_TMPL_PATH already defined F:\phpsites\tbk\ThinkPHP\Lib\Core\View.class.php 第 175 行.
INFO: [ view_parse ] --START--
INFO: ParseTemplate Behavior ::run [ RunTime:0.004428s ]
INFO: [ view_parse ] --END-- [ RunTime:-0.004169s ]
INFO: [ view_filter ] --START--
INFO: ContentReplace Behavior ::run [ RunTime:0.000052s ]
INFO: TokenBuild Behavior ::run [ RunTime:0.000030s ]
INFO: WriteHtmlCache Behavior ::run [ RunTime:0.000008s ]
INFO: ShowRuntime Behavior ::run [ RunTime:0.000046s ]
INFO: [ view_filter ] --END-- [ RunTime:-0.006317s ]
INFO: [ view_end ] --START--
INFO: ShowPageTrace Behavior ::run [ RunTime:0.000024s ]
INFO: [ view_end ] --END-- [ RunTime:-0.005563s ]
NOTIC: [8] Constant THEME_NAME already defined F:\phpsites\tbk\ThinkPHP\Lib\Core\View.class.php 第 223 行.
NOTIC: [8] Constant THEME_PATH already defined F:\phpsites\tbk\ThinkPHP\Lib\Core\View.class.php 第 174 行.
NOTIC: [8] Constant APP_TMPL_PATH already defined F:\phpsites\tbk\ThinkPHP\Lib\Core\View.class.php 第 175 行.
INFO: [ view_parse ] --START--
INFO: ParseTemplate Behavior ::run [ RunTime:0.001723s ]
INFO: [ view_parse ] --END-- [ RunTime:-0.009291s ]
INFO: [ view_filter ] --START--
INFO: ContentReplace Behavior ::run [ RunTime:0.000046s ]
INFO: TokenBuild Behavior ::run [ RunTime:0.000030s ]
INFO: WriteHtmlCache Behavior ::run [ RunTime:0.000008s ]
INFO: ShowRuntime Behavior ::run [ RunTime:0.000045s ]
INFO: [ view_filter ] --END-- [ RunTime:-0.008680s ]
INFO: [ view_end ] --START--
INFO: ShowPageTrace Behavior ::run [ RunTime:0.000023s ]
INFO: [ view_end ] --END-- [ RunTime:-0.007911s ]

[ 2018-04-18T16:07:23+08:00 ] 127.0.0.1 /index.php?g=Admin&m=Cat&a=index&p=1
INFO: [ app_begin ] --START--
INFO: ReadHtmlCache Behavior ::run [ RunTime:0.000524s ]
INFO: [ app_begin ] --END-- [ RunTime:0.000583s ]
NOTIC: [2048] Declaration of BaseAction::display() should be compatible with Action::display($templateFile = '', $charset = '', $contentType = '', $content = '', $prefix = '') F:\phpsites\tbk\Lib\Action\Admin\BaseAction.class.php 第 8 行.
SQL: PRAGMA table_info (tp_goods_cat)  [ RunTime:0.000358s ]
SQL: SELECT COUNT(*) AS tp_count FROM tp_goods_cat LIMIT 1   [ RunTime:0.000197s ]
SQL: SELECT * FROM tp_goods_cat ORDER BY sort desc LIMIT 1 OFFSET 0   [ RunTime:0.000184s ]
INFO: [ view_parse ] --START--
INFO: ParseTemplate Behavior ::run [ RunTime:0.005411s ]
INFO: [ view_parse ] --END-- [ RunTime:0.005493s ]
INFO: [ view_filter ] --START--
INFO: ContentReplace Behavior ::run [ RunTime:0.000570s ]
INFO: TokenBuild Behavior ::run [ RunTime:0.000547s ]
INFO: WriteHtmlCache Behavior ::run [ RunTime:0.000328s ]
INFO: ShowRuntime Behavior ::run [ RunTime:0.000450s ]
INFO: [ view_filter ] --END-- [ RunTime:0.002042s ]
INFO: [ view_end ] --START--
INFO: ShowPageTrace Behavior ::run [ RunTime:0.000529s ]
INFO: [ view_end ] --END-- [ RunTime:0.000567s ]
NOTIC: [8] Constant THEME_NAME already defined F:\phpsites\tbk\ThinkPHP\Lib\Core\View.class.php 第 223 行.
NOTIC: [8] Constant THEME_PATH already defined F:\phpsites\tbk\ThinkPHP\Lib\Core\View.class.php 第 174 行.
NOTIC: [8] Constant APP_TMPL_PATH already defined F:\phpsites\tbk\ThinkPHP\Lib\Core\View.class.php 第 175 行.
INFO: [ view_parse ] --START--
INFO: ParseTemplate Behavior ::run [ RunTime:0.003326s ]
INFO: [ view_parse ] --END-- [ RunTime:-0.002894s ]
INFO: [ view_filter ] --START--
INFO: ContentReplace Behavior ::run [ RunTime:0.000044s ]
INFO: TokenBuild Behavior ::run [ RunTime:0.000026s ]
INFO: WriteHtmlCache Behavior ::run [ RunTime:0.000007s ]
INFO: ShowRuntime Behavior ::run [ RunTime:0.000041s ]
INFO: [ view_filter ] --END-- [ RunTime:-0.004218s ]
INFO: [ view_end ] --START--
INFO: ShowPageTrace Behavior ::run [ RunTime:0.000021s ]
INFO: [ view_end ] --END-- [ RunTime:-0.003831s ]
NOTIC: [8] Constant THEME_NAME already defined F:\phpsites\tbk\ThinkPHP\Lib\Core\View.class.php 第 223 行.
NOTIC: [8] Constant THEME_PATH already defined F:\phpsites\tbk\ThinkPHP\Lib\Core\View.class.php 第 174 行.
NOTIC: [8] Constant APP_TMPL_PATH already defined F:\phpsites\tbk\ThinkPHP\Lib\Core\View.class.php 第 175 行.
INFO: [ view_parse ] --START--
INFO: ParseTemplate Behavior ::run [ RunTime:0.001610s ]
INFO: [ view_parse ] --END-- [ RunTime:-0.006764s ]
INFO: [ view_filter ] --START--
INFO: ContentReplace Behavior ::run [ RunTime:0.000040s ]
INFO: TokenBuild Behavior ::run [ RunTime:0.000025s ]
INFO: WriteHtmlCache Behavior ::run [ RunTime:0.000007s ]
INFO: ShowRuntime Behavior ::run [ RunTime:0.000040s ]
INFO: [ view_filter ] --END-- [ RunTime:-0.006363s ]
INFO: [ view_end ] --START--
INFO: ShowPageTrace Behavior ::run [ RunTime:0.000021s ]
INFO: [ view_end ] --END-- [ RunTime:-0.005971s ]

