[ 2018-05-09T13:47:55+08:00 ] 127.0.0.1 /
INFO: [ app_begin ] --START--
INFO: ReadHtmlCache Behavior ::run [ RunTime:0.013635s ]
INFO: [ app_begin ] --END-- [ RunTime:0.014270s ]
NOTIC: [2048] Declaration of BaseAction::display() should be compatible with Action::display($templateFile = '', $charset = '', $contentType = '', $content = '', $prefix = '') F:\phpsites\tbk\Lib\Action\Wap\BaseAction.class.php 第 12 行.
INFO: [ view_parse ] --START--
INFO: ParseTemplate Behavior ::run [ RunTime:0.028711s ]
INFO: [ view_parse ] --END-- [ RunTime:0.028826s ]
INFO: [ view_filter ] --START--
INFO: ContentReplace Behavior ::run [ RunTime:0.001694s ]
INFO: TokenBuild Behavior ::run [ RunTime:0.001393s ]
INFO: WriteHtmlCache Behavior ::run [ RunTime:0.001214s ]
INFO: ShowRuntime Behavior ::run [ RunTime:0.001550s ]
INFO: [ view_filter ] --END-- [ RunTime:0.006183s ]
INFO: [ view_end ] --START--
INFO: ShowPageTrace Behavior ::run [ RunTime:0.002007s ]
INFO: [ view_end ] --END-- [ RunTime:0.002094s ]
NOTIC: [8] Constant THEME_NAME already defined F:\phpsites\tbk\ThinkPHP\Lib\Core\View.class.php 第 223 行.
NOTIC: [8] Constant THEME_PATH already defined F:\phpsites\tbk\ThinkPHP\Lib\Core\View.class.php 第 174 行.
NOTIC: [8] Constant APP_TMPL_PATH already defined F:\phpsites\tbk\ThinkPHP\Lib\Core\View.class.php 第 175 行.
INFO: [ view_parse ] --START--
INFO: ParseTemplate Behavior ::run [ RunTime:0.017703s ]
INFO: [ view_parse ] --END-- [ RunTime:-0.009050s ]
INFO: [ view_filter ] --START--
INFO: ContentReplace Behavior ::run [ RunTime:0.000098s ]
INFO: TokenBuild Behavior ::run [ RunTime:0.000054s ]
INFO: WriteHtmlCache Behavior ::run [ RunTime:0.000017s ]
INFO: ShowRuntime Behavior ::run [ RunTime:0.000116s ]
INFO: [ view_filter ] --END-- [ RunTime:-0.020667s ]
INFO: [ view_end ] --START--
INFO: ShowPageTrace Behavior ::run [ RunTime:0.000045s ]
INFO: [ view_end ] --END-- [ RunTime:-0.019002s ]
NOTIC: [8] Constant THEME_NAME already defined F:\phpsites\tbk\ThinkPHP\Lib\Core\View.class.php 第 223 行.
NOTIC: [8] Constant THEME_PATH already defined F:\phpsites\tbk\ThinkPHP\Lib\Core\View.class.php 第 174 行.
NOTIC: [8] Constant APP_TMPL_PATH already defined F:\phpsites\tbk\ThinkPHP\Lib\Core\View.class.php 第 175 行.
INFO: [ view_parse ] --START--
INFO: ParseTemplate Behavior ::run [ RunTime:0.003842s ]
INFO: [ view_parse ] --END-- [ RunTime:-0.028073s ]
INFO: [ view_filter ] --START--
INFO: ContentReplace Behavior ::run [ RunTime:0.000095s ]
INFO: TokenBuild Behavior ::run [ RunTime:0.000054s ]
INFO: WriteHtmlCache Behavior ::run [ RunTime:0.000014s ]
INFO: ShowRuntime Behavior ::run [ RunTime:0.000084s ]
INFO: [ view_filter ] --END-- [ RunTime:-0.025815s ]
INFO: [ view_end ] --START--
INFO: ShowPageTrace Behavior ::run [ RunTime:0.000044s ]
INFO: [ view_end ] --END-- [ RunTime:-0.024101s ]

[ 2018-05-09T13:48:00+08:00 ] 127.0.0.1 /index.php?g=Game&m=Index&a=index
INFO: [ app_begin ] --START--
INFO: ReadHtmlCache Behavior ::run [ RunTime:0.000582s ]
INFO: [ app_begin ] --END-- [ RunTime:0.000656s ]
NOTIC: [2048] Declaration of BaseAction::display() should be compatible with Action::display($templateFile = '', $charset = '', $contentType = '', $content = '', $prefix = '') F:\phpsites\tbk\Lib\Action\Game\BaseAction.class.php 第 12 行.
NOTIC: [8] Constant THEME_NAME already defined F:\phpsites\tbk\ThinkPHP\Lib\Core\View.class.php 第 223 行.
NOTIC: [8] Constant THEME_PATH already defined F:\phpsites\tbk\ThinkPHP\Lib\Core\View.class.php 第 174 行.
NOTIC: [8] Constant APP_TMPL_PATH already defined F:\phpsites\tbk\ThinkPHP\Lib\Core\View.class.php 第 175 行.
INFO: [ view_parse ] --START--
INFO: ParseTemplate Behavior ::run [ RunTime:0.005763s ]
INFO: [ view_parse ] --END-- [ RunTime:0.005845s ]
INFO: [ view_filter ] --START--
INFO: ContentReplace Behavior ::run [ RunTime:0.000605s ]
INFO: TokenBuild Behavior ::run [ RunTime:0.000557s ]
INFO: WriteHtmlCache Behavior ::run [ RunTime:0.000515s ]
INFO: ShowRuntime Behavior ::run [ RunTime:0.000975s ]
INFO: [ view_filter ] --END-- [ RunTime:0.002888s ]
INFO: [ view_end ] --START--
INFO: ShowPageTrace Behavior ::run [ RunTime:0.000838s ]
INFO: [ view_end ] --END-- [ RunTime:0.000889s ]
NOTIC: [8] Constant THEME_NAME already defined F:\phpsites\tbk\ThinkPHP\Lib\Core\View.class.php 第 223 行.
NOTIC: [8] Constant THEME_PATH already defined F:\phpsites\tbk\ThinkPHP\Lib\Core\View.class.php 第 174 行.
NOTIC: [8] Constant APP_TMPL_PATH already defined F:\phpsites\tbk\ThinkPHP\Lib\Core\View.class.php 第 175 行.
INFO: [ view_parse ] --START--
INFO: ParseTemplate Behavior ::run [ RunTime:0.001642s ]
INFO: [ view_parse ] --END-- [ RunTime:-0.004096s ]
INFO: [ view_filter ] --START--
INFO: ContentReplace Behavior ::run [ RunTime:0.000044s ]
INFO: TokenBuild Behavior ::run [ RunTime:0.000030s ]
INFO: WriteHtmlCache Behavior ::run [ RunTime:0.000008s ]
INFO: ShowRuntime Behavior ::run [ RunTime:0.000054s ]
INFO: [ view_filter ] --END-- [ RunTime:-0.002901s ]
INFO: [ view_end ] --START--
INFO: ShowPageTrace Behavior ::run [ RunTime:0.000032s ]
INFO: [ view_end ] --END-- [ RunTime:-0.002215s ]
NOTIC: [8] Constant THEME_NAME already defined F:\phpsites\tbk\ThinkPHP\Lib\Core\View.class.php 第 223 行.
NOTIC: [8] Constant THEME_PATH already defined F:\phpsites\tbk\ThinkPHP\Lib\Core\View.class.php 第 174 行.
NOTIC: [8] Constant APP_TMPL_PATH already defined F:\phpsites\tbk\ThinkPHP\Lib\Core\View.class.php 第 175 行.
INFO: [ view_parse ] --START--
INFO: ParseTemplate Behavior ::run [ RunTime:0.002535s ]
INFO: [ view_parse ] --END-- [ RunTime:-0.007041s ]
INFO: [ view_filter ] --START--
INFO: ContentReplace Behavior ::run [ RunTime:0.000045s ]
INFO: TokenBuild Behavior ::run [ RunTime:0.000027s ]
INFO: WriteHtmlCache Behavior ::run [ RunTime:0.000007s ]
INFO: ShowRuntime Behavior ::run [ RunTime:0.000070s ]
INFO: [ view_filter ] --END-- [ RunTime:-0.006790s ]
INFO: [ view_end ] --START--
INFO: ShowPageTrace Behavior ::run [ RunTime:0.000073s ]
INFO: [ view_end ] --END-- [ RunTime:-0.006125s ]

[ 2018-05-09T13:48:04+08:00 ] 127.0.0.1 /index.php?m=Chat&a=index
INFO: [ app_begin ] --START--
INFO: ReadHtmlCache Behavior ::run [ RunTime:0.000504s ]
INFO: [ app_begin ] --END-- [ RunTime:0.000561s ]
NOTIC: [2048] Declaration of BaseAction::display() should be compatible with Action::display($templateFile = '', $charset = '', $contentType = '', $content = '', $prefix = '') F:\phpsites\tbk\Lib\Action\Wap\BaseAction.class.php 第 12 行.
NOTIC: [2048] Declaration of ChatAction::get() should be compatible with Action::get($name = '') F:\phpsites\tbk\Lib\Action\Wap\ChatAction.class.php 第 5 行.
INFO: [ view_parse ] --START--
INFO: ParseTemplate Behavior ::run [ RunTime:0.005899s ]
INFO: [ view_parse ] --END-- [ RunTime:0.005970s ]
INFO: [ view_filter ] --START--
INFO: ContentReplace Behavior ::run [ RunTime:0.000660s ]
INFO: TokenBuild Behavior ::run [ RunTime:0.000676s ]
INFO: WriteHtmlCache Behavior ::run [ RunTime:0.000699s ]
INFO: ShowRuntime Behavior ::run [ RunTime:0.000736s ]
INFO: [ view_filter ] --END-- [ RunTime:0.002967s ]
INFO: [ view_end ] --START--
INFO: ShowPageTrace Behavior ::run [ RunTime:0.000623s ]
INFO: [ view_end ] --END-- [ RunTime:0.000665s ]
NOTIC: [8] Constant THEME_NAME already defined F:\phpsites\tbk\ThinkPHP\Lib\Core\View.class.php 第 223 行.
NOTIC: [8] Constant THEME_PATH already defined F:\phpsites\tbk\ThinkPHP\Lib\Core\View.class.php 第 174 行.
NOTIC: [8] Constant APP_TMPL_PATH already defined F:\phpsites\tbk\ThinkPHP\Lib\Core\View.class.php 第 175 行.
INFO: [ view_parse ] --START--
INFO: ParseTemplate Behavior ::run [ RunTime:0.002003s ]
INFO: [ view_parse ] --END-- [ RunTime:-0.004058s ]
INFO: [ view_filter ] --START--
INFO: ContentReplace Behavior ::run [ RunTime:0.000074s ]
INFO: TokenBuild Behavior ::run [ RunTime:0.000033s ]
INFO: WriteHtmlCache Behavior ::run [ RunTime:0.000007s ]
INFO: ShowRuntime Behavior ::run [ RunTime:0.000041s ]
INFO: [ view_filter ] --END-- [ RunTime:-0.003221s ]
INFO: [ view_end ] --START--
INFO: ShowPageTrace Behavior ::run [ RunTime:0.000035s ]
INFO: [ view_end ] --END-- [ RunTime:-0.002786s ]
NOTIC: [8] Constant THEME_NAME already defined F:\phpsites\tbk\ThinkPHP\Lib\Core\View.class.php 第 223 行.
NOTIC: [8] Constant THEME_PATH already defined F:\phpsites\tbk\ThinkPHP\Lib\Core\View.class.php 第 174 行.
NOTIC: [8] Constant APP_TMPL_PATH already defined F:\phpsites\tbk\ThinkPHP\Lib\Core\View.class.php 第 175 行.
INFO: [ view_parse ] --START--
INFO: ParseTemplate Behavior ::run [ RunTime:0.002355s ]
INFO: [ view_parse ] --END-- [ RunTime:-0.006818s ]
INFO: [ view_filter ] --START--
INFO: ContentReplace Behavior ::run [ RunTime:0.000049s ]
INFO: TokenBuild Behavior ::run [ RunTime:0.000027s ]
INFO: WriteHtmlCache Behavior ::run [ RunTime:0.000007s ]
INFO: ShowRuntime Behavior ::run [ RunTime:0.000041s ]
INFO: [ view_filter ] --END-- [ RunTime:-0.006243s ]
INFO: [ view_end ] --START--
INFO: ShowPageTrace Behavior ::run [ RunTime:0.000022s ]
INFO: [ view_end ] --END-- [ RunTime:-0.005742s ]

[ 2018-05-09T13:48:04+08:00 ] 127.0.0.1 /index.php?m=Chat&a=get&index=0
INFO: [ app_begin ] --START--
INFO: ReadHtmlCache Behavior ::run [ RunTime:0.000515s ]
INFO: [ app_begin ] --END-- [ RunTime:0.000571s ]
NOTIC: [2048] Declaration of BaseAction::display() should be compatible with Action::display($templateFile = '', $charset = '', $contentType = '', $content = '', $prefix = '') F:\phpsites\tbk\Lib\Action\Wap\BaseAction.class.php 第 12 行.
NOTIC: [2048] Declaration of ChatAction::get() should be compatible with Action::get($name = '') F:\phpsites\tbk\Lib\Action\Wap\ChatAction.class.php 第 5 行.
SQL: PRAGMA table_info (tp_chat)  [ RunTime:0.000422s ]
SQL: SELECT COUNT(*) AS tp_count FROM tp_chat LIMIT 1   [ RunTime:0.000211s ]
SQL: SELECT * FROM tp_chat WHERE ( id>0 )  [ RunTime:0.000203s ]

[ 2018-05-09T13:48:06+08:00 ] 127.0.0.1 /index.php?m=Chat&a=get&index=2
INFO: [ app_begin ] --START--
INFO: ReadHtmlCache Behavior ::run [ RunTime:0.000763s ]
INFO: [ app_begin ] --END-- [ RunTime:0.000858s ]
NOTIC: [2048] Declaration of BaseAction::display() should be compatible with Action::display($templateFile = '', $charset = '', $contentType = '', $content = '', $prefix = '') F:\phpsites\tbk\Lib\Action\Wap\BaseAction.class.php 第 12 行.
NOTIC: [2048] Declaration of ChatAction::get() should be compatible with Action::get($name = '') F:\phpsites\tbk\Lib\Action\Wap\ChatAction.class.php 第 5 行.
SQL: PRAGMA table_info (tp_chat)  [ RunTime:0.000400s ]
SQL: SELECT COUNT(*) AS tp_count FROM tp_chat LIMIT 1   [ RunTime:0.000176s ]
SQL: SELECT COUNT(*) AS tp_count FROM tp_chat LIMIT 1   [ RunTime:0.000364s ]
SQL: SELECT COUNT(*) AS tp_count FROM tp_chat LIMIT 1   [ RunTime:0.000843s ]
SQL: SELECT COUNT(*) AS tp_count FROM tp_chat LIMIT 1   [ RunTime:0.000715s ]
SQL: SELECT COUNT(*) AS tp_count FROM tp_chat LIMIT 1   [ RunTime:0.000708s ]
SQL: SELECT COUNT(*) AS tp_count FROM tp_chat LIMIT 1   [ RunTime:0.000935s ]
SQL: SELECT COUNT(*) AS tp_count FROM tp_chat LIMIT 1   [ RunTime:0.000272s ]
SQL: SELECT COUNT(*) AS tp_count FROM tp_chat LIMIT 1   [ RunTime:0.000272s ]
SQL: SELECT COUNT(*) AS tp_count FROM tp_chat LIMIT 1   [ RunTime:0.000268s ]
SQL: SELECT COUNT(*) AS tp_count FROM tp_chat LIMIT 1   [ RunTime:0.000332s ]
SQL: SELECT COUNT(*) AS tp_count FROM tp_chat LIMIT 1   [ RunTime:0.000908s ]

[ 2018-05-09T13:48:08+08:00 ] 127.0.0.1 /index.php?m=Chat&a=get&index=2
INFO: [ app_begin ] --START--
INFO: ReadHtmlCache Behavior ::run [ RunTime:0.001713s ]
INFO: [ app_begin ] --END-- [ RunTime:0.001889s ]
NOTIC: [2048] Declaration of BaseAction::display() should be compatible with Action::display($templateFile = '', $charset = '', $contentType = '', $content = '', $prefix = '') F:\phpsites\tbk\Lib\Action\Wap\BaseAction.class.php 第 12 行.
NOTIC: [2048] Declaration of ChatAction::get() should be compatible with Action::get($name = '') F:\phpsites\tbk\Lib\Action\Wap\ChatAction.class.php 第 5 行.
SQL: PRAGMA table_info (tp_chat)  [ RunTime:0.000326s ]
SQL: SELECT COUNT(*) AS tp_count FROM tp_chat LIMIT 1   [ RunTime:0.000179s ]
SQL: SELECT COUNT(*) AS tp_count FROM tp_chat LIMIT 1   [ RunTime:0.000718s ]
SQL: SELECT COUNT(*) AS tp_count FROM tp_chat LIMIT 1   [ RunTime:0.000720s ]
SQL: SELECT COUNT(*) AS tp_count FROM tp_chat LIMIT 1   [ RunTime:0.000710s ]
SQL: SELECT COUNT(*) AS tp_count FROM tp_chat LIMIT 1   [ RunTime:0.000450s ]
SQL: SELECT COUNT(*) AS tp_count FROM tp_chat LIMIT 1   [ RunTime:0.000796s ]
SQL: SELECT COUNT(*) AS tp_count FROM tp_chat LIMIT 1   [ RunTime:0.000270s ]
SQL: SELECT COUNT(*) AS tp_count FROM tp_chat LIMIT 1   [ RunTime:0.000274s ]
SQL: SELECT COUNT(*) AS tp_count FROM tp_chat LIMIT 1   [ RunTime:0.000289s ]
SQL: SELECT COUNT(*) AS tp_count FROM tp_chat LIMIT 1   [ RunTime:0.000703s ]
SQL: SELECT COUNT(*) AS tp_count FROM tp_chat LIMIT 1   [ RunTime:0.000711s ]

[ 2018-05-09T13:48:10+08:00 ] 127.0.0.1 /index.php?m=Chat&a=get&index=2
INFO: [ app_begin ] --START--
INFO: ReadHtmlCache Behavior ::run [ RunTime:0.001034s ]
INFO: [ app_begin ] --END-- [ RunTime:0.001137s ]
NOTIC: [2048] Declaration of BaseAction::display() should be compatible with Action::display($templateFile = '', $charset = '', $contentType = '', $content = '', $prefix = '') F:\phpsites\tbk\Lib\Action\Wap\BaseAction.class.php 第 12 行.
NOTIC: [2048] Declaration of ChatAction::get() should be compatible with Action::get($name = '') F:\phpsites\tbk\Lib\Action\Wap\ChatAction.class.php 第 5 行.
SQL: PRAGMA table_info (tp_chat)  [ RunTime:0.000513s ]
SQL: SELECT COUNT(*) AS tp_count FROM tp_chat LIMIT 1   [ RunTime:0.000334s ]
SQL: SELECT COUNT(*) AS tp_count FROM tp_chat LIMIT 1   [ RunTime:0.000703s ]
SQL: SELECT COUNT(*) AS tp_count FROM tp_chat LIMIT 1   [ RunTime:0.000716s ]
SQL: SELECT COUNT(*) AS tp_count FROM tp_chat LIMIT 1   [ RunTime:0.000713s ]
SQL: SELECT COUNT(*) AS tp_count FROM tp_chat LIMIT 1   [ RunTime:0.000711s ]
SQL: SELECT COUNT(*) AS tp_count FROM tp_chat LIMIT 1   [ RunTime:0.000371s ]
SQL: SELECT COUNT(*) AS tp_count FROM tp_chat LIMIT 1   [ RunTime:0.000270s ]
SQL: SELECT COUNT(*) AS tp_count FROM tp_chat LIMIT 1   [ RunTime:0.000269s ]
SQL: SELECT COUNT(*) AS tp_count FROM tp_chat LIMIT 1   [ RunTime:0.000282s ]
SQL: SELECT COUNT(*) AS tp_count FROM tp_chat LIMIT 1   [ RunTime:0.000280s ]
SQL: SELECT COUNT(*) AS tp_count FROM tp_chat LIMIT 1   [ RunTime:0.000278s ]

[ 2018-05-09T13:48:10+08:00 ] 127.0.0.1 /index.php?m=Job&a=index
INFO: [ app_begin ] --START--
INFO: ReadHtmlCache Behavior ::run [ RunTime:0.001102s ]
INFO: [ app_begin ] --END-- [ RunTime:0.001191s ]

[ 2018-05-09T13:48:12+08:00 ] 127.0.0.1 /index.php?m=Chat&a=get&index=2
INFO: [ app_begin ] --START--
INFO: ReadHtmlCache Behavior ::run [ RunTime:0.000600s ]
INFO: [ app_begin ] --END-- [ RunTime:0.000664s ]
NOTIC: [2048] Declaration of BaseAction::display() should be compatible with Action::display($templateFile = '', $charset = '', $contentType = '', $content = '', $prefix = '') F:\phpsites\tbk\Lib\Action\Wap\BaseAction.class.php 第 12 行.
NOTIC: [2048] Declaration of ChatAction::get() should be compatible with Action::get($name = '') F:\phpsites\tbk\Lib\Action\Wap\ChatAction.class.php 第 5 行.
SQL: PRAGMA table_info (tp_chat)  [ RunTime:0.000540s ]
SQL: SELECT COUNT(*) AS tp_count FROM tp_chat LIMIT 1   [ RunTime:0.000287s ]
SQL: SELECT COUNT(*) AS tp_count FROM tp_chat LIMIT 1   [ RunTime:0.000257s ]
SQL: SELECT COUNT(*) AS tp_count FROM tp_chat LIMIT 1   [ RunTime:0.000303s ]
SQL: SELECT COUNT(*) AS tp_count FROM tp_chat LIMIT 1   [ RunTime:0.000745s ]
SQL: SELECT COUNT(*) AS tp_count FROM tp_chat LIMIT 1   [ RunTime:0.000739s ]
SQL: SELECT COUNT(*) AS tp_count FROM tp_chat LIMIT 1   [ RunTime:0.000891s ]
SQL: SELECT COUNT(*) AS tp_count FROM tp_chat LIMIT 1   [ RunTime:0.000315s ]
SQL: SELECT COUNT(*) AS tp_count FROM tp_chat LIMIT 1   [ RunTime:0.000275s ]
SQL: SELECT COUNT(*) AS tp_count FROM tp_chat LIMIT 1   [ RunTime:0.000351s ]
SQL: SELECT COUNT(*) AS tp_count FROM tp_chat LIMIT 1   [ RunTime:0.000367s ]
SQL: SELECT COUNT(*) AS tp_count FROM tp_chat LIMIT 1   [ RunTime:0.000703s ]

[ 2018-05-09T13:48:29+08:00 ] 127.0.0.1 /index.php?m=Job&a=index
INFO: [ app_begin ] --START--
INFO: ReadHtmlCache Behavior ::run [ RunTime:0.001120s ]
INFO: [ app_begin ] --END-- [ RunTime:0.001203s ]
NOTIC: [2048] Declaration of JobAction::get() should be compatible with Action::get($name = '') F:\phpsites\tbk\Lib\Action\Wap\JobAction.class.php 第 59 行.
NOTIC: [2] Missing argument 1 for JobAction::__construct(), called in F:\phpsites\tbk\ThinkPHP\Common\common.php on line 466 and defined F:\phpsites\tbk\Lib\Action\Wap\JobAction.class.php 第 9 行.
NOTIC: [8] Undefined variable: userId F:\phpsites\tbk\Lib\Action\Wap\JobAction.class.php 第 10 行.

[ 2018-05-09T13:49:05+08:00 ] 127.0.0.1 /index.php?m=Job&a=index
INFO: [ app_begin ] --START--
INFO: ReadHtmlCache Behavior ::run [ RunTime:0.000736s ]
INFO: [ app_begin ] --END-- [ RunTime:0.000861s ]
NOTIC: [2048] Declaration of JobAction::get() should be compatible with Action::get($name = '') F:\phpsites\tbk\Lib\Action\Wap\JobAction.class.php 第 59 行.
NOTIC: [2] Missing argument 1 for JobAction::__construct(), called in F:\phpsites\tbk\ThinkPHP\Common\common.php on line 466 and defined F:\phpsites\tbk\Lib\Action\Wap\JobAction.class.php 第 9 行.
NOTIC: [8] Undefined variable: userId F:\phpsites\tbk\Lib\Action\Wap\JobAction.class.php 第 10 行.

[ 2018-05-09T13:49:06+08:00 ] 127.0.0.1 /index.php?m=Job&a=index
INFO: [ app_begin ] --START--
INFO: ReadHtmlCache Behavior ::run [ RunTime:0.002123s ]
INFO: [ app_begin ] --END-- [ RunTime:0.002357s ]
NOTIC: [2048] Declaration of JobAction::get() should be compatible with Action::get($name = '') F:\phpsites\tbk\Lib\Action\Wap\JobAction.class.php 第 59 行.
NOTIC: [2] Missing argument 1 for JobAction::__construct(), called in F:\phpsites\tbk\ThinkPHP\Common\common.php on line 466 and defined F:\phpsites\tbk\Lib\Action\Wap\JobAction.class.php 第 9 行.
NOTIC: [8] Undefined variable: userId F:\phpsites\tbk\Lib\Action\Wap\JobAction.class.php 第 10 行.

[ 2018-05-09T13:49:16+08:00 ] 127.0.0.1 /index.php?m=Job&a=add
INFO: [ app_begin ] --START--
INFO: ReadHtmlCache Behavior ::run [ RunTime:0.000519s ]
INFO: [ app_begin ] --END-- [ RunTime:0.000576s ]
NOTIC: [2048] Declaration of JobAction::get() should be compatible with Action::get($name = '') F:\phpsites\tbk\Lib\Action\Wap\JobAction.class.php 第 59 行.
NOTIC: [2] Missing argument 1 for JobAction::__construct(), called in F:\phpsites\tbk\ThinkPHP\Common\common.php on line 466 and defined F:\phpsites\tbk\Lib\Action\Wap\JobAction.class.php 第 9 行.
NOTIC: [8] Undefined variable: userId F:\phpsites\tbk\Lib\Action\Wap\JobAction.class.php 第 10 行.

[ 2018-05-09T13:49:21+08:00 ] 127.0.0.1 /index.php?m=Job&a=add
INFO: [ app_begin ] --START--
INFO: ReadHtmlCache Behavior ::run [ RunTime:0.000741s ]
INFO: [ app_begin ] --END-- [ RunTime:0.000808s ]
NOTIC: [2048] Declaration of JobAction::get() should be compatible with Action::get($name = '') F:\phpsites\tbk\Lib\Action\Wap\JobAction.class.php 第 59 行.
NOTIC: [2] Missing argument 1 for JobAction::__construct(), called in F:\phpsites\tbk\ThinkPHP\Common\common.php on line 466 and defined F:\phpsites\tbk\Lib\Action\Wap\JobAction.class.php 第 9 行.
NOTIC: [8] Undefined variable: userId F:\phpsites\tbk\Lib\Action\Wap\JobAction.class.php 第 10 行.

[ 2018-05-09T13:49:30+08:00 ] 127.0.0.1 /index.php?m=Job&a=add
INFO: [ app_begin ] --START--
INFO: ReadHtmlCache Behavior ::run [ RunTime:0.000499s ]
INFO: [ app_begin ] --END-- [ RunTime:0.000557s ]
NOTIC: [2048] Declaration of JobAction::get() should be compatible with Action::get($name = '') F:\phpsites\tbk\Lib\Action\Wap\JobAction.class.php 第 59 行.
NOTIC: [2] Missing argument 1 for JobAction::__construct(), called in F:\phpsites\tbk\ThinkPHP\Common\common.php on line 466 and defined F:\phpsites\tbk\Lib\Action\Wap\JobAction.class.php 第 9 行.
NOTIC: [8] Undefined variable: userId F:\phpsites\tbk\Lib\Action\Wap\JobAction.class.php 第 10 行.

[ 2018-05-09T13:49:42+08:00 ] 127.0.0.1 /index.php?m=Job&a=add
INFO: [ app_begin ] --START--
INFO: ReadHtmlCache Behavior ::run [ RunTime:0.000656s ]
INFO: [ app_begin ] --END-- [ RunTime:0.000716s ]
NOTIC: [2048] Declaration of JobAction::get() should be compatible with Action::get($name = '') F:\phpsites\tbk\Lib\Action\Wap\JobAction.class.php 第 59 行.
NOTIC: [2] Missing argument 1 for JobAction::__construct(), called in F:\phpsites\tbk\ThinkPHP\Common\common.php on line 466 and defined F:\phpsites\tbk\Lib\Action\Wap\JobAction.class.php 第 9 行.
NOTIC: [8] Undefined variable: userId F:\phpsites\tbk\Lib\Action\Wap\JobAction.class.php 第 10 行.

[ 2018-05-09T13:51:38+08:00 ] 127.0.0.1 /index.php?m=Job&a=add
INFO: [ app_begin ] --START--
INFO: ReadHtmlCache Behavior ::run [ RunTime:0.000796s ]
INFO: [ app_begin ] --END-- [ RunTime:0.000899s ]
NOTIC: [2048] Declaration of JobAction::get() should be compatible with Action::get($name = '') F:\phpsites\tbk\Lib\Action\Wap\JobAction.class.php 第 59 行.
NOTIC: [2] Missing argument 1 for JobAction::__construct(), called in F:\phpsites\tbk\ThinkPHP\Common\common.php on line 466 and defined F:\phpsites\tbk\Lib\Action\Wap\JobAction.class.php 第 9 行.
NOTIC: [8] Undefined variable: userId F:\phpsites\tbk\Lib\Action\Wap\JobAction.class.php 第 10 行.

[ 2018-05-09T13:53:01+08:00 ] 127.0.0.1 /index.php?m=Job&a=add
INFO: [ app_begin ] --START--
INFO: ReadHtmlCache Behavior ::run [ RunTime:0.001206s ]
INFO: [ app_begin ] --END-- [ RunTime:0.001315s ]
NOTIC: [2048] Declaration of JobAction::get() should be compatible with Action::get($name = '') F:\phpsites\tbk\Lib\Action\Wap\JobAction.class.php 第 59 行.
NOTIC: [2] Missing argument 1 for JobAction::__construct(), called in F:\phpsites\tbk\ThinkPHP\Common\common.php on line 466 and defined F:\phpsites\tbk\Lib\Action\Wap\JobAction.class.php 第 9 行.
NOTIC: [8] Undefined variable: userId F:\phpsites\tbk\Lib\Action\Wap\JobAction.class.php 第 10 行.

[ 2018-05-09T13:53:15+08:00 ] 127.0.0.1 /index.php?m=Job&a=add
INFO: [ app_begin ] --START--
INFO: ReadHtmlCache Behavior ::run [ RunTime:0.000830s ]
INFO: [ app_begin ] --END-- [ RunTime:0.000929s ]
NOTIC: [2048] Declaration of BaseAction::display() should be compatible with Action::display($templateFile = '', $charset = '', $contentType = '', $content = '', $prefix = '') F:\phpsites\tbk\Lib\Action\Wap\BaseAction.class.php 第 12 行.
NOTIC: [2048] Declaration of JobAction::get() should be compatible with Action::get($name = '') F:\phpsites\tbk\Lib\Action\Wap\JobAction.class.php 第 5 行.
NOTIC: [2] Missing argument 1 for JobAction::__construct(), called in F:\phpsites\tbk\ThinkPHP\Common\common.php on line 466 and defined F:\phpsites\tbk\Lib\Action\Wap\JobAction.class.php 第 9 行.
NOTIC: [8] Undefined variable: userId F:\phpsites\tbk\Lib\Action\Wap\JobAction.class.php 第 10 行.

[ 2018-05-09T13:53:47+08:00 ] 127.0.0.1 /index.php?m=Job&a=add
INFO: [ app_begin ] --START--
INFO: ReadHtmlCache Behavior ::run [ RunTime:0.000794s ]
INFO: [ app_begin ] --END-- [ RunTime:0.000877s ]
NOTIC: [2048] Declaration of BaseAction::display() should be compatible with Action::display($templateFile = '', $charset = '', $contentType = '', $content = '', $prefix = '') F:\phpsites\tbk\Lib\Action\Wap\BaseAction.class.php 第 12 行.
NOTIC: [2048] Declaration of JobAction::get() should be compatible with Action::get($name = '') F:\phpsites\tbk\Lib\Action\Wap\JobAction.class.php 第 5 行.
NOTIC: [2] Missing argument 1 for JobAction::__construct(), called in F:\phpsites\tbk\ThinkPHP\Common\common.php on line 466 and defined F:\phpsites\tbk\Lib\Action\Wap\JobAction.class.php 第 9 行.
NOTIC: [8] Undefined variable: userId F:\phpsites\tbk\Lib\Action\Wap\JobAction.class.php 第 10 行.

[ 2018-05-09T13:53:54+08:00 ] 127.0.0.1 /index.php?m=Job&a=add
INFO: [ app_begin ] --START--
INFO: ReadHtmlCache Behavior ::run [ RunTime:0.000522s ]
INFO: [ app_begin ] --END-- [ RunTime:0.000581s ]
NOTIC: [2048] Declaration of BaseAction::display() should be compatible with Action::display($templateFile = '', $charset = '', $contentType = '', $content = '', $prefix = '') F:\phpsites\tbk\Lib\Action\Wap\BaseAction.class.php 第 12 行.
NOTIC: [2048] Declaration of JobAction::get() should be compatible with Action::get($name = '') F:\phpsites\tbk\Lib\Action\Wap\JobAction.class.php 第 5 行.
INFO: [ view_parse ] --START--
INFO: ParseTemplate Behavior ::run [ RunTime:0.006464s ]
INFO: [ view_parse ] --END-- [ RunTime:0.006539s ]
INFO: [ view_filter ] --START--
INFO: ContentReplace Behavior ::run [ RunTime:0.000643s ]
INFO: TokenBuild Behavior ::run [ RunTime:0.000733s ]
INFO: WriteHtmlCache Behavior ::run [ RunTime:0.000750s ]
INFO: ShowRuntime Behavior ::run [ RunTime:0.000533s ]
INFO: [ view_filter ] --END-- [ RunTime:0.002830s ]
INFO: [ view_end ] --START--
INFO: ShowPageTrace Behavior ::run [ RunTime:0.000614s ]
INFO: [ view_end ] --END-- [ RunTime:0.000653s ]
NOTIC: [8] Constant THEME_NAME already defined F:\phpsites\tbk\ThinkPHP\Lib\Core\View.class.php 第 223 行.
NOTIC: [8] Constant THEME_PATH already defined F:\phpsites\tbk\ThinkPHP\Lib\Core\View.class.php 第 174 行.
NOTIC: [8] Constant APP_TMPL_PATH already defined F:\phpsites\tbk\ThinkPHP\Lib\Core\View.class.php 第 175 行.
INFO: [ view_parse ] --START--
INFO: ParseTemplate Behavior ::run [ RunTime:0.002035s ]
INFO: [ view_parse ] --END-- [ RunTime:-0.003869s ]
INFO: [ view_filter ] --START--
INFO: ContentReplace Behavior ::run [ RunTime:0.000051s ]
INFO: TokenBuild Behavior ::run [ RunTime:0.000037s ]
INFO: WriteHtmlCache Behavior ::run [ RunTime:0.000011s ]
INFO: ShowRuntime Behavior ::run [ RunTime:0.000056s ]
INFO: [ view_filter ] --END-- [ RunTime:-0.003117s ]
INFO: [ view_end ] --START--
INFO: ShowPageTrace Behavior ::run [ RunTime:0.000038s ]
INFO: [ view_end ] --END-- [ RunTime:-0.002753s ]
NOTIC: [8] Constant THEME_NAME already defined F:\phpsites\tbk\ThinkPHP\Lib\Core\View.class.php 第 223 行.
NOTIC: [8] Constant THEME_PATH already defined F:\phpsites\tbk\ThinkPHP\Lib\Core\View.class.php 第 174 行.
NOTIC: [8] Constant APP_TMPL_PATH already defined F:\phpsites\tbk\ThinkPHP\Lib\Core\View.class.php 第 175 行.
INFO: [ view_parse ] --START--
INFO: ParseTemplate Behavior ::run [ RunTime:0.001860s ]
INFO: [ view_parse ] --END-- [ RunTime:-0.006783s ]
INFO: [ view_filter ] --START--
INFO: ContentReplace Behavior ::run [ RunTime:0.000054s ]
INFO: TokenBuild Behavior ::run [ RunTime:0.000039s ]
INFO: WriteHtmlCache Behavior ::run [ RunTime:0.000007s ]
INFO: ShowRuntime Behavior ::run [ RunTime:0.000040s ]
INFO: [ view_filter ] --END-- [ RunTime:-0.005849s ]
INFO: [ view_end ] --START--
INFO: ShowPageTrace Behavior ::run [ RunTime:0.000022s ]
INFO: [ view_end ] --END-- [ RunTime:-0.005405s ]

[ 2018-05-09T13:54:19+08:00 ] 127.0.0.1 /index.php?m=Job&a=add
INFO: [ app_begin ] --START--
INFO: ReadHtmlCache Behavior ::run [ RunTime:0.000574s ]
INFO: [ app_begin ] --END-- [ RunTime:0.000644s ]
NOTIC: [2048] Declaration of JobAction::get() should be compatible with Action::get($name = '') F:\phpsites\tbk\Lib\Action\Wap\JobAction.class.php 第 60 行.
NOTIC: [2] Missing argument 1 for JobAction::__construct(), called in F:\phpsites\tbk\ThinkPHP\Common\common.php on line 466 and defined F:\phpsites\tbk\Lib\Action\Wap\JobAction.class.php 第 9 行.
NOTIC: [8] Undefined variable: userId F:\phpsites\tbk\Lib\Action\Wap\JobAction.class.php 第 11 行.
INFO: [ view_parse ] --START--
INFO: ParseTemplate Behavior ::run [ RunTime:0.005486s ]
INFO: [ view_parse ] --END-- [ RunTime:0.005558s ]
INFO: [ view_filter ] --START--
INFO: ContentReplace Behavior ::run [ RunTime:0.000441s ]
INFO: TokenBuild Behavior ::run [ RunTime:0.000425s ]
INFO: WriteHtmlCache Behavior ::run [ RunTime:0.000341s ]
INFO: ShowRuntime Behavior ::run [ RunTime:0.000487s ]
INFO: [ view_filter ] --END-- [ RunTime:0.001820s ]
INFO: [ view_end ] --START--
INFO: ShowPageTrace Behavior ::run [ RunTime:0.000617s ]
INFO: [ view_end ] --END-- [ RunTime:0.000675s ]

[ 2018-05-09T13:54:24+08:00 ] 127.0.0.1 /index.php?m=Job&a=add
INFO: [ app_begin ] --START--
INFO: ReadHtmlCache Behavior ::run [ RunTime:0.000668s ]
INFO: [ app_begin ] --END-- [ RunTime:0.000746s ]
NOTIC: [2048] Declaration of JobAction::get() should be compatible with Action::get($name = '') F:\phpsites\tbk\Lib\Action\Wap\JobAction.class.php 第 60 行.
NOTIC: [2] Missing argument 1 for JobAction::__construct(), called in F:\phpsites\tbk\ThinkPHP\Common\common.php on line 466 and defined F:\phpsites\tbk\Lib\Action\Wap\JobAction.class.php 第 9 行.
NOTIC: [8] Undefined variable: userId F:\phpsites\tbk\Lib\Action\Wap\JobAction.class.php 第 11 行.

[ 2018-05-09T13:54:26+08:00 ] 127.0.0.1 /index.php?m=Job&a=add
INFO: [ app_begin ] --START--
INFO: ReadHtmlCache Behavior ::run [ RunTime:0.000495s ]
INFO: [ app_begin ] --END-- [ RunTime:0.000553s ]
NOTIC: [2048] Declaration of JobAction::get() should be compatible with Action::get($name = '') F:\phpsites\tbk\Lib\Action\Wap\JobAction.class.php 第 60 行.
NOTIC: [2] Missing argument 1 for JobAction::__construct(), called in F:\phpsites\tbk\ThinkPHP\Common\common.php on line 466 and defined F:\phpsites\tbk\Lib\Action\Wap\JobAction.class.php 第 9 行.
NOTIC: [8] Undefined variable: userId F:\phpsites\tbk\Lib\Action\Wap\JobAction.class.php 第 11 行.
INFO: [ view_parse ] --START--
INFO: ParseTemplate Behavior ::run [ RunTime:0.005801s ]
INFO: [ view_parse ] --END-- [ RunTime:0.005857s ]
INFO: [ view_filter ] --START--
INFO: ContentReplace Behavior ::run [ RunTime:0.000432s ]
INFO: TokenBuild Behavior ::run [ RunTime:0.000453s ]
INFO: WriteHtmlCache Behavior ::run [ RunTime:0.000376s ]
INFO: ShowRuntime Behavior ::run [ RunTime:0.000416s ]
INFO: [ view_filter ] --END-- [ RunTime:0.001799s ]
INFO: [ view_end ] --START--
INFO: ShowPageTrace Behavior ::run [ RunTime:0.000551s ]
INFO: [ view_end ] --END-- [ RunTime:0.000590s ]

[ 2018-05-09T13:56:11+08:00 ] 127.0.0.1 /index.php?m=Job&a=add
INFO: [ app_begin ] --START--
INFO: ReadHtmlCache Behavior ::run [ RunTime:0.000812s ]
INFO: [ app_begin ] --END-- [ RunTime:0.000885s ]
NOTIC: [2048] Declaration of JobAction::get() should be compatible with Action::get($name = '') F:\phpsites\tbk\Lib\Action\Wap\JobAction.class.php 第 53 行.
ERR: 参数错误或者未定义:userId

[ 2018-05-09T13:56:18+08:00 ] 127.0.0.1 /index.php?m=Job&a=add&userId=1
INFO: [ app_begin ] --START--
INFO: ReadHtmlCache Behavior ::run [ RunTime:0.000493s ]
INFO: [ app_begin ] --END-- [ RunTime:0.000552s ]
NOTIC: [2048] Declaration of JobAction::get() should be compatible with Action::get($name = '') F:\phpsites\tbk\Lib\Action\Wap\JobAction.class.php 第 53 行.
INFO: [ view_parse ] --START--
INFO: ParseTemplate Behavior ::run [ RunTime:0.006628s ]
INFO: [ view_parse ] --END-- [ RunTime:0.006712s ]
INFO: [ view_filter ] --START--
INFO: ContentReplace Behavior ::run [ RunTime:0.001188s ]
INFO: TokenBuild Behavior ::run [ RunTime:0.000600s ]
INFO: WriteHtmlCache Behavior ::run [ RunTime:0.000420s ]
INFO: ShowRuntime Behavior ::run [ RunTime:0.000529s ]
INFO: [ view_filter ] --END-- [ RunTime:0.002882s ]
INFO: [ view_end ] --START--
INFO: ShowPageTrace Behavior ::run [ RunTime:0.000639s ]
INFO: [ view_end ] --END-- [ RunTime:0.000677s ]

[ 2018-05-09T13:56:54+08:00 ] 127.0.0.1 /index.php?m=Job&a=add&userId=1
INFO: [ app_begin ] --START--
INFO: ReadHtmlCache Behavior ::run [ RunTime:0.000798s ]
INFO: [ app_begin ] --END-- [ RunTime:0.000889s ]
NOTIC: [2048] Declaration of JobAction::get() should be compatible with Action::get($name = '') F:\phpsites\tbk\Lib\Action\Wap\JobAction.class.php 第 54 行.
INFO: [ view_parse ] --START--
INFO: ParseTemplate Behavior ::run [ RunTime:0.008119s ]
INFO: [ view_parse ] --END-- [ RunTime:0.008206s ]
INFO: [ view_filter ] --START--
INFO: ContentReplace Behavior ::run [ RunTime:0.000441s ]
INFO: TokenBuild Behavior ::run [ RunTime:0.000440s ]
INFO: WriteHtmlCache Behavior ::run [ RunTime:0.000355s ]
INFO: ShowRuntime Behavior ::run [ RunTime:0.000429s ]
INFO: [ view_filter ] --END-- [ RunTime:0.001797s ]
INFO: [ view_end ] --START--
INFO: ShowPageTrace Behavior ::run [ RunTime:0.000577s ]
INFO: [ view_end ] --END-- [ RunTime:0.000616s ]

[ 2018-05-09T13:57:14+08:00 ] 127.0.0.1 /index.php?m=Job&a=add&userId=1
INFO: [ app_begin ] --START--
INFO: ReadHtmlCache Behavior ::run [ RunTime:0.000541s ]
INFO: [ app_begin ] --END-- [ RunTime:0.000598s ]
NOTIC: [2048] Declaration of JobAction::get() should be compatible with Action::get($name = '') F:\phpsites\tbk\Lib\Action\Wap\JobAction.class.php 第 54 行.
INFO: [ view_parse ] --START--
INFO: ParseTemplate Behavior ::run [ RunTime:0.005024s ]
INFO: [ view_parse ] --END-- [ RunTime:0.005091s ]
INFO: [ view_filter ] --START--
INFO: ContentReplace Behavior ::run [ RunTime:0.000506s ]
INFO: TokenBuild Behavior ::run [ RunTime:0.000431s ]
INFO: WriteHtmlCache Behavior ::run [ RunTime:0.000324s ]
INFO: ShowRuntime Behavior ::run [ RunTime:0.000421s ]
INFO: [ view_filter ] --END-- [ RunTime:0.001803s ]
INFO: [ view_end ] --START--
INFO: ShowPageTrace Behavior ::run [ RunTime:0.000531s ]
INFO: [ view_end ] --END-- [ RunTime:0.000569s ]

[ 2018-05-09T13:59:16+08:00 ] 127.0.0.1 /index.php?m=Job&a=add&userId=1
INFO: [ app_begin ] --START--
INFO: ReadHtmlCache Behavior ::run [ RunTime:0.001198s ]
INFO: [ app_begin ] --END-- [ RunTime:0.001317s ]
NOTIC: [2048] Declaration of JobAction::get() should be compatible with Action::get($name = '') F:\phpsites\tbk\Lib\Action\Wap\JobAction.class.php 第 54 行.
INFO: [ view_parse ] --START--
INFO: ParseTemplate Behavior ::run [ RunTime:0.009449s ]
INFO: [ view_parse ] --END-- [ RunTime:0.009534s ]
INFO: [ view_filter ] --START--
INFO: ContentReplace Behavior ::run [ RunTime:0.000766s ]
INFO: TokenBuild Behavior ::run [ RunTime:0.001032s ]
INFO: WriteHtmlCache Behavior ::run [ RunTime:0.001093s ]
INFO: ShowRuntime Behavior ::run [ RunTime:0.001183s ]
INFO: [ view_filter ] --END-- [ RunTime:0.004300s ]
INFO: [ view_end ] --START--
INFO: ShowPageTrace Behavior ::run [ RunTime:0.001321s ]
INFO: [ view_end ] --END-- [ RunTime:0.001410s ]

[ 2018-05-09T13:59:48+08:00 ] 127.0.0.1 /index.php?m=Job&a=add&userId=1
INFO: [ app_begin ] --START--
INFO: ReadHtmlCache Behavior ::run [ RunTime:0.000537s ]
INFO: [ app_begin ] --END-- [ RunTime:0.000596s ]
NOTIC: [2048] Declaration of JobAction::get() should be compatible with Action::get($name = '') F:\phpsites\tbk\Lib\Action\Wap\JobAction.class.php 第 54 行.
INFO: [ view_parse ] --START--
INFO: ParseTemplate Behavior ::run [ RunTime:0.005248s ]
INFO: [ view_parse ] --END-- [ RunTime:0.005381s ]
INFO: [ view_filter ] --START--
INFO: ContentReplace Behavior ::run [ RunTime:0.000501s ]
INFO: TokenBuild Behavior ::run [ RunTime:0.000408s ]
INFO: WriteHtmlCache Behavior ::run [ RunTime:0.000300s ]
INFO: ShowRuntime Behavior ::run [ RunTime:0.000447s ]
INFO: [ view_filter ] --END-- [ RunTime:0.001780s ]
INFO: [ view_end ] --START--
INFO: ShowPageTrace Behavior ::run [ RunTime:0.000531s ]
INFO: [ view_end ] --END-- [ RunTime:0.000569s ]

[ 2018-05-09T13:59:51+08:00 ] 127.0.0.1 /index.php?keys=123
INFO: [ app_begin ] --START--
INFO: ReadHtmlCache Behavior ::run [ RunTime:0.000519s ]
INFO: [ app_begin ] --END-- [ RunTime:0.000575s ]
NOTIC: [2048] Declaration of BaseAction::display() should be compatible with Action::display($templateFile = '', $charset = '', $contentType = '', $content = '', $prefix = '') F:\phpsites\tbk\Lib\Action\Wap\BaseAction.class.php 第 12 行.
INFO: [ view_parse ] --START--
INFO: ParseTemplate Behavior ::run [ RunTime:0.005628s ]
INFO: [ view_parse ] --END-- [ RunTime:0.005686s ]
INFO: [ view_filter ] --START--
INFO: ContentReplace Behavior ::run [ RunTime:0.000375s ]
INFO: TokenBuild Behavior ::run [ RunTime:0.000386s ]
INFO: WriteHtmlCache Behavior ::run [ RunTime:0.000331s ]
INFO: ShowRuntime Behavior ::run [ RunTime:0.000443s ]
INFO: [ view_filter ] --END-- [ RunTime:0.001710s ]
INFO: [ view_end ] --START--
INFO: ShowPageTrace Behavior ::run [ RunTime:0.000531s ]
INFO: [ view_end ] --END-- [ RunTime:0.000569s ]
NOTIC: [8] Constant THEME_NAME already defined F:\phpsites\tbk\ThinkPHP\Lib\Core\View.class.php 第 223 行.
NOTIC: [8] Constant THEME_PATH already defined F:\phpsites\tbk\ThinkPHP\Lib\Core\View.class.php 第 174 行.
NOTIC: [8] Constant APP_TMPL_PATH already defined F:\phpsites\tbk\ThinkPHP\Lib\Core\View.class.php 第 175 行.
INFO: [ view_parse ] --START--
INFO: ParseTemplate Behavior ::run [ RunTime:0.002025s ]
INFO: [ view_parse ] --END-- [ RunTime:-0.002632s ]
INFO: [ view_filter ] --START--
INFO: ContentReplace Behavior ::run [ RunTime:0.000043s ]
INFO: TokenBuild Behavior ::run [ RunTime:0.000026s ]
INFO: WriteHtmlCache Behavior ::run [ RunTime:0.000019s ]
INFO: ShowRuntime Behavior ::run [ RunTime:0.000053s ]
INFO: [ view_filter ] --END-- [ RunTime:-0.002990s ]
INFO: [ view_end ] --START--
INFO: ShowPageTrace Behavior ::run [ RunTime:0.000028s ]
INFO: [ view_end ] --END-- [ RunTime:-0.002645s ]
NOTIC: [8] Constant THEME_NAME already defined F:\phpsites\tbk\ThinkPHP\Lib\Core\View.class.php 第 223 行.
NOTIC: [8] Constant THEME_PATH already defined F:\phpsites\tbk\ThinkPHP\Lib\Core\View.class.php 第 174 行.
NOTIC: [8] Constant APP_TMPL_PATH already defined F:\phpsites\tbk\ThinkPHP\Lib\Core\View.class.php 第 175 行.
INFO: [ view_parse ] --START--
INFO: ParseTemplate Behavior ::run [ RunTime:0.002240s ]
INFO: [ view_parse ] --END-- [ RunTime:-0.005376s ]
INFO: [ view_filter ] --START--
INFO: ContentReplace Behavior ::run [ RunTime:0.000061s ]
INFO: TokenBuild Behavior ::run [ RunTime:0.000027s ]
INFO: WriteHtmlCache Behavior ::run [ RunTime:0.000008s ]
INFO: ShowRuntime Behavior ::run [ RunTime:0.000041s ]
INFO: [ view_filter ] --END-- [ RunTime:-0.005997s ]
INFO: [ view_end ] --START--
INFO: ShowPageTrace Behavior ::run [ RunTime:0.000022s ]
INFO: [ view_end ] --END-- [ RunTime:-0.005660s ]

[ 2018-05-09T13:59:56+08:00 ] 127.0.0.1 /index.php?m=Job&a=add&userId=1
INFO: [ app_begin ] --START--
INFO: ReadHtmlCache Behavior ::run [ RunTime:0.002507s ]
INFO: [ app_begin ] --END-- [ RunTime:0.002741s ]
NOTIC: [2048] Declaration of JobAction::get() should be compatible with Action::get($name = '') F:\phpsites\tbk\Lib\Action\Wap\JobAction.class.php 第 54 行.
INFO: [ view_parse ] --START--
INFO: ParseTemplate Behavior ::run [ RunTime:0.006114s ]
INFO: [ view_parse ] --END-- [ RunTime:0.006178s ]
INFO: [ view_filter ] --START--
INFO: ContentReplace Behavior ::run [ RunTime:0.000631s ]
INFO: TokenBuild Behavior ::run [ RunTime:0.000946s ]
INFO: WriteHtmlCache Behavior ::run [ RunTime:0.000437s ]
INFO: ShowRuntime Behavior ::run [ RunTime:0.000502s ]
INFO: [ view_filter ] --END-- [ RunTime:0.002674s ]
INFO: [ view_end ] --START--
INFO: ShowPageTrace Behavior ::run [ RunTime:0.000723s ]
INFO: [ view_end ] --END-- [ RunTime:0.000768s ]

[ 2018-05-09T14:00:18+08:00 ] 127.0.0.1 /index.php?m=Job&a=add&userId=1
INFO: [ app_begin ] --START--
INFO: ReadHtmlCache Behavior ::run [ RunTime:0.000930s ]
INFO: [ app_begin ] --END-- [ RunTime:0.001036s ]
NOTIC: [2048] Declaration of JobAction::get() should be compatible with Action::get($name = '') F:\phpsites\tbk\Lib\Action\Wap\JobAction.class.php 第 54 行.
INFO: [ view_parse ] --START--
INFO: ParseTemplate Behavior ::run [ RunTime:0.011497s ]
INFO: [ view_parse ] --END-- [ RunTime:0.011589s ]
INFO: [ view_filter ] --START--
INFO: ContentReplace Behavior ::run [ RunTime:0.000772s ]
INFO: TokenBuild Behavior ::run [ RunTime:0.000506s ]
INFO: WriteHtmlCache Behavior ::run [ RunTime:0.000378s ]
INFO: ShowRuntime Behavior ::run [ RunTime:0.000473s ]
INFO: [ view_filter ] --END-- [ RunTime:0.002308s ]
INFO: [ view_end ] --START--
INFO: ShowPageTrace Behavior ::run [ RunTime:0.000651s ]
INFO: [ view_end ] --END-- [ RunTime:0.000691s ]

[ 2018-05-09T14:00:19+08:00 ] 127.0.0.1 /index.php?keys=
INFO: [ app_begin ] --START--
INFO: ReadHtmlCache Behavior ::run [ RunTime:0.000491s ]
INFO: [ app_begin ] --END-- [ RunTime:0.000549s ]
NOTIC: [2048] Declaration of BaseAction::display() should be compatible with Action::display($templateFile = '', $charset = '', $contentType = '', $content = '', $prefix = '') F:\phpsites\tbk\Lib\Action\Wap\BaseAction.class.php 第 12 行.
INFO: [ view_parse ] --START--
INFO: ParseTemplate Behavior ::run [ RunTime:0.005547s ]
INFO: [ view_parse ] --END-- [ RunTime:0.005612s ]
INFO: [ view_filter ] --START--
INFO: ContentReplace Behavior ::run [ RunTime:0.000529s ]
INFO: TokenBuild Behavior ::run [ RunTime:0.000403s ]
INFO: WriteHtmlCache Behavior ::run [ RunTime:0.000327s ]
INFO: ShowRuntime Behavior ::run [ RunTime:0.000426s ]
INFO: [ view_filter ] --END-- [ RunTime:0.001810s ]
INFO: [ view_end ] --START--
INFO: ShowPageTrace Behavior ::run [ RunTime:0.000550s ]
INFO: [ view_end ] --END-- [ RunTime:0.000599s ]
NOTIC: [8] Constant THEME_NAME already defined F:\phpsites\tbk\ThinkPHP\Lib\Core\View.class.php 第 223 行.
NOTIC: [8] Constant THEME_PATH already defined F:\phpsites\tbk\ThinkPHP\Lib\Core\View.class.php 第 174 行.
NOTIC: [8] Constant APP_TMPL_PATH already defined F:\phpsites\tbk\ThinkPHP\Lib\Core\View.class.php 第 175 行.
INFO: [ view_parse ] --START--
INFO: ParseTemplate Behavior ::run [ RunTime:0.001922s ]
INFO: [ view_parse ] --END-- [ RunTime:-0.002673s ]
INFO: [ view_filter ] --START--
INFO: ContentReplace Behavior ::run [ RunTime:0.000044s ]
INFO: TokenBuild Behavior ::run [ RunTime:0.000026s ]
INFO: WriteHtmlCache Behavior ::run [ RunTime:0.000006s ]
INFO: ShowRuntime Behavior ::run [ RunTime:0.000040s ]
INFO: [ view_filter ] --END-- [ RunTime:-0.002812s ]
INFO: [ view_end ] --START--
INFO: ShowPageTrace Behavior ::run [ RunTime:0.000021s ]
INFO: [ view_end ] --END-- [ RunTime:-0.002394s ]
NOTIC: [8] Constant THEME_NAME already defined F:\phpsites\tbk\ThinkPHP\Lib\Core\View.class.php 第 223 行.
NOTIC: [8] Constant THEME_PATH already defined F:\phpsites\tbk\ThinkPHP\Lib\Core\View.class.php 第 174 行.
NOTIC: [8] Constant APP_TMPL_PATH already defined F:\phpsites\tbk\ThinkPHP\Lib\Core\View.class.php 第 175 行.
INFO: [ view_parse ] --START--
INFO: ParseTemplate Behavior ::run [ RunTime:0.001526s ]
INFO: [ view_parse ] --END-- [ RunTime:-0.005132s ]
INFO: [ view_filter ] --START--
INFO: ContentReplace Behavior ::run [ RunTime:0.000042s ]
INFO: TokenBuild Behavior ::run [ RunTime:0.000025s ]
INFO: WriteHtmlCache Behavior ::run [ RunTime:0.000007s ]
INFO: ShowRuntime Behavior ::run [ RunTime:0.000039s ]
INFO: [ view_filter ] --END-- [ RunTime:-0.004871s ]
INFO: [ view_end ] --START--
INFO: ShowPageTrace Behavior ::run [ RunTime:0.000021s ]
INFO: [ view_end ] --END-- [ RunTime:-0.004448s ]

[ 2018-05-09T14:00:21+08:00 ] 127.0.0.1 /index.php?m=Job&a=add&userId=1
INFO: [ app_begin ] --START--
INFO: ReadHtmlCache Behavior ::run [ RunTime:0.000515s ]
INFO: [ app_begin ] --END-- [ RunTime:0.000570s ]
NOTIC: [2048] Declaration of JobAction::get() should be compatible with Action::get($name = '') F:\phpsites\tbk\Lib\Action\Wap\JobAction.class.php 第 54 行.
INFO: [ view_parse ] --START--
INFO: ParseTemplate Behavior ::run [ RunTime:0.007631s ]
INFO: [ view_parse ] --END-- [ RunTime:0.007700s ]
INFO: [ view_filter ] --START--
INFO: ContentReplace Behavior ::run [ RunTime:0.000435s ]
INFO: TokenBuild Behavior ::run [ RunTime:0.000400s ]
INFO: WriteHtmlCache Behavior ::run [ RunTime:0.000326s ]
INFO: ShowRuntime Behavior ::run [ RunTime:0.000431s ]
INFO: [ view_filter ] --END-- [ RunTime:0.001713s ]
INFO: [ view_end ] --START--
INFO: ShowPageTrace Behavior ::run [ RunTime:0.000561s ]
INFO: [ view_end ] --END-- [ RunTime:0.000602s ]

[ 2018-05-09T14:00:23+08:00 ] 127.0.0.1 /index.php?keys=
INFO: [ app_begin ] --START--
INFO: ReadHtmlCache Behavior ::run [ RunTime:0.000647s ]
INFO: [ app_begin ] --END-- [ RunTime:0.000717s ]
NOTIC: [2048] Declaration of BaseAction::display() should be compatible with Action::display($templateFile = '', $charset = '', $contentType = '', $content = '', $prefix = '') F:\phpsites\tbk\Lib\Action\Wap\BaseAction.class.php 第 12 行.
INFO: [ view_parse ] --START--
INFO: ParseTemplate Behavior ::run [ RunTime:0.006717s ]
INFO: [ view_parse ] --END-- [ RunTime:0.006785s ]
INFO: [ view_filter ] --START--
INFO: ContentReplace Behavior ::run [ RunTime:0.000430s ]
INFO: TokenBuild Behavior ::run [ RunTime:0.000548s ]
INFO: WriteHtmlCache Behavior ::run [ RunTime:0.000539s ]
INFO: ShowRuntime Behavior ::run [ RunTime:0.000557s ]
INFO: [ view_filter ] --END-- [ RunTime:0.002253s ]
INFO: [ view_end ] --START--
INFO: ShowPageTrace Behavior ::run [ RunTime:0.000633s ]
INFO: [ view_end ] --END-- [ RunTime:0.000676s ]
NOTIC: [8] Constant THEME_NAME already defined F:\phpsites\tbk\ThinkPHP\Lib\Core\View.class.php 第 223 行.
NOTIC: [8] Constant THEME_PATH already defined F:\phpsites\tbk\ThinkPHP\Lib\Core\View.class.php 第 174 行.
NOTIC: [8] Constant APP_TMPL_PATH already defined F:\phpsites\tbk\ThinkPHP\Lib\Core\View.class.php 第 175 行.
INFO: [ view_parse ] --START--
INFO: ParseTemplate Behavior ::run [ RunTime:0.003021s ]
INFO: [ view_parse ] --END-- [ RunTime:-0.003214s ]
INFO: [ view_filter ] --START--
INFO: ContentReplace Behavior ::run [ RunTime:0.000074s ]
INFO: TokenBuild Behavior ::run [ RunTime:0.000045s ]
INFO: WriteHtmlCache Behavior ::run [ RunTime:0.000012s ]
INFO: ShowRuntime Behavior ::run [ RunTime:0.000070s ]
INFO: [ view_filter ] --END-- [ RunTime:-0.004056s ]
INFO: [ view_end ] --START--
INFO: ShowPageTrace Behavior ::run [ RunTime:0.000037s ]
INFO: [ view_end ] --END-- [ RunTime:-0.003748s ]
NOTIC: [8] Constant THEME_NAME already defined F:\phpsites\tbk\ThinkPHP\Lib\Core\View.class.php 第 223 行.
NOTIC: [8] Constant THEME_PATH already defined F:\phpsites\tbk\ThinkPHP\Lib\Core\View.class.php 第 174 行.
NOTIC: [8] Constant APP_TMPL_PATH already defined F:\phpsites\tbk\ThinkPHP\Lib\Core\View.class.php 第 175 行.
INFO: [ view_parse ] --START--
INFO: ParseTemplate Behavior ::run [ RunTime:0.002335s ]
INFO: [ view_parse ] --END-- [ RunTime:-0.007143s ]
INFO: [ view_filter ] --START--
INFO: ContentReplace Behavior ::run [ RunTime:0.000085s ]
INFO: TokenBuild Behavior ::run [ RunTime:0.000044s ]
INFO: WriteHtmlCache Behavior ::run [ RunTime:0.000011s ]
INFO: ShowRuntime Behavior ::run [ RunTime:0.000069s ]
INFO: [ view_filter ] --END-- [ RunTime:-0.007290s ]
INFO: [ view_end ] --START--
INFO: ShowPageTrace Behavior ::run [ RunTime:0.000036s ]
INFO: [ view_end ] --END-- [ RunTime:-0.006958s ]

[ 2018-05-09T14:00:26+08:00 ] 127.0.0.1 /index.php?keys=11
INFO: [ app_begin ] --START--
INFO: ReadHtmlCache Behavior ::run [ RunTime:0.000558s ]
INFO: [ app_begin ] --END-- [ RunTime:0.000626s ]
NOTIC: [2048] Declaration of BaseAction::display() should be compatible with Action::display($templateFile = '', $charset = '', $contentType = '', $content = '', $prefix = '') F:\phpsites\tbk\Lib\Action\Wap\BaseAction.class.php 第 12 行.
INFO: [ view_parse ] --START--
INFO: ParseTemplate Behavior ::run [ RunTime:0.006810s ]
INFO: [ view_parse ] --END-- [ RunTime:0.006899s ]
INFO: [ view_filter ] --START--
INFO: ContentReplace Behavior ::run [ RunTime:0.001274s ]
INFO: TokenBuild Behavior ::run [ RunTime:0.000682s ]
INFO: WriteHtmlCache Behavior ::run [ RunTime:0.000588s ]
INFO: ShowRuntime Behavior ::run [ RunTime:0.000666s ]
INFO: [ view_filter ] --END-- [ RunTime:0.003434s ]
INFO: [ view_end ] --START--
INFO: ShowPageTrace Behavior ::run [ RunTime:0.000859s ]
INFO: [ view_end ] --END-- [ RunTime:0.000925s ]
NOTIC: [8] Constant THEME_NAME already defined F:\phpsites\tbk\ThinkPHP\Lib\Core\View.class.php 第 223 行.
NOTIC: [8] Constant THEME_PATH already defined F:\phpsites\tbk\ThinkPHP\Lib\Core\View.class.php 第 174 行.
NOTIC: [8] Constant APP_TMPL_PATH already defined F:\phpsites\tbk\ThinkPHP\Lib\Core\View.class.php 第 175 行.
INFO: [ view_parse ] --START--
INFO: ParseTemplate Behavior ::run [ RunTime:0.002430s ]
INFO: [ view_parse ] --END-- [ RunTime:-0.004807s ]
INFO: [ view_filter ] --START--
INFO: ContentReplace Behavior ::run [ RunTime:0.000052s ]
INFO: TokenBuild Behavior ::run [ RunTime:0.000030s ]
INFO: WriteHtmlCache Behavior ::run [ RunTime:0.000008s ]
INFO: ShowRuntime Behavior ::run [ RunTime:0.000045s ]
INFO: [ view_filter ] --END-- [ RunTime:-0.003855s ]
INFO: [ view_end ] --START--
INFO: ShowPageTrace Behavior ::run [ RunTime:0.000024s ]
INFO: [ view_end ] --END-- [ RunTime:-0.003120s ]
NOTIC: [8] Constant THEME_NAME already defined F:\phpsites\tbk\ThinkPHP\Lib\Core\View.class.php 第 223 行.
NOTIC: [8] Constant THEME_PATH already defined F:\phpsites\tbk\ThinkPHP\Lib\Core\View.class.php 第 174 行.
NOTIC: [8] Constant APP_TMPL_PATH already defined F:\phpsites\tbk\ThinkPHP\Lib\Core\View.class.php 第 175 行.
INFO: [ view_parse ] --START--
INFO: ParseTemplate Behavior ::run [ RunTime:0.002702s ]
INFO: [ view_parse ] --END-- [ RunTime:-0.007883s ]
INFO: [ view_filter ] --START--
INFO: ContentReplace Behavior ::run [ RunTime:0.000069s ]
INFO: TokenBuild Behavior ::run [ RunTime:0.000044s ]
INFO: WriteHtmlCache Behavior ::run [ RunTime:0.000014s ]
INFO: ShowRuntime Behavior ::run [ RunTime:0.000069s ]
INFO: [ view_filter ] --END-- [ RunTime:-0.007203s ]
INFO: [ view_end ] --START--
INFO: ShowPageTrace Behavior ::run [ RunTime:0.000036s ]
INFO: [ view_end ] --END-- [ RunTime:-0.006593s ]

[ 2018-05-09T14:00:30+08:00 ] 127.0.0.1 /index.php?keys=1122
INFO: [ app_begin ] --START--
INFO: ReadHtmlCache Behavior ::run [ RunTime:0.000527s ]
INFO: [ app_begin ] --END-- [ RunTime:0.000585s ]
NOTIC: [2048] Declaration of BaseAction::display() should be compatible with Action::display($templateFile = '', $charset = '', $contentType = '', $content = '', $prefix = '') F:\phpsites\tbk\Lib\Action\Wap\BaseAction.class.php 第 12 行.
INFO: [ view_parse ] --START--
INFO: ParseTemplate Behavior ::run [ RunTime:0.005501s ]
INFO: [ view_parse ] --END-- [ RunTime:0.005577s ]
INFO: [ view_filter ] --START--
INFO: ContentReplace Behavior ::run [ RunTime:0.000479s ]
INFO: TokenBuild Behavior ::run [ RunTime:0.000468s ]
INFO: WriteHtmlCache Behavior ::run [ RunTime:0.000386s ]
INFO: ShowRuntime Behavior ::run [ RunTime:0.000493s ]
INFO: [ view_filter ] --END-- [ RunTime:0.001967s ]
INFO: [ view_end ] --START--
INFO: ShowPageTrace Behavior ::run [ RunTime:0.000605s ]
INFO: [ view_end ] --END-- [ RunTime:0.000649s ]
NOTIC: [8] Constant THEME_NAME already defined F:\phpsites\tbk\ThinkPHP\Lib\Core\View.class.php 第 223 行.
NOTIC: [8] Constant THEME_PATH already defined F:\phpsites\tbk\ThinkPHP\Lib\Core\View.class.php 第 174 行.
NOTIC: [8] Constant APP_TMPL_PATH already defined F:\phpsites\tbk\ThinkPHP\Lib\Core\View.class.php 第 175 行.
INFO: [ view_parse ] --START--
INFO: ParseTemplate Behavior ::run [ RunTime:0.003356s ]
INFO: [ view_parse ] --END-- [ RunTime:-0.002901s ]
INFO: [ view_filter ] --START--
INFO: ContentReplace Behavior ::run [ RunTime:0.000048s ]
INFO: TokenBuild Behavior ::run [ RunTime:0.000027s ]
INFO: WriteHtmlCache Behavior ::run [ RunTime:0.000008s ]
INFO: ShowRuntime Behavior ::run [ RunTime:0.000041s ]
INFO: [ view_filter ] --END-- [ RunTime:-0.004339s ]
INFO: [ view_end ] --START--
INFO: ShowPageTrace Behavior ::run [ RunTime:0.000022s ]
INFO: [ view_end ] --END-- [ RunTime:-0.003873s ]
NOTIC: [8] Constant THEME_NAME already defined F:\phpsites\tbk\ThinkPHP\Lib\Core\View.class.php 第 223 行.
NOTIC: [8] Constant THEME_PATH already defined F:\phpsites\tbk\ThinkPHP\Lib\Core\View.class.php 第 174 行.
NOTIC: [8] Constant APP_TMPL_PATH already defined F:\phpsites\tbk\ThinkPHP\Lib\Core\View.class.php 第 175 行.
INFO: [ view_parse ] --START--
INFO: ParseTemplate Behavior ::run [ RunTime:0.002469s ]
INFO: [ view_parse ] --END-- [ RunTime:-0.006829s ]
INFO: [ view_filter ] --START--
INFO: ContentReplace Behavior ::run [ RunTime:0.000078s ]
INFO: TokenBuild Behavior ::run [ RunTime:0.000046s ]
INFO: WriteHtmlCache Behavior ::run [ RunTime:0.000012s ]
INFO: ShowRuntime Behavior ::run [ RunTime:0.000047s ]
INFO: [ view_filter ] --END-- [ RunTime:-0.007421s ]
INFO: [ view_end ] --START--
INFO: ShowPageTrace Behavior ::run [ RunTime:0.000034s ]
INFO: [ view_end ] --END-- [ RunTime:-0.007057s ]

[ 2018-05-09T14:00:32+08:00 ] 127.0.0.1 /index.php?m=Job&a=add&userId=1
INFO: [ app_begin ] --START--
INFO: ReadHtmlCache Behavior ::run [ RunTime:0.000520s ]
INFO: [ app_begin ] --END-- [ RunTime:0.000597s ]
NOTIC: [2048] Declaration of JobAction::get() should be compatible with Action::get($name = '') F:\phpsites\tbk\Lib\Action\Wap\JobAction.class.php 第 54 行.
INFO: [ view_parse ] --START--
INFO: ParseTemplate Behavior ::run [ RunTime:0.005120s ]
INFO: [ view_parse ] --END-- [ RunTime:0.005176s ]
INFO: [ view_filter ] --START--
INFO: ContentReplace Behavior ::run [ RunTime:0.000584s ]
INFO: TokenBuild Behavior ::run [ RunTime:0.000411s ]
INFO: WriteHtmlCache Behavior ::run [ RunTime:0.000307s ]
INFO: ShowRuntime Behavior ::run [ RunTime:0.000481s ]
INFO: [ view_filter ] --END-- [ RunTime:0.001946s ]
INFO: [ view_end ] --START--
INFO: ShowPageTrace Behavior ::run [ RunTime:0.000658s ]
INFO: [ view_end ] --END-- [ RunTime:0.000706s ]

[ 2018-05-09T14:00:55+08:00 ] 127.0.0.1 /index.php?m=Job&a=add&userId=1
INFO: [ app_begin ] --START--
INFO: ReadHtmlCache Behavior ::run [ RunTime:0.000939s ]
INFO: [ app_begin ] --END-- [ RunTime:0.001014s ]
NOTIC: [2048] Declaration of JobAction::get() should be compatible with Action::get($name = '') F:\phpsites\tbk\Lib\Action\Wap\JobAction.class.php 第 54 行.
INFO: [ view_parse ] --START--
INFO: ParseTemplate Behavior ::run [ RunTime:0.009045s ]
INFO: [ view_parse ] --END-- [ RunTime:0.009135s ]
INFO: [ view_filter ] --START--
INFO: ContentReplace Behavior ::run [ RunTime:0.000536s ]
INFO: TokenBuild Behavior ::run [ RunTime:0.000746s ]
INFO: WriteHtmlCache Behavior ::run [ RunTime:0.000454s ]
INFO: ShowRuntime Behavior ::run [ RunTime:0.000575s ]
INFO: [ view_filter ] --END-- [ RunTime:0.002447s ]
INFO: [ view_end ] --START--
INFO: ShowPageTrace Behavior ::run [ RunTime:0.000971s ]
INFO: [ view_end ] --END-- [ RunTime:0.001021s ]

[ 2018-05-09T14:00:56+08:00 ] 127.0.0.1 /index.php?m=Job&a=verify&userId=1
INFO: [ app_begin ] --START--
INFO: ReadHtmlCache Behavior ::run [ RunTime:0.000555s ]
INFO: [ app_begin ] --END-- [ RunTime:0.000619s ]
NOTIC: [2048] Declaration of JobAction::get() should be compatible with Action::get($name = '') F:\phpsites\tbk\Lib\Action\Wap\JobAction.class.php 第 54 行.

[ 2018-05-09T14:00:59+08:00 ] 127.0.0.1 /index.php?m=Job&a=verify&userId=1
INFO: [ app_begin ] --START--
INFO: ReadHtmlCache Behavior ::run [ RunTime:0.000514s ]
INFO: [ app_begin ] --END-- [ RunTime:0.000576s ]
NOTIC: [2048] Declaration of JobAction::get() should be compatible with Action::get($name = '') F:\phpsites\tbk\Lib\Action\Wap\JobAction.class.php 第 54 行.

[ 2018-05-09T14:01:02+08:00 ] 127.0.0.1 /index.php?m=Job&a=add
INFO: [ app_begin ] --START--
INFO: ReadHtmlCache Behavior ::run [ RunTime:0.001109s ]
INFO: [ app_begin ] --END-- [ RunTime:0.001236s ]
NOTIC: [2048] Declaration of JobAction::get() should be compatible with Action::get($name = '') F:\phpsites\tbk\Lib\Action\Wap\JobAction.class.php 第 54 行.
ERR: 参数错误或者未定义:userId

[ 2018-05-09T14:01:08+08:00 ] 127.0.0.1 /index.php?m=Job&a=add&userId=1
INFO: [ app_begin ] --START--
INFO: ReadHtmlCache Behavior ::run [ RunTime:0.000836s ]
INFO: [ app_begin ] --END-- [ RunTime:0.000913s ]
NOTIC: [2048] Declaration of JobAction::get() should be compatible with Action::get($name = '') F:\phpsites\tbk\Lib\Action\Wap\JobAction.class.php 第 54 行.
INFO: [ view_parse ] --START--
INFO: ParseTemplate Behavior ::run [ RunTime:0.006305s ]
INFO: [ view_parse ] --END-- [ RunTime:0.006390s ]
INFO: [ view_filter ] --START--
INFO: ContentReplace Behavior ::run [ RunTime:0.000395s ]
INFO: TokenBuild Behavior ::run [ RunTime:0.000398s ]
INFO: WriteHtmlCache Behavior ::run [ RunTime:0.000299s ]
INFO: ShowRuntime Behavior ::run [ RunTime:0.000440s ]
INFO: [ view_filter ] --END-- [ RunTime:0.001648s ]
INFO: [ view_end ] --START--
INFO: ShowPageTrace Behavior ::run [ RunTime:0.000537s ]
INFO: [ view_end ] --END-- [ RunTime:0.000576s ]

[ 2018-05-09T14:01:34+08:00 ] 127.0.0.1 /index.php?m=Job&a=add&userId=1
INFO: [ app_begin ] --START--
INFO: ReadHtmlCache Behavior ::run [ RunTime:0.000514s ]
INFO: [ app_begin ] --END-- [ RunTime:0.000575s ]
NOTIC: [2048] Declaration of JobAction::get() should be compatible with Action::get($name = '') F:\phpsites\tbk\Lib\Action\Wap\JobAction.class.php 第 54 行.
ERR: 参数错误或者未定义:userid

[ 2018-05-09T14:01:38+08:00 ] 127.0.0.1 /index.php?m=Job&a=add&userId=1
INFO: [ app_begin ] --START--
INFO: ReadHtmlCache Behavior ::run [ RunTime:0.000507s ]
INFO: [ app_begin ] --END-- [ RunTime:0.000576s ]
NOTIC: [2048] Declaration of JobAction::get() should be compatible with Action::get($name = '') F:\phpsites\tbk\Lib\Action\Wap\JobAction.class.php 第 54 行.
ERR: 参数错误或者未定义:userid

[ 2018-05-09T14:01:42+08:00 ] 127.0.0.1 /index.php?m=Job&a=add&userId=1
INFO: [ app_begin ] --START--
INFO: ReadHtmlCache Behavior ::run [ RunTime:0.000541s ]
INFO: [ app_begin ] --END-- [ RunTime:0.000614s ]
NOTIC: [2048] Declaration of JobAction::get() should be compatible with Action::get($name = '') F:\phpsites\tbk\Lib\Action\Wap\JobAction.class.php 第 54 行.
ERR: 参数错误或者未定义:userid

[ 2018-05-09T14:01:57+08:00 ] 127.0.0.1 /index.php?m=Job&a=add&userid=1
INFO: [ app_begin ] --START--
INFO: ReadHtmlCache Behavior ::run [ RunTime:0.000610s ]
INFO: [ app_begin ] --END-- [ RunTime:0.000686s ]
NOTIC: [2048] Declaration of JobAction::get() should be compatible with Action::get($name = '') F:\phpsites\tbk\Lib\Action\Wap\JobAction.class.php 第 54 行.
INFO: [ view_parse ] --START--
NOTIC: [8] Undefined variable: userId F:\phpsites\tbk\Runtime\Cache\Wap\23699b5c45071e8ec20b216f82de74ae.php 第 1 行.
NOTIC: [8] Undefined variable: userId F:\phpsites\tbk\Runtime\Cache\Wap\23699b5c45071e8ec20b216f82de74ae.php 第 3 行.
INFO: ParseTemplate Behavior ::run [ RunTime:0.007179s ]
INFO: [ view_parse ] --END-- [ RunTime:0.007233s ]
INFO: [ view_filter ] --START--
INFO: ContentReplace Behavior ::run [ RunTime:0.000438s ]
INFO: TokenBuild Behavior ::run [ RunTime:0.000458s ]
INFO: WriteHtmlCache Behavior ::run [ RunTime:0.000364s ]
INFO: ShowRuntime Behavior ::run [ RunTime:0.000580s ]
INFO: [ view_filter ] --END-- [ RunTime:0.001987s ]
INFO: [ view_end ] --START--
INFO: ShowPageTrace Behavior ::run [ RunTime:0.002067s ]
INFO: [ view_end ] --END-- [ RunTime:0.002272s ]

[ 2018-05-09T14:02:11+08:00 ] 127.0.0.1 /index.php?m=Job&a=add&userid=1
INFO: [ app_begin ] --START--
INFO: ReadHtmlCache Behavior ::run [ RunTime:0.001050s ]
INFO: [ app_begin ] --END-- [ RunTime:0.001146s ]
NOTIC: [2048] Declaration of JobAction::get() should be compatible with Action::get($name = '') F:\phpsites\tbk\Lib\Action\Wap\JobAction.class.php 第 54 行.
INFO: [ view_parse ] --START--
INFO: ParseTemplate Behavior ::run [ RunTime:0.007350s ]
INFO: [ view_parse ] --END-- [ RunTime:0.007452s ]
INFO: [ view_filter ] --START--
INFO: ContentReplace Behavior ::run [ RunTime:0.000755s ]
INFO: TokenBuild Behavior ::run [ RunTime:0.000541s ]
INFO: WriteHtmlCache Behavior ::run [ RunTime:0.000438s ]
INFO: ShowRuntime Behavior ::run [ RunTime:0.000570s ]
INFO: [ view_filter ] --END-- [ RunTime:0.002483s ]
INFO: [ view_end ] --START--
INFO: ShowPageTrace Behavior ::run [ RunTime:0.000694s ]
INFO: [ view_end ] --END-- [ RunTime:0.000737s ]

[ 2018-05-09T14:02:13+08:00 ] 127.0.0.1 /index.php?m=Job&a=verify&userId=1
INFO: [ app_begin ] --START--
INFO: ReadHtmlCache Behavior ::run [ RunTime:0.000494s ]
INFO: [ app_begin ] --END-- [ RunTime:0.000551s ]
NOTIC: [2048] Declaration of JobAction::get() should be compatible with Action::get($name = '') F:\phpsites\tbk\Lib\Action\Wap\JobAction.class.php 第 54 行.
ERR: 参数错误或者未定义:userid

[ 2018-05-09T14:02:18+08:00 ] 127.0.0.1 /index.php?m=Job&a=verify&userId=1
INFO: [ app_begin ] --START--
INFO: ReadHtmlCache Behavior ::run [ RunTime:0.000494s ]
INFO: [ app_begin ] --END-- [ RunTime:0.000554s ]
NOTIC: [2048] Declaration of JobAction::get() should be compatible with Action::get($name = '') F:\phpsites\tbk\Lib\Action\Wap\JobAction.class.php 第 54 行.
ERR: 参数错误或者未定义:userid

[ 2018-05-09T14:02:24+08:00 ] 127.0.0.1 /index.php?m=Job&a=add&userid=1
INFO: [ app_begin ] --START--
INFO: ReadHtmlCache Behavior ::run [ RunTime:0.000953s ]
INFO: [ app_begin ] --END-- [ RunTime:0.001059s ]
NOTIC: [2048] Declaration of JobAction::get() should be compatible with Action::get($name = '') F:\phpsites\tbk\Lib\Action\Wap\JobAction.class.php 第 54 行.
INFO: [ view_parse ] --START--
INFO: ParseTemplate Behavior ::run [ RunTime:0.009157s ]
INFO: [ view_parse ] --END-- [ RunTime:0.009241s ]
INFO: [ view_filter ] --START--
INFO: ContentReplace Behavior ::run [ RunTime:0.000443s ]
INFO: TokenBuild Behavior ::run [ RunTime:0.000676s ]
INFO: WriteHtmlCache Behavior ::run [ RunTime:0.000674s ]
INFO: ShowRuntime Behavior ::run [ RunTime:0.000729s ]
INFO: [ view_filter ] --END-- [ RunTime:0.002710s ]
INFO: [ view_end ] --START--
INFO: ShowPageTrace Behavior ::run [ RunTime:0.000687s ]
INFO: [ view_end ] --END-- [ RunTime:0.000796s ]

[ 2018-05-09T14:02:25+08:00 ] 127.0.0.1 /index.php?m=Job&a=verify&userid=1
INFO: [ app_begin ] --START--
INFO: ReadHtmlCache Behavior ::run [ RunTime:0.000751s ]
INFO: [ app_begin ] --END-- [ RunTime:0.000841s ]
NOTIC: [2048] Declaration of JobAction::get() should be compatible with Action::get($name = '') F:\phpsites\tbk\Lib\Action\Wap\JobAction.class.php 第 54 行.

[ 2018-05-09T14:07:43+08:00 ] 127.0.0.1 /index.php?m=Job&a=add&userid=1
INFO: [ app_begin ] --START--
INFO: ReadHtmlCache Behavior ::run [ RunTime:0.000768s ]
INFO: [ app_begin ] --END-- [ RunTime:0.000854s ]
NOTIC: [2048] Declaration of JobAction::get() should be compatible with Action::get($name = '') F:\phpsites\tbk\Lib\Action\Wap\JobAction.class.php 第 63 行.
INFO: [ view_parse ] --START--
INFO: ParseTemplate Behavior ::run [ RunTime:0.005845s ]
INFO: [ view_parse ] --END-- [ RunTime:0.005912s ]
INFO: [ view_filter ] --START--
INFO: ContentReplace Behavior ::run [ RunTime:0.000687s ]
INFO: TokenBuild Behavior ::run [ RunTime:0.000459s ]
INFO: WriteHtmlCache Behavior ::run [ RunTime:0.000411s ]
INFO: ShowRuntime Behavior ::run [ RunTime:0.000508s ]
INFO: [ view_filter ] --END-- [ RunTime:0.002202s ]
INFO: [ view_end ] --START--
INFO: ShowPageTrace Behavior ::run [ RunTime:0.001085s ]
INFO: [ view_end ] --END-- [ RunTime:0.001145s ]

[ 2018-05-09T14:09:35+08:00 ] 127.0.0.1 /index.php?m=Job&a=add&userid=1
INFO: [ app_begin ] --START--
INFO: ReadHtmlCache Behavior ::run [ RunTime:0.001021s ]
INFO: [ app_begin ] --END-- [ RunTime:0.001159s ]
NOTIC: [2048] Declaration of JobAction::get() should be compatible with Action::get($name = '') F:\phpsites\tbk\Lib\Action\Wap\JobAction.class.php 第 64 行.
INFO: [ view_parse ] --START--
INFO: ParseTemplate Behavior ::run [ RunTime:0.006087s ]
INFO: [ view_parse ] --END-- [ RunTime:0.006144s ]
INFO: [ view_filter ] --START--
INFO: ContentReplace Behavior ::run [ RunTime:0.000475s ]
INFO: TokenBuild Behavior ::run [ RunTime:0.000446s ]
INFO: WriteHtmlCache Behavior ::run [ RunTime:0.000404s ]
INFO: ShowRuntime Behavior ::run [ RunTime:0.000494s ]
INFO: [ view_filter ] --END-- [ RunTime:0.001931s ]
INFO: [ view_end ] --START--
INFO: ShowPageTrace Behavior ::run [ RunTime:0.000658s ]
INFO: [ view_end ] --END-- [ RunTime:0.000696s ]

[ 2018-05-09T14:10:05+08:00 ] 127.0.0.1 /index.php?m=Job&a=add&userid=1
INFO: [ app_begin ] --START--
INFO: ReadHtmlCache Behavior ::run [ RunTime:0.001143s ]
INFO: [ app_begin ] --END-- [ RunTime:0.001239s ]
INFO: [ view_parse ] --START--
INFO: ParseTemplate Behavior ::run [ RunTime:0.010095s ]
INFO: [ view_parse ] --END-- [ RunTime:0.010196s ]
INFO: [ view_filter ] --START--
INFO: ContentReplace Behavior ::run [ RunTime:0.000941s ]
INFO: TokenBuild Behavior ::run [ RunTime:0.000716s ]
INFO: WriteHtmlCache Behavior ::run [ RunTime:0.000617s ]
INFO: ShowRuntime Behavior ::run [ RunTime:0.000909s ]
INFO: [ view_filter ] --END-- [ RunTime:0.003503s ]
INFO: [ view_end ] --START--
INFO: ShowPageTrace Behavior ::run [ RunTime:0.000785s ]
INFO: [ view_end ] --END-- [ RunTime:0.000827s ]

[ 2018-05-09T14:12:09+08:00 ] ERR: 用户[1]到达任务首页
[ 2018-05-09T14:12:09+08:00 ] 127.0.0.1 /index.php?m=Job&a=index&userid=1
INFO: [ app_begin ] --START--
INFO: ReadHtmlCache Behavior ::run [ RunTime:0.001063s ]
INFO: [ app_begin ] --END-- [ RunTime:0.001166s ]
ERR: 模板不存在[F:/phpsites/tbk/Tpl/Wap/Job/index.html]

[ 2018-05-09T14:12:18+08:00 ] ERR: 用户[1]到达任务首页
[ 2018-05-09T14:12:18+08:00 ] 127.0.0.1 /index.php?m=Job&a=index&userid=1
INFO: [ app_begin ] --START--
INFO: ReadHtmlCache Behavior ::run [ RunTime:0.000826s ]
INFO: [ app_begin ] --END-- [ RunTime:0.000911s ]
INFO: [ view_parse ] --START--
INFO: ParseTemplate Behavior ::run [ RunTime:0.009241s ]
INFO: [ view_parse ] --END-- [ RunTime:0.009330s ]
INFO: [ view_filter ] --START--
INFO: ContentReplace Behavior ::run [ RunTime:0.000637s ]
INFO: TokenBuild Behavior ::run [ RunTime:0.000689s ]
INFO: WriteHtmlCache Behavior ::run [ RunTime:0.000507s ]
INFO: ShowRuntime Behavior ::run [ RunTime:0.000781s ]
INFO: [ view_filter ] --END-- [ RunTime:0.002809s ]
INFO: [ view_end ] --START--
INFO: ShowPageTrace Behavior ::run [ RunTime:0.001083s ]
INFO: [ view_end ] --END-- [ RunTime:0.001151s ]

[ 2018-05-09T14:13:17+08:00 ] INFO: 用户[1]到达任务首页
[ 2018-05-09T14:13:17+08:00 ] 127.0.0.1 /index.php?m=Job&a=index&userid=1
INFO: [ app_begin ] --START--
INFO: ReadHtmlCache Behavior ::run [ RunTime:0.000962s ]
INFO: [ app_begin ] --END-- [ RunTime:0.001074s ]
INFO: [ view_parse ] --START--
INFO: ParseTemplate Behavior ::run [ RunTime:0.012388s ]
INFO: [ view_parse ] --END-- [ RunTime:0.012491s ]
INFO: [ view_filter ] --START--
INFO: ContentReplace Behavior ::run [ RunTime:0.000881s ]
INFO: TokenBuild Behavior ::run [ RunTime:0.000869s ]
INFO: WriteHtmlCache Behavior ::run [ RunTime:0.000729s ]
INFO: ShowRuntime Behavior ::run [ RunTime:0.000961s ]
INFO: [ view_filter ] --END-- [ RunTime:0.003657s ]
INFO: [ view_end ] --START--
INFO: ShowPageTrace Behavior ::run [ RunTime:0.001267s ]
INFO: [ view_end ] --END-- [ RunTime:0.001346s ]

[ 2018-05-09T14:14:15+08:00 ] INFO: 用户[1]到达任务首页
[ 2018-05-09T14:14:15+08:00 ] 127.0.0.1 /index.php?m=Job&a=index&userid=1
INFO: [ app_begin ] --START--
INFO: ReadHtmlCache Behavior ::run [ RunTime:0.000533s ]
INFO: [ app_begin ] --END-- [ RunTime:0.000596s ]
INFO: [ view_parse ] --START--
INFO: ParseTemplate Behavior ::run [ RunTime:0.006496s ]
INFO: [ view_parse ] --END-- [ RunTime:0.006573s ]
INFO: [ view_filter ] --START--
INFO: ContentReplace Behavior ::run [ RunTime:0.000460s ]
INFO: TokenBuild Behavior ::run [ RunTime:0.000567s ]
INFO: WriteHtmlCache Behavior ::run [ RunTime:0.000517s ]
INFO: ShowRuntime Behavior ::run [ RunTime:0.001172s ]
INFO: [ view_filter ] --END-- [ RunTime:0.002936s ]
INFO: [ view_end ] --START--
INFO: ShowPageTrace Behavior ::run [ RunTime:0.001216s ]
INFO: [ view_end ] --END-- [ RunTime:0.001275s ]

[ 2018-05-09T14:14:21+08:00 ] INFO: 用户[1]到达任务首页
[ 2018-05-09T14:14:21+08:00 ] 127.0.0.1 /index.php?m=Job&a=index&userid=1
INFO: [ app_begin ] --START--
INFO: ReadHtmlCache Behavior ::run [ RunTime:0.000884s ]
INFO: [ app_begin ] --END-- [ RunTime:0.000975s ]
INFO: [ view_parse ] --START--
INFO: ParseTemplate Behavior ::run [ RunTime:0.007223s ]
INFO: [ view_parse ] --END-- [ RunTime:0.007307s ]
INFO: [ view_filter ] --START--
INFO: ContentReplace Behavior ::run [ RunTime:0.000682s ]
INFO: TokenBuild Behavior ::run [ RunTime:0.000533s ]
INFO: WriteHtmlCache Behavior ::run [ RunTime:0.000417s ]
INFO: ShowRuntime Behavior ::run [ RunTime:0.000616s ]
INFO: [ view_filter ] --END-- [ RunTime:0.002410s ]
INFO: [ view_end ] --START--
INFO: ShowPageTrace Behavior ::run [ RunTime:0.000786s ]
INFO: [ view_end ] --END-- [ RunTime:0.000845s ]

[ 2018-05-09T14:15:16+08:00 ] INFO: 用户[1]到达任务首页
[ 2018-05-09T14:15:16+08:00 ] 127.0.0.1 /index.php?m=Job&a=index&userid=1
INFO: [ app_begin ] --START--
INFO: ReadHtmlCache Behavior ::run [ RunTime:0.001041s ]
INFO: [ app_begin ] --END-- [ RunTime:0.001131s ]
INFO: [ view_parse ] --START--
INFO: ParseTemplate Behavior ::run [ RunTime:0.008365s ]
INFO: [ view_parse ] --END-- [ RunTime:0.008433s ]
INFO: [ view_filter ] --START--
INFO: ContentReplace Behavior ::run [ RunTime:0.000536s ]
INFO: TokenBuild Behavior ::run [ RunTime:0.000511s ]
INFO: WriteHtmlCache Behavior ::run [ RunTime:0.000425s ]
INFO: ShowRuntime Behavior ::run [ RunTime:0.000557s ]
INFO: [ view_filter ] --END-- [ RunTime:0.002157s ]
INFO: [ view_end ] --START--
INFO: ShowPageTrace Behavior ::run [ RunTime:0.000701s ]
INFO: [ view_end ] --END-- [ RunTime:0.000745s ]

[ 2018-05-09T14:15:22+08:00 ] INFO: 用户[1]到达任务首页
[ 2018-05-09T14:15:22+08:00 ] 127.0.0.1 /index.php?m=Job&a=index&userid=1
INFO: [ app_begin ] --START--
INFO: ReadHtmlCache Behavior ::run [ RunTime:0.000948s ]
INFO: [ app_begin ] --END-- [ RunTime:0.001056s ]
INFO: [ view_parse ] --START--
INFO: ParseTemplate Behavior ::run [ RunTime:0.009559s ]
INFO: [ view_parse ] --END-- [ RunTime:0.009636s ]
INFO: [ view_filter ] --START--
INFO: ContentReplace Behavior ::run [ RunTime:0.000475s ]
INFO: TokenBuild Behavior ::run [ RunTime:0.000446s ]
INFO: WriteHtmlCache Behavior ::run [ RunTime:0.000447s ]
INFO: ShowRuntime Behavior ::run [ RunTime:0.000931s ]
INFO: [ view_filter ] --END-- [ RunTime:0.002441s ]
INFO: [ view_end ] --START--
INFO: ShowPageTrace Behavior ::run [ RunTime:0.000672s ]
INFO: [ view_end ] --END-- [ RunTime:0.000712s ]

[ 2018-05-09T14:15:46+08:00 ] 127.0.0.1 /index.php?m=Job&a=index&userid=1
INFO: [ app_begin ] --START--
INFO: ReadHtmlCache Behavior ::run [ RunTime:0.000559s ]
INFO: [ app_begin ] --END-- [ RunTime:0.000626s ]

[ 2018-05-09T14:16:06+08:00 ] NOTIC: 用户[1]到达任务首页
[ 2018-05-09T14:16:06+08:00 ] 127.0.0.1 /index.php?m=Job&a=index&userid=1
INFO: [ app_begin ] --START--
INFO: ReadHtmlCache Behavior ::run [ RunTime:0.000572s ]
INFO: [ app_begin ] --END-- [ RunTime:0.000638s ]
INFO: [ view_parse ] --START--
INFO: ParseTemplate Behavior ::run [ RunTime:0.007626s ]
INFO: [ view_parse ] --END-- [ RunTime:0.007721s ]
INFO: [ view_filter ] --START--
INFO: ContentReplace Behavior ::run [ RunTime:0.001053s ]
INFO: TokenBuild Behavior ::run [ RunTime:0.001063s ]
INFO: WriteHtmlCache Behavior ::run [ RunTime:0.000644s ]
INFO: ShowRuntime Behavior ::run [ RunTime:0.000618s ]
INFO: [ view_filter ] --END-- [ RunTime:0.003686s ]
INFO: [ view_end ] --START--
INFO: ShowPageTrace Behavior ::run [ RunTime:0.000804s ]
INFO: [ view_end ] --END-- [ RunTime:0.000864s ]

[ 2018-05-09T14:18:25+08:00 ] NOTIC: 用户[1]到达任务首页
[ 2018-05-09T14:18:25+08:00 ] 127.0.0.1 /index.php?m=Job&a=index&userid=1
INFO: [ app_begin ] --START--
INFO: ReadHtmlCache Behavior ::run [ RunTime:0.000713s ]
INFO: [ app_begin ] --END-- [ RunTime:0.000775s ]
INFO: [ view_parse ] --START--
INFO: ParseTemplate Behavior ::run [ RunTime:0.007073s ]
INFO: [ view_parse ] --END-- [ RunTime:0.007140s ]
INFO: [ view_filter ] --START--
INFO: ContentReplace Behavior ::run [ RunTime:0.000545s ]
INFO: TokenBuild Behavior ::run [ RunTime:0.000533s ]
INFO: WriteHtmlCache Behavior ::run [ RunTime:0.000410s ]
INFO: ShowRuntime Behavior ::run [ RunTime:0.000500s ]
INFO: [ view_filter ] --END-- [ RunTime:0.002122s ]
INFO: [ view_end ] --START--
INFO: ShowPageTrace Behavior ::run [ RunTime:0.000654s ]
INFO: [ view_end ] --END-- [ RunTime:0.000694s ]

[ 2018-05-09T14:20:52+08:00 ] NOTIC: 用户[1]到达任务首页
[ 2018-05-09T14:20:52+08:00 ] 127.0.0.1 /index.php?m=Job&a=index&userid=1
INFO: [ app_begin ] --START--
INFO: ReadHtmlCache Behavior ::run [ RunTime:0.000659s ]
INFO: [ app_begin ] --END-- [ RunTime:0.000735s ]
INFO: [ view_parse ] --START--
INFO: ParseTemplate Behavior ::run [ RunTime:0.008896s ]
INFO: [ view_parse ] --END-- [ RunTime:0.008984s ]
INFO: [ view_filter ] --START--
INFO: ContentReplace Behavior ::run [ RunTime:0.000945s ]
INFO: TokenBuild Behavior ::run [ RunTime:0.000971s ]
INFO: WriteHtmlCache Behavior ::run [ RunTime:0.000490s ]
INFO: ShowRuntime Behavior ::run [ RunTime:0.000503s ]
INFO: [ view_filter ] --END-- [ RunTime:0.003105s ]
INFO: [ view_end ] --START--
INFO: ShowPageTrace Behavior ::run [ RunTime:0.000640s ]
INFO: [ view_end ] --END-- [ RunTime:0.000678s ]

[ 2018-05-09T14:20:59+08:00 ] NOTIC: 用户[1]到达任务首页
[ 2018-05-09T14:20:59+08:00 ] 127.0.0.1 /index.php?m=Job&a=index&userid=1
INFO: [ app_begin ] --START--
INFO: ReadHtmlCache Behavior ::run [ RunTime:0.000688s ]
INFO: [ app_begin ] --END-- [ RunTime:0.000766s ]
INFO: [ view_parse ] --START--
INFO: ParseTemplate Behavior ::run [ RunTime:0.005792s ]
INFO: [ view_parse ] --END-- [ RunTime:0.005848s ]
INFO: [ view_filter ] --START--
INFO: ContentReplace Behavior ::run [ RunTime:0.000499s ]
INFO: TokenBuild Behavior ::run [ RunTime:0.000684s ]
INFO: WriteHtmlCache Behavior ::run [ RunTime:0.001016s ]
INFO: ShowRuntime Behavior ::run [ RunTime:0.000905s ]
INFO: [ view_filter ] --END-- [ RunTime:0.003342s ]
INFO: [ view_end ] --START--
INFO: ShowPageTrace Behavior ::run [ RunTime:0.000914s ]
INFO: [ view_end ] --END-- [ RunTime:0.000964s ]

[ 2018-05-09T14:25:23+08:00 ] NOTIC: 用户[1]到达任务首页
[ 2018-05-09T14:25:23+08:00 ] 127.0.0.1 /index.php?m=Job&a=index&userid=1
INFO: [ app_begin ] --START--
INFO: ReadHtmlCache Behavior ::run [ RunTime:0.001029s ]
INFO: [ app_begin ] --END-- [ RunTime:0.001104s ]
INFO: [ view_parse ] --START--
INFO: ParseTemplate Behavior ::run [ RunTime:0.007907s ]
INFO: [ view_parse ] --END-- [ RunTime:0.007966s ]
INFO: [ view_filter ] --START--
INFO: ContentReplace Behavior ::run [ RunTime:0.000594s ]
INFO: TokenBuild Behavior ::run [ RunTime:0.000736s ]
INFO: WriteHtmlCache Behavior ::run [ RunTime:0.000462s ]
INFO: ShowRuntime Behavior ::run [ RunTime:0.000548s ]
INFO: [ view_filter ] --END-- [ RunTime:0.002471s ]
INFO: [ view_end ] --START--
INFO: ShowPageTrace Behavior ::run [ RunTime:0.000635s ]
INFO: [ view_end ] --END-- [ RunTime:0.000673s ]

[ 2018-05-09T14:25:32+08:00 ] NOTIC: 用户[1]到达任务首页
[ 2018-05-09T14:25:32+08:00 ] 127.0.0.1 /index.php?m=Job&a=index&userid=1
INFO: [ app_begin ] --START--
INFO: ReadHtmlCache Behavior ::run [ RunTime:0.000812s ]
INFO: [ app_begin ] --END-- [ RunTime:0.000876s ]
INFO: [ view_parse ] --START--
INFO: ParseTemplate Behavior ::run [ RunTime:0.006175s ]
INFO: [ view_parse ] --END-- [ RunTime:0.006245s ]
INFO: [ view_filter ] --START--
INFO: ContentReplace Behavior ::run [ RunTime:0.000463s ]
INFO: TokenBuild Behavior ::run [ RunTime:0.000466s ]
INFO: WriteHtmlCache Behavior ::run [ RunTime:0.000383s ]
INFO: ShowRuntime Behavior ::run [ RunTime:0.000521s ]
INFO: [ view_filter ] --END-- [ RunTime:0.001989s ]
INFO: [ view_end ] --START--
INFO: ShowPageTrace Behavior ::run [ RunTime:0.000632s ]
INFO: [ view_end ] --END-- [ RunTime:0.000671s ]

