[ 2018-04-27T10:22:17+08:00 ] 127.0.0.1 /
INFO: [ app_begin ] --START--
INFO: ReadHtmlCache Behavior ::run [ RunTime:0.003636s ]
INFO: [ app_begin ] --END-- [ RunTime:0.005045s ]
NOTIC: [2048] Declaration of BaseAction::display() should be compatible with Action::display($templateFile = '', $charset = '', $contentType = '', $content = '', $prefix = '') F:\phpsites\tbk\Lib\Action\Wap\BaseAction.class.php 第 12 行.
INFO: [ view_parse ] --START--
INFO: ParseTemplate Behavior ::run [ RunTime:0.049566s ]
INFO: [ view_parse ] --END-- [ RunTime:0.049780s ]
INFO: [ view_filter ] --START--
INFO: ContentReplace Behavior ::run [ RunTime:0.002035s ]
INFO: TokenBuild Behavior ::run [ RunTime:0.002050s ]
INFO: WriteHtmlCache Behavior ::run [ RunTime:0.002053s ]
INFO: ShowRuntime Behavior ::run [ RunTime:0.002271s ]
INFO: [ view_filter ] --END-- [ RunTime:0.008837s ]
INFO: [ view_end ] --START--
INFO: ShowPageTrace Behavior ::run [ RunTime:0.002658s ]
INFO: [ view_end ] --END-- [ RunTime:0.002801s ]
NOTIC: [8] Constant THEME_NAME already defined F:\phpsites\tbk\ThinkPHP\Lib\Core\View.class.php 第 223 行.
NOTIC: [8] Constant THEME_PATH already defined F:\phpsites\tbk\ThinkPHP\Lib\Core\View.class.php 第 174 行.
NOTIC: [8] Constant APP_TMPL_PATH already defined F:\phpsites\tbk\ThinkPHP\Lib\Core\View.class.php 第 175 行.
INFO: [ view_parse ] --START--
INFO: ParseTemplate Behavior ::run [ RunTime:0.030337s ]
INFO: [ view_parse ] --END-- [ RunTime:-0.013003s ]
INFO: [ view_filter ] --START--
INFO: ContentReplace Behavior ::run [ RunTime:0.000153s ]
INFO: TokenBuild Behavior ::run [ RunTime:0.000087s ]
INFO: WriteHtmlCache Behavior ::run [ RunTime:0.000023s ]
INFO: ShowRuntime Behavior ::run [ RunTime:0.000135s ]
INFO: [ view_filter ] --END-- [ RunTime:-0.034705s ]
INFO: [ view_end ] --START--
INFO: ShowPageTrace Behavior ::run [ RunTime:0.000274s ]
INFO: [ view_end ] --END-- [ RunTime:-0.032512s ]
NOTIC: [8] Constant THEME_NAME already defined F:\phpsites\tbk\ThinkPHP\Lib\Core\View.class.php 第 223 行.
NOTIC: [8] Constant THEME_PATH already defined F:\phpsites\tbk\ThinkPHP\Lib\Core\View.class.php 第 174 行.
NOTIC: [8] Constant APP_TMPL_PATH already defined F:\phpsites\tbk\ThinkPHP\Lib\Core\View.class.php 第 175 行.
INFO: [ view_parse ] --START--
INFO: ParseTemplate Behavior ::run [ RunTime:0.006408s ]
INFO: [ view_parse ] --END-- [ RunTime:-0.045800s ]
INFO: [ view_filter ] --START--
INFO: ContentReplace Behavior ::run [ RunTime:0.000091s ]
INFO: TokenBuild Behavior ::run [ RunTime:0.000058s ]
INFO: WriteHtmlCache Behavior ::run [ RunTime:0.000016s ]
INFO: ShowRuntime Behavior ::run [ RunTime:0.000085s ]
INFO: [ view_filter ] --END-- [ RunTime:-0.043450s ]
INFO: [ view_end ] --START--
INFO: ShowPageTrace Behavior ::run [ RunTime:0.000044s ]
INFO: [ view_end ] --END-- [ RunTime:-0.040979s ]

[ 2018-04-27T10:22:24+08:00 ] 127.0.0.1 /index.php?g=Admin&m=Index&a=index
INFO: [ app_begin ] --START--
INFO: ReadHtmlCache Behavior ::run [ RunTime:0.000564s ]
INFO: [ app_begin ] --END-- [ RunTime:0.000640s ]
NOTIC: [2048] Declaration of BaseAction::display() should be compatible with Action::display($templateFile = '', $charset = '', $contentType = '', $content = '', $prefix = '') F:\phpsites\tbk\Lib\Action\Admin\BaseAction.class.php 第 8 行.
NOTIC: [2] Missing argument 1 for BaseAction::display(), called in F:\phpsites\tbk\Lib\Action\Admin\IndexAction.class.php on line 7 and defined F:\phpsites\tbk\Lib\Action\Admin\BaseAction.class.php 第 3 行.
INFO: [ view_parse ] --START--
INFO: ParseTemplate Behavior ::run [ RunTime:0.006512s ]
INFO: [ view_parse ] --END-- [ RunTime:0.006605s ]
INFO: [ view_filter ] --START--
INFO: ContentReplace Behavior ::run [ RunTime:0.000836s ]
INFO: TokenBuild Behavior ::run [ RunTime:0.001130s ]
INFO: WriteHtmlCache Behavior ::run [ RunTime:0.001375s ]
INFO: ShowRuntime Behavior ::run [ RunTime:0.000676s ]
INFO: [ view_filter ] --END-- [ RunTime:0.004375s ]
INFO: [ view_end ] --START--
INFO: ShowPageTrace Behavior ::run [ RunTime:0.000933s ]
INFO: [ view_end ] --END-- [ RunTime:0.001007s ]
NOTIC: [8] Undefined variable: tpl F:\phpsites\tbk\Lib\Action\Admin\BaseAction.class.php 第 5 行.
NOTIC: [8] Constant THEME_NAME already defined F:\phpsites\tbk\ThinkPHP\Lib\Core\View.class.php 第 223 行.
NOTIC: [8] Constant THEME_PATH already defined F:\phpsites\tbk\ThinkPHP\Lib\Core\View.class.php 第 174 行.
NOTIC: [8] Constant APP_TMPL_PATH already defined F:\phpsites\tbk\ThinkPHP\Lib\Core\View.class.php 第 175 行.
INFO: [ view_parse ] --START--
INFO: ParseTemplate Behavior ::run [ RunTime:0.002756s ]
INFO: [ view_parse ] --END-- [ RunTime:-0.006034s ]
INFO: [ view_filter ] --START--
INFO: ContentReplace Behavior ::run [ RunTime:0.000060s ]
INFO: TokenBuild Behavior ::run [ RunTime:0.000041s ]
INFO: WriteHtmlCache Behavior ::run [ RunTime:0.000011s ]
INFO: ShowRuntime Behavior ::run [ RunTime:0.000063s ]
INFO: [ view_filter ] --END-- [ RunTime:-0.004494s ]
INFO: [ view_end ] --START--
INFO: ShowPageTrace Behavior ::run [ RunTime:0.000034s ]
INFO: [ view_end ] --END-- [ RunTime:-0.003771s ]
NOTIC: [8] Constant THEME_NAME already defined F:\phpsites\tbk\ThinkPHP\Lib\Core\View.class.php 第 223 行.
NOTIC: [8] Constant THEME_PATH already defined F:\phpsites\tbk\ThinkPHP\Lib\Core\View.class.php 第 174 行.
NOTIC: [8] Constant APP_TMPL_PATH already defined F:\phpsites\tbk\ThinkPHP\Lib\Core\View.class.php 第 175 行.
INFO: [ view_parse ] --START--
INFO: ParseTemplate Behavior ::run [ RunTime:0.025236s ]
INFO: [ view_parse ] --END-- [ RunTime:-0.009672s ]
INFO: [ view_filter ] --START--
INFO: ContentReplace Behavior ::run [ RunTime:0.000074s ]
INFO: TokenBuild Behavior ::run [ RunTime:0.000043s ]
INFO: WriteHtmlCache Behavior ::run [ RunTime:0.000011s ]
INFO: ShowRuntime Behavior ::run [ RunTime:0.000063s ]
INFO: [ view_filter ] --END-- [ RunTime:-0.030599s ]
INFO: [ view_end ] --START--
INFO: ShowPageTrace Behavior ::run [ RunTime:0.000035s ]
INFO: [ view_end ] --END-- [ RunTime:-0.029883s ]

[ 2018-04-27T10:22:26+08:00 ] 127.0.0.1 /index.php?g=Admin&m=Cat&a=index
INFO: [ app_begin ] --START--
INFO: ReadHtmlCache Behavior ::run [ RunTime:0.000844s ]
INFO: [ app_begin ] --END-- [ RunTime:0.000953s ]
NOTIC: [2048] Declaration of BaseAction::display() should be compatible with Action::display($templateFile = '', $charset = '', $contentType = '', $content = '', $prefix = '') F:\phpsites\tbk\Lib\Action\Admin\BaseAction.class.php 第 8 行.
SQL: PRAGMA table_info (tp_goods_cat)  [ RunTime:0.001414s ]
SQL: SELECT COUNT(*) AS tp_count FROM tp_goods_cat LIMIT 1   [ RunTime:0.000254s ]
SQL: SELECT * FROM tp_goods_cat ORDER BY sort desc LIMIT 1 OFFSET 0   [ RunTime:0.000254s ]
INFO: [ view_parse ] --START--
INFO: ParseTemplate Behavior ::run [ RunTime:0.007131s ]
INFO: [ view_parse ] --END-- [ RunTime:0.007229s ]
INFO: [ view_filter ] --START--
INFO: ContentReplace Behavior ::run [ RunTime:0.000554s ]
INFO: TokenBuild Behavior ::run [ RunTime:0.000668s ]
INFO: WriteHtmlCache Behavior ::run [ RunTime:0.000561s ]
INFO: ShowRuntime Behavior ::run [ RunTime:0.000551s ]
INFO: [ view_filter ] --END-- [ RunTime:0.002515s ]
INFO: [ view_end ] --START--
INFO: ShowPageTrace Behavior ::run [ RunTime:0.000672s ]
INFO: [ view_end ] --END-- [ RunTime:0.000716s ]
NOTIC: [8] Constant THEME_NAME already defined F:\phpsites\tbk\ThinkPHP\Lib\Core\View.class.php 第 223 行.
NOTIC: [8] Constant THEME_PATH already defined F:\phpsites\tbk\ThinkPHP\Lib\Core\View.class.php 第 174 行.
NOTIC: [8] Constant APP_TMPL_PATH already defined F:\phpsites\tbk\ThinkPHP\Lib\Core\View.class.php 第 175 行.
INFO: [ view_parse ] --START--
INFO: ParseTemplate Behavior ::run [ RunTime:0.005857s ]
INFO: [ view_parse ] --END-- [ RunTime:-0.003802s ]
INFO: [ view_filter ] --START--
INFO: ContentReplace Behavior ::run [ RunTime:0.000058s ]
INFO: TokenBuild Behavior ::run [ RunTime:0.000031s ]
INFO: WriteHtmlCache Behavior ::run [ RunTime:0.000008s ]
INFO: ShowRuntime Behavior ::run [ RunTime:0.000046s ]
INFO: [ view_filter ] --END-- [ RunTime:-0.007237s ]
INFO: [ view_end ] --START--
INFO: ShowPageTrace Behavior ::run [ RunTime:0.000025s ]
INFO: [ view_end ] --END-- [ RunTime:-0.006753s ]
NOTIC: [8] Constant THEME_NAME already defined F:\phpsites\tbk\ThinkPHP\Lib\Core\View.class.php 第 223 行.
NOTIC: [8] Constant THEME_PATH already defined F:\phpsites\tbk\ThinkPHP\Lib\Core\View.class.php 第 174 行.
NOTIC: [8] Constant APP_TMPL_PATH already defined F:\phpsites\tbk\ThinkPHP\Lib\Core\View.class.php 第 175 行.
INFO: [ view_parse ] --START--
INFO: ParseTemplate Behavior ::run [ RunTime:0.002431s ]
INFO: [ view_parse ] --END-- [ RunTime:-0.010427s ]
INFO: [ view_filter ] --START--
INFO: ContentReplace Behavior ::run [ RunTime:0.000052s ]
INFO: TokenBuild Behavior ::run [ RunTime:0.000031s ]
INFO: WriteHtmlCache Behavior ::run [ RunTime:0.000008s ]
INFO: ShowRuntime Behavior ::run [ RunTime:0.000046s ]
INFO: [ view_filter ] --END-- [ RunTime:-0.010385s ]
INFO: [ view_end ] --START--
INFO: ShowPageTrace Behavior ::run [ RunTime:0.000023s ]
INFO: [ view_end ] --END-- [ RunTime:-0.009880s ]

[ 2018-04-27T10:22:35+08:00 ] 127.0.0.1 /index.php?g=Admin&m=Cat&a=edit&id=1
INFO: [ app_begin ] --START--
INFO: ReadHtmlCache Behavior ::run [ RunTime:0.000512s ]
INFO: [ app_begin ] --END-- [ RunTime:0.000569s ]
NOTIC: [2048] Declaration of BaseAction::display() should be compatible with Action::display($templateFile = '', $charset = '', $contentType = '', $content = '', $prefix = '') F:\phpsites\tbk\Lib\Action\Admin\BaseAction.class.php 第 8 行.
SQL: PRAGMA table_info (tp_goods_cat)  [ RunTime:0.000520s ]
SQL: SELECT * FROM tp_goods_cat WHERE ( id=1 ) LIMIT 1   [ RunTime:0.000366s ]
INFO: [ view_parse ] --START--
INFO: ParseTemplate Behavior ::run [ RunTime:0.006426s ]
INFO: [ view_parse ] --END-- [ RunTime:0.006519s ]
INFO: [ view_filter ] --START--
INFO: ContentReplace Behavior ::run [ RunTime:0.000436s ]
INFO: TokenBuild Behavior ::run [ RunTime:0.000368s ]
INFO: WriteHtmlCache Behavior ::run [ RunTime:0.000300s ]
INFO: ShowRuntime Behavior ::run [ RunTime:0.000415s ]
INFO: [ view_filter ] --END-- [ RunTime:0.001634s ]
INFO: [ view_end ] --START--
INFO: ShowPageTrace Behavior ::run [ RunTime:0.000527s ]
INFO: [ view_end ] --END-- [ RunTime:0.000565s ]
NOTIC: [8] Constant THEME_NAME already defined F:\phpsites\tbk\ThinkPHP\Lib\Core\View.class.php 第 223 行.
NOTIC: [8] Constant THEME_PATH already defined F:\phpsites\tbk\ThinkPHP\Lib\Core\View.class.php 第 174 行.
NOTIC: [8] Constant APP_TMPL_PATH already defined F:\phpsites\tbk\ThinkPHP\Lib\Core\View.class.php 第 175 行.
INFO: [ view_parse ] --START--
INFO: ParseTemplate Behavior ::run [ RunTime:0.001649s ]
INFO: [ view_parse ] --END-- [ RunTime:-0.002530s ]
INFO: [ view_filter ] --START--
INFO: ContentReplace Behavior ::run [ RunTime:0.000035s ]
INFO: TokenBuild Behavior ::run [ RunTime:0.000024s ]
INFO: WriteHtmlCache Behavior ::run [ RunTime:0.000007s ]
INFO: ShowRuntime Behavior ::run [ RunTime:0.000039s ]
INFO: [ view_filter ] --END-- [ RunTime:-0.002580s ]
INFO: [ view_end ] --START--
INFO: ShowPageTrace Behavior ::run [ RunTime:0.000021s ]
INFO: [ view_end ] --END-- [ RunTime:-0.002190s ]
NOTIC: [8] Constant THEME_NAME already defined F:\phpsites\tbk\ThinkPHP\Lib\Core\View.class.php 第 223 行.
NOTIC: [8] Constant THEME_PATH already defined F:\phpsites\tbk\ThinkPHP\Lib\Core\View.class.php 第 174 行.
NOTIC: [8] Constant APP_TMPL_PATH already defined F:\phpsites\tbk\ThinkPHP\Lib\Core\View.class.php 第 175 行.
INFO: [ view_parse ] --START--
INFO: ParseTemplate Behavior ::run [ RunTime:0.001535s ]
INFO: [ view_parse ] --END-- [ RunTime:-0.004712s ]
INFO: [ view_filter ] --START--
INFO: ContentReplace Behavior ::run [ RunTime:0.000047s ]
INFO: TokenBuild Behavior ::run [ RunTime:0.000025s ]
INFO: WriteHtmlCache Behavior ::run [ RunTime:0.000006s ]
INFO: ShowRuntime Behavior ::run [ RunTime:0.000040s ]
INFO: [ view_filter ] --END-- [ RunTime:-0.004643s ]
INFO: [ view_end ] --START--
INFO: ShowPageTrace Behavior ::run [ RunTime:0.000021s ]
INFO: [ view_end ] --END-- [ RunTime:-0.004260s ]

[ 2018-04-27T10:22:53+08:00 ] 127.0.0.1 /index.php?g=Admin&m=Cat&a=index
INFO: [ app_begin ] --START--
INFO: ReadHtmlCache Behavior ::run [ RunTime:0.000533s ]
INFO: [ app_begin ] --END-- [ RunTime:0.000598s ]
NOTIC: [2048] Declaration of BaseAction::display() should be compatible with Action::display($templateFile = '', $charset = '', $contentType = '', $content = '', $prefix = '') F:\phpsites\tbk\Lib\Action\Admin\BaseAction.class.php 第 8 行.
SQL: PRAGMA table_info (tp_goods_cat)  [ RunTime:0.000299s ]
SQL: SELECT COUNT(*) AS tp_count FROM tp_goods_cat LIMIT 1   [ RunTime:0.000160s ]
SQL: SELECT * FROM tp_goods_cat ORDER BY sort desc LIMIT 1 OFFSET 0   [ RunTime:0.000181s ]
INFO: [ view_parse ] --START--
INFO: ParseTemplate Behavior ::run [ RunTime:0.005337s ]
INFO: [ view_parse ] --END-- [ RunTime:0.005395s ]
INFO: [ view_filter ] --START--
INFO: ContentReplace Behavior ::run [ RunTime:0.000369s ]
INFO: TokenBuild Behavior ::run [ RunTime:0.000400s ]
INFO: WriteHtmlCache Behavior ::run [ RunTime:0.000290s ]
INFO: ShowRuntime Behavior ::run [ RunTime:0.000417s ]
INFO: [ view_filter ] --END-- [ RunTime:0.001586s ]
INFO: [ view_end ] --START--
INFO: ShowPageTrace Behavior ::run [ RunTime:0.000551s ]
INFO: [ view_end ] --END-- [ RunTime:0.000588s ]
NOTIC: [8] Constant THEME_NAME already defined F:\phpsites\tbk\ThinkPHP\Lib\Core\View.class.php 第 223 行.
NOTIC: [8] Constant THEME_PATH already defined F:\phpsites\tbk\ThinkPHP\Lib\Core\View.class.php 第 174 行.
NOTIC: [8] Constant APP_TMPL_PATH already defined F:\phpsites\tbk\ThinkPHP\Lib\Core\View.class.php 第 175 行.
INFO: [ view_parse ] --START--
INFO: ParseTemplate Behavior ::run [ RunTime:0.003811s ]
INFO: [ view_parse ] --END-- [ RunTime:-0.002446s ]
INFO: [ view_filter ] --START--
INFO: ContentReplace Behavior ::run [ RunTime:0.000046s ]
INFO: TokenBuild Behavior ::run [ RunTime:0.000027s ]
INFO: WriteHtmlCache Behavior ::run [ RunTime:0.000007s ]
INFO: ShowRuntime Behavior ::run [ RunTime:0.000041s ]
INFO: [ view_filter ] --END-- [ RunTime:-0.004725s ]
INFO: [ view_end ] --START--
INFO: ShowPageTrace Behavior ::run [ RunTime:0.000021s ]
INFO: [ view_end ] --END-- [ RunTime:-0.004325s ]
NOTIC: [8] Constant THEME_NAME already defined F:\phpsites\tbk\ThinkPHP\Lib\Core\View.class.php 第 223 行.
NOTIC: [8] Constant THEME_PATH already defined F:\phpsites\tbk\ThinkPHP\Lib\Core\View.class.php 第 174 行.
NOTIC: [8] Constant APP_TMPL_PATH already defined F:\phpsites\tbk\ThinkPHP\Lib\Core\View.class.php 第 175 行.
INFO: [ view_parse ] --START--
INFO: ParseTemplate Behavior ::run [ RunTime:0.001909s ]
INFO: [ view_parse ] --END-- [ RunTime:-0.006849s ]
INFO: [ view_filter ] --START--
INFO: ContentReplace Behavior ::run [ RunTime:0.000081s ]
INFO: TokenBuild Behavior ::run [ RunTime:0.000048s ]
INFO: WriteHtmlCache Behavior ::run [ RunTime:0.000023s ]
INFO: ShowRuntime Behavior ::run [ RunTime:0.000200s ]
INFO: [ view_filter ] --END-- [ RunTime:-0.007267s ]
INFO: [ view_end ] --START--
INFO: ShowPageTrace Behavior ::run [ RunTime:0.000050s ]
INFO: [ view_end ] --END-- [ RunTime:-0.007409s ]

