[ 2018-03-13T09:28:04+08:00 ] 127.0.0.1 /
INFO: [ app_begin ] --START--
INFO: ReadHtmlCache Behavior ::run [ RunTime:0.107535s ]
INFO: [ app_begin ] --END-- [ RunTime:0.451569s ]
NOTIC: [2048] Declaration of BaseAction::display() should be compatible with Action::display($templateFile = '', $charset = '', $contentType = '', $content = '', $prefix = '') F:\phpsites\tbk\Lib\Action\Wap\BaseAction.class.php 第 12 行.
INFO: [ view_parse ] --START--
INFO: ParseTemplate Behavior ::run [ RunTime:0.554101s ]
INFO: [ view_parse ] --END-- [ RunTime:0.554207s ]
INFO: [ view_filter ] --START--
INFO: ContentReplace Behavior ::run [ RunTime:0.040177s ]
INFO: TokenBuild Behavior ::run [ RunTime:0.047875s ]
INFO: WriteHtmlCache Behavior ::run [ RunTime:0.044635s ]
INFO: ShowRuntime Behavior ::run [ RunTime:0.001860s ]
INFO: [ view_filter ] --END-- [ RunTime:0.134790s ]
INFO: [ view_end ] --START--
INFO: ShowPageTrace Behavior ::run [ RunTime:0.053444s ]
INFO: [ view_end ] --END-- [ RunTime:0.053582s ]
NOTIC: [8] Constant THEME_NAME already defined F:\phpsites\tbk\ThinkPHP\Lib\Core\View.class.php 第 223 行.
NOTIC: [8] Constant THEME_PATH already defined F:\phpsites\tbk\ThinkPHP\Lib\Core\View.class.php 第 174 行.
NOTIC: [8] Constant APP_TMPL_PATH already defined F:\phpsites\tbk\ThinkPHP\Lib\Core\View.class.php 第 175 行.
INFO: [ view_parse ] --START--
INFO: ParseTemplate Behavior ::run [ RunTime:0.287058s ]
INFO: [ view_parse ] --END-- [ RunTime:-0.189128s ]
INFO: [ view_filter ] --START--
INFO: ContentReplace Behavior ::run [ RunTime:0.000054s ]
INFO: TokenBuild Behavior ::run [ RunTime:0.000030s ]
INFO: WriteHtmlCache Behavior ::run [ RunTime:0.000008s ]
INFO: ShowRuntime Behavior ::run [ RunTime:0.000045s ]
INFO: [ view_filter ] --END-- [ RunTime:-0.341434s ]
INFO: [ view_end ] --START--
INFO: ShowPageTrace Behavior ::run [ RunTime:0.000026s ]
INFO: [ view_end ] --END-- [ RunTime:-0.288026s ]
NOTIC: [8] Constant THEME_NAME already defined F:\phpsites\tbk\ThinkPHP\Lib\Core\View.class.php 第 223 行.
NOTIC: [8] Constant THEME_PATH already defined F:\phpsites\tbk\ThinkPHP\Lib\Core\View.class.php 第 174 行.
NOTIC: [8] Constant APP_TMPL_PATH already defined F:\phpsites\tbk\ThinkPHP\Lib\Core\View.class.php 第 175 行.
INFO: [ view_parse ] --START--
INFO: ParseTemplate Behavior ::run [ RunTime:0.034718s ]
INFO: [ view_parse ] --END-- [ RunTime:-0.476904s ]
INFO: [ view_filter ] --START--
INFO: ContentReplace Behavior ::run [ RunTime:0.000068s ]
INFO: TokenBuild Behavior ::run [ RunTime:0.000043s ]
INFO: WriteHtmlCache Behavior ::run [ RunTime:0.000012s ]
INFO: ShowRuntime Behavior ::run [ RunTime:0.000067s ]
INFO: [ view_filter ] --END-- [ RunTime:-0.376878s ]
INFO: [ view_end ] --START--
INFO: ShowPageTrace Behavior ::run [ RunTime:0.000035s ]
INFO: [ view_end ] --END-- [ RunTime:-0.323569s ]

